TN:
SF:apps/clinical-portal/src/app/app.html
FNF:0
FNH:0
DA:1,1
LF:1
LH:1
BRF:0
BRH:0
end_of_record
TN:
SF:apps/clinical-portal/src/app/app.ts
FN:62,(anonymous_0)
FN:92,(anonymous_1)
FN:96,(anonymous_2)
FN:106,(anonymous_3)
FN:115,(anonymous_4)
FN:120,(anonymous_5)
FN:129,(anonymous_6)
FN:141,(anonymous_7)
FN:150,(anonymous_8)
FN:156,(anonymous_9)
FN:160,(anonymous_10)
FN:169,(anonymous_11)
FN:177,(anonymous_12)
FN:189,(anonymous_13)
FN:200,(anonymous_14)
FN:218,(anonymous_15)
FN:223,(anonymous_16)
FN:227,(anonymous_17)
FN:231,(anonymous_18)
FN:235,(anonymous_19)
FN:239,(anonymous_20)
FNF:21
FNH:20
FNDA:3,(anonymous_0)
FNDA:8,(anonymous_1)
FNDA:35,(anonymous_2)
FNDA:0,(anonymous_3)
FNDA:20,(anonymous_4)
FNDA:37,(anonymous_5)
FNDA:37,(anonymous_6)
FNDA:5,(anonymous_7)
FNDA:21,(anonymous_8)
FNDA:12,(anonymous_9)
FNDA:953,(anonymous_10)
FNDA:8,(anonymous_11)
FNDA:92,(anonymous_12)
FNDA:92,(anonymous_13)
FNDA:8,(anonymous_14)
FNDA:1,(anonymous_15)
FNDA:1,(anonymous_16)
FNDA:1,(anonymous_17)
FNDA:1,(anonymous_18)
FNDA:1,(anonymous_19)
FNDA:5,(anonymous_20)
DA:1,1
DA:2,1
DA:3,1
DA:4,1
DA:5,1
DA:6,1
DA:7,1
DA:8,1
DA:9,1
DA:10,1
DA:11,1
DA:12,1
DA:13,1
DA:14,1
DA:15,1
DA:16,1
DA:17,1
DA:18,1
DA:19,1
DA:20,1
DA:43,1
DA:44,35
DA:45,35
DA:46,35
DA:49,35
DA:50,35
DA:51,35
DA:52,35
DA:53,35
DA:54,35
DA:55,35
DA:56,35
DA:57,35
DA:63,3
DA:80,3
DA:81,0
DA:89,3
DA:93,8
DA:97,35
DA:98,35
DA:99,35
DA:100,35
DA:101,35
DA:102,35
DA:103,35
DA:106,35
DA:107,0
DA:108,0
DA:110,0
DA:117,20
DA:120,20
DA:121,37
DA:122,16
DA:124,21
DA:130,37
DA:131,37
DA:132,22
DA:142,5
DA:143,4
DA:151,21
DA:152,21
DA:153,21
DA:156,21
DA:157,12
DA:158,12
DA:160,12
DA:161,953
DA:162,953
DA:163,0
DA:169,21
DA:170,8
DA:178,92
DA:179,21
DA:180,21
DA:182,92
DA:183,21
DA:184,21
DA:186,92
DA:190,92
DA:191,12
DA:192,12
DA:201,8
DA:202,8
DA:205,8
DA:211,8
DA:212,8
DA:219,1
DA:220,1
DA:224,1
DA:228,1
DA:232,1
DA:236,1
DA:240,5
DA:243,5
DA:248,5
LF:95
LH:90
BRDA:80,0,0,0
BRDA:80,0,1,3
BRDA:107,1,0,0
BRDA:107,1,1,0
BRDA:121,2,0,16
BRDA:121,2,1,21
BRDA:131,3,0,22
BRDA:131,3,1,15
BRDA:142,4,0,4
BRDA:142,4,1,1
BRDA:162,5,0,0
BRDA:162,5,1,953
BRDA:178,6,0,21
BRDA:178,6,1,71
BRDA:182,7,0,21
BRDA:182,7,1,71
BRDA:190,8,0,12
BRDA:190,8,1,80
BRF:18
BRH:14
end_of_record
TN:
SF:apps/clinical-portal/src/app/components/ai-clinical-assistant/ai-clinical-assistant.component.html
FNF:0
FNH:0
DA:1,2
LF:1
LH:1
BRF:0
BRH:0
end_of_record
TN:
SF:apps/clinical-portal/src/app/components/ai-clinical-assistant/ai-clinical-assistant.component.ts
FN:73,(anonymous_0)
FN:80,(anonymous_1)
FN:97,(anonymous_2)
FN:106,(anonymous_3)
FN:113,(anonymous_4)
FN:121,(anonymous_5)
FN:143,(anonymous_7)
FN:151,(anonymous_8)
FN:161,(anonymous_9)
FN:171,(anonymous_10)
FN:185,(anonymous_11)
FN:225,(anonymous_12)
FNF:12
FNH:0
FNDA:0,(anonymous_0)
FNDA:0,(anonymous_1)
FNDA:0,(anonymous_2)
FNDA:0,(anonymous_3)
FNDA:0,(anonymous_4)
FNDA:0,(anonymous_5)
FNDA:0,(anonymous_7)
FNDA:0,(anonymous_8)
FNDA:0,(anonymous_9)
FNDA:0,(anonymous_10)
FNDA:0,(anonymous_11)
FNDA:0,(anonymous_12)
DA:1,2
DA:2,2
DA:3,2
DA:4,2
DA:5,2
DA:6,2
DA:7,2
DA:8,2
DA:9,2
DA:10,2
DA:11,2
DA:12,2
DA:13,2
DA:14,2
DA:54,2
DA:61,0
DA:62,0
DA:63,0
DA:64,0
DA:66,0
DA:68,0
DA:71,0
DA:74,0
DA:75,0
DA:77,0
DA:81,0
DA:88,0
DA:95,0
DA:98,0
DA:99,0
DA:103,0
DA:107,0
DA:108,0
DA:109,0
DA:114,0
DA:115,0
DA:122,0
DA:124,0
DA:125,0
DA:126,0
DA:128,0
DA:130,0
DA:131,0
DA:132,0
DA:133,0
DA:135,0
DA:136,0
DA:144,0
DA:145,0
DA:152,0
DA:153,0
DA:154,0
DA:155,0
DA:162,0
DA:163,0
DA:164,0
DA:172,0
DA:173,0
DA:174,0
DA:175,0
DA:178,0
DA:186,0
DA:188,0
DA:189,0
DA:196,0
DA:197,0
DA:204,0
DA:205,0
DA:213,0
DA:214,0
DA:226,0
DA:227,0
DA:228,0
DA:229,0
LF:74
LH:15
BRDA:107,0,0,0
BRDA:107,0,1,0
BRDA:122,1,0,0
BRDA:122,1,1,0
BRDA:131,2,0,0
BRDA:131,2,1,0
BRDA:162,3,0,0
BRDA:162,3,1,0
BRDA:162,4,0,0
BRDA:162,4,1,0
BRDA:173,5,0,0
BRDA:173,5,1,0
BRDA:188,6,0,0
BRDA:188,6,1,0
BRDA:196,7,0,0
BRDA:196,7,1,0
BRDA:204,8,0,0
BRDA:204,8,1,0
BRDA:213,9,0,0
BRDA:213,9,1,0
BRDA:226,10,0,0
BRDA:226,10,1,0
BRDA:227,11,0,0
BRDA:227,11,1,0
BRDA:228,12,0,0
BRDA:228,12,1,0
BRF:26
BRH:0
end_of_record
TN:
SF:apps/clinical-portal/src/app/components/care-gap-stats-dashboard/care-gap-stats-dashboard.component.html
FNF:0
FNH:0
DA:1,2
LF:1
LH:1
BRF:0
BRH:0
end_of_record
TN:
SF:apps/clinical-portal/src/app/components/care-gap-stats-dashboard/care-gap-stats-dashboard.component.ts
FN:86,(anonymous_0)
FN:71,(anonymous_1)
FN:72,(anonymous_2)
FN:73,(anonymous_3)
FN:74,(anonymous_4)
FN:94,(anonymous_5)
FN:100,(anonymous_6)
FN:109,(anonymous_7)
FN:115,(anonymous_8)
FN:146,(anonymous_9)
FN:151,(anonymous_10)
FN:155,(anonymous_11)
FN:167,(anonymous_12)
FN:170,(anonymous_13)
FN:176,(anonymous_14)
FN:182,(anonymous_15)
FN:183,(anonymous_16)
FN:190,(anonymous_17)
FN:191,(anonymous_18)
FN:198,(anonymous_19)
FN:216,(anonymous_20)
FN:229,(anonymous_21)
FN:242,(anonymous_22)
FN:258,(anonymous_23)
FNF:24
FNH:12
FNDA:42,(anonymous_0)
FNDA:18,(anonymous_1)
FNDA:18,(anonymous_2)
FNDA:18,(anonymous_3)
FNDA:18,(anonymous_4)
FNDA:18,(anonymous_5)
FNDA:42,(anonymous_6)
FNDA:18,(anonymous_7)
FNDA:14,(anonymous_8)
FNDA:18,(anonymous_9)
FNDA:0,(anonymous_10)
FNDA:0,(anonymous_11)
FNDA:18,(anonymous_12)
FNDA:18,(anonymous_13)
FNDA:0,(anonymous_14)
FNDA:0,(anonymous_15)
FNDA:0,(anonymous_16)
FNDA:0,(anonymous_17)
FNDA:0,(anonymous_18)
FNDA:0,(anonymous_19)
FNDA:0,(anonymous_20)
FNDA:0,(anonymous_21)
FNDA:0,(anonymous_22)
FNDA:0,(anonymous_23)
DA:1,2
DA:2,2
DA:3,2
DA:4,2
DA:5,2
DA:6,2
DA:7,2
DA:8,2
DA:9,2
DA:10,2
DA:11,2
DA:12,2
DA:63,2
DA:65,42
DA:66,42
DA:67,42
DA:68,42
DA:71,42
DA:72,42
DA:73,42
DA:74,42
DA:77,42
DA:80,42
DA:81,42
DA:83,42
DA:87,42
DA:88,42
DA:89,42
DA:91,42
DA:95,18
DA:96,18
DA:97,18
DA:101,42
DA:102,42
DA:110,18
DA:111,18
DA:115,18
DA:117,14
DA:133,14
DA:134,14
DA:135,14
DA:136,14
DA:138,14
DA:139,14
DA:147,18
DA:152,0
DA:153,0
DA:156,0
DA:158,0
DA:168,18
DA:171,18
DA:173,0
DA:176,0
DA:177,0
DA:178,0
DA:182,0
DA:183,0
DA:184,0
DA:185,0
DA:189,0
DA:190,0
DA:191,0
DA:192,0
DA:193,0
DA:197,0
DA:198,0
DA:199,0
DA:200,0
DA:204,0
DA:208,0
DA:217,0
DA:218,0
DA:230,0
DA:231,0
DA:243,0
DA:244,0
DA:245,0
DA:246,0
DA:259,0
DA:260,0
LF:80
LH:47
BRDA:171,0,0,18
BRDA:171,0,1,0
BRDA:173,1,0,0
BRDA:173,1,1,0
BRDA:173,1,2,0
BRDA:173,1,3,0
BRDA:189,2,0,0
BRDA:189,2,1,0
BRDA:197,3,0,0
BRDA:197,3,1,0
BRDA:204,4,0,0
BRDA:204,4,1,0
BRDA:205,5,0,0
BRDA:205,5,1,0
BRF:14
BRH:1
end_of_record
TN:
SF:apps/clinical-portal/src/app/components/dialogs/confirm-dialog.component.ts
FN:127,(anonymous_0)
FN:132,(anonymous_1)
FN:136,(anonymous_2)
FNF:3
FNH:3
FNDA:21,(anonymous_0)
FNDA:2,(anonymous_1)
FNDA:2,(anonymous_2)
DA:1,13
DA:2,13
DA:3,13
DA:4,13
DA:5,13
DA:126,13
DA:128,21
DA:129,21
DA:133,2
DA:137,2
LF:10
LH:10
BRF:0
BRH:0
end_of_record
TN:
SF:apps/clinical-portal/src/app/components/dialogs/keyboard-shortcuts-dialog.component.ts
FN:396,(anonymous_0)
FN:401,(anonymous_1)
FN:406,(anonymous_2)
FN:412,(anonymous_3)
FN:417,(anonymous_4)
FN:422,(anonymous_5)
FN:423,(anonymous_6)
FN:426,(anonymous_7)
FN:427,(anonymous_8)
FN:431,(anonymous_9)
FN:435,(anonymous_10)
FN:439,(anonymous_11)
FN:443,(anonymous_12)
FNF:13
FNH:0
FNDA:0,(anonymous_0)
FNDA:0,(anonymous_1)
FNDA:0,(anonymous_2)
FNDA:0,(anonymous_3)
FNDA:0,(anonymous_4)
FNDA:0,(anonymous_5)
FNDA:0,(anonymous_6)
FNDA:0,(anonymous_7)
FNDA:0,(anonymous_8)
FNDA:0,(anonymous_9)
FNDA:0,(anonymous_10)
FNDA:0,(anonymous_11)
FNDA:0,(anonymous_12)
DA:1,2
DA:2,2
DA:3,2
DA:4,2
DA:5,2
DA:6,2
DA:7,2
DA:8,2
DA:9,2
DA:10,2
DA:11,2
DA:12,2
DA:13,2
DA:389,2
DA:390,0
DA:392,0
DA:393,0
DA:394,0
DA:397,0
DA:398,0
DA:402,0
DA:404,0
DA:407,0
DA:410,0
DA:413,0
DA:418,0
DA:419,0
DA:423,0
DA:427,0
DA:428,0
DA:432,0
DA:436,0
DA:440,0
DA:444,0
LF:34
LH:14
BRDA:428,0,0,0
BRDA:428,0,1,0
BRDA:428,1,0,0
BRDA:428,1,1,0
BRDA:428,2,0,0
BRDA:428,2,1,0
BRF:6
BRH:0
end_of_record
TN:
SF:apps/clinical-portal/src/app/components/dialogs/provider-leaderboard-dialog.component.ts
FN:807,(anonymous_0)
FN:813,(anonymous_1)
FN:829,(anonymous_2)
FN:837,(anonymous_3)
FN:841,(anonymous_4)
FN:851,(anonymous_5)
FN:1052,(anonymous_6)
FN:1059,(anonymous_7)
FN:1063,(anonymous_8)
FN:1081,(anonymous_9)
FN:1086,(anonymous_10)
FN:1088,(anonymous_11)
FN:1090,(anonymous_12)
FN:1093,(anonymous_13)
FN:1096,(anonymous_14)
FN:1103,(anonymous_15)
FN:1117,(anonymous_16)
FN:1138,(anonymous_17)
FN:1147,(anonymous_18)
FN:1164,(anonymous_19)
FN:1167,(anonymous_20)
FN:1168,(anonymous_21)
FN:1177,(anonymous_22)
FN:1191,(anonymous_23)
FN:1203,(anonymous_24)
FN:1212,(anonymous_25)
FN:1220,(anonymous_26)
FN:1227,(anonymous_27)
FN:1234,(anonymous_28)
FN:1241,(anonymous_29)
FN:1261,(anonymous_30)
FN:1287,(anonymous_31)
FN:1294,(anonymous_32)
FNF:33
FNH:0
FNDA:0,(anonymous_0)
FNDA:0,(anonymous_1)
FNDA:0,(anonymous_2)
FNDA:0,(anonymous_3)
FNDA:0,(anonymous_4)
FNDA:0,(anonymous_5)
FNDA:0,(anonymous_6)
FNDA:0,(anonymous_7)
FNDA:0,(anonymous_8)
FNDA:0,(anonymous_9)
FNDA:0,(anonymous_10)
FNDA:0,(anonymous_11)
FNDA:0,(anonymous_12)
FNDA:0,(anonymous_13)
FNDA:0,(anonymous_14)
FNDA:0,(anonymous_15)
FNDA:0,(anonymous_16)
FNDA:0,(anonymous_17)
FNDA:0,(anonymous_18)
FNDA:0,(anonymous_19)
FNDA:0,(anonymous_20)
FNDA:0,(anonymous_21)
FNDA:0,(anonymous_22)
FNDA:0,(anonymous_23)
FNDA:0,(anonymous_24)
FNDA:0,(anonymous_25)
FNDA:0,(anonymous_26)
FNDA:0,(anonymous_27)
FNDA:0,(anonymous_28)
FNDA:0,(anonymous_29)
FNDA:0,(anonymous_30)
FNDA:0,(anonymous_31)
FNDA:0,(anonymous_32)
DA:12,23
DA:13,23
DA:14,0
DA:16,0
DA:18,0
DA:23,0
DA:25,0
DA:27,0
DA:29,0
DA:31,0
DA:33,0
DA:35,0
DA:37,0
DA:39,0
DA:41,0
DA:43,0
DA:45,0
DA:47,0
DA:49,0
DA:794,0
DA:795,0
DA:797,0
DA:798,0
DA:800,0
DA:801,0
DA:802,0
DA:803,0
DA:804,0
DA:805,0
DA:808,0
DA:809,0
DA:810,0
DA:814,0
DA:817,0
DA:818,0
DA:825,0
DA:830,0
DA:831,0
DA:838,0
DA:841,0
DA:842,0
DA:843,0
DA:844,0
DA:852,0
DA:859,0
DA:865,0
DA:873,0
DA:1046,0
DA:1053,0
DA:1056,0
DA:1059,0
DA:1060,0
DA:1063,0
DA:1064,0
DA:1065,0
DA:1066,0
DA:1069,0
DA:1082,0
DA:1084,0
DA:1086,0
DA:1088,0
DA:1090,0
DA:1092,0
DA:1093,0
DA:1096,0
DA:1104,0
DA:1111,0
DA:1121,0
DA:1123,0
DA:1125,0
DA:1127,0
DA:1129,0
DA:1131,0
DA:1139,0
DA:1140,0
DA:1141,0
DA:1148,0
DA:1157,0
DA:1158,0
DA:1165,0
DA:1167,0
DA:1168,0
DA:1178,0
DA:1185,0
DA:1192,0
DA:1197,0
DA:1204,0
DA:1205,0
DA:1206,0
DA:1213,0
DA:1221,0
DA:1228,0
DA:1235,0
DA:1242,0
DA:1247,0
DA:1250,0
DA:1251,0
DA:1252,0
DA:1253,0
DA:1254,0
DA:1255,0
DA:1262,0
DA:1273,0
DA:1276,0
DA:1277,0
DA:1278,0
DA:1279,0
DA:1280,0
DA:1281,0
DA:1288,0
DA:1295,0
LF:111
LH:2
BRDA:817,0,0,0
BRDA:817,0,1,0
BRDA:817,1,0,0
BRDA:817,1,1,0
BRDA:817,2,0,0
BRDA:817,2,1,0
BRDA:825,3,0,0
BRDA:825,3,1,0
BRDA:1053,4,0,0
BRDA:1053,4,1,0
BRDA:1066,5,0,0
BRDA:1066,5,1,0
BRDA:1069,6,0,0
BRDA:1069,6,1,0
BRDA:1084,7,0,0
BRDA:1084,7,1,0
BRDA:1084,7,2,0
BRDA:1084,7,3,0
BRDA:1084,7,4,0
BRDA:1121,8,0,0
BRDA:1121,8,1,0
BRDA:1121,8,2,0
BRDA:1121,8,3,0
BRDA:1121,8,4,0
BRDA:1139,9,0,0
BRDA:1139,9,1,0
BRDA:1140,10,0,0
BRDA:1140,10,1,0
BRDA:1185,11,0,0
BRDA:1185,11,1,0
BRDA:1197,12,0,0
BRDA:1197,12,1,0
BRDA:1204,13,0,0
BRDA:1204,13,1,0
BRDA:1205,14,0,0
BRDA:1205,14,1,0
BRDA:1267,15,0,0
BRDA:1267,15,1,0
BRDA:1267,16,0,0
BRDA:1267,16,1,0
BRDA:1268,17,0,0
BRDA:1268,17,1,0
BRDA:1268,18,0,0
BRDA:1268,18,1,0
BRF:44
BRH:0
end_of_record
TN:
SF:apps/clinical-portal/src/app/components/dialogs/year-selection-dialog.component.ts
FN:257,(anonymous_0)
FN:262,(anonymous_1)
FN:269,(anonymous_2)
FN:276,(anonymous_3)
FN:285,(anonymous_4)
FNF:5
FNH:5
FNDA:29,(anonymous_0)
FNDA:174,(anonymous_1)
FNDA:5,(anonymous_2)
FNDA:4,(anonymous_3)
FNDA:2,(anonymous_4)
DA:1,1
DA:2,1
DA:3,1
DA:4,1
DA:5,1
DA:6,1
DA:7,1
DA:8,1
DA:252,1
DA:253,29
DA:254,29
DA:255,29
DA:257,29
DA:259,29
DA:260,29
DA:262,174
DA:270,5
DA:277,4
DA:278,3
DA:286,2
LF:20
LH:20
BRDA:277,0,0,3
BRDA:277,0,1,1
BRF:2
BRH:2
end_of_record
TN:
SF:apps/clinical-portal/src/app/components/document-upload/document-upload.component.html
FNF:0
FNH:0
DA:1,5
LF:1
LH:1
BRF:0
BRH:0
end_of_record
TN:
SF:apps/clinical-portal/src/app/components/document-upload/document-upload.component.ts
FN:68,(anonymous_0)
FN:75,(anonymous_1)
FN:76,(anonymous_2)
FN:79,(anonymous_3)
FN:104,(anonymous_4)
FN:109,(anonymous_5)
FN:118,(anonymous_6)
FN:127,(anonymous_7)
FN:131,(anonymous_8)
FN:142,(anonymous_9)
FN:148,(anonymous_10)
FN:152,(anonymous_11)
FN:156,(anonymous_12)
FN:162,(anonymous_13)
FN:168,(anonymous_14)
FN:178,(anonymous_15)
FNF:16
FNH:14
FNDA:21,(anonymous_0)
FNDA:58,(anonymous_1)
FNDA:290,(anonymous_2)
FNDA:8,(anonymous_3)
FNDA:6,(anonymous_4)
FNDA:5,(anonymous_5)
FNDA:1,(anonymous_6)
FNDA:7,(anonymous_7)
FNDA:12,(anonymous_8)
FNDA:0,(anonymous_9)
FNDA:2,(anonymous_10)
FNDA:2,(anonymous_11)
FNDA:0,(anonymous_12)
FNDA:10,(anonymous_13)
FNDA:2,(anonymous_14)
FNDA:2,(anonymous_15)
DA:1,5
DA:2,5
DA:3,5
DA:4,5
DA:5,5
DA:6,5
DA:7,5
DA:8,5
DA:9,5
DA:10,5
DA:11,5
DA:50,5
DA:53,21
DA:54,21
DA:56,21
DA:57,21
DA:58,21
DA:60,21
DA:61,21
DA:62,21
DA:63,21
DA:64,21
DA:69,21
DA:70,21
DA:72,21
DA:76,290
DA:80,8
DA:81,8
DA:83,8
DA:84,8
DA:87,8
DA:88,1
DA:89,1
DA:90,1
DA:94,7
DA:95,1
DA:96,1
DA:97,1
DA:100,6
DA:101,6
DA:105,6
DA:106,6
DA:108,6
DA:110,5
DA:111,5
DA:112,5
DA:113,5
DA:116,5
DA:119,1
DA:120,1
DA:121,1
DA:122,1
DA:128,7
DA:130,7
DA:132,12
DA:133,12
DA:135,12
DA:136,7
DA:143,0
DA:149,2
DA:151,2
DA:153,2
DA:154,2
DA:157,0
DA:163,10
DA:164,10
DA:165,0
DA:169,2
DA:170,0
DA:171,2
DA:172,0
DA:173,0
DA:174,0
DA:179,2
DA:180,0
DA:181,2
DA:182,0
DA:183,0
DA:184,0
LF:79
LH:68
BRDA:81,0,0,0
BRDA:81,0,1,8
BRDA:81,1,0,8
BRDA:81,1,1,8
BRDA:87,2,0,1
BRDA:87,2,1,7
BRDA:94,3,0,1
BRDA:94,3,1,6
BRDA:120,4,0,1
BRDA:120,4,1,0
BRDA:135,5,0,7
BRDA:135,5,1,5
BRDA:135,6,0,12
BRDA:135,6,1,6
BRDA:163,7,0,0
BRDA:163,7,1,10
BRDA:164,8,0,10
BRDA:164,8,1,0
BRDA:169,9,0,0
BRDA:169,9,1,2
BRDA:169,9,2,0
BRDA:169,9,3,0
BRDA:169,9,4,0
BRDA:179,10,0,0
BRDA:179,10,1,2
BRDA:179,10,2,0
BRDA:179,10,3,0
BRDA:179,10,4,0
BRF:28
BRH:16
end_of_record
TN:
SF:apps/clinical-portal/src/app/components/evaluation-data-flow/evaluation-data-flow.component.html
FNF:0
FNH:0
DA:1,2
LF:1
LH:1
BRF:0
BRH:0
end_of_record
TN:
SF:apps/clinical-portal/src/app/components/evaluation-data-flow/evaluation-data-flow.component.ts
FN:79,(anonymous_0)
FN:81,(anonymous_1)
FN:88,(anonymous_2)
FN:97,(anonymous_3)
FN:107,(anonymous_4)
FN:112,(anonymous_5)
FN:121,(anonymous_6)
FN:132,(anonymous_7)
FN:133,(anonymous_8)
FN:139,(anonymous_9)
FN:145,(anonymous_10)
FN:155,(anonymous_11)
FN:158,(anonymous_12)
FN:159,(anonymous_13)
FN:163,(anonymous_14)
FN:164,(anonymous_15)
FN:176,(anonymous_16)
FN:190,(anonymous_17)
FN:213,(anonymous_18)
FN:236,(anonymous_19)
FN:245,(anonymous_20)
FN:254,(anonymous_21)
FN:263,(anonymous_22)
FN:272,(anonymous_23)
FN:289,(anonymous_24)
FN:297,(anonymous_25)
FNF:26
FNH:0
FNDA:0,(anonymous_0)
FNDA:0,(anonymous_1)
FNDA:0,(anonymous_2)
FNDA:0,(anonymous_3)
FNDA:0,(anonymous_4)
FNDA:0,(anonymous_5)
FNDA:0,(anonymous_6)
FNDA:0,(anonymous_7)
FNDA:0,(anonymous_8)
FNDA:0,(anonymous_9)
FNDA:0,(anonymous_10)
FNDA:0,(anonymous_11)
FNDA:0,(anonymous_12)
FNDA:0,(anonymous_13)
FNDA:0,(anonymous_14)
FNDA:0,(anonymous_15)
FNDA:0,(anonymous_16)
FNDA:0,(anonymous_17)
FNDA:0,(anonymous_18)
FNDA:0,(anonymous_19)
FNDA:0,(anonymous_20)
FNDA:0,(anonymous_21)
FNDA:0,(anonymous_22)
FNDA:0,(anonymous_23)
FNDA:0,(anonymous_24)
FNDA:0,(anonymous_25)
DA:1,2
DA:2,2
DA:3,2
DA:4,2
DA:5,2
DA:6,2
DA:7,2
DA:8,2
DA:9,2
DA:10,2
DA:11,2
DA:53,2
DA:58,0
DA:61,0
DA:64,0
DA:65,0
DA:66,0
DA:69,0
DA:71,0
DA:74,0
DA:75,0
DA:76,0
DA:77,0
DA:79,0
DA:83,0
DA:84,0
DA:89,0
DA:90,0
DA:98,0
DA:99,0
DA:102,0
DA:103,0
DA:105,0
DA:108,0
DA:113,0
DA:114,0
DA:115,0
DA:122,0
DA:123,0
DA:124,0
DA:125,0
DA:126,0
DA:133,0
DA:134,0
DA:139,0
DA:140,0
DA:145,0
DA:146,0
DA:157,0
DA:158,0
DA:159,0
DA:162,0
DA:163,0
DA:164,0
DA:167,0
DA:170,0
DA:177,0
DA:178,0
DA:179,0
DA:183,0
DA:184,0
DA:191,0
DA:193,0
DA:196,0
DA:198,0
DA:200,0
DA:202,0
DA:204,0
DA:206,0
DA:214,0
DA:216,0
DA:219,0
DA:221,0
DA:223,0
DA:225,0
DA:227,0
DA:229,0
DA:237,0
DA:238,0
DA:239,0
DA:246,0
DA:255,0
DA:264,0
DA:273,0
DA:274,0
DA:275,0
DA:276,0
DA:277,0
DA:278,0
DA:279,0
DA:280,0
DA:281,0
DA:282,0
DA:283,0
DA:290,0
DA:291,0
DA:298,0
LF:97
LH:12
BRDA:83,0,0,0
BRDA:83,0,1,0
BRDA:89,1,0,0
BRDA:89,1,1,0
BRDA:89,2,0,0
BRDA:89,2,1,0
BRDA:89,2,2,0
BRDA:98,3,0,0
BRDA:98,3,1,0
BRDA:134,4,0,0
BRDA:134,4,1,0
BRDA:134,4,2,0
BRDA:140,5,0,0
BRDA:140,5,1,0
BRDA:140,5,2,0
BRDA:146,6,0,0
BRDA:146,6,1,0
BRDA:146,6,2,0
BRDA:159,7,0,0
BRDA:159,7,1,0
BRDA:163,8,0,0
BRDA:163,8,1,0
BRDA:177,9,0,0
BRDA:177,9,1,0
BRDA:191,10,0,0
BRDA:191,10,1,0
BRDA:191,10,2,0
BRDA:191,10,3,0
BRDA:191,10,4,0
BRDA:191,10,5,0
BRDA:191,10,6,0
BRDA:191,10,7,0
BRDA:214,11,0,0
BRDA:214,11,1,0
BRDA:214,11,2,0
BRDA:214,11,3,0
BRDA:214,11,4,0
BRDA:214,11,5,0
BRDA:214,11,6,0
BRDA:214,11,7,0
BRDA:237,12,0,0
BRDA:237,12,1,0
BRDA:238,13,0,0
BRDA:238,13,1,0
BRDA:246,14,0,0
BRDA:246,14,1,0
BRDA:246,14,2,0
BRDA:255,15,0,0
BRDA:255,15,1,0
BRDA:255,15,2,0
BRDA:264,16,0,0
BRDA:264,16,1,0
BRDA:264,16,2,0
BRF:53
BRH:0
end_of_record
TN:
SF:apps/clinical-portal/src/app/components/patient-demographics-card/patient-demographics-card.component.html
FNF:0
FNH:0
DA:1,2
LF:1
LH:1
BRF:0
BRH:0
end_of_record
TN:
SF:apps/clinical-portal/src/app/components/patient-demographics-card/patient-demographics-card.component.ts
FN:73,(anonymous_0)
FN:77,(anonymous_1)
FN:86,(anonymous_2)
FN:115,(anonymous_3)
FN:120,(anonymous_4)
FN:121,(anonymous_5)
FN:140,(anonymous_6)
FN:156,(anonymous_7)
FN:163,(anonymous_8)
FN:165,(anonymous_9)
FN:177,(anonymous_10)
FN:182,(anonymous_11)
FN:188,(anonymous_12)
FN:194,(anonymous_13)
FN:203,(anonymous_14)
FN:216,(anonymous_15)
FN:220,(anonymous_16)
FN:233,(anonymous_17)
FN:261,(anonymous_18)
FN:277,(anonymous_19)
FN:284,(anonymous_20)
FNF:21
FNH:0
FNDA:0,(anonymous_0)
FNDA:0,(anonymous_1)
FNDA:0,(anonymous_2)
FNDA:0,(anonymous_3)
FNDA:0,(anonymous_4)
FNDA:0,(anonymous_5)
FNDA:0,(anonymous_6)
FNDA:0,(anonymous_7)
FNDA:0,(anonymous_8)
FNDA:0,(anonymous_9)
FNDA:0,(anonymous_10)
FNDA:0,(anonymous_11)
FNDA:0,(anonymous_12)
FNDA:0,(anonymous_13)
FNDA:0,(anonymous_14)
FNDA:0,(anonymous_15)
FNDA:0,(anonymous_16)
FNDA:0,(anonymous_17)
FNDA:0,(anonymous_18)
FNDA:0,(anonymous_19)
FNDA:0,(anonymous_20)
DA:1,2
DA:2,2
DA:3,2
DA:4,2
DA:5,2
DA:6,2
DA:7,2
DA:9,2
DA:46,2
DA:47,0
DA:48,0
DA:49,0
DA:52,0
DA:53,0
DA:54,0
DA:55,0
DA:58,0
DA:59,0
DA:60,0
DA:63,0
DA:64,0
DA:65,0
DA:68,0
DA:69,0
DA:73,0
DA:74,0
DA:78,0
DA:79,0
DA:87,0
DA:89,0
DA:92,0
DA:95,0
DA:96,0
DA:100,0
DA:103,0
DA:106,0
DA:109,0
DA:116,0
DA:120,0
DA:121,0
DA:124,0
DA:125,0
DA:128,0
DA:129,0
DA:130,0
DA:131,0
DA:132,0
DA:134,0
DA:141,0
DA:142,0
DA:143,0
DA:144,0
DA:146,0
DA:147,0
DA:150,0
DA:157,0
DA:158,0
DA:162,0
DA:164,0
DA:165,0
DA:168,0
DA:169,0
DA:170,0
DA:178,0
DA:181,0
DA:182,0
DA:184,0
DA:187,0
DA:188,0
DA:190,0
DA:193,0
DA:194,0
DA:196,0
DA:207,0
DA:208,0
DA:209,0
DA:217,0
DA:219,0
DA:220,0
DA:223,0
DA:224,0
DA:226,0
DA:234,0
DA:236,0
DA:238,0
DA:239,0
DA:242,0
DA:243,0
DA:244,0
DA:245,0
DA:247,0
DA:248,0
DA:251,0
DA:252,0
DA:255,0
DA:262,0
DA:264,0
DA:271,0
DA:278,0
DA:285,0
LF:100
LH:9
BRDA:78,0,0,0
BRDA:78,0,1,0
BRDA:87,1,0,0
BRDA:87,1,1,0
BRDA:95,2,0,0
BRDA:95,2,1,0
BRDA:116,3,0,0
BRDA:116,3,1,0
BRDA:116,4,0,0
BRDA:116,4,1,0
BRDA:120,5,0,0
BRDA:120,5,1,0
BRDA:120,5,2,0
BRDA:124,6,0,0
BRDA:124,6,1,0
BRDA:129,7,0,0
BRDA:129,7,1,0
BRDA:130,8,0,0
BRDA:130,8,1,0
BRDA:131,9,0,0
BRDA:131,9,1,0
BRDA:132,10,0,0
BRDA:132,10,1,0
BRDA:134,11,0,0
BRDA:134,11,1,0
BRDA:146,12,0,0
BRDA:146,12,1,0
BRDA:146,13,0,0
BRDA:146,13,1,0
BRDA:146,13,2,0
BRDA:157,14,0,0
BRDA:157,14,1,0
BRDA:157,15,0,0
BRDA:157,15,1,0
BRDA:157,16,0,0
BRDA:157,16,1,0
BRDA:157,17,0,0
BRDA:157,17,1,0
BRDA:162,18,0,0
BRDA:162,18,1,0
BRDA:164,19,0,0
BRDA:164,19,1,0
BRDA:164,20,0,0
BRDA:164,20,1,0
BRDA:164,21,0,0
BRDA:164,21,1,0
BRDA:165,22,0,0
BRDA:165,22,1,0
BRDA:165,23,0,0
BRDA:165,23,1,0
BRDA:165,24,0,0
BRDA:165,24,1,0
BRDA:165,25,0,0
BRDA:165,25,1,0
BRDA:168,26,0,0
BRDA:168,26,1,0
BRDA:170,27,0,0
BRDA:170,27,1,0
BRDA:178,28,0,0
BRDA:178,28,1,0
BRDA:181,29,0,0
BRDA:181,29,1,0
BRDA:181,30,0,0
BRDA:181,30,1,0
BRDA:182,31,0,0
BRDA:182,31,1,0
BRDA:182,31,2,0
BRDA:184,32,0,0
BRDA:184,32,1,0
BRDA:184,33,0,0
BRDA:184,33,1,0
BRDA:184,34,0,0
BRDA:184,34,1,0
BRDA:187,35,0,0
BRDA:187,35,1,0
BRDA:187,36,0,0
BRDA:187,36,1,0
BRDA:190,37,0,0
BRDA:190,37,1,0
BRDA:190,38,0,0
BRDA:190,38,1,0
BRDA:190,39,0,0
BRDA:190,39,1,0
BRDA:193,40,0,0
BRDA:193,40,1,0
BRDA:193,41,0,0
BRDA:193,41,1,0
BRDA:193,42,0,0
BRDA:193,42,1,0
BRDA:195,43,0,0
BRDA:195,43,1,0
BRDA:195,44,0,0
BRDA:195,44,1,0
BRDA:196,45,0,0
BRDA:196,45,1,0
BRDA:217,46,0,0
BRDA:217,46,1,0
BRDA:217,47,0,0
BRDA:217,47,1,0
BRDA:217,48,0,0
BRDA:217,48,1,0
BRDA:220,49,0,0
BRDA:220,49,1,0
BRDA:220,50,0,0
BRDA:220,50,1,0
BRDA:223,51,0,0
BRDA:223,51,1,0
BRDA:234,52,0,0
BRDA:234,52,1,0
BRDA:238,53,0,0
BRDA:238,53,1,0
BRDA:243,54,0,0
BRDA:243,54,1,0
BRDA:244,55,0,0
BRDA:244,55,1,0
BRDA:245,56,0,0
BRDA:245,56,1,0
BRDA:247,57,0,0
BRDA:247,57,1,0
BRDA:251,58,0,0
BRDA:251,58,1,0
BRDA:255,59,0,0
BRDA:255,59,1,0
BRDA:262,60,0,0
BRDA:262,60,1,0
BRDA:262,61,0,0
BRDA:262,61,1,0
BRDA:262,62,0,0
BRDA:262,62,1,0
BRDA:271,63,0,0
BRDA:271,63,1,0
BRDA:278,64,0,0
BRDA:278,64,1,0
BRDA:278,65,0,0
BRDA:278,65,1,0
BRDA:278,66,0,0
BRDA:278,66,1,0
BRDA:285,67,0,0
BRDA:285,67,1,0
BRDA:285,68,0,0
BRDA:285,68,1,0
BRDA:285,69,0,0
BRDA:285,69,1,0
BRF:143
BRH:0
end_of_record
TN:
SF:apps/clinical-portal/src/app/components/patient-timeline/patient-timeline.component.html
FNF:0
FNH:0
DA:1,2
LF:1
LH:1
BRF:0
BRH:0
end_of_record
TN:
SF:apps/clinical-portal/src/app/components/patient-timeline/patient-timeline.component.ts
FN:110,(anonymous_0)
FN:118,(anonymous_1)
FN:129,(anonymous_2)
FN:137,(anonymous_3)
FN:143,(anonymous_4)
FN:263,(anonymous_5)
FN:280,(anonymous_6)
FN:285,(anonymous_7)
FN:291,(anonymous_8)
FN:294,(anonymous_9)
FN:301,(anonymous_10)
FN:309,(anonymous_11)
FN:321,(anonymous_12)
FN:333,(anonymous_13)
FN:341,(anonymous_14)
FN:348,(anonymous_15)
FN:356,(anonymous_16)
FN:367,(anonymous_17)
FN:374,(anonymous_18)
FN:384,(anonymous_19)
FN:398,(anonymous_20)
FN:400,(anonymous_21)
FN:410,(anonymous_22)
FNF:23
FNH:0
FNDA:0,(anonymous_0)
FNDA:0,(anonymous_1)
FNDA:0,(anonymous_2)
FNDA:0,(anonymous_3)
FNDA:0,(anonymous_4)
FNDA:0,(anonymous_5)
FNDA:0,(anonymous_6)
FNDA:0,(anonymous_7)
FNDA:0,(anonymous_8)
FNDA:0,(anonymous_9)
FNDA:0,(anonymous_10)
FNDA:0,(anonymous_11)
FNDA:0,(anonymous_12)
FNDA:0,(anonymous_13)
FNDA:0,(anonymous_14)
FNDA:0,(anonymous_15)
FNDA:0,(anonymous_16)
FNDA:0,(anonymous_17)
FNDA:0,(anonymous_18)
FNDA:0,(anonymous_19)
FNDA:0,(anonymous_20)
FNDA:0,(anonymous_21)
FNDA:0,(anonymous_22)
DA:1,2
DA:2,2
DA:3,2
DA:4,2
DA:5,2
DA:6,2
DA:7,2
DA:8,2
DA:9,2
DA:10,2
DA:11,2
DA:12,2
DA:13,2
DA:14,2
DA:15,2
DA:16,2
DA:81,2
DA:85,0
DA:86,0
DA:87,0
DA:88,0
DA:91,0
DA:99,0
DA:100,0
DA:101,0
DA:102,0
DA:105,0
DA:107,0
DA:111,0
DA:112,0
DA:113,0
DA:115,0
DA:119,0
DA:120,0
DA:121,0
DA:122,0
DA:123,0
DA:126,0
DA:130,0
DA:131,0
DA:138,0
DA:139,0
DA:143,0
DA:144,0
DA:262,0
DA:263,0
DA:266,0
DA:267,0
DA:268,0
DA:270,0
DA:281,0
DA:284,0
DA:285,0
DA:288,0
DA:289,0
DA:290,0
DA:291,0
DA:293,0
DA:294,0
DA:298,0
DA:299,0
DA:300,0
DA:302,0
DA:308,0
DA:309,0
DA:310,0
DA:315,0
DA:322,0
DA:323,0
DA:327,0
DA:334,0
DA:335,0
DA:342,0
DA:349,0
DA:350,0
DA:357,0
DA:358,0
DA:360,0
DA:368,0
DA:375,0
DA:385,0
DA:392,0
DA:399,0
DA:400,0
DA:401,0
DA:402,0
DA:404,0
DA:411,0
DA:418,0
DA:419,0
DA:420,0
DA:421,0
LF:92
LH:17
BRDA:119,0,0,0
BRDA:119,0,1,0
BRDA:290,1,0,0
BRDA:290,1,1,0
BRDA:293,2,0,0
BRDA:293,2,1,0
BRDA:299,3,0,0
BRDA:299,3,1,0
BRDA:302,4,0,0
BRDA:302,4,1,0
BRDA:310,5,0,0
BRDA:310,5,1,0
BRDA:349,6,0,0
BRDA:349,6,1,0
BRDA:357,7,0,0
BRDA:357,7,1,0
BRDA:401,8,0,0
BRDA:401,8,1,0
BRDA:404,9,0,0
BRDA:404,9,1,0
BRDA:404,10,0,0
BRDA:404,10,1,0
BRDA:404,11,0,0
BRDA:404,11,1,0
BRF:24
BRH:0
end_of_record
TN:
SF:apps/clinical-portal/src/app/config/api.config.ts
FN:84,(anonymous_0)
FN:85,(anonymous_1)
FN:87,(anonymous_2)
FN:88,(anonymous_3)
FN:89,(anonymous_4)
FN:97,(anonymous_5)
FN:99,(anonymous_6)
FN:105,(anonymous_7)
FN:106,(anonymous_8)
FN:133,(anonymous_9)
FN:134,(anonymous_10)
FN:135,(anonymous_11)
FN:138,(anonymous_12)
FN:139,(anonymous_13)
FN:140,(anonymous_14)
FN:142,(anonymous_15)
FN:143,(anonymous_16)
FN:144,(anonymous_17)
FN:145,(anonymous_18)
FN:146,(anonymous_19)
FN:147,(anonymous_20)
FN:148,(anonymous_21)
FN:149,(anonymous_22)
FN:150,(anonymous_23)
FN:153,(anonymous_24)
FN:156,(anonymous_25)
FN:157,(anonymous_26)
FN:158,(anonymous_27)
FN:159,(anonymous_28)
FN:165,(anonymous_29)
FN:166,(anonymous_30)
FN:167,(anonymous_31)
FN:168,(anonymous_32)
FN:169,(anonymous_33)
FN:174,(anonymous_34)
FN:175,(anonymous_35)
FN:179,(anonymous_36)
FN:180,(anonymous_37)
FN:181,(anonymous_38)
FN:182,(anonymous_39)
FN:183,(anonymous_40)
FN:200,(anonymous_41)
FN:201,(anonymous_42)
FN:202,(anonymous_43)
FN:210,(anonymous_44)
FN:242,buildCqlEngineUrl
FN:247,(anonymous_46)
FN:258,buildQualityMeasureUrl
FN:263,(anonymous_48)
FN:274,buildFhirUrl
FN:279,(anonymous_50)
FN:290,buildQrdaExportUrl
FN:295,(anonymous_52)
FNF:53
FNH:44
FNDA:12,(anonymous_0)
FNDA:2,(anonymous_1)
FNDA:2,(anonymous_2)
FNDA:2,(anonymous_3)
FNDA:6,(anonymous_4)
FNDA:2,(anonymous_5)
FNDA:2,(anonymous_6)
FNDA:0,(anonymous_7)
FNDA:0,(anonymous_8)
FNDA:8,(anonymous_9)
FNDA:6,(anonymous_10)
FNDA:4,(anonymous_11)
FNDA:11,(anonymous_12)
FNDA:9,(anonymous_13)
FNDA:3,(anonymous_14)
FNDA:22,(anonymous_15)
FNDA:0,(anonymous_16)
FNDA:18,(anonymous_17)
FNDA:1,(anonymous_18)
FNDA:5,(anonymous_19)
FNDA:4,(anonymous_20)
FNDA:0,(anonymous_21)
FNDA:18,(anonymous_22)
FNDA:7,(anonymous_23)
FNDA:8,(anonymous_24)
FNDA:16,(anonymous_25)
FNDA:5,(anonymous_26)
FNDA:22,(anonymous_27)
FNDA:3,(anonymous_28)
FNDA:2,(anonymous_29)
FNDA:6,(anonymous_30)
FNDA:7,(anonymous_31)
FNDA:6,(anonymous_32)
FNDA:5,(anonymous_33)
FNDA:1,(anonymous_34)
FNDA:1,(anonymous_35)
FNDA:0,(anonymous_36)
FNDA:0,(anonymous_37)
FNDA:0,(anonymous_38)
FNDA:0,(anonymous_39)
FNDA:0,(anonymous_40)
FNDA:2,(anonymous_41)
FNDA:2,(anonymous_42)
FNDA:2,(anonymous_43)
FNDA:10,(anonymous_44)
FNDA:105,buildCqlEngineUrl
FNDA:66,(anonymous_46)
FNDA:377,buildQualityMeasureUrl
FNDA:67,(anonymous_48)
FNDA:628,buildFhirUrl
FNDA:95,(anonymous_50)
FNDA:14,buildQrdaExportUrl
FNDA:12,(anonymous_52)
DA:12,79
DA:15,79
DA:17,79
DA:80,79
DA:84,12
DA:86,2
DA:87,2
DA:88,2
DA:89,6
DA:98,2
DA:100,2
DA:105,0
DA:106,0
DA:113,79
DA:133,8
DA:134,6
DA:135,4
DA:138,11
DA:139,9
DA:140,3
DA:142,22
DA:143,0
DA:144,18
DA:145,1
DA:146,5
DA:147,4
DA:148,0
DA:149,18
DA:150,7
DA:153,8
DA:156,16
DA:157,5
DA:158,22
DA:159,3
DA:165,2
DA:166,6
DA:167,7
DA:168,6
DA:169,5
DA:174,1
DA:175,1
DA:179,0
DA:180,0
DA:181,0
DA:182,0
DA:183,0
DA:191,79
DA:200,2
DA:201,2
DA:202,2
DA:208,79
DA:210,10
DA:233,79
DA:242,79
DA:243,105
DA:245,105
DA:246,37
DA:247,66
DA:249,37
DA:252,105
DA:258,79
DA:259,377
DA:261,377
DA:262,31
DA:263,67
DA:265,31
DA:268,377
DA:274,79
DA:275,628
DA:277,628
DA:278,81
DA:279,95
DA:281,81
DA:284,628
DA:290,79
DA:291,14
DA:293,14
DA:294,4
DA:295,12
DA:297,4
DA:300,14
LF:81
LH:72
BRDA:25,0,0,0
BRDA:25,0,1,79
BRDA:29,1,0,0
BRDA:29,1,1,79
BRDA:33,2,0,0
BRDA:33,2,1,79
BRDA:37,3,0,0
BRDA:37,3,1,79
BRDA:41,4,0,0
BRDA:41,4,1,79
BRDA:45,5,0,0
BRDA:45,5,1,79
BRDA:49,6,0,0
BRDA:49,6,1,79
BRDA:53,7,0,0
BRDA:53,7,1,79
BRDA:58,8,0,0
BRDA:58,8,1,79
BRDA:61,9,0,0
BRDA:61,9,1,79
BRDA:245,10,0,37
BRDA:245,10,1,68
BRDA:261,11,0,31
BRDA:261,11,1,346
BRDA:261,12,0,377
BRDA:261,12,1,31
BRDA:277,13,0,81
BRDA:277,13,1,547
BRDA:293,14,0,4
BRDA:293,14,1,10
BRDA:293,15,0,14
BRDA:293,15,1,4
BRF:32
BRH:22
end_of_record
TN:
SF:apps/clinical-portal/src/app/config/compliance.config.ts
FN:79,getComplianceConfig
FN:86,isFallbackAllowed
FNF:2
FNH:0
FNDA:0,getComplianceConfig
FNDA:0,isFallbackAllowed
DA:58,15
DA:64,15
DA:79,15
DA:80,0
DA:86,15
DA:87,0
DA:90,0
DA:91,0
DA:95,0
LF:9
LH:4
BRDA:65,0,0,15
BRDA:65,0,1,0
BRDA:65,1,0,15
BRDA:65,1,1,15
BRDA:65,2,0,0
BRDA:65,2,1,15
BRDA:65,3,0,15
BRDA:65,3,1,15
BRDA:66,4,0,15
BRDA:66,4,1,0
BRDA:66,5,0,15
BRDA:66,5,1,15
BRDA:66,6,0,0
BRDA:66,6,1,15
BRDA:66,7,0,15
BRDA:66,7,1,15
BRDA:67,8,0,15
BRDA:67,8,1,0
BRDA:67,9,0,15
BRDA:67,9,1,15
BRDA:67,10,0,0
BRDA:67,10,1,15
BRDA:67,11,0,15
BRDA:67,11,1,15
BRDA:68,12,0,15
BRDA:68,12,1,0
BRDA:68,13,0,15
BRDA:68,13,1,15
BRDA:68,14,0,0
BRDA:68,14,1,15
BRDA:68,15,0,15
BRDA:68,15,1,15
BRDA:69,16,0,15
BRDA:69,16,1,0
BRDA:69,17,0,15
BRDA:69,17,1,15
BRDA:69,18,0,0
BRDA:69,18,1,15
BRDA:69,19,0,15
BRDA:69,19,1,15
BRDA:70,20,0,15
BRDA:70,20,1,0
BRDA:70,21,0,15
BRDA:70,21,1,15
BRDA:70,22,0,0
BRDA:70,22,1,15
BRDA:70,23,0,15
BRDA:70,23,1,15
BRDA:71,24,0,15
BRDA:71,24,1,0
BRDA:71,25,0,15
BRDA:71,25,1,15
BRDA:71,26,0,0
BRDA:71,26,1,15
BRDA:71,27,0,15
BRDA:71,27,1,15
BRDA:72,28,0,15
BRDA:72,28,1,0
BRDA:72,29,0,15
BRDA:72,29,1,15
BRDA:72,30,0,0
BRDA:72,30,1,15
BRDA:72,31,0,15
BRDA:72,31,1,15
BRDA:73,32,0,15
BRDA:73,32,1,0
BRDA:73,33,0,15
BRDA:73,33,1,15
BRDA:73,34,0,0
BRDA:73,34,1,15
BRDA:73,35,0,15
BRDA:73,35,1,15
BRDA:90,36,0,0
BRDA:90,36,1,0
BRF:74
BRH:54
end_of_record
TN:
SF:apps/clinical-portal/src/app/config/scheduling.config.ts
FN:10,getScheduleSourceForTenant
FNF:1
FNH:1
FNDA:14,getScheduleSourceForTenant
DA:3,3
DA:5,3
DA:10,3
DA:11,14
DA:12,0
DA:14,14
LF:6
LH:5
BRDA:11,0,0,0
BRDA:11,0,1,14
BRDA:14,1,0,14
BRDA:14,1,1,0
BRF:4
BRH:2
end_of_record
TN:
SF:apps/clinical-portal/src/app/data/knowledge-base-articles.ts
FNF:0
FNH:0
DA:9,15
LF:1
LH:1
BRF:0
BRH:0
end_of_record
TN:
SF:apps/clinical-portal/src/app/demo-mode/components/demo-control-bar/demo-control-bar.component.ts
FN:400,(anonymous_0)
FN:404,(anonymous_1)
FN:409,(anonymous_2)
FN:412,(anonymous_4)
FN:425,(anonymous_5)
FN:435,(anonymous_7)
FN:445,(anonymous_9)
FN:453,(anonymous_10)
FN:464,(anonymous_12)
FN:475,(anonymous_14)
FN:485,(anonymous_16)
FN:497,(anonymous_18)
FN:501,(anonymous_19)
FN:510,(anonymous_20)
FN:515,(anonymous_21)
FN:523,(anonymous_22)
FN:531,(anonymous_23)
FNF:17
FNH:1
FNDA:0,(anonymous_0)
FNDA:35,(anonymous_1)
FNDA:0,(anonymous_2)
FNDA:0,(anonymous_4)
FNDA:0,(anonymous_5)
FNDA:0,(anonymous_7)
FNDA:0,(anonymous_9)
FNDA:0,(anonymous_10)
FNDA:0,(anonymous_12)
FNDA:0,(anonymous_14)
FNDA:0,(anonymous_16)
FNDA:0,(anonymous_18)
FNDA:0,(anonymous_19)
FNDA:0,(anonymous_20)
FNDA:0,(anonymous_21)
FNDA:0,(anonymous_22)
FNDA:0,(anonymous_23)
DA:1,1
DA:2,1
DA:3,1
DA:4,1
DA:5,1
DA:6,1
DA:7,1
DA:8,1
DA:9,1
DA:10,1
DA:11,1
DA:12,1
DA:13,1
DA:396,1
DA:397,35
DA:398,35
DA:401,0
DA:405,35
DA:406,35
DA:410,0
DA:411,0
DA:412,0
DA:426,0
DA:428,0
DA:429,0
DA:431,0
DA:436,0
DA:437,0
DA:438,0
DA:440,0
DA:446,0
DA:447,0
DA:448,0
DA:450,0
DA:454,0
DA:455,0
DA:457,0
DA:458,0
DA:460,0
DA:465,0
DA:466,0
DA:468,0
DA:469,0
DA:471,0
DA:476,0
DA:477,0
DA:478,0
DA:480,0
DA:486,0
DA:487,0
DA:488,0
DA:489,0
DA:490,0
DA:492,0
DA:498,0
DA:502,0
DA:503,0
DA:504,0
DA:507,0
DA:512,0
DA:516,0
DA:517,0
DA:518,0
DA:520,0
DA:524,0
DA:525,0
DA:526,0
DA:527,0
DA:528,0
DA:532,0
DA:534,0
LF:71
LH:18
BRDA:411,0,0,0
BRDA:411,0,1,0
BRDA:414,1,0,0
BRDA:414,1,1,0
BRDA:436,2,0,0
BRDA:436,2,1,0
BRDA:447,3,0,0
BRDA:447,3,1,0
BRDA:450,4,0,0
BRDA:450,4,1,0
BRDA:454,5,0,0
BRDA:454,5,1,0
BRDA:465,6,0,0
BRDA:465,6,1,0
BRDA:476,7,0,0
BRDA:476,7,1,0
BRDA:487,8,0,0
BRDA:487,8,1,0
BRDA:502,9,0,0
BRDA:502,9,1,0
BRDA:503,10,0,0
BRDA:503,10,1,0
BRDA:517,11,0,0
BRDA:517,11,1,0
BRDA:524,12,0,0
BRDA:524,12,1,0
BRDA:525,13,0,0
BRDA:525,13,1,0
BRDA:526,14,0,0
BRDA:526,14,1,0
BRDA:527,15,0,0
BRDA:527,15,1,0
BRDA:534,16,0,0
BRDA:534,16,1,0
BRDA:534,17,0,0
BRDA:534,17,1,0
BRF:36
BRH:0
end_of_record
TN:
SF:apps/clinical-portal/src/app/demo-mode/components/demo-storyboard-overlay/demo-storyboard-overlay.component.ts
FN:90,(anonymous_0)
FN:100,(anonymous_1)
FN:104,(anonymous_2)
FN:108,(anonymous_3)
FN:117,(anonymous_4)
FN:121,(anonymous_5)
FN:126,(anonymous_6)
FN:128,(anonymous_7)
FN:129,(anonymous_8)
FN:137,(anonymous_9)
FN:138,(anonymous_10)
FN:144,(anonymous_11)
FN:146,(anonymous_12)
FN:162,(anonymous_13)
FN:193,(anonymous_14)
FN:194,(anonymous_15)
FNF:16
FNH:4
FNDA:35,(anonymous_0)
FNDA:0,(anonymous_1)
FNDA:0,(anonymous_2)
FNDA:0,(anonymous_3)
FNDA:0,(anonymous_4)
FNDA:35,(anonymous_5)
FNDA:0,(anonymous_6)
FNDA:0,(anonymous_7)
FNDA:0,(anonymous_8)
FNDA:35,(anonymous_9)
FNDA:0,(anonymous_10)
FNDA:0,(anonymous_11)
FNDA:0,(anonymous_12)
FNDA:0,(anonymous_13)
FNDA:35,(anonymous_14)
FNDA:0,(anonymous_15)
DA:1,1
DA:2,1
DA:3,1
DA:4,1
DA:5,1
DA:83,1
DA:84,35
DA:85,35
DA:87,35
DA:88,35
DA:91,35
DA:92,35
DA:93,35
DA:96,35
DA:97,35
DA:100,35
DA:101,0
DA:102,0
DA:103,0
DA:104,0
DA:105,0
DA:106,0
DA:107,0
DA:108,0
DA:109,0
DA:110,0
DA:122,35
DA:123,35
DA:127,0
DA:128,0
DA:129,0
DA:130,0
DA:131,0
DA:132,0
DA:138,35
DA:139,0
DA:141,35
DA:145,0
DA:146,0
DA:147,0
DA:148,0
DA:149,0
DA:151,0
DA:152,0
DA:153,0
DA:154,0
DA:155,0
DA:156,0
DA:157,0
DA:158,0
DA:163,0
DA:164,0
DA:165,0
DA:166,0
DA:168,0
DA:170,0
DA:171,0
DA:172,0
DA:173,0
DA:175,0
DA:176,0
DA:177,0
DA:178,0
DA:180,0
DA:181,0
DA:182,0
DA:183,0
DA:186,0
DA:187,0
DA:188,0
DA:189,0
DA:194,35
DA:195,0
DA:196,0
DA:199,35
LF:75
LH:22
BRDA:104,0,0,0
BRDA:104,0,1,0
BRDA:104,1,0,0
BRDA:104,1,1,0
BRDA:104,2,0,0
BRDA:104,2,1,0
BRDA:104,3,0,0
BRDA:104,3,1,0
BRDA:104,4,0,0
BRDA:104,4,1,0
BRDA:104,5,0,0
BRDA:104,5,1,0
BRDA:104,6,0,0
BRDA:104,6,1,0
BRDA:104,7,0,0
BRDA:104,7,1,0
BRDA:104,8,0,0
BRDA:104,8,1,0
BRDA:104,9,0,0
BRDA:104,9,1,0
BRDA:106,10,0,0
BRDA:106,10,1,0
BRDA:106,11,0,0
BRDA:106,11,1,0
BRDA:106,12,0,0
BRDA:106,12,1,0
BRDA:106,13,0,0
BRDA:106,13,1,0
BRDA:107,14,0,0
BRDA:107,14,1,0
BRDA:107,15,0,0
BRDA:107,15,1,0
BRDA:107,16,0,0
BRDA:107,16,1,0
BRDA:109,17,0,0
BRDA:109,17,1,0
BRDA:148,18,0,0
BRDA:148,18,1,0
BRDA:168,19,0,0
BRDA:168,19,1,0
BRDA:168,19,2,0
BRDA:168,19,3,0
BRDA:168,19,4,0
BRDA:195,20,0,0
BRDA:195,20,1,0
BRF:45
BRH:0
end_of_record
TN:
SF:apps/clinical-portal/src/app/demo-mode/services/demo-mode.service.ts
FN:135,(anonymous_0)
FN:139,(anonymous_1)
FN:127,(anonymous_2)
FN:128,(anonymous_3)
FN:150,(anonymous_4)
FN:164,(anonymous_5)
FN:179,(anonymous_6)
FN:195,(anonymous_7)
FN:209,(anonymous_8)
FN:229,(anonymous_9)
FN:237,(anonymous_10)
FN:252,(anonymous_12)
FN:253,(anonymous_13)
FN:257,(anonymous_14)
FN:266,(anonymous_15)
FN:276,(anonymous_16)
FN:282,(anonymous_17)
FN:287,(anonymous_18)
FN:291,(anonymous_19)
FN:303,(anonymous_20)
FN:307,(anonymous_21)
FN:315,(anonymous_22)
FN:326,(anonymous_23)
FN:361,(anonymous_25)
FN:379,(anonymous_27)
FN:405,(anonymous_28)
FN:430,(anonymous_30)
FN:443,(anonymous_32)
FN:453,(anonymous_33)
FN:482,(anonymous_34)
FN:509,(anonymous_36)
FN:535,(anonymous_38)
FN:539,(anonymous_39)
FN:544,(anonymous_40)
FN:551,(anonymous_41)
FN:567,(anonymous_43)
FN:586,(anonymous_45)
FN:609,(anonymous_47)
FN:616,(anonymous_48)
FN:629,(anonymous_49)
FN:645,(anonymous_50)
FN:654,(anonymous_51)
FN:688,(anonymous_52)
FN:695,(anonymous_53)
FN:723,(anonymous_55)
FNF:45
FNH:0
FNDA:0,(anonymous_0)
FNDA:0,(anonymous_1)
FNDA:0,(anonymous_2)
FNDA:0,(anonymous_3)
FNDA:0,(anonymous_4)
FNDA:0,(anonymous_5)
FNDA:0,(anonymous_6)
FNDA:0,(anonymous_7)
FNDA:0,(anonymous_8)
FNDA:0,(anonymous_9)
FNDA:0,(anonymous_10)
FNDA:0,(anonymous_12)
FNDA:0,(anonymous_13)
FNDA:0,(anonymous_14)
FNDA:0,(anonymous_15)
FNDA:0,(anonymous_16)
FNDA:0,(anonymous_17)
FNDA:0,(anonymous_18)
FNDA:0,(anonymous_19)
FNDA:0,(anonymous_20)
FNDA:0,(anonymous_21)
FNDA:0,(anonymous_22)
FNDA:0,(anonymous_23)
FNDA:0,(anonymous_25)
FNDA:0,(anonymous_27)
FNDA:0,(anonymous_28)
FNDA:0,(anonymous_30)
FNDA:0,(anonymous_32)
FNDA:0,(anonymous_33)
FNDA:0,(anonymous_34)
FNDA:0,(anonymous_36)
FNDA:0,(anonymous_38)
FNDA:0,(anonymous_39)
FNDA:0,(anonymous_40)
FNDA:0,(anonymous_41)
FNDA:0,(anonymous_43)
FNDA:0,(anonymous_45)
FNDA:0,(anonymous_47)
FNDA:0,(anonymous_48)
FNDA:0,(anonymous_49)
FNDA:0,(anonymous_50)
FNDA:0,(anonymous_51)
FNDA:0,(anonymous_52)
FNDA:0,(anonymous_53)
FNDA:0,(anonymous_55)
DA:1,1
DA:2,1
DA:3,1
DA:4,1
DA:5,1
DA:6,1
DA:90,1
DA:91,0
DA:92,0
DA:93,0
DA:96,0
DA:97,0
DA:98,0
DA:99,0
DA:100,0
DA:101,0
DA:102,0
DA:103,0
DA:104,0
DA:105,0
DA:106,0
DA:107,0
DA:108,0
DA:111,0
DA:112,0
DA:113,0
DA:114,0
DA:117,0
DA:118,0
DA:119,0
DA:120,0
DA:123,0
DA:124,0
DA:127,0
DA:128,0
DA:129,0
DA:130,0
DA:131,0
DA:132,0
DA:136,0
DA:140,0
DA:141,0
DA:142,0
DA:143,0
DA:146,0
DA:147,0
DA:151,0
DA:152,0
DA:154,0
DA:155,0
DA:156,0
DA:158,0
DA:166,0
DA:167,0
DA:168,0
DA:169,0
DA:172,0
DA:173,0
DA:174,0
DA:180,0
DA:181,0
DA:182,0
DA:183,0
DA:184,0
DA:185,0
DA:186,0
DA:187,0
DA:196,0
DA:197,0
DA:198,0
DA:199,0
DA:200,0
DA:201,0
DA:203,0
DA:210,0
DA:211,0
DA:212,0
DA:213,0
DA:214,0
DA:215,0
DA:216,0
DA:217,0
DA:218,0
DA:221,0
DA:222,0
DA:223,0
DA:230,0
DA:231,0
DA:233,0
DA:238,0
DA:239,0
DA:240,0
DA:241,0
DA:242,0
DA:243,0
DA:245,0
DA:247,0
DA:248,0
DA:253,0
DA:254,0
DA:258,0
DA:259,0
DA:260,0
DA:262,0
DA:263,0
DA:267,0
DA:268,0
DA:269,0
DA:270,0
DA:272,0
DA:277,0
DA:278,0
DA:280,0
DA:281,0
DA:282,0
DA:283,0
DA:284,0
DA:285,0
DA:287,0
DA:289,0
DA:291,0
DA:292,0
DA:293,0
DA:294,0
DA:295,0
DA:296,0
DA:297,0
DA:300,0
DA:303,0
DA:304,0
DA:305,0
DA:307,0
DA:308,0
DA:311,0
DA:316,0
DA:317,0
DA:318,0
DA:328,0
DA:329,0
DA:333,0
DA:334,0
DA:337,0
DA:339,0
DA:341,0
DA:346,0
DA:349,0
DA:350,0
DA:352,0
DA:355,0
DA:363,0
DA:364,0
DA:365,0
DA:366,0
DA:369,0
DA:370,0
DA:372,0
DA:373,0
DA:376,0
DA:377,0
DA:378,0
DA:379,0
DA:381,0
DA:394,0
DA:396,0
DA:398,0
DA:407,0
DA:408,0
DA:409,0
DA:410,0
DA:413,0
DA:414,0
DA:417,0
DA:418,0
DA:419,0
DA:421,0
DA:422,0
DA:423,0
DA:432,0
DA:433,0
DA:434,0
DA:435,0
DA:438,0
DA:439,0
DA:440,0
DA:441,0
DA:442,0
DA:443,0
DA:444,0
DA:447,0
DA:448,0
DA:451,0
DA:452,0
DA:453,0
DA:454,0
DA:466,0
DA:468,0
DA:469,0
DA:470,0
DA:472,0
DA:473,0
DA:474,0
DA:475,0
DA:484,0
DA:485,0
DA:486,0
DA:487,0
DA:490,0
DA:491,0
DA:493,0
DA:494,0
DA:497,0
DA:498,0
DA:499,0
DA:501,0
DA:502,0
DA:503,0
DA:505,0
DA:510,0
DA:511,0
DA:512,0
DA:513,0
DA:516,0
DA:517,0
DA:519,0
DA:520,0
DA:523,0
DA:524,0
DA:525,0
DA:527,0
DA:528,0
DA:529,0
DA:531,0
DA:536,0
DA:537,0
DA:539,0
DA:540,0
DA:545,0
DA:546,0
DA:547,0
DA:552,0
DA:553,0
DA:556,0
DA:557,0
DA:558,0
DA:559,0
DA:568,0
DA:569,0
DA:570,0
DA:571,0
DA:574,0
DA:575,0
DA:578,0
DA:580,0
DA:581,0
DA:582,0
DA:587,0
DA:588,0
DA:589,0
DA:590,0
DA:593,0
DA:594,0
DA:597,0
DA:598,0
DA:600,0
DA:601,0
DA:602,0
DA:610,0
DA:612,0
DA:613,0
DA:614,0
DA:616,0
DA:617,0
DA:618,0
DA:619,0
DA:623,0
DA:630,0
DA:632,0
DA:633,0
DA:634,0
DA:635,0
DA:638,0
DA:639,0
DA:646,0
DA:647,0
DA:648,0
DA:656,0
DA:682,0
DA:689,0
DA:697,0
DA:698,0
DA:699,0
DA:700,0
DA:703,0
DA:704,0
DA:705,0
DA:712,0
DA:713,0
DA:714,0
DA:716,0
DA:725,0
DA:726,0
DA:727,0
DA:728,0
DA:731,0
DA:732,0
DA:733,0
DA:736,0
DA:738,0
DA:739,0
DA:740,0
DA:742,0
LF:311
LH:7
BRDA:127,0,0,0
BRDA:127,0,1,0
BRDA:127,1,0,0
BRDA:127,1,1,0
BRDA:127,2,0,0
BRDA:127,2,1,0
BRDA:127,3,0,0
BRDA:127,3,1,0
BRDA:151,4,0,0
BRDA:151,4,1,0
BRDA:151,5,0,0
BRDA:151,5,1,0
BRDA:154,6,0,0
BRDA:154,6,1,0
BRDA:155,7,0,0
BRDA:155,7,1,0
BRDA:156,8,0,0
BRDA:156,8,1,0
BRDA:168,9,0,0
BRDA:168,9,1,0
BRDA:173,10,0,0
BRDA:173,10,1,0
BRDA:182,11,0,0
BRDA:182,11,1,0
BRDA:182,12,0,0
BRDA:182,12,1,0
BRDA:186,13,0,0
BRDA:186,13,1,0
BRDA:200,14,0,0
BRDA:200,14,1,0
BRDA:230,15,0,0
BRDA:230,15,1,0
BRDA:240,16,0,0
BRDA:240,16,1,0
BRDA:240,17,0,0
BRDA:240,17,1,0
BRDA:240,18,0,0
BRDA:240,18,1,0
BRDA:240,19,0,0
BRDA:240,19,1,0
BRDA:242,20,0,0
BRDA:242,20,1,0
BRDA:242,21,0,0
BRDA:242,21,1,0
BRDA:253,22,0,0
BRDA:253,22,1,0
BRDA:253,23,0,0
BRDA:253,23,1,0
BRDA:259,24,0,0
BRDA:259,24,1,0
BRDA:262,25,0,0
BRDA:262,25,1,0
BRDA:262,26,0,0
BRDA:262,26,1,0
BRDA:268,27,0,0
BRDA:268,27,1,0
BRDA:268,28,0,0
BRDA:268,28,1,0
BRDA:268,29,0,0
BRDA:268,29,1,0
BRDA:268,30,0,0
BRDA:268,30,1,0
BRDA:268,31,0,0
BRDA:268,31,1,0
BRDA:277,32,0,0
BRDA:277,32,1,0
BRDA:289,33,0,0
BRDA:289,33,1,0
BRDA:289,34,0,0
BRDA:289,34,1,0
BRDA:294,35,0,0
BRDA:294,35,1,0
BRDA:294,36,0,0
BRDA:294,36,1,0
BRDA:296,37,0,0
BRDA:296,37,1,0
BRDA:296,38,0,0
BRDA:296,38,1,0
BRDA:316,39,0,0
BRDA:316,39,1,0
BRDA:328,40,0,0
BRDA:328,40,1,0
BRDA:333,41,0,0
BRDA:333,41,1,0
BRDA:346,42,0,0
BRDA:346,42,1,0
BRDA:346,43,0,0
BRDA:346,43,1,0
BRDA:364,44,0,0
BRDA:364,44,1,0
BRDA:376,45,0,0
BRDA:376,45,1,0
BRDA:377,46,0,0
BRDA:377,46,1,0
BRDA:377,47,0,0
BRDA:377,47,1,0
BRDA:377,48,0,0
BRDA:377,48,1,0
BRDA:382,49,0,0
BRDA:382,49,1,0
BRDA:383,50,0,0
BRDA:383,50,1,0
BRDA:408,51,0,0
BRDA:408,51,1,0
BRDA:417,52,0,0
BRDA:417,52,1,0
BRDA:433,53,0,0
BRDA:433,53,1,0
BRDA:451,54,0,0
BRDA:451,54,1,0
BRDA:455,55,0,0
BRDA:455,55,1,0
BRDA:456,56,0,0
BRDA:456,56,1,0
BRDA:468,57,0,0
BRDA:468,57,1,0
BRDA:485,58,0,0
BRDA:485,58,1,0
BRDA:501,59,0,0
BRDA:501,59,1,0
BRDA:511,60,0,0
BRDA:511,60,1,0
BRDA:527,61,0,0
BRDA:527,61,1,0
BRDA:536,62,0,0
BRDA:536,62,1,0
BRDA:545,63,0,0
BRDA:545,63,1,0
BRDA:556,64,0,0
BRDA:556,64,1,0
BRDA:558,65,0,0
BRDA:558,65,1,0
BRDA:558,66,0,0
BRDA:558,66,1,0
BRDA:558,66,2,0
BRDA:569,67,0,0
BRDA:569,67,1,0
BRDA:580,68,0,0
BRDA:580,68,1,0
BRDA:588,69,0,0
BRDA:588,69,1,0
BRDA:600,70,0,0
BRDA:600,70,1,0
BRDA:610,71,0,0
BRDA:610,71,1,0
BRDA:618,72,0,0
BRDA:618,72,1,0
BRDA:630,73,0,0
BRDA:630,73,1,0
BRDA:633,74,0,0
BRDA:633,74,1,0
BRDA:698,75,0,0
BRDA:698,75,1,0
BRDA:712,76,0,0
BRDA:712,76,1,0
BRDA:726,77,0,0
BRDA:726,77,1,0
BRDA:738,78,0,0
BRDA:738,78,1,0
BRF:159
BRH:0
end_of_record
TN:
SF:apps/clinical-portal/src/app/dialogs/advanced-filter-dialog/advanced-filter-dialog.component.html
FNF:0
FNH:0
DA:1,13
LF:1
LH:1
BRF:0
BRH:0
end_of_record
TN:
SF:apps/clinical-portal/src/app/dialogs/advanced-filter-dialog/advanced-filter-dialog.component.ts
FN:159,(anonymous_0)
FN:165,(anonymous_1)
FN:175,(anonymous_2)
FN:189,(anonymous_3)
FN:196,(anonymous_4)
FN:208,(anonymous_5)
FN:215,(anonymous_6)
FN:225,(anonymous_7)
FN:235,(anonymous_8)
FN:243,(anonymous_9)
FN:244,(anonymous_10)
FN:250,(anonymous_11)
FN:263,(anonymous_12)
FN:285,(anonymous_13)
FN:294,(anonymous_14)
FN:304,(anonymous_15)
FN:314,(anonymous_16)
FN:324,(anonymous_17)
FN:333,(anonymous_18)
FN:343,(anonymous_19)
FN:351,(anonymous_20)
FN:365,(anonymous_21)
FN:371,(anonymous_22)
FN:372,(anonymous_23)
FN:384,(anonymous_24)
FN:394,(anonymous_25)
FN:407,(anonymous_26)
FNF:27
FNH:25
FNDA:13,(anonymous_0)
FNDA:13,(anonymous_1)
FNDA:13,(anonymous_2)
FNDA:200,(anonymous_3)
FNDA:17,(anonymous_4)
FNDA:15,(anonymous_5)
FNDA:0,(anonymous_6)
FNDA:1,(anonymous_7)
FNDA:2,(anonymous_8)
FNDA:90,(anonymous_9)
FNDA:316,(anonymous_10)
FNDA:28,(anonymous_11)
FNDA:1,(anonymous_12)
FNDA:29,(anonymous_13)
FNDA:29,(anonymous_14)
FNDA:29,(anonymous_15)
FNDA:3,(anonymous_16)
FNDA:3,(anonymous_17)
FNDA:1,(anonymous_18)
FNDA:0,(anonymous_19)
FNDA:1,(anonymous_20)
FNDA:2,(anonymous_21)
FNDA:2,(anonymous_22)
FNDA:1,(anonymous_23)
FNDA:1,(anonymous_24)
FNDA:2,(anonymous_25)
FNDA:1,(anonymous_26)
DA:1,13
DA:2,13
DA:3,13
DA:10,13
DA:15,13
DA:16,13
DA:17,13
DA:18,13
DA:19,13
DA:20,13
DA:21,13
DA:22,13
DA:23,13
DA:24,13
DA:105,13
DA:107,13
DA:108,13
DA:110,13
DA:138,13
DA:160,13
DA:161,13
DA:162,13
DA:166,13
DA:167,13
DA:168,1
DA:176,13
DA:183,13
DA:190,200
DA:197,17
DA:209,15
DA:216,0
DA:217,0
DA:218,0
DA:226,1
DA:232,1
DA:235,1
DA:236,2
DA:244,316
DA:251,28
DA:252,28
DA:253,28
DA:255,28
DA:257,4
DA:264,1
DA:265,1
DA:266,1
DA:268,1
DA:269,1
DA:270,1
DA:271,1
DA:279,1
DA:286,29
DA:287,29
DA:288,29
DA:295,29
DA:296,29
DA:297,29
DA:298,29
DA:305,29
DA:306,29
DA:307,29
DA:308,29
DA:315,3
DA:316,3
DA:317,3
DA:318,3
DA:325,3
DA:326,1
DA:327,1
DA:330,2
DA:333,2
DA:334,1
DA:335,1
DA:336,1
DA:344,0
DA:345,0
DA:352,1
DA:353,1
DA:354,1
DA:366,2
DA:367,2
DA:371,2
DA:372,1
DA:385,1
DA:386,1
DA:387,1
DA:388,1
DA:395,2
DA:396,1
DA:397,1
DA:400,1
DA:401,1
DA:408,1
LF:93
LH:88
BRDA:167,0,0,1
BRDA:167,0,1,12
BRDA:198,1,0,17
BRDA:198,1,1,15
BRDA:198,2,0,15
BRDA:198,2,1,2
BRDA:198,3,0,17
BRDA:198,3,1,17
BRDA:199,4,0,17
BRDA:199,4,1,15
BRDA:199,5,0,15
BRDA:199,5,1,2
BRDA:199,6,0,17
BRDA:199,6,1,17
BRDA:200,7,0,17
BRDA:200,7,1,15
BRDA:200,8,0,15
BRDA:200,8,1,2
BRDA:200,9,0,17
BRDA:200,9,1,17
BRDA:216,10,0,0
BRDA:216,10,1,0
BRDA:228,11,0,1
BRDA:228,11,1,0
BRDA:252,12,0,0
BRDA:252,12,1,28
BRDA:252,13,0,28
BRDA:252,13,1,28
BRDA:255,14,0,24
BRDA:255,14,1,4
BRDA:257,15,0,4
BRDA:257,15,1,0
BRDA:265,16,0,0
BRDA:265,16,1,1
BRDA:265,17,0,1
BRDA:265,17,1,1
BRDA:268,18,0,1
BRDA:268,18,1,0
BRDA:270,19,0,1
BRDA:270,19,1,0
BRDA:270,20,0,1
BRDA:270,20,1,1
BRDA:287,21,0,0
BRDA:287,21,1,29
BRDA:287,22,0,29
BRDA:287,22,1,29
BRDA:296,23,0,0
BRDA:296,23,1,29
BRDA:296,24,0,29
BRDA:296,24,1,29
BRDA:298,25,0,24
BRDA:298,25,1,5
BRDA:298,26,0,29
BRDA:298,26,1,29
BRDA:306,27,0,0
BRDA:306,27,1,29
BRDA:306,28,0,29
BRDA:306,28,1,29
BRDA:308,29,0,24
BRDA:308,29,1,5
BRDA:308,30,0,29
BRDA:308,30,1,29
BRDA:316,31,0,0
BRDA:316,31,1,3
BRDA:316,32,0,3
BRDA:316,32,1,3
BRDA:318,33,0,3
BRDA:318,33,1,0
BRDA:318,34,0,0
BRDA:318,34,1,3
BRDA:318,35,0,3
BRDA:318,35,1,3
BRDA:325,36,0,1
BRDA:325,36,1,2
BRDA:353,37,0,1
BRDA:353,37,1,0
BRDA:371,38,0,2
BRDA:371,38,1,1
BRDA:395,39,0,1
BRDA:395,39,1,1
BRF:80
BRH:65
end_of_record
TN:
SF:apps/clinical-portal/src/app/dialogs/batch-evaluation-dialog/batch-evaluation-dialog.component.ts
FN:409,(anonymous_0)
FN:413,(anonymous_1)
FN:426,(anonymous_2)
FN:431,(anonymous_3)
FN:436,(anonymous_4)
FN:441,(anonymous_5)
FN:450,(anonymous_6)
FN:457,(anonymous_7)
FN:462,(anonymous_8)
FN:468,(anonymous_9)
FN:469,(anonymous_10)
FN:474,(anonymous_11)
FN:481,(anonymous_12)
FN:482,(anonymous_13)
FN:485,(anonymous_14)
FN:489,(anonymous_15)
FN:492,(anonymous_16)
FN:495,(anonymous_17)
FN:496,(anonymous_18)
FN:499,(anonymous_19)
FN:503,(anonymous_20)
FN:507,(anonymous_21)
FN:511,(anonymous_22)
FN:521,(anonymous_23)
FN:526,(anonymous_24)
FN:545,(anonymous_25)
FN:558,(anonymous_26)
FN:562,(anonymous_27)
FN:568,(anonymous_28)
FN:575,(anonymous_29)
FN:602,(anonymous_30)
FN:608,(anonymous_31)
FN:612,(anonymous_32)
FN:615,(anonymous_33)
FN:628,(anonymous_34)
FN:634,(anonymous_35)
FN:650,(anonymous_36)
FN:667,(anonymous_37)
FN:674,(anonymous_38)
FN:679,(anonymous_39)
FN:686,(anonymous_40)
FN:688,(anonymous_41)
FN:693,(anonymous_42)
FN:703,(anonymous_43)
FN:705,(anonymous_44)
FN:707,(anonymous_45)
FN:708,(anonymous_46)
FN:708,(anonymous_47)
FN:713,(anonymous_48)
FN:720,(anonymous_49)
FNF:50
FNH:34
FNDA:0,(anonymous_0)
FNDA:23,(anonymous_1)
FNDA:23,(anonymous_2)
FNDA:23,(anonymous_3)
FNDA:23,(anonymous_4)
FNDA:23,(anonymous_5)
FNDA:0,(anonymous_6)
FNDA:23,(anonymous_7)
FNDA:23,(anonymous_8)
FNDA:1,(anonymous_9)
FNDA:1,(anonymous_10)
FNDA:0,(anonymous_11)
FNDA:369,(anonymous_12)
FNDA:1107,(anonymous_13)
FNDA:7,(anonymous_14)
FNDA:2,(anonymous_15)
FNDA:3,(anonymous_16)
FNDA:2,(anonymous_17)
FNDA:6,(anonymous_18)
FNDA:3,(anonymous_19)
FNDA:50,(anonymous_20)
FNDA:95,(anonymous_21)
FNDA:49,(anonymous_22)
FNDA:2,(anonymous_23)
FNDA:1,(anonymous_24)
FNDA:0,(anonymous_25)
FNDA:0,(anonymous_26)
FNDA:0,(anonymous_27)
FNDA:0,(anonymous_28)
FNDA:2,(anonymous_29)
FNDA:1,(anonymous_30)
FNDA:1,(anonymous_31)
FNDA:1,(anonymous_32)
FNDA:0,(anonymous_33)
FNDA:1,(anonymous_34)
FNDA:3,(anonymous_35)
FNDA:2,(anonymous_36)
FNDA:1,(anonymous_37)
FNDA:1,(anonymous_38)
FNDA:0,(anonymous_39)
FNDA:1,(anonymous_40)
FNDA:1,(anonymous_41)
FNDA:0,(anonymous_42)
FNDA:0,(anonymous_43)
FNDA:0,(anonymous_44)
FNDA:0,(anonymous_45)
FNDA:0,(anonymous_46)
FNDA:0,(anonymous_47)
FNDA:0,(anonymous_48)
FNDA:1,(anonymous_49)
DA:1,2
DA:2,2
DA:3,2
DA:4,2
DA:5,2
DA:6,2
DA:7,2
DA:8,2
DA:9,2
DA:10,2
DA:11,2
DA:12,2
DA:13,2
DA:14,2
DA:15,2
DA:16,2
DA:17,2
DA:18,2
DA:19,2
DA:20,2
DA:24,2
DA:25,2
DA:26,2
DA:27,2
DA:28,2
DA:29,2
DA:30,2
DA:362,2
DA:363,23
DA:365,23
DA:366,23
DA:367,23
DA:370,23
DA:371,23
DA:372,23
DA:375,23
DA:378,23
DA:390,23
DA:391,23
DA:392,23
DA:393,23
DA:394,23
DA:395,23
DA:396,23
DA:397,23
DA:400,23
DA:401,23
DA:402,23
DA:403,23
DA:406,23
DA:407,23
DA:410,0
DA:414,23
DA:415,23
DA:416,23
DA:417,23
DA:418,23
DA:419,23
DA:420,23
DA:421,23
DA:422,23
DA:423,23
DA:427,23
DA:428,23
DA:432,23
DA:433,23
DA:437,23
DA:438,23
DA:442,23
DA:443,23
DA:446,23
DA:447,1
DA:451,0
DA:452,0
DA:458,23
DA:459,23
DA:463,23
DA:464,23
DA:467,23
DA:468,1
DA:469,1
DA:470,1
DA:475,0
DA:476,0
DA:482,1107
DA:486,7
DA:490,2
DA:492,3
DA:496,6
DA:500,3
DA:504,50
DA:508,95
DA:512,49
DA:513,45
DA:515,4
DA:516,1
DA:518,3
DA:522,2
DA:523,2
DA:527,1
DA:528,1
DA:529,1
DA:530,1
DA:531,1
DA:533,1
DA:534,1
DA:535,1
DA:536,1
DA:539,1
DA:546,0
DA:548,0
DA:549,0
DA:550,0
DA:553,0
DA:558,0
DA:563,0
DA:566,0
DA:569,0
DA:570,0
DA:582,2
DA:584,1
DA:585,1
DA:586,1
DA:587,1
DA:590,1
DA:591,1
DA:592,1
DA:594,1
DA:595,1
DA:596,1
DA:597,1
DA:599,1
DA:603,1
DA:608,1
DA:609,1
DA:613,1
DA:614,0
DA:615,0
DA:619,1
DA:620,1
DA:622,1
DA:623,1
DA:624,1
DA:628,1
DA:629,1
DA:635,3
DA:636,2
DA:644,2
DA:646,1
DA:651,2
DA:659,2
DA:668,1
DA:669,0
DA:670,0
DA:673,1
DA:674,1
DA:676,1
DA:680,0
DA:682,0
DA:688,1
DA:689,1
DA:690,1
DA:691,1
DA:694,0
DA:695,0
DA:705,0
DA:706,0
DA:707,0
DA:708,0
DA:712,0
DA:713,0
DA:722,1
DA:730,1
DA:733,1
LF:174
LH:145
BRDA:446,0,0,1
BRDA:446,0,1,22
BRDA:446,1,0,22
BRDA:446,1,1,1
BRDA:446,2,0,23
BRDA:446,2,1,1
BRDA:467,3,0,1
BRDA:467,3,1,22
BRDA:467,4,0,22
BRDA:467,4,1,1
BRDA:467,5,0,23
BRDA:467,5,1,1
BRDA:470,6,0,1
BRDA:470,6,1,0
BRDA:490,7,0,1
BRDA:490,7,1,1
BRDA:508,8,0,95
BRDA:508,8,1,6
BRDA:512,9,0,45
BRDA:512,9,1,4
BRDA:515,10,0,1
BRDA:515,10,1,3
BRDA:523,11,0,1
BRDA:523,11,1,1
BRDA:546,12,0,0
BRDA:546,12,1,0
BRDA:550,13,0,0
BRDA:550,13,1,0
BRDA:582,14,0,1
BRDA:582,14,1,1
BRDA:606,15,0,1
BRDA:606,15,1,0
BRDA:613,16,0,0
BRDA:613,16,1,1
BRDA:622,17,0,1
BRDA:622,17,1,0
BRDA:635,18,0,2
BRDA:635,18,1,1
BRDA:668,19,0,0
BRDA:668,19,1,1
BRDA:688,20,0,1
BRDA:688,20,1,0
BRDA:688,21,0,0
BRDA:688,21,1,1
BRDA:688,22,0,1
BRDA:688,22,1,1
BRF:46
BRH:35
end_of_record
TN:
SF:apps/clinical-portal/src/app/dialogs/care-gap-closure-dialog/care-gap-closure-dialog.component.html
FNF:0
FNH:0
DA:1,2
LF:1
LH:1
BRF:0
BRH:0
end_of_record
TN:
SF:apps/clinical-portal/src/app/dialogs/care-gap-closure-dialog/care-gap-closure-dialog.component.ts
FN:161,(anonymous_0)
FN:157,(anonymous_1)
FN:171,(anonymous_2)
FN:180,(anonymous_3)
FN:272,(anonymous_4)
FN:333,(anonymous_5)
FN:345,(anonymous_6)
FN:359,(anonymous_7)
FN:381,(anonymous_8)
FN:400,(anonymous_9)
FN:427,(anonymous_10)
FN:446,(anonymous_11)
FN:453,(anonymous_12)
FN:456,(anonymous_13)
FN:465,(anonymous_14)
FN:467,(anonymous_15)
FN:474,(anonymous_16)
FN:481,(anonymous_17)
FN:492,(anonymous_18)
FN:503,(anonymous_19)
FN:513,(anonymous_20)
FN:522,(anonymous_21)
FN:534,(anonymous_22)
FN:542,(anonymous_23)
FN:549,(anonymous_24)
FNF:25
FNH:0
FNDA:0,(anonymous_0)
FNDA:0,(anonymous_1)
FNDA:0,(anonymous_2)
FNDA:0,(anonymous_3)
FNDA:0,(anonymous_4)
FNDA:0,(anonymous_5)
FNDA:0,(anonymous_6)
FNDA:0,(anonymous_7)
FNDA:0,(anonymous_8)
FNDA:0,(anonymous_9)
FNDA:0,(anonymous_10)
FNDA:0,(anonymous_11)
FNDA:0,(anonymous_12)
FNDA:0,(anonymous_13)
FNDA:0,(anonymous_14)
FNDA:0,(anonymous_15)
FNDA:0,(anonymous_16)
FNDA:0,(anonymous_17)
FNDA:0,(anonymous_18)
FNDA:0,(anonymous_19)
FNDA:0,(anonymous_20)
FNDA:0,(anonymous_21)
FNDA:0,(anonymous_22)
FNDA:0,(anonymous_23)
FNDA:0,(anonymous_24)
DA:19,2
DA:20,2
DA:21,2
DA:22,2
DA:27,2
DA:28,2
DA:29,2
DA:30,2
DA:31,2
DA:32,2
DA:33,2
DA:34,2
DA:35,2
DA:36,2
DA:37,2
DA:38,2
DA:39,2
DA:40,2
DA:48,2
DA:137,2
DA:139,0
DA:140,0
DA:141,0
DA:142,0
DA:151,0
DA:154,0
DA:157,0
DA:158,0
DA:162,0
DA:163,0
DA:164,0
DA:165,0
DA:166,0
DA:168,0
DA:172,0
DA:173,0
DA:174,0
DA:181,0
DA:184,0
DA:215,0
DA:217,0
DA:218,0
DA:229,0
DA:230,0
DA:241,0
DA:242,0
DA:253,0
DA:254,0
DA:266,0
DA:273,0
DA:274,0
DA:277,0
DA:285,0
DA:287,0
DA:288,0
DA:295,0
DA:296,0
DA:303,0
DA:304,0
DA:311,0
DA:312,0
DA:319,0
DA:320,0
DA:327,0
DA:334,0
DA:346,0
DA:347,0
DA:348,0
DA:349,0
DA:352,0
DA:353,0
DA:360,0
DA:362,0
DA:363,0
DA:365,0
DA:372,0
DA:373,0
DA:381,0
DA:382,0
DA:391,0
DA:392,0
DA:393,0
DA:401,0
DA:402,0
DA:405,0
DA:407,0
DA:408,0
DA:409,0
DA:411,0
DA:418,0
DA:419,0
DA:427,0
DA:428,0
DA:437,0
DA:438,0
DA:439,0
DA:447,0
DA:454,0
DA:455,0
DA:456,0
DA:458,0
DA:466,0
DA:467,0
DA:475,0
DA:482,0
DA:493,0
DA:504,0
DA:514,0
DA:523,0
DA:524,0
DA:525,0
DA:526,0
DA:527,0
DA:535,0
DA:536,0
DA:543,0
DA:550,0
LF:117
LH:20
BRDA:158,0,0,0
BRDA:158,0,1,0
BRDA:217,1,0,0
BRDA:217,1,1,0
BRDA:229,2,0,0
BRDA:229,2,1,0
BRDA:241,3,0,0
BRDA:241,3,1,0
BRDA:253,4,0,0
BRDA:253,4,1,0
BRDA:287,5,0,0
BRDA:287,5,1,0
BRDA:287,6,0,0
BRDA:287,6,1,0
BRDA:287,6,2,0
BRDA:295,7,0,0
BRDA:295,7,1,0
BRDA:295,8,0,0
BRDA:295,8,1,0
BRDA:303,9,0,0
BRDA:303,9,1,0
BRDA:303,10,0,0
BRDA:303,10,1,0
BRDA:303,10,2,0
BRDA:311,11,0,0
BRDA:311,11,1,0
BRDA:311,12,0,0
BRDA:311,12,1,0
BRDA:311,12,2,0
BRDA:319,13,0,0
BRDA:319,13,1,0
BRDA:319,14,0,0
BRDA:319,14,1,0
BRDA:346,15,0,0
BRDA:346,15,1,0
BRDA:372,16,0,0
BRDA:372,16,1,0
BRDA:401,17,0,0
BRDA:401,17,1,0
BRDA:418,18,0,0
BRDA:418,18,1,0
BRDA:418,19,0,0
BRDA:418,19,1,0
BRDA:455,20,0,0
BRDA:455,20,1,0
BRDA:466,21,0,0
BRDA:466,21,1,0
BRDA:482,22,0,0
BRDA:482,22,1,0
BRDA:482,22,2,0
BRDA:482,22,3,0
BRDA:482,22,4,0
BRDA:493,23,0,0
BRDA:493,23,1,0
BRDA:493,23,2,0
BRDA:493,23,3,0
BRDA:493,23,4,0
BRDA:504,24,0,0
BRDA:504,24,1,0
BRDA:504,24,2,0
BRDA:504,24,3,0
BRDA:514,25,0,0
BRDA:514,25,1,0
BRDA:514,25,2,0
BRDA:523,26,0,0
BRDA:523,26,1,0
BRDA:523,26,2,0
BRDA:523,26,3,0
BRF:68
BRH:0
end_of_record
TN:
SF:apps/clinical-portal/src/app/dialogs/evaluation-details-dialog/evaluation-details-dialog.component.html
FNF:0
FNH:0
DA:1,13
LF:1
LH:1
BRF:0
BRH:0
end_of_record
TN:
SF:apps/clinical-portal/src/app/dialogs/evaluation-details-dialog/evaluation-details-dialog.component.ts
FN:101,(anonymous_0)
FN:105,(anonymous_1)
FN:112,(anonymous_2)
FN:119,(anonymous_3)
FN:124,(anonymous_4)
FN:229,(anonymous_5)
FN:236,(anonymous_6)
FN:244,(anonymous_7)
FN:251,(anonymous_8)
FN:265,(anonymous_9)
FN:272,(anonymous_10)
FN:285,(anonymous_11)
FN:298,(anonymous_12)
FNF:13
FNH:13
FNDA:1,(anonymous_0)
FNDA:12,(anonymous_1)
FNDA:1,(anonymous_2)
FNDA:3,(anonymous_3)
FNDA:2,(anonymous_4)
FNDA:1,(anonymous_5)
FNDA:1,(anonymous_6)
FNDA:1,(anonymous_7)
FNDA:1,(anonymous_8)
FNDA:1,(anonymous_9)
FNDA:4,(anonymous_10)
FNDA:4,(anonymous_11)
FNDA:4,(anonymous_12)
DA:1,13
DA:2,13
DA:3,13
DA:8,13
DA:9,13
DA:10,13
DA:11,13
DA:12,13
DA:13,13
DA:14,13
DA:15,13
DA:97,13
DA:98,12
DA:99,12
DA:100,12
DA:102,1
DA:106,12
DA:107,12
DA:108,12
DA:109,12
DA:113,1
DA:120,3
DA:121,3
DA:124,3
DA:125,2
DA:221,2
DA:222,2
DA:230,1
DA:237,1
DA:245,1
DA:252,1
DA:253,1
DA:266,1
DA:273,4
DA:279,4
DA:286,4
DA:292,4
DA:299,4
DA:309,4
LF:39
LH:39
BRDA:128,0,0,2
BRDA:128,0,1,1
BRDA:130,1,0,2
BRDA:130,1,1,1
BRDA:279,2,0,4
BRDA:279,2,1,1
BRDA:292,3,0,4
BRDA:292,3,1,1
BRDA:309,4,0,4
BRDA:309,4,1,1
BRF:10
BRH:10
end_of_record
TN:
SF:apps/clinical-portal/src/app/dialogs/patient-edit-dialog/patient-edit-dialog.component.html
FNF:0
FNH:0
DA:1,13
LF:1
LH:1
BRF:0
BRH:0
end_of_record
TN:
SF:apps/clinical-portal/src/app/dialogs/patient-edit-dialog/patient-edit-dialog.component.ts
FN:102,(anonymous_0)
FN:110,(anonymous_1)
FN:120,(anonymous_2)
FN:156,(anonymous_3)
FN:158,(anonymous_4)
FN:159,(anonymous_5)
FN:162,(anonymous_6)
FN:195,(anonymous_7)
FN:246,(anonymous_8)
FN:267,(anonymous_9)
FN:278,(anonymous_10)
FN:287,(anonymous_11)
FN:297,(anonymous_12)
FN:308,(anonymous_13)
FN:317,(anonymous_14)
FN:324,(anonymous_15)
FNF:16
FNH:16
FNDA:16,(anonymous_0)
FNDA:16,(anonymous_1)
FNDA:16,(anonymous_2)
FNDA:1,(anonymous_3)
FNDA:1,(anonymous_4)
FNDA:2,(anonymous_5)
FNDA:1,(anonymous_6)
FNDA:2,(anonymous_7)
FNDA:2,(anonymous_8)
FNDA:3,(anonymous_9)
FNDA:4,(anonymous_10)
FNDA:2,(anonymous_11)
FNDA:4,(anonymous_12)
FNDA:1,(anonymous_13)
FNDA:1,(anonymous_14)
FNDA:7,(anonymous_15)
DA:1,13
DA:2,13
DA:3,13
DA:9,13
DA:14,13
DA:15,13
DA:16,13
DA:17,13
DA:18,13
DA:19,13
DA:20,13
DA:21,13
DA:22,13
DA:76,13
DA:81,16
DA:84,16
DA:91,16
DA:97,16
DA:103,16
DA:104,16
DA:105,16
DA:107,16
DA:111,16
DA:112,16
DA:113,1
DA:122,16
DA:131,16
DA:145,16
DA:157,1
DA:158,1
DA:159,2
DA:160,1
DA:161,1
DA:162,1
DA:166,1
DA:175,1
DA:196,2
DA:197,2
DA:199,2
DA:225,2
DA:226,2
DA:227,1
DA:233,2
DA:234,1
DA:239,2
DA:240,1
DA:244,2
DA:245,1
DA:246,2
DA:248,1
DA:261,2
DA:268,3
DA:269,2
DA:270,2
DA:271,2
DA:272,2
DA:279,4
DA:280,1
DA:281,1
DA:284,3
DA:287,3
DA:288,2
DA:289,2
DA:290,2
DA:298,4
DA:309,1
DA:310,1
DA:311,1
DA:318,1
DA:325,7
DA:326,7
DA:328,6
DA:329,1
DA:331,5
DA:332,1
DA:333,1
DA:335,4
DA:336,0
DA:338,4
DA:339,3
DA:340,1
DA:342,2
DA:343,1
DA:345,1
DA:346,1
DA:349,1
LF:86
LH:85
BRDA:112,0,0,1
BRDA:112,0,1,15
BRDA:112,1,0,16
BRDA:112,1,1,1
BRDA:157,2,0,0
BRDA:157,2,1,1
BRDA:157,3,0,1
BRDA:157,3,1,1
BRDA:158,4,0,0
BRDA:158,4,1,1
BRDA:158,5,0,1
BRDA:158,5,1,1
BRDA:159,6,0,0
BRDA:159,6,1,1
BRDA:159,7,0,1
BRDA:159,7,1,1
BRDA:160,8,0,0
BRDA:160,8,1,1
BRDA:160,9,0,1
BRDA:160,9,1,1
BRDA:161,10,0,0
BRDA:161,10,1,1
BRDA:161,11,0,1
BRDA:161,11,1,1
BRDA:162,12,0,0
BRDA:162,12,1,1
BRDA:162,13,0,1
BRDA:162,13,1,1
BRDA:167,14,0,1
BRDA:167,14,1,0
BRDA:167,15,0,0
BRDA:167,15,1,1
BRDA:167,16,0,1
BRDA:167,16,1,1
BRDA:167,17,0,0
BRDA:167,17,1,1
BRDA:167,18,0,1
BRDA:167,18,1,1
BRDA:168,19,0,1
BRDA:168,19,1,0
BRDA:168,20,0,0
BRDA:168,20,1,1
BRDA:168,21,0,1
BRDA:168,21,1,1
BRDA:169,22,0,1
BRDA:169,22,1,0
BRDA:170,23,0,1
BRDA:170,23,1,0
BRDA:171,24,0,1
BRDA:171,24,1,0
BRDA:171,25,0,0
BRDA:171,25,1,1
BRDA:171,26,0,1
BRDA:171,26,1,1
BRDA:176,27,0,1
BRDA:176,27,1,0
BRDA:176,28,0,0
BRDA:176,28,1,1
BRDA:176,29,0,1
BRDA:176,29,1,1
BRDA:177,30,0,1
BRDA:177,30,1,0
BRDA:177,31,0,0
BRDA:177,31,1,1
BRDA:177,32,0,1
BRDA:177,32,1,1
BRDA:178,33,0,1
BRDA:178,33,1,0
BRDA:178,34,0,0
BRDA:178,34,1,1
BRDA:178,35,0,1
BRDA:178,35,1,1
BRDA:179,36,0,1
BRDA:179,36,1,0
BRDA:179,37,0,0
BRDA:179,37,1,1
BRDA:179,38,0,1
BRDA:179,38,1,1
BRDA:179,39,0,0
BRDA:179,39,1,1
BRDA:179,40,0,1
BRDA:179,40,1,1
BRDA:180,41,0,1
BRDA:180,41,1,0
BRDA:180,42,0,0
BRDA:180,42,1,1
BRDA:180,43,0,1
BRDA:180,43,1,1
BRDA:180,44,0,0
BRDA:180,44,1,1
BRDA:180,45,0,1
BRDA:180,45,1,1
BRDA:181,46,0,1
BRDA:181,46,1,0
BRDA:181,47,0,0
BRDA:181,47,1,1
BRDA:181,48,0,1
BRDA:181,48,1,1
BRDA:182,49,0,1
BRDA:182,49,1,0
BRDA:182,50,0,0
BRDA:182,50,1,1
BRDA:182,51,0,1
BRDA:182,51,1,1
BRDA:183,52,0,1
BRDA:183,52,1,0
BRDA:183,53,0,0
BRDA:183,53,1,1
BRDA:183,54,0,1
BRDA:183,54,1,1
BRDA:184,55,0,1
BRDA:184,55,1,0
BRDA:184,56,0,0
BRDA:184,56,1,1
BRDA:184,57,0,1
BRDA:184,57,1,1
BRDA:185,58,0,1
BRDA:185,58,1,0
BRDA:185,59,0,0
BRDA:185,59,1,1
BRDA:185,60,0,1
BRDA:185,60,1,1
BRDA:201,61,0,2
BRDA:201,61,1,2
BRDA:201,62,0,2
BRDA:201,62,1,0
BRDA:201,63,0,2
BRDA:201,63,1,2
BRDA:226,64,0,1
BRDA:226,64,1,1
BRDA:233,65,0,1
BRDA:233,65,1,1
BRDA:239,66,0,1
BRDA:239,66,1,1
BRDA:244,67,0,1
BRDA:244,67,1,1
BRDA:244,68,0,2
BRDA:244,68,1,1
BRDA:244,68,2,1
BRDA:268,69,0,1
BRDA:268,69,1,2
BRDA:279,70,0,1
BRDA:279,70,1,3
BRDA:299,71,0,4
BRDA:299,71,1,3
BRDA:299,71,2,3
BRDA:326,72,0,1
BRDA:326,72,1,6
BRDA:326,73,0,7
BRDA:326,73,1,6
BRDA:328,74,0,1
BRDA:328,74,1,5
BRDA:331,75,0,1
BRDA:331,75,1,4
BRDA:335,76,0,0
BRDA:335,76,1,4
BRDA:338,77,0,3
BRDA:338,77,1,1
BRDA:339,78,0,1
BRDA:339,78,1,2
BRDA:342,79,0,1
BRDA:342,79,1,1
BRDA:345,80,0,1
BRDA:345,80,1,0
BRF:164
BRH:124
end_of_record
TN:
SF:apps/clinical-portal/src/app/dialogs/sdoh-referral-dialog/sdoh-referral-dialog.component.html
FNF:0
FNH:0
DA:1,1
LF:1
LH:1
BRF:0
BRH:0
end_of_record
TN:
SF:apps/clinical-portal/src/app/dialogs/sdoh-referral-dialog/sdoh-referral-dialog.component.ts
FN:129,(anonymous_0)
FN:162,(anonymous_1)
FN:149,(anonymous_2)
FN:156,(anonymous_3)
FN:176,(anonymous_4)
FN:191,(anonymous_5)
FN:194,(anonymous_6)
FN:200,(anonymous_7)
FN:205,(anonymous_8)
FN:224,(anonymous_9)
FN:228,(anonymous_10)
FN:237,(anonymous_11)
FN:238,(anonymous_12)
FN:246,(anonymous_13)
FN:247,(anonymous_14)
FN:250,(anonymous_15)
FN:256,(anonymous_16)
FN:260,(anonymous_17)
FN:268,(anonymous_18)
FN:275,(anonymous_19)
FN:283,(anonymous_20)
FN:288,(anonymous_21)
FN:292,(anonymous_22)
FN:296,(anonymous_23)
FN:306,(anonymous_24)
FN:312,(anonymous_25)
FN:316,(anonymous_26)
FN:323,(anonymous_27)
FN:330,(anonymous_28)
FN:343,(anonymous_29)
FN:347,(anonymous_30)
FN:351,(anonymous_31)
FN:360,(anonymous_32)
FN:365,(anonymous_33)
FN:367,(anonymous_34)
FN:371,(anonymous_35)
FN:376,(anonymous_36)
FN:387,(anonymous_37)
FN:395,(anonymous_38)
FN:410,(anonymous_39)
FN:417,(anonymous_40)
FN:425,(anonymous_41)
FN:432,(anonymous_42)
FN:439,(anonymous_43)
FN:446,(anonymous_44)
FN:450,(anonymous_45)
FN:466,(anonymous_46)
FN:495,(anonymous_47)
FN:515,(anonymous_48)
FN:519,(anonymous_49)
FNF:50
FNH:50
FNDA:2,(anonymous_0)
FNDA:73,(anonymous_1)
FNDA:292,(anonymous_2)
FNDA:365,(anonymous_3)
FNDA:73,(anonymous_4)
FNDA:5,(anonymous_5)
FNDA:5,(anonymous_6)
FNDA:74,(anonymous_7)
FNDA:73,(anonymous_8)
FNDA:73,(anonymous_9)
FNDA:73,(anonymous_10)
FNDA:2,(anonymous_11)
FNDA:1,(anonymous_12)
FNDA:572,(anonymous_13)
FNDA:851,(anonymous_14)
FNDA:1,(anonymous_15)
FNDA:1,(anonymous_16)
FNDA:442,(anonymous_17)
FNDA:3,(anonymous_18)
FNDA:2,(anonymous_19)
FNDA:2,(anonymous_20)
FNDA:1,(anonymous_21)
FNDA:1,(anonymous_22)
FNDA:11,(anonymous_23)
FNDA:5,(anonymous_24)
FNDA:1,(anonymous_25)
FNDA:1,(anonymous_26)
FNDA:7,(anonymous_27)
FNDA:441,(anonymous_28)
FNDA:294,(anonymous_29)
FNDA:147,(anonymous_30)
FNDA:149,(anonymous_31)
FNDA:149,(anonymous_32)
FNDA:2,(anonymous_33)
FNDA:4,(anonymous_34)
FNDA:149,(anonymous_35)
FNDA:149,(anonymous_36)
FNDA:2,(anonymous_37)
FNDA:7,(anonymous_38)
FNDA:5,(anonymous_39)
FNDA:1,(anonymous_40)
FNDA:2,(anonymous_41)
FNDA:1,(anonymous_42)
FNDA:1,(anonymous_43)
FNDA:1,(anonymous_44)
FNDA:158,(anonymous_45)
FNDA:9,(anonymous_46)
FNDA:569,(anonymous_47)
FNDA:568,(anonymous_48)
FNDA:146,(anonymous_49)
DA:1,1
DA:2,1
DA:3,1
DA:10,1
DA:15,1
DA:16,1
DA:17,1
DA:18,1
DA:19,1
DA:20,1
DA:21,1
DA:22,1
DA:23,1
DA:24,1
DA:25,1
DA:26,1
DA:27,1
DA:28,1
DA:29,1
DA:30,1
DA:31,1
DA:32,1
DA:33,1
DA:35,1
DA:36,1
DA:38,1
DA:39,1
DA:40,1
DA:41,1
DA:43,1
DA:101,1
DA:103,73
DA:104,73
DA:107,73
DA:110,73
DA:111,73
DA:112,73
DA:113,73
DA:114,73
DA:115,73
DA:116,73
DA:117,73
DA:118,73
DA:124,73
DA:127,73
DA:128,73
DA:130,2
DA:134,73
DA:135,73
DA:136,73
DA:137,73
DA:139,73
DA:148,73
DA:149,292
DA:155,73
DA:156,365
DA:163,73
DA:167,73
DA:168,73
DA:169,73
DA:170,73
DA:171,73
DA:173,73
DA:178,73
DA:179,1
DA:180,72
DA:181,70
DA:185,73
DA:188,73
DA:191,5
DA:195,5
DA:196,5
DA:201,74
DA:202,74
DA:206,73
DA:208,73
DA:225,73
DA:229,73
DA:238,2
DA:239,2
DA:240,1
DA:242,1
DA:247,851
DA:251,1
DA:252,1
DA:257,1
DA:261,442
DA:269,3
DA:270,3
DA:271,3
DA:272,3
DA:276,2
DA:277,2
DA:280,2
DA:284,2
DA:289,1
DA:293,1
DA:297,11
DA:298,11
DA:299,9
DA:300,9
DA:302,2
DA:307,5
DA:309,5
DA:311,1
DA:312,1
DA:315,1
DA:316,1
DA:319,3
DA:324,7
DA:325,6
DA:327,1
DA:331,441
DA:332,3
DA:333,438
DA:334,2
DA:336,436
DA:344,294
DA:348,147
DA:352,149
DA:353,149
DA:361,149
DA:362,149
DA:366,2
DA:367,4
DA:372,149
DA:373,149
DA:377,149
DA:378,149
DA:379,147
DA:381,2
DA:382,1
DA:384,1
DA:388,2
DA:396,7
DA:397,7
DA:399,7
DA:400,1
DA:401,1
DA:404,6
DA:406,6
DA:411,5
DA:412,5
DA:418,1
DA:419,1
DA:420,1
DA:426,2
DA:428,2
DA:433,1
DA:434,1
DA:440,1
DA:441,1
DA:447,1
DA:451,158
DA:452,10
DA:458,148
DA:467,9
DA:469,9
DA:496,569
DA:512,569
DA:516,568
DA:520,146
DA:521,146
DA:522,146
LF:164
LH:164
BRDA:178,0,0,1
BRDA:178,0,1,72
BRDA:178,1,0,72
BRDA:178,1,1,1
BRDA:178,2,0,73
BRDA:178,2,1,73
BRDA:180,3,0,70
BRDA:180,3,1,2
BRDA:180,4,0,2
BRDA:180,4,1,70
BRDA:180,5,0,72
BRDA:180,5,1,72
BRDA:180,6,0,2
BRDA:180,6,1,70
BRDA:180,7,0,72
BRDA:180,7,1,72
BRDA:239,8,0,1
BRDA:239,8,1,1
BRDA:251,9,0,1
BRDA:251,9,1,0
BRDA:251,10,0,0
BRDA:251,10,1,1
BRDA:251,11,0,1
BRDA:251,11,1,1
BRDA:298,12,0,9
BRDA:298,12,1,2
BRDA:309,13,0,1
BRDA:309,13,1,1
BRDA:309,13,2,3
BRDA:324,14,0,6
BRDA:324,14,1,1
BRDA:331,15,0,3
BRDA:331,15,1,438
BRDA:333,16,0,2
BRDA:333,16,1,436
BRDA:348,17,0,147
BRDA:348,17,1,146
BRDA:348,18,0,0
BRDA:348,18,1,147
BRDA:348,19,0,147
BRDA:348,19,1,147
BRDA:348,20,0,0
BRDA:348,20,1,147
BRDA:348,21,0,147
BRDA:348,21,1,147
BRDA:352,22,0,0
BRDA:352,22,1,149
BRDA:352,23,0,149
BRDA:352,23,1,149
BRDA:372,24,0,0
BRDA:372,24,1,149
BRDA:372,25,0,149
BRDA:372,25,1,149
BRDA:373,26,0,149
BRDA:373,26,1,2
BRDA:377,27,0,0
BRDA:377,27,1,149
BRDA:377,28,0,149
BRDA:377,28,1,149
BRDA:378,29,0,147
BRDA:378,29,1,2
BRDA:381,30,0,1
BRDA:381,30,1,1
BRDA:399,31,0,1
BRDA:399,31,1,6
BRDA:451,32,0,10
BRDA:451,32,1,148
BRDA:455,33,0,10
BRDA:455,33,1,4
BRDA:485,34,0,0
BRDA:485,34,1,9
BRDA:485,35,0,9
BRDA:485,35,1,9
BRDA:485,36,0,0
BRDA:485,36,1,9
BRDA:485,37,0,9
BRDA:485,37,1,9
BRDA:512,38,0,569
BRDA:512,38,1,0
BRDA:520,39,0,0
BRDA:520,39,1,146
BRDA:522,40,0,146
BRDA:522,40,1,0
BRDA:522,41,0,0
BRDA:522,41,1,146
BRDA:522,42,0,146
BRDA:522,42,1,146
BRF:87
BRH:74
end_of_record
TN:
SF:apps/clinical-portal/src/app/interceptors/auth.interceptor.ts
FN:19,(anonymous_0)
FNF:1
FNH:1
FNDA:15,(anonymous_0)
DA:2,1
DA:3,1
DA:4,1
DA:19,1
DA:20,15
DA:23,15
DA:27,15
DA:31,15
DA:34,13
DA:40,13
DA:45,2
LF:11
LH:11
BRDA:27,0,0,15
BRDA:27,0,1,5
BRDA:27,0,2,3
BRDA:31,1,0,13
BRDA:31,1,1,2
BRDA:31,2,0,15
BRDA:31,2,1,14
BRF:7
BRH:7
end_of_record
TN:
SF:apps/clinical-portal/src/app/interceptors/error.interceptor.ts
FN:41,isRetryable
FN:58,calculateBackoffDelay
FN:73,(anonymous_2)
FN:97,(anonymous_3)
FN:102,(anonymous_4)
FN:115,(anonymous_5)
FN:221,(anonymous_6)
FN:233,mapHttpStatusToErrorCode
FN:246,mapHttpStatusToSeverity
FN:258,extractServiceName
FN:268,(anonymous_10)
FNF:11
FNH:10
FNDA:24,isRetryable
FNDA:0,calculateBackoffDelay
FNDA:32,(anonymous_2)
FNDA:24,(anonymous_3)
FNDA:24,(anonymous_4)
FNDA:24,(anonymous_5)
FNDA:24,(anonymous_6)
FNDA:24,mapHttpStatusToErrorCode
FNDA:24,mapHttpStatusToSeverity
FNDA:24,extractServiceName
FNDA:121,(anonymous_10)
DA:2,1
DA:3,1
DA:4,1
DA:5,1
DA:6,1
DA:7,1
DA:8,1
DA:9,1
DA:10,1
DA:15,1
DA:31,1
DA:36,1
DA:43,24
DA:44,5
DA:48,19
DA:49,0
DA:52,19
DA:59,0
DA:61,0
DA:62,0
DA:73,1
DA:74,32
DA:75,32
DA:76,32
DA:77,32
DA:78,32
DA:81,32
DA:84,32
DA:91,32
DA:93,32
DA:98,24
DA:101,24
DA:102,24
DA:105,0
DA:106,0
DA:111,0
DA:116,24
DA:117,24
DA:119,24
DA:121,2
DA:122,2
DA:123,0
DA:127,22
DA:129,0
DA:130,0
DA:132,2
DA:133,2
DA:135,7
DA:138,7
DA:139,5
DA:141,7
DA:143,1
DA:144,1
DA:146,7
DA:147,7
DA:149,0
DA:150,0
DA:152,0
DA:153,0
DA:155,1
DA:156,1
DA:158,0
DA:159,0
DA:161,1
DA:162,1
DA:164,0
DA:165,0
DA:167,3
DA:168,1
DA:170,2
DA:174,22
DA:175,0
DA:180,24
DA:181,24
DA:182,24
DA:185,24
DA:186,24
DA:198,24
DA:199,24
DA:200,24
DA:201,24
DA:202,24
DA:204,24
DA:221,24
DA:234,24
DA:235,22
DA:236,15
DA:237,14
DA:238,7
DA:239,2
DA:240,0
DA:247,24
DA:248,22
DA:249,20
DA:250,12
DA:251,5
DA:252,0
DA:260,24
DA:261,24
DA:262,24
DA:263,24
DA:264,24
DA:265,24
DA:268,121
DA:269,24
DA:270,24
DA:273,0
LF:107
LH:85
BRDA:43,0,0,5
BRDA:43,0,1,19
BRDA:48,1,0,0
BRDA:48,1,1,19
BRDA:81,2,0,32
BRDA:81,2,1,1
BRDA:101,3,0,24
BRDA:101,3,1,0
BRDA:119,4,0,2
BRDA:119,4,1,22
BRDA:122,5,0,0
BRDA:122,5,1,2
BRDA:127,6,0,0
BRDA:127,6,1,2
BRDA:127,6,2,7
BRDA:127,6,3,1
BRDA:127,6,4,7
BRDA:127,6,5,0
BRDA:127,6,6,0
BRDA:127,6,7,1
BRDA:127,6,8,0
BRDA:127,6,9,1
BRDA:127,6,10,0
BRDA:127,6,11,3
BRDA:138,7,0,5
BRDA:138,7,1,2
BRDA:138,8,0,7
BRDA:138,8,1,6
BRDA:167,9,0,1
BRDA:167,9,1,2
BRDA:167,10,0,0
BRDA:167,10,1,3
BRDA:167,11,0,3
BRDA:167,11,1,3
BRDA:174,12,0,0
BRDA:174,12,1,22
BRDA:174,13,0,22
BRDA:174,13,1,0
BRDA:185,14,0,24
BRDA:185,14,1,0
BRDA:185,15,0,24
BRDA:185,15,1,24
BRDA:185,15,2,24
BRDA:198,16,0,24
BRDA:198,16,1,0
BRDA:198,17,0,24
BRDA:198,17,1,24
BRDA:198,17,2,24
BRDA:198,17,3,24
BRDA:210,18,0,24
BRDA:210,18,1,0
BRDA:210,19,0,24
BRDA:210,19,1,24
BRDA:211,20,0,24
BRDA:211,20,1,0
BRDA:211,21,0,24
BRDA:211,21,1,24
BRDA:234,22,0,2
BRDA:234,22,1,22
BRDA:235,23,0,7
BRDA:235,23,1,15
BRDA:236,24,0,1
BRDA:236,24,1,14
BRDA:237,25,0,7
BRDA:237,25,1,7
BRDA:238,26,0,5
BRDA:238,26,1,2
BRDA:238,27,0,7
BRDA:238,27,1,7
BRDA:239,28,0,2
BRDA:239,28,1,0
BRDA:247,29,0,2
BRDA:247,29,1,22
BRDA:248,30,0,2
BRDA:248,30,1,20
BRDA:249,31,0,8
BRDA:249,31,1,12
BRDA:249,32,0,20
BRDA:249,32,1,13
BRDA:250,33,0,7
BRDA:250,33,1,5
BRDA:251,34,0,5
BRDA:251,34,1,0
BRDA:260,35,0,0
BRDA:260,35,1,24
BRDA:261,36,0,0
BRDA:261,36,1,24
BRDA:262,37,0,0
BRDA:262,37,1,24
BRDA:263,38,0,0
BRDA:263,38,1,24
BRDA:264,39,0,0
BRDA:264,39,1,24
BRDA:265,40,0,0
BRDA:265,40,1,24
BRDA:269,41,0,24
BRDA:269,41,1,0
BRF:97
BRH:73
end_of_record
TN:
SF:apps/clinical-portal/src/app/interceptors/tenant.interceptor.ts
FN:9,(anonymous_0)
FNF:1
FNH:1
FNDA:13,(anonymous_0)
DA:2,1
DA:9,1
DA:11,13
DA:12,13
DA:13,13
DA:14,13
DA:15,13
DA:18,13
DA:19,12
DA:21,12
DA:27,12
DA:31,1
LF:12
LH:12
BRDA:18,0,0,12
BRDA:18,0,1,1
BRDA:18,1,0,13
BRDA:18,1,1,3
BRDA:18,1,2,2
BRDA:18,1,3,1
BRDA:18,1,4,1
BRF:7
BRH:7
end_of_record
TN:
SF:apps/clinical-portal/src/app/models/care-gap.model.ts
FN:41,getCareGapIcon
FN:55,getUrgencyColor
FN:67,formatDaysOverdue
FNF:3
FNH:3
FNDA:6,getCareGapIcon
FNDA:7,getUrgencyColor
FNDA:10,formatDaysOverdue
DA:41,5
DA:42,6
DA:49,6
DA:55,5
DA:56,7
DA:61,7
DA:67,5
DA:68,10
DA:69,8
DA:70,6
DA:71,5
DA:72,4
DA:73,2
DA:74,2
DA:76,2
DA:77,2
LF:16
LH:16
BRDA:49,0,0,6
BRDA:49,0,1,1
BRDA:61,1,0,7
BRDA:61,1,1,1
BRDA:68,2,0,2
BRDA:68,2,1,8
BRDA:69,3,0,2
BRDA:69,3,1,6
BRDA:70,4,0,1
BRDA:70,4,1,5
BRDA:71,5,0,1
BRDA:71,5,1,4
BRDA:72,6,0,2
BRDA:72,6,1,2
BRDA:74,7,0,1
BRDA:74,7,1,1
BRDA:77,8,0,1
BRDA:77,8,1,1
BRF:18
BRH:18
end_of_record
TN:
SF:apps/clinical-portal/src/app/models/care-recommendation.model.ts
FN:294,getUrgencyBadgeType
FN:314,getRiskLevelBadgeType
FN:334,calculateDaysOverdue
FN:346,sortByUrgency
FN:362,groupRecommendations
FN:373,(anonymous_5)
FNF:6
FNH:6
FNDA:39,getUrgencyBadgeType
FNDA:39,getRiskLevelBadgeType
FNDA:3,calculateDaysOverdue
FNDA:1,sortByUrgency
FNDA:5,groupRecommendations
FNDA:6,(anonymous_5)
DA:231,4
DA:244,4
DA:252,4
DA:262,4
DA:272,4
DA:283,4
DA:294,4
DA:297,39
DA:299,12
DA:301,12
DA:303,12
DA:305,2
DA:307,1
DA:314,4
DA:317,39
DA:319,12
DA:321,12
DA:323,12
DA:325,2
DA:327,1
DA:334,4
DA:335,3
DA:336,2
DA:337,2
DA:338,2
DA:339,2
DA:340,2
DA:346,4
DA:350,1
DA:356,1
DA:362,4
DA:366,5
DA:368,5
DA:369,2
DA:370,2
DA:373,3
DA:374,6
DA:375,6
DA:376,6
DA:378,6
DA:381,3
LF:41
LH:41
BRDA:297,0,0,12
BRDA:297,0,1,12
BRDA:297,0,2,12
BRDA:297,0,3,2
BRDA:297,0,4,1
BRDA:317,1,0,12
BRDA:317,1,1,12
BRDA:317,1,2,12
BRDA:317,1,3,2
BRDA:317,1,4,1
BRDA:335,2,0,1
BRDA:335,2,1,2
BRDA:340,3,0,1
BRDA:340,3,1,1
BRDA:368,4,0,2
BRDA:368,4,1,3
BRDA:374,5,0,6
BRDA:374,5,1,1
BRDA:375,6,0,6
BRDA:375,6,1,0
BRF:20
BRH:19
end_of_record
TN:
SF:apps/clinical-portal/src/app/models/error.model.ts
FN:8,(anonymous_0)
FN:50,(anonymous_1)
FN:78,(anonymous_2)
FN:92,(anonymous_3)
FN:106,(anonymous_4)
FN:120,(anonymous_5)
FN:134,(anonymous_6)
FN:148,(anonymous_7)
FN:162,(anonymous_8)
FN:176,(anonymous_9)
FN:190,(anonymous_10)
FN:204,(anonymous_11)
FN:218,(anonymous_12)
FN:232,(anonymous_13)
FN:246,(anonymous_14)
FN:267,(anonymous_15)
FNF:16
FNH:13
FNDA:20,(anonymous_0)
FNDA:20,(anonymous_1)
FNDA:1,(anonymous_2)
FNDA:1,(anonymous_3)
FNDA:1,(anonymous_4)
FNDA:1,(anonymous_5)
FNDA:1,(anonymous_6)
FNDA:3,(anonymous_7)
FNDA:0,(anonymous_8)
FNDA:0,(anonymous_9)
FNDA:0,(anonymous_10)
FNDA:1,(anonymous_11)
FNDA:3,(anonymous_12)
FNDA:1,(anonymous_13)
FNDA:2,(anonymous_14)
FNDA:6,(anonymous_15)
DA:8,20
DA:10,20
DA:11,20
DA:12,20
DA:15,20
DA:16,20
DA:17,20
DA:20,20
DA:21,20
DA:22,20
DA:25,20
DA:26,20
DA:27,20
DA:30,20
DA:31,20
DA:32,20
DA:33,20
DA:36,20
DA:37,20
DA:38,20
DA:39,20
DA:40,20
DA:43,20
DA:44,20
DA:50,20
DA:51,20
DA:52,20
DA:53,20
DA:54,20
DA:74,20
DA:79,1
DA:93,1
DA:107,1
DA:121,1
DA:135,1
DA:149,3
DA:163,0
DA:177,0
DA:191,0
DA:205,1
DA:219,3
DA:233,1
DA:247,2
DA:248,1
DA:251,1
DA:253,1
DA:268,6
DA:270,1
DA:272,1
DA:281,1
DA:290,1
DA:302,1
DA:311,1
LF:53
LH:50
BRDA:8,0,0,20
BRDA:8,0,1,20
BRDA:50,1,0,20
BRDA:50,1,1,20
BRDA:123,2,0,1
BRDA:123,2,1,0
BRDA:247,3,0,1
BRDA:247,3,1,1
BRDA:247,4,0,2
BRDA:247,4,1,2
BRDA:247,4,2,2
BRDA:255,5,0,1
BRDA:255,5,1,0
BRDA:255,6,0,0
BRDA:255,6,1,1
BRDA:255,7,0,1
BRDA:255,7,1,1
BRDA:259,8,0,1
BRDA:259,8,1,0
BRDA:260,9,0,0
BRDA:260,9,1,1
BRDA:260,10,0,1
BRDA:260,10,1,1
BRDA:268,11,0,1
BRDA:268,11,1,1
BRDA:268,11,2,1
BRDA:268,11,3,1
BRDA:268,11,4,1
BRDA:268,11,5,1
BRDA:268,11,6,1
BRDA:268,11,7,1
BRDA:268,11,8,1
BRF:32
BRH:27
end_of_record
TN:
SF:apps/clinical-portal/src/app/models/fhir.model.ts
FNF:0
FNH:0
DA:231,9
DA:247,9
DA:266,9
DA:279,9
DA:297,9
LF:5
LH:5
BRF:0
BRH:0
end_of_record
TN:
SF:apps/clinical-portal/src/app/models/measure-template.model.ts
FN:938,getTemplatesByCategory
FN:939,(anonymous_1)
FN:945,getTemplatesBySpecialty
FN:946,(anonymous_3)
FN:952,getTemplatesByComplexity
FN:953,(anonymous_5)
FN:959,searchTemplates
FN:961,(anonymous_7)
FN:964,(anonymous_8)
FNF:9
FNH:0
FNDA:0,getTemplatesByCategory
FNDA:0,(anonymous_1)
FNDA:0,getTemplatesBySpecialty
FNDA:0,(anonymous_3)
FNDA:0,getTemplatesByComplexity
FNDA:0,(anonymous_5)
FNDA:0,searchTemplates
FNDA:0,(anonymous_7)
FNDA:0,(anonymous_8)
DA:65,3
DA:938,3
DA:939,0
DA:945,3
DA:946,0
DA:952,3
DA:953,0
DA:959,3
DA:960,0
DA:961,0
DA:962,0
DA:964,0
LF:12
LH:5
BRDA:946,0,0,0
BRDA:946,0,1,0
BRDA:962,1,0,0
BRDA:962,1,1,0
BRDA:962,1,2,0
BRF:5
BRH:0
end_of_record
TN:
SF:apps/clinical-portal/src/app/models/patient-link.model.ts
FN:10,(anonymous_0)
FNF:1
FNH:1
FNDA:3,(anonymous_0)
DA:10,3
DA:12,3
DA:15,3
DA:18,3
DA:21,3
LF:5
LH:5
BRDA:10,0,0,3
BRDA:10,0,1,3
BRF:2
BRH:2
end_of_record
TN:
SF:apps/clinical-portal/src/app/models/procedure-history.model.ts
FNF:0
FNH:0
DA:85,10
LF:1
LH:1
BRF:0
BRH:0
end_of_record
TN:
SF:apps/clinical-portal/src/app/models/scheduled-evaluation.model.ts
FN:126,createScheduledEvaluation
FN:171,generateScheduleId
FN:178,calculateNextRun
FN:222,(anonymous_3)
FN:237,getScheduleDescription
FN:260,formatTime
FNF:6
FNH:5
FNDA:13,createScheduledEvaluation
FNDA:13,generateScheduleId
FNDA:18,calculateNextRun
FNDA:0,(anonymous_3)
FNDA:3,getScheduleDescription
FNDA:3,formatTime
DA:126,3
DA:133,13
DA:135,13
DA:172,13
DA:178,3
DA:179,18
DA:180,18
DA:182,18
DA:183,18
DA:186,18
DA:187,18
DA:190,18
DA:193,14
DA:196,3
DA:205,3
DA:206,3
DA:207,15
DA:209,3
DA:212,1
DA:213,1
DA:214,1
DA:215,1
DA:217,1
DA:220,0
DA:221,0
DA:222,0
DA:223,0
DA:224,0
DA:226,0
DA:227,0
DA:228,0
DA:231,18
DA:237,3
DA:238,3
DA:240,3
DA:242,1
DA:244,1
DA:247,1
DA:249,1
DA:251,0
DA:253,0
DA:261,3
DA:262,3
DA:263,3
DA:264,3
LF:45
LH:35
BRDA:186,0,0,18
BRDA:186,0,1,0
BRDA:190,1,0,14
BRDA:190,1,1,3
BRDA:190,1,2,1
BRDA:190,1,3,0
BRDA:205,2,0,3
BRDA:205,2,1,1
BRDA:212,3,0,1
BRDA:212,3,1,0
BRDA:214,4,0,1
BRDA:214,4,1,0
BRDA:222,5,0,0
BRDA:222,5,1,0
BRDA:222,6,0,0
BRDA:222,6,1,0
BRDA:223,7,0,0
BRDA:223,7,1,0
BRDA:227,8,0,0
BRDA:227,8,1,0
BRDA:240,9,0,1
BRDA:240,9,1,1
BRDA:240,9,2,1
BRDA:240,9,3,0
BRDA:240,9,4,0
BRDA:244,10,0,1
BRDA:244,10,1,0
BRDA:249,11,0,1
BRDA:249,11,1,0
BRDA:251,12,0,0
BRDA:251,12,1,0
BRDA:262,13,0,0
BRDA:262,13,1,3
BRDA:263,14,0,3
BRDA:263,14,1,0
BRF:35
BRH:15
end_of_record
TN:
SF:apps/clinical-portal/src/app/models/sdoh-referral.model.ts
FN:71,(anonymous_0)
FN:398,getInitialWorkflowState
FN:413,getDefaultReferralDetails
FN:427,isConsentObtained
FN:438,getDestinationDisplayName
FN:459,validateReferralRequest
FNF:6
FNH:5
FNDA:1,(anonymous_0)
FNDA:0,getInitialWorkflowState
FNDA:73,getDefaultReferralDetails
FNDA:149,isConsentObtained
FNDA:149,getDestinationDisplayName
FNDA:7,validateReferralRequest
DA:71,1
DA:72,1
DA:73,1
DA:74,1
DA:75,1
DA:76,1
DA:300,1
DA:315,1
DA:330,1
DA:363,1
DA:380,1
DA:398,1
DA:399,0
DA:413,1
DA:414,73
DA:427,1
DA:428,149
DA:438,1
DA:441,149
DA:442,2
DA:443,1
DA:445,1
DA:449,147
DA:450,1
DA:452,146
DA:459,1
DA:462,7
DA:464,7
DA:465,0
DA:468,7
DA:469,1
DA:472,7
DA:473,0
DA:476,7
DA:477,0
DA:479,7
DA:480,0
DA:482,7
DA:483,0
DA:485,7
DA:486,0
DA:490,7
LF:42
LH:35
BRDA:71,0,0,1
BRDA:71,0,1,1
BRDA:429,1,0,149
BRDA:429,1,1,148
BRDA:429,1,2,148
BRDA:441,2,0,2
BRDA:441,2,1,147
BRDA:442,3,0,1
BRDA:442,3,1,1
BRDA:445,4,0,1
BRDA:445,4,1,0
BRDA:449,5,0,1
BRDA:449,5,1,146
BRDA:452,6,0,146
BRDA:452,6,1,146
BRDA:464,7,0,0
BRDA:464,7,1,7
BRDA:468,8,0,1
BRDA:468,8,1,6
BRDA:468,9,0,7
BRDA:468,9,1,7
BRDA:472,10,0,0
BRDA:472,10,1,7
BRDA:476,11,0,0
BRDA:476,11,1,7
BRDA:479,12,0,0
BRDA:479,12,1,7
BRDA:482,13,0,0
BRDA:482,13,1,7
BRDA:485,14,0,0
BRDA:485,14,1,7
BRDA:485,15,0,7
BRDA:485,15,1,7
BRF:33
BRH:26
end_of_record
TN:
SF:apps/clinical-portal/src/app/models/system-event.model.ts
FN:214,getEventIcon
FN:251,getCategoryFromType
FN:263,getSeverityColor
FN:276,getNodeStatusColor
FN:289,formatRelativeTime
FN:311,generateEventId
FN:318,createSystemEvent
FNF:7
FNH:7
FNDA:7,getEventIcon
FNDA:138,getCategoryFromType
FNDA:5,getSeverityColor
FNDA:6,getNodeStatusColor
FNDA:5,formatRelativeTime
FNDA:131,generateEventId
FNDA:130,createSystemEvent
DA:214,8
DA:215,7
DA:245,7
DA:251,8
DA:252,138
DA:253,133
DA:254,118
DA:255,114
DA:256,110
DA:257,109
DA:263,8
DA:264,5
DA:270,5
DA:276,8
DA:277,6
DA:283,6
DA:289,8
DA:290,5
DA:291,5
DA:292,5
DA:293,5
DA:295,5
DA:296,4
DA:298,3
DA:299,3
DA:301,2
DA:302,2
DA:304,1
DA:305,1
DA:311,8
DA:312,131
DA:318,8
DA:324,130
DA:340,8
DA:382,8
DA:391,8
LF:36
LH:36
BRDA:245,0,0,7
BRDA:245,0,1,1
BRDA:252,1,0,5
BRDA:252,1,1,133
BRDA:253,2,0,15
BRDA:253,2,1,118
BRDA:253,3,0,133
BRDA:253,3,1,122
BRDA:254,4,0,4
BRDA:254,4,1,114
BRDA:254,5,0,118
BRDA:254,5,1,116
BRDA:254,5,2,115
BRDA:255,6,0,4
BRDA:255,6,1,110
BRDA:256,7,0,1
BRDA:256,7,1,109
BRDA:270,8,0,5
BRDA:270,8,1,1
BRDA:283,9,0,6
BRDA:283,9,1,1
BRDA:295,10,0,1
BRDA:295,10,1,4
BRDA:296,11,0,1
BRDA:296,11,1,3
BRDA:299,12,0,1
BRDA:299,12,1,2
BRDA:302,13,0,1
BRDA:302,13,1,1
BRF:29
BRH:29
end_of_record
TN:
SF:apps/clinical-portal/src/app/pages/agent-builder/components/prompt-editor/prompt-editor.component.ts
FN:326,(anonymous_0)
FN:427,(anonymous_1)
FN:428,(anonymous_2)
FN:430,(anonymous_3)
FN:434,(anonymous_4)
FN:438,(anonymous_5)
FN:442,(anonymous_6)
FN:448,(anonymous_7)
FN:453,(anonymous_8)
FN:458,(anonymous_9)
FN:462,(anonymous_10)
FN:466,(anonymous_11)
FN:471,(anonymous_12)
FN:475,(anonymous_13)
FN:480,(anonymous_14)
FN:488,(anonymous_15)
FN:497,(anonymous_16)
FN:512,(anonymous_17)
FN:512,(anonymous_18)
FN:522,(anonymous_19)
FN:542,(anonymous_20)
FN:562,(anonymous_21)
FN:573,(anonymous_22)
FN:580,(anonymous_23)
FN:55,(anonymous_24)
FNF:25
FNH:0
FNDA:0,(anonymous_0)
FNDA:0,(anonymous_1)
FNDA:0,(anonymous_2)
FNDA:0,(anonymous_3)
FNDA:0,(anonymous_4)
FNDA:0,(anonymous_5)
FNDA:0,(anonymous_6)
FNDA:0,(anonymous_7)
FNDA:0,(anonymous_8)
FNDA:0,(anonymous_9)
FNDA:0,(anonymous_10)
FNDA:0,(anonymous_11)
FNDA:0,(anonymous_12)
FNDA:0,(anonymous_13)
FNDA:0,(anonymous_14)
FNDA:0,(anonymous_15)
FNDA:0,(anonymous_16)
FNDA:0,(anonymous_17)
FNDA:0,(anonymous_18)
FNDA:0,(anonymous_19)
FNDA:0,(anonymous_20)
FNDA:0,(anonymous_21)
FNDA:0,(anonymous_22)
FNDA:0,(anonymous_23)
FNDA:0,(anonymous_24)
DA:1,2
DA:10,2
DA:11,2
DA:16,2
DA:17,2
DA:18,2
DA:19,2
DA:20,2
DA:21,2
DA:22,2
DA:23,2
DA:55,0
DA:326,2
DA:327,0
DA:328,0
DA:329,0
DA:330,0
DA:331,0
DA:332,0
DA:333,0
DA:335,0
DA:337,0
DA:340,0
DA:341,0
DA:342,0
DA:343,0
DA:345,0
DA:364,0
DA:378,0
DA:427,0
DA:428,0
DA:431,0
DA:435,0
DA:439,0
DA:443,0
DA:444,0
DA:449,0
DA:450,0
DA:454,0
DA:455,0
DA:459,0
DA:463,0
DA:467,0
DA:468,0
DA:472,0
DA:475,0
DA:476,0
DA:477,0
DA:480,0
DA:481,0
DA:485,0
DA:489,0
DA:490,0
DA:491,0
DA:498,0
DA:499,0
DA:502,0
DA:503,0
DA:511,0
DA:512,0
DA:515,0
DA:516,0
DA:523,0
DA:525,0
DA:526,0
DA:528,0
DA:536,0
DA:543,0
DA:545,0
DA:546,0
DA:548,0
DA:556,0
DA:563,0
DA:564,0
DA:565,0
DA:566,0
DA:574,0
LF:77
LH:12
BRDA:431,0,0,0
BRDA:431,0,1,0
BRDA:431,1,0,0
BRDA:431,1,1,0
BRDA:431,2,0,0
BRDA:431,2,1,0
BRDA:439,3,0,0
BRDA:439,3,1,0
BRDA:443,4,0,0
BRDA:443,4,1,0
BRDA:454,5,0,0
BRDA:454,5,1,0
BRDA:523,6,0,0
BRDA:523,6,1,0
BRDA:543,7,0,0
BRDA:543,7,1,0
BRDA:546,8,0,0
BRDA:546,8,1,0
BRDA:563,9,0,0
BRDA:563,9,1,0
BRF:20
BRH:0
end_of_record
TN:
SF:apps/clinical-portal/src/app/pages/agent-builder/dialogs/create-template-dialog.component.ts
FN:247,(anonymous_0)
FN:256,(anonymous_1)
FN:264,(anonymous_2)
FN:269,(anonymous_3)
FN:278,(anonymous_4)
FN:289,(anonymous_5)
FN:297,(anonymous_6)
FN:302,(anonymous_7)
FN:315,(anonymous_8)
FN:326,(anonymous_9)
FN:332,(anonymous_10)
FN:340,(anonymous_11)
FNF:12
FNH:0
FNDA:0,(anonymous_0)
FNDA:0,(anonymous_1)
FNDA:0,(anonymous_2)
FNDA:0,(anonymous_3)
FNDA:0,(anonymous_4)
FNDA:0,(anonymous_5)
FNDA:0,(anonymous_6)
FNDA:0,(anonymous_7)
FNDA:0,(anonymous_8)
FNDA:0,(anonymous_9)
FNDA:0,(anonymous_10)
FNDA:0,(anonymous_11)
DA:1,2
DA:2,2
DA:3,2
DA:4,2
DA:5,2
DA:6,2
DA:7,2
DA:8,2
DA:9,2
DA:10,2
DA:11,2
DA:13,2
DA:15,2
DA:16,2
DA:17,2
DA:228,2
DA:229,0
DA:230,0
DA:233,0
DA:234,0
DA:236,0
DA:248,0
DA:249,0
DA:250,0
DA:251,0
DA:252,0
DA:253,0
DA:257,0
DA:259,0
DA:260,0
DA:265,0
DA:266,0
DA:270,0
DA:279,0
DA:280,0
DA:288,0
DA:289,0
DA:298,0
DA:299,0
DA:303,0
DA:304,0
DA:305,0
DA:308,0
DA:310,0
DA:315,0
DA:322,0
DA:327,0
DA:328,0
DA:329,0
[...]
BRDA:73,12,1,60
BRDA:74,13,0,2
BRDA:74,13,1,58
BRDA:74,14,0,60
BRDA:74,14,1,60
BRDA:75,15,0,9
BRDA:75,15,1,51
BRDA:75,16,0,60
BRDA:75,16,1,60
BRDA:76,17,0,2
BRDA:76,17,1,58
BRDA:76,18,0,60
BRDA:76,18,1,60
BRDA:77,19,0,2
BRDA:77,19,1,58
BRDA:77,20,0,60
BRDA:77,20,1,60
BRDA:104,21,0,58
BRDA:104,21,1,2
BRDA:114,22,0,59
BRDA:114,22,1,1
BRDA:120,23,0,2
BRDA:120,23,1,58
BRDA:140,24,0,58
BRDA:140,24,1,2
BRDA:160,25,0,3
BRDA:160,25,1,11
BRDA:160,26,0,14
BRDA:160,26,1,13
BRDA:160,26,2,11
BRDA:160,26,3,11
BRDA:176,27,0,11
BRDA:176,27,1,65
BRDA:186,28,0,1
BRDA:186,28,1,24
BRDA:186,29,0,25
BRDA:186,29,1,25
BRDA:186,29,2,24
BRDA:186,29,3,24
BRDA:194,30,0,0
BRDA:194,30,1,24
BRDA:194,31,0,24
BRDA:194,31,1,24
BRDA:201,32,0,0
BRDA:201,32,1,24
BRDA:201,33,0,24
BRDA:201,33,1,24
BRDA:210,34,0,0
BRDA:210,34,1,24
BRDA:210,35,0,24
BRDA:210,35,1,24
BRDA:225,36,0,1
BRDA:225,36,1,1
BRDA:234,37,0,1
BRDA:234,37,1,90
BRDA:291,38,0,1
BRDA:291,38,1,1
BRDA:298,39,0,1
BRDA:298,39,1,0
BRDA:308,40,0,1
BRDA:308,40,1,2
BRDA:308,41,0,3
BRDA:308,41,1,2
BRDA:310,42,0,1
BRDA:310,42,1,1
BRDA:324,43,0,11
BRDA:324,43,1,63
BRDA:324,44,0,74
BRDA:324,44,1,74
BRDA:327,45,0,64
BRDA:327,45,1,10
BRDA:332,46,0,55
BRDA:332,46,1,19
BRDA:332,47,0,74
BRDA:332,47,1,65
BRDA:332,47,2,64
BRDA:332,48,0,1
BRDA:332,48,1,64
BRDA:332,49,0,65
BRDA:332,49,1,65
BRDA:337,50,0,54
BRDA:337,50,1,20
BRDA:337,51,0,74
BRDA:337,51,1,65
BRDA:337,51,2,63
BRDA:337,52,0,2
BRDA:337,52,1,63
BRDA:337,53,0,65
BRDA:337,53,1,65
BRDA:342,54,0,9
BRDA:342,54,1,65
BRDA:342,55,0,74
BRDA:342,55,1,74
BRDA:343,56,0,5
BRDA:343,56,1,261
BRDA:344,57,0,0
BRDA:344,57,1,5
BRDA:344,58,0,5
BRDA:344,58,1,5
BRDA:345,59,0,2
BRDA:345,59,1,3
BRDA:348,60,0,0
BRDA:348,60,1,3
BRDA:348,61,0,3
BRDA:348,61,1,3
BRF:129
BRH:123
end_of_record
TN:
SF:apps/clinical-portal/src/app/visualization/core/websocket-visualization.service.ts
FN:11,(anonymous_0)
FN:137,(anonymous_1)
FN:144,(anonymous_2)
FN:160,(anonymous_3)
FN:163,(anonymous_4)
FN:164,(anonymous_5)
FN:167,(anonymous_6)
FN:168,(anonymous_7)
FN:171,(anonymous_8)
FN:172,(anonymous_9)
FN:175,(anonymous_10)
FN:176,(anonymous_11)
FN:190,(anonymous_12)
FN:212,(anonymous_13)
FN:227,(anonymous_14)
FN:252,(anonymous_15)
FN:278,(anonymous_16)
FN:287,(anonymous_17)
FN:301,(anonymous_18)
FN:314,(anonymous_19)
FN:323,(anonymous_20)
FN:379,(anonymous_21)
FN:395,(anonymous_22)
FN:411,(anonymous_23)
FN:418,(anonymous_24)
FN:425,(anonymous_25)
FN:430,(anonymous_26)
FN:433,(anonymous_27)
FN:478,(anonymous_28)
FN:487,(anonymous_29)
FNF:30
FNH:29
FNDA:8,(anonymous_0)
FNDA:52,(anonymous_1)
FNDA:44,(anonymous_2)
FNDA:41,(anonymous_3)
FNDA:18,(anonymous_4)
FNDA:18,(anonymous_5)
FNDA:8,(anonymous_6)
FNDA:8,(anonymous_7)
FNDA:10,(anonymous_8)
FNDA:10,(anonymous_9)
FNDA:11,(anonymous_10)
FNDA:11,(anonymous_11)
FNDA:60,(anonymous_12)
FNDA:18,(anonymous_13)
FNDA:9,(anonymous_14)
FNDA:0,(anonymous_15)
FNDA:10,(anonymous_16)
FNDA:11,(anonymous_17)
FNDA:13,(anonymous_18)
FNDA:12,(anonymous_19)
FNDA:4,(anonymous_20)
FNDA:3,(anonymous_21)
FNDA:22,(anonymous_22)
FNDA:3,(anonymous_23)
FNDA:1,(anonymous_24)
FNDA:8,(anonymous_25)
FNDA:8,(anonymous_26)
FNDA:20,(anonymous_27)
FNDA:7,(anonymous_28)
FNDA:57,(anonymous_29)
DA:1,8
DA:2,8
DA:3,8
DA:5,8
DA:6,8
DA:11,8
DA:12,8
DA:13,8
DA:14,8
DA:15,8
DA:16,8
DA:107,8
DA:110,52
DA:111,52
DA:112,52
DA:116,52
DA:117,52
DA:118,52
DA:119,52
DA:120,52
DA:123,52
DA:124,52
DA:125,52
DA:126,52
DA:127,52
DA:131,52
DA:137,52
DA:138,52
DA:145,44
DA:146,2
DA:147,2
DA:150,42
DA:151,1
DA:152,1
DA:155,41
DA:156,41
DA:158,41
DA:160,41
DA:161,41
DA:163,39
DA:164,18
DA:167,39
DA:168,8
DA:171,39
DA:172,10
DA:175,39
DA:176,11
DA:180,2
DA:181,2
DA:182,2
DA:183,2
DA:191,60
DA:194,60
DA:195,60
DA:198,60
DA:199,29
DA:200,29
DA:202,29
DA:205,60
DA:206,60
DA:213,18
DA:214,18
DA:215,18
DA:218,18
DA:228,9
DA:229,9
DA:230,8
DA:234,8
DA:235,0
DA:236,8
DA:237,4
DA:238,4
DA:239,3
DA:241,1
DA:244,1
DA:245,1
DA:253,0
DA:271,0
DA:272,0
DA:279,10
DA:280,10
DA:281,10
DA:288,11
DA:289,11
DA:290,11
DA:293,11
DA:294,10
DA:302,13
DA:303,1
DA:304,1
DA:305,1
DA:308,12
DA:309,12
DA:311,12
DA:312,12
DA:314,12
DA:315,12
DA:316,12
DA:324,4
DA:325,4
DA:326,4
DA:327,4
DA:328,4
DA:329,4
DA:330,4
DA:332,4
DA:373,4
DA:380,3
DA:389,3
DA:396,22
DA:397,20
DA:398,20
DA:400,2
DA:401,2
DA:404,2
DA:412,3
DA:419,1
DA:426,8
DA:427,8
DA:428,8
DA:430,8
DA:431,8
DA:433,8
DA:434,20
DA:435,20
DA:436,20
DA:437,20
DA:438,20
DA:440,20
DA:469,20
DA:471,20
DA:472,6
DA:473,6
DA:478,8
DA:479,7
DA:488,57
DA:489,57
DA:490,57
DA:491,57
DA:492,57
LF:140
LH:136
BRDA:11,0,0,8
BRDA:11,0,1,8
BRDA:145,1,0,2
BRDA:145,1,1,42
BRDA:145,2,0,44
BRDA:145,2,1,3
BRDA:150,3,0,1
BRDA:150,3,1,41
BRDA:150,4,0,42
BRDA:150,4,1,1
BRDA:198,5,0,29
BRDA:198,5,1,31
BRDA:199,6,0,29
BRDA:199,6,1,0
BRDA:234,7,0,0
BRDA:234,7,1,8
BRDA:234,8,0,8
BRDA:234,8,1,8
BRDA:234,8,2,8
BRDA:234,9,0,8
BRDA:234,9,1,0
BRDA:234,10,0,8
BRDA:234,10,1,8
BRDA:236,11,0,4
BRDA:236,11,1,4
BRDA:236,12,0,8
BRDA:236,12,1,5
BRDA:238,13,0,3
BRDA:238,13,1,1
BRDA:238,14,0,4
BRDA:238,14,1,3
BRDA:254,15,0,0
BRDA:254,15,1,0
BRDA:255,16,0,0
BRDA:255,16,1,0
BRDA:255,16,2,0
BRDA:255,17,0,0
BRDA:255,17,1,0
BRDA:255,18,0,0
BRDA:255,18,1,0
BRDA:256,19,0,0
BRDA:256,19,1,0
BRDA:257,20,0,0
BRDA:257,20,1,0
BRDA:257,21,0,0
BRDA:257,21,1,0
BRDA:257,22,0,0
BRDA:257,22,1,0
BRDA:258,23,0,0
BRDA:258,23,1,0
BRDA:259,24,0,0
BRDA:259,24,1,0
BRDA:260,25,0,0
BRDA:260,25,1,0
BRDA:260,25,2,0
BRDA:260,26,0,0
BRDA:260,26,1,0
BRDA:260,27,0,0
BRDA:260,27,1,0
BRDA:261,28,0,0
BRDA:261,28,1,0
BRDA:261,28,2,0
BRDA:261,29,0,0
BRDA:261,29,1,0
BRDA:261,30,0,0
BRDA:261,30,1,0
BRDA:262,31,0,0
BRDA:262,31,1,0
BRDA:262,31,2,0
BRDA:262,32,0,0
BRDA:262,32,1,0
BRDA:262,33,0,0
BRDA:262,33,1,0
BRDA:263,34,0,0
BRDA:263,34,1,0
BRDA:263,35,0,0
BRDA:263,35,1,0
BRDA:263,36,0,0
BRDA:263,36,1,0
BRDA:264,37,0,0
BRDA:264,37,1,0
BRDA:264,38,0,0
BRDA:264,38,1,0
BRDA:264,39,0,0
BRDA:264,39,1,0
BRDA:265,40,0,0
BRDA:265,40,1,0
BRDA:266,41,0,0
BRDA:266,41,1,0
BRDA:267,42,0,0
BRDA:267,42,1,0
BRDA:267,43,0,0
BRDA:267,43,1,0
BRDA:267,44,0,0
BRDA:267,44,1,0
BRDA:293,45,0,10
BRDA:293,45,1,1
BRDA:293,46,0,11
BRDA:293,46,1,10
BRDA:302,47,0,1
BRDA:302,47,1,12
BRDA:324,48,0,2
BRDA:324,48,1,2
BRDA:324,49,0,4
BRDA:324,49,1,4
BRDA:325,50,0,2
BRDA:325,50,1,2
BRDA:325,51,0,4
BRDA:325,51,1,4
BRDA:325,52,0,0
BRDA:325,52,1,4
BRDA:325,53,0,4
BRDA:325,53,1,4
BRDA:326,54,0,1
BRDA:326,54,1,3
BRDA:326,55,0,4
BRDA:326,55,1,4
BRDA:326,56,0,0
BRDA:326,56,1,4
BRDA:326,57,0,4
BRDA:326,57,1,4
BRDA:327,58,0,1
BRDA:327,58,1,3
BRDA:327,59,0,4
BRDA:327,59,1,4
BRDA:327,60,0,0
BRDA:327,60,1,4
BRDA:327,61,0,4
BRDA:327,61,1,4
BRDA:328,62,0,0
BRDA:328,62,1,4
BRDA:328,63,0,4
BRDA:328,63,1,4
BRDA:329,64,0,1
BRDA:329,64,1,3
BRDA:329,65,0,4
BRDA:329,65,1,4
BRDA:329,66,0,0
BRDA:329,66,1,4
BRDA:329,67,0,4
BRDA:329,67,1,4
BRDA:330,68,0,1
BRDA:330,68,1,3
BRDA:330,69,0,4
BRDA:330,69,1,4
BRDA:330,70,0,0
BRDA:330,70,1,4
BRDA:330,71,0,4
BRDA:330,71,1,4
BRDA:334,72,0,4
BRDA:334,72,1,0
BRDA:337,73,0,4
BRDA:337,73,1,4
BRDA:349,74,0,0
BRDA:349,74,1,4
BRDA:349,75,0,4
BRDA:349,75,1,4
BRDA:358,76,0,4
BRDA:358,76,1,2
BRDA:359,77,0,4
BRDA:359,77,1,3
BRDA:362,78,0,2
BRDA:362,78,1,2
BRDA:362,79,0,4
BRDA:362,79,1,4
BRDA:362,80,0,2
BRDA:362,80,1,2
BRDA:362,81,0,4
BRDA:362,81,1,4
BRDA:363,82,0,1
BRDA:363,82,1,3
BRDA:363,83,0,4
BRDA:363,83,1,4
BRDA:363,84,0,1
BRDA:363,84,1,3
BRDA:363,85,0,4
BRDA:363,85,1,4
BRDA:364,86,0,1
BRDA:364,86,1,3
BRDA:364,87,0,4
BRDA:364,87,1,4
BRDA:364,88,0,1
BRDA:364,88,1,3
BRDA:364,89,0,4
BRDA:364,89,1,4
BRDA:365,90,0,1
BRDA:365,90,1,3
BRDA:365,91,0,4
BRDA:365,91,1,4
BRDA:365,92,0,1
BRDA:365,92,1,3
BRDA:365,93,0,4
BRDA:365,93,1,4
BRDA:366,94,0,1
BRDA:366,94,1,3
BRDA:366,95,0,4
BRDA:366,95,1,4
BRDA:366,96,0,1
BRDA:366,96,1,3
BRDA:366,97,0,4
BRDA:366,97,1,4
BRDA:367,98,0,4
BRDA:367,98,1,4
BRDA:369,99,0,1
BRDA:369,99,1,3
BRDA:369,100,0,4
BRDA:369,100,1,4
BRDA:370,101,0,1
BRDA:370,101,1,2
BRDA:383,102,0,3
BRDA:383,102,1,0
BRDA:384,103,0,3
BRDA:384,103,1,0
BRDA:386,104,0,3
BRDA:386,104,1,1
BRDA:396,105,0,20
BRDA:396,105,1,2
BRDA:396,106,0,22
BRDA:396,106,1,20
BRDA:425,107,0,0
BRDA:456,108,0,20
BRDA:456,108,1,0
BRDA:458,109,0,14
BRDA:458,109,1,6
BRDA:471,110,0,6
BRDA:471,110,1,14
BRF:226
BRH:147
end_of_record
TN:
SF:apps/clinical-portal/src/app/visualization/data/data-transform.service.ts
FN:75,(anonymous_0)
FN:81,(anonymous_1)
FN:121,(anonymous_2)
FN:148,(anonymous_3)
FN:173,(anonymous_4)
FN:182,(anonymous_5)
FN:183,(anonymous_6)
FN:184,(anonymous_7)
FN:200,(anonymous_8)
FN:211,(anonymous_9)
FN:236,(anonymous_10)
FN:258,(anonymous_11)
FN:280,(anonymous_12)
FN:307,(anonymous_13)
FN:317,(anonymous_14)
FN:324,(anonymous_15)
FN:331,(anonymous_16)
FN:345,(anonymous_17)
FN:348,(anonymous_18)
FN:358,(anonymous_19)
FN:369,(anonymous_20)
FN:376,(anonymous_21)
FNF:22
FNH:22
FNDA:70,(anonymous_0)
FNDA:19,(anonymous_1)
FNDA:8,(anonymous_2)
FNDA:12,(anonymous_3)
FNDA:5,(anonymous_4)
FNDA:5,(anonymous_5)
FNDA:5,(anonymous_6)
FNDA:5,(anonymous_7)
FNDA:5,(anonymous_8)
FNDA:5,(anonymous_9)
FNDA:5,(anonymous_10)
FNDA:4,(anonymous_11)
FNDA:7,(anonymous_12)
FNDA:3,(anonymous_13)
FNDA:4,(anonymous_14)
FNDA:3,(anonymous_15)
FNDA:2,(anonymous_16)
FNDA:1,(anonymous_17)
FNDA:3,(anonymous_18)
FNDA:3,(anonymous_19)
FNDA:2,(anonymous_20)
FNDA:2,(anonymous_21)
DA:1,1
DA:2,1
DA:3,1
DA:4,1
DA:55,1
DA:57,70
DA:63,70
DA:69,70
DA:83,19
DA:84,19
DA:86,19
DA:94,19
DA:95,3
DA:96,16
DA:97,2
DA:100,14
DA:101,14
DA:109,19
DA:112,19
DA:114,19
DA:123,8
DA:131,8
DA:132,1
DA:133,7
DA:134,6
DA:136,1
DA:140,8
DA:142,8
DA:150,12
DA:151,12
DA:152,12
DA:154,12
DA:161,12
DA:164,12
DA:166,12
DA:179,5
DA:182,5
DA:183,5
DA:184,5
DA:187,4
DA:191,4
DA:195,4
DA:200,5
DA:212,5
DA:213,5
DA:214,5
DA:215,5
DA:217,5
DA:218,53
DA:219,53
DA:220,53
DA:221,53
DA:223,53
DA:230,5
DA:237,5
DA:238,5
DA:239,5
DA:241,5
DA:242,31
DA:243,31
DA:245,31
DA:252,5
DA:259,4
DA:260,4
DA:262,4
DA:263,30
DA:264,30
DA:265,30
DA:267,30
DA:274,4
DA:282,7
DA:285,7
DA:287,3
DA:288,3
DA:295,4
DA:296,4
DA:308,3
DA:309,3
DA:310,3
DA:311,3
DA:318,4
DA:325,3
DA:332,2
DA:333,2
DA:335,2
DA:346,1
DA:348,1
DA:349,3
DA:352,1
DA:359,3
DA:370,2
DA:377,2
LF:92
LH:92
BRDA:94,0,0,3
BRDA:94,0,1,16
BRDA:96,1,0,2
BRDA:96,1,1,14
BRDA:109,2,0,3
BRDA:109,2,1,16
BRDA:109,3,0,2
BRDA:109,3,1,14
BRDA:112,4,0,14
BRDA:112,4,1,5
BRDA:131,5,0,1
BRDA:131,5,1,7
BRDA:133,6,0,6
BRDA:133,6,1,1
BRDA:156,7,0,11
BRDA:156,7,1,1
BRDA:164,8,0,11
BRDA:164,8,1,1
BRDA:179,9,0,1
BRDA:179,9,1,4
BRDA:182,10,0,5
BRDA:182,10,1,2
BRDA:183,11,0,5
BRDA:183,11,1,2
BRDA:184,12,0,5
BRDA:184,12,1,0
BRDA:211,13,0,1
BRDA:211,14,0,1
BRDA:236,15,0,0
BRDA:258,16,0,0
BRDA:258,17,0,0
BRDA:285,18,0,3
BRDA:285,18,1,4
BRDA:307,19,0,0
BRDA:307,20,0,0
BRDA:318,21,0,4
BRDA:318,21,1,1
BRF:37
BRH:31
end_of_record
TN:
SF:apps/clinical-portal/src/environments/environment.ts
FNF:0
FNH:0
DA:7,76
LF:1
LH:1
BRF:0
BRH:0
end_of_record
TN:
SF:apps/clinical-portal/src/testing/accessibility.helper.ts
FN:67,testAccessibility
FN:96,testAccessibilityForElement
FN:131,testKeyboardAccessibility
FN:164,testAriaAttributes
FN:203,testColorContrast
FNF:5
FNH:4
FNDA:41,testAccessibility
FNDA:2,testAccessibilityForElement
FNDA:11,testKeyboardAccessibility
FNDA:11,testAriaAttributes
FNDA:0,testColorContrast
DA:12,17
DA:15,17
DA:20,17
DA:43,17
DA:67,17
DA:71,41
DA:72,41
DA:74,41
DA:96,17
DA:101,2
DA:103,2
DA:104,0
DA:107,2
DA:108,2
DA:131,17
DA:134,11
DA:142,11
DA:164,17
DA:167,11
DA:179,11
DA:203,17
DA:206,0
DA:213,0
LF:23
LH:20
BRDA:72,0,0,23
BRDA:72,0,1,18
BRDA:103,1,0,0
BRDA:103,1,1,2
BRDA:107,2,0,0
BRDA:107,2,1,2
BRF:6
BRH:4
end_of_record
TN:
SF:apps/clinical-portal/src/testing/factories/cql-library.factory.ts
FN:12,(anonymous_0)
FN:40,(anonymous_1)
FN:41,(anonymous_2)
FN:47,(anonymous_3)
FN:59,(anonymous_4)
FN:71,(anonymous_5)
FN:83,(anonymous_6)
FN:93,(anonymous_7)
FN:103,(anonymous_8)
FN:118,(anonymous_9)
FN:150,(anonymous_10)
FN:157,(anonymous_11)
FNF:12
FNH:11
FNDA:59,(anonymous_0)
FNDA:3,(anonymous_1)
FNDA:33,(anonymous_2)
FNDA:9,(anonymous_3)
FNDA:3,(anonymous_4)
FNDA:2,(anonymous_5)
FNDA:1,(anonymous_6)
FNDA:1,(anonymous_7)
FNDA:0,(anonymous_8)
FNDA:1,(anonymous_9)
FNDA:102,(anonymous_10)
FNDA:57,(anonymous_11)
DA:6,3
DA:7,3
DA:13,59
DA:14,59
DA:15,59
DA:17,59
DA:41,33
DA:48,9
DA:60,3
DA:72,2
DA:84,1
DA:94,1
DA:104,0
DA:105,0
DA:119,1
DA:151,102
DA:158,57
LF:17
LH:15
BRDA:14,0,0,59
BRDA:14,0,1,37
BRDA:14,1,0,30
BRDA:14,1,1,29
BRDA:14,2,0,59
BRDA:14,2,1,59
BRDA:15,3,0,59
BRDA:15,3,1,38
BRDA:15,4,0,30
BRDA:15,4,1,29
BRDA:15,5,0,59
BRDA:15,5,1,59
BRDA:18,6,0,59
BRDA:18,6,1,56
BRDA:18,7,0,30
BRDA:18,7,1,29
BRDA:18,8,0,59
BRDA:18,8,1,59
BRDA:19,9,0,59
BRDA:19,9,1,59
BRDA:19,10,0,30
BRDA:19,10,1,29
BRDA:19,11,0,59
BRDA:19,11,1,59
BRDA:23,12,0,59
BRDA:23,12,1,37
BRDA:23,13,0,30
BRDA:23,13,1,29
BRDA:23,14,0,59
BRDA:23,14,1,59
BRDA:24,15,0,59
BRDA:24,15,1,57
BRDA:24,16,0,30
BRDA:24,16,1,29
BRDA:24,17,0,59
BRDA:24,17,1,59
BRDA:25,18,0,59
BRDA:25,18,1,59
BRDA:25,19,0,30
BRDA:25,19,1,29
BRDA:25,20,0,59
BRDA:25,20,1,59
BRDA:26,21,0,59
BRDA:26,21,1,59
BRDA:26,22,0,30
BRDA:26,22,1,29
BRDA:26,23,0,59
BRDA:26,23,1,59
BRDA:27,24,0,59
BRDA:27,24,1,44
BRDA:27,25,0,30
BRDA:27,25,1,29
BRDA:27,26,0,59
BRDA:27,26,1,59
BRDA:28,27,0,59
BRDA:28,27,1,59
BRDA:28,28,0,30
BRDA:28,28,1,29
BRDA:28,29,0,59
BRDA:28,29,1,59
BRDA:29,30,0,59
BRDA:29,30,1,59
BRDA:29,31,0,30
BRDA:29,31,1,29
BRDA:29,32,0,59
BRDA:29,32,1,59
BRDA:30,33,0,4
BRDA:30,33,1,55
BRDA:30,34,0,30
BRDA:30,34,1,29
BRDA:30,35,0,59
BRDA:30,35,1,59
BRDA:31,36,0,59
BRDA:31,36,1,59
BRDA:31,37,0,30
BRDA:31,37,1,29
BRDA:31,38,0,59
BRDA:31,38,1,59
BRDA:32,39,0,59
BRDA:32,39,1,59
BRDA:32,40,0,30
BRDA:32,40,1,29
BRDA:32,41,0,59
BRDA:32,41,1,59
BRDA:33,42,0,59
BRDA:33,42,1,59
BRDA:33,43,0,30
BRDA:33,43,1,29
BRDA:33,44,0,59
BRDA:33,44,1,59
BRDA:106,45,0,0
BRDA:106,45,1,0
BRDA:106,46,0,0
BRDA:106,46,1,0
BRDA:106,47,0,0
BRDA:106,47,1,0
BRDA:107,48,0,0
BRDA:107,48,1,0
BRDA:107,49,0,0
BRDA:107,49,1,0
BRDA:107,50,0,0
BRDA:107,50,1,0
BRDA:108,51,0,0
BRDA:108,51,1,0
BRDA:108,52,0,0
BRDA:108,52,1,0
BRDA:108,53,0,0
BRDA:108,53,1,0
BRDA:109,54,0,0
BRDA:109,54,1,0
BRDA:109,55,0,0
BRDA:109,55,1,0
BRDA:109,56,0,0
BRDA:109,56,1,0
BRDA:110,57,0,0
BRDA:110,57,1,0
BRDA:110,58,0,0
BRDA:110,58,1,0
BRDA:110,59,0,0
BRDA:110,59,1,0
BRDA:111,60,0,0
BRDA:111,60,1,0
BRDA:111,61,0,0
BRDA:111,61,1,0
BRDA:111,62,0,0
BRDA:111,62,1,0
BRF:126
BRH:90
end_of_record
TN:
SF:apps/clinical-portal/src/testing/factories/evaluation.factory.ts
FN:26,(anonymous_0)
FN:53,(anonymous_1)
FN:63,(anonymous_2)
FN:74,(anonymous_3)
FN:89,(anonymous_4)
FN:90,(anonymous_5)
FN:96,(anonymous_6)
FN:120,(anonymous_7)
FN:144,(anonymous_8)
FN:168,(anonymous_9)
FN:179,(anonymous_10)
FN:207,(anonymous_11)
FN:235,(anonymous_12)
FN:236,(anonymous_13)
FN:246,(anonymous_14)
FNF:15
FNH:15
FNDA:47,(anonymous_0)
FNDA:2,(anonymous_1)
FNDA:1,(anonymous_2)
FNDA:3,(anonymous_3)
FNDA:1,(anonymous_4)
FNDA:5,(anonymous_5)
FNDA:91,(anonymous_6)
FNDA:48,(anonymous_7)
FNDA:1,(anonymous_8)
FNDA:1,(anonymous_9)
FNDA:1,(anonymous_10)
FNDA:1,(anonymous_11)
FNDA:5,(anonymous_12)
FNDA:70,(anonymous_13)
FNDA:197,(anonymous_14)
DA:20,5
DA:21,5
DA:27,47
DA:28,47
DA:54,2
DA:64,1
DA:77,3
DA:90,5
DA:97,91
DA:121,48
DA:145,1
DA:169,1
DA:180,1
DA:208,1
DA:236,5
DA:238,70
DA:239,70
DA:247,197
LF:18
LH:18
BRDA:29,0,0,47
BRDA:29,0,1,47
BRDA:29,1,0,40
BRDA:29,1,1,7
BRDA:29,2,0,47
BRDA:29,2,1,47
BRDA:30,3,0,47
BRDA:30,3,1,47
BRDA:30,4,0,40
BRDA:30,4,1,7
BRDA:30,5,0,47
BRDA:30,5,1,47
BRDA:31,6,0,47
BRDA:31,6,1,45
BRDA:31,7,0,40
BRDA:31,7,1,7
BRDA:31,8,0,47
BRDA:31,8,1,47
BRDA:36,9,0,47
BRDA:36,9,1,45
BRDA:36,10,0,40
BRDA:36,10,1,7
BRDA:36,11,0,47
BRDA:36,11,1,47
BRDA:37,12,0,40
BRDA:37,12,1,7
BRDA:37,13,0,47
BRDA:37,13,1,47
BRDA:38,14,0,47
BRDA:38,14,1,44
BRDA:38,15,0,40
BRDA:38,15,1,7
BRDA:38,16,0,47
BRDA:38,16,1,47
BRDA:42,17,0,47
BRDA:42,17,1,44
BRDA:42,18,0,40
BRDA:42,18,1,7
BRDA:42,19,0,47
BRDA:42,19,1,47
BRDA:43,20,0,40
BRDA:43,20,1,7
BRDA:43,21,0,47
BRDA:43,21,1,47
BRDA:44,22,0,47
BRDA:44,22,1,47
BRDA:44,23,0,40
BRDA:44,23,1,7
BRDA:44,24,0,47
BRDA:44,24,1,47
BRDA:45,25,0,47
BRDA:45,25,1,47
BRDA:45,26,0,40
BRDA:45,26,1,7
BRDA:45,27,0,47
BRDA:45,27,1,47
BRDA:46,28,0,47
BRDA:46,28,1,47
BRDA:46,29,0,40
BRDA:46,29,1,7
BRDA:46,30,0,47
BRDA:46,30,1,47
BRDA:78,31,0,3
BRDA:78,31,1,3
BRDA:78,32,0,0
BRDA:78,32,1,3
BRDA:78,33,0,3
BRDA:78,33,1,3
BRDA:79,34,0,3
BRDA:79,34,1,0
BRDA:79,35,0,0
BRDA:79,35,1,3
BRDA:79,36,0,3
BRDA:79,36,1,3
BRDA:80,37,0,3
BRDA:80,37,1,3
BRDA:80,38,0,0
BRDA:80,38,1,3
BRDA:80,39,0,3
BRDA:80,39,1,3
BRDA:81,40,0,3
BRDA:81,40,1,3
BRDA:81,41,0,0
BRDA:81,41,1,3
BRDA:81,42,0,3
BRDA:81,42,1,3
BRDA:89,43,0,0
BRDA:170,44,0,1
BRDA:170,44,1,1
BRDA:170,45,0,1
BRDA:170,45,1,0
BRDA:170,46,0,1
BRDA:170,46,1,1
BRDA:171,47,0,1
BRDA:171,47,1,1
BRDA:171,48,0,1
BRDA:171,48,1,0
BRDA:171,49,0,1
BRDA:171,49,1,1
BRDA:172,50,0,1
BRDA:172,50,1,1
BRDA:172,51,0,1
BRDA:172,51,1,0
BRDA:172,52,0,1
BRDA:172,52,1,1
BRDA:239,53,0,42
BRDA:239,53,1,28
BRF:107
BRH:98
end_of_record
TN:
SF:apps/clinical-portal/src/testing/factories/patient.factory.ts
FN:19,(anonymous_0)
FN:49,(anonymous_1)
FN:50,(anonymous_2)
FN:56,(anonymous_3)
FN:69,(anonymous_4)
FN:82,(anonymous_5)
FN:95,(anonymous_6)
FN:104,(anonymous_7)
FN:113,(anonymous_8)
FN:122,(anonymous_9)
FN:131,(anonymous_10)
FN:140,(anonymous_11)
FN:159,(anonymous_12)
FN:200,(anonymous_13)
FN:205,(anonymous_14)
FN:215,(anonymous_15)
FN:227,(anonymous_16)
FNF:17
FNH:17
FNDA:486,(anonymous_0)
FNDA:10,(anonymous_1)
FNDA:360,(anonymous_2)
FNDA:12,(anonymous_3)
FNDA:3,(anonymous_4)
FNDA:1,(anonymous_5)
FNDA:1,(anonymous_6)
FNDA:1,(anonymous_7)
FNDA:1,(anonymous_8)
FNDA:2,(anonymous_9)
FNDA:3,(anonymous_10)
FNDA:397,(anonymous_11)
FNDA:22,(anonymous_12)
FNDA:10,(anonymous_13)
FNDA:64,(anonymous_14)
FNDA:2,(anonymous_15)
FNDA:197,(anonymous_16)
DA:13,5
DA:14,5
DA:20,486
DA:21,486
DA:22,486
DA:24,486
DA:50,360
DA:57,12
DA:70,3
DA:83,1
DA:96,1
DA:105,1
DA:114,1
DA:123,2
DA:132,3
DA:141,397
DA:142,397
DA:143,397
DA:160,22
DA:201,10
DA:205,64
DA:216,2
DA:228,197
LF:23
LH:23
BRDA:21,0,0,486
BRDA:21,0,1,470
BRDA:21,1,0,470
BRDA:21,1,1,16
BRDA:21,2,0,486
BRDA:21,2,1,486
BRDA:21,3,0,468
BRDA:21,3,1,18
BRDA:21,4,0,486
BRDA:21,4,1,486
BRDA:21,5,0,362
BRDA:21,5,1,124
BRDA:21,6,0,486
BRDA:21,6,1,486
BRDA:22,7,0,486
BRDA:22,7,1,470
BRDA:22,8,0,470
BRDA:22,8,1,16
BRDA:22,9,0,486
BRDA:22,9,1,486
BRDA:22,10,0,468
BRDA:22,10,1,18
BRDA:22,11,0,486
BRDA:22,11,1,486
BRDA:22,12,0,362
BRDA:22,12,1,124
BRDA:22,13,0,486
BRDA:22,13,1,486
BRDA:26,14,0,486
BRDA:26,14,1,370
BRDA:26,15,0,362
BRDA:26,15,1,124
BRDA:26,16,0,486
BRDA:26,16,1,486
BRDA:27,17,0,486
BRDA:27,17,1,467
BRDA:27,18,0,362
BRDA:27,18,1,124
BRDA:27,19,0,486
BRDA:27,19,1,486
BRDA:33,20,0,486
BRDA:33,20,1,468
BRDA:33,21,0,362
BRDA:33,21,1,124
BRDA:33,22,0,486
BRDA:33,22,1,486
BRDA:40,23,0,486
BRDA:40,23,1,470
BRDA:40,24,0,362
BRDA:40,24,1,124
BRDA:40,25,0,486
BRDA:40,25,1,486
BRDA:41,26,0,486
BRDA:41,26,1,468
BRDA:41,27,0,362
BRDA:41,27,1,124
BRDA:41,28,0,486
BRDA:41,28,1,486
BRDA:42,29,0,1
BRDA:42,29,1,485
BRDA:42,30,0,362
BRDA:42,30,1,124
BRDA:42,31,0,486
BRDA:42,31,1,486
BRDA:142,32,0,91
BRDA:142,32,1,306
BRDA:144,33,0,397
BRDA:144,33,1,341
BRDA:144,34,0,306
BRDA:144,34,1,91
BRDA:144,35,0,397
BRDA:144,35,1,397
BRDA:145,36,0,39
BRDA:145,36,1,358
BRDA:145,37,0,0
BRDA:145,37,1,39
BRDA:145,38,0,39
BRDA:145,38,1,39
BRDA:146,39,0,397
BRDA:146,39,1,342
BRDA:146,40,0,306
BRDA:146,40,1,91
BRDA:146,41,0,397
BRDA:146,41,1,397
BRDA:147,42,0,397
BRDA:147,42,1,397
BRDA:147,43,0,306
BRDA:147,43,1,91
BRDA:147,44,0,397
BRDA:147,44,1,397
BRDA:148,45,0,397
BRDA:148,45,1,397
BRDA:148,46,0,306
BRDA:148,46,1,91
BRDA:148,47,0,397
BRDA:148,47,1,397
BRDA:149,48,0,397
BRDA:149,48,1,381
BRDA:149,49,0,306
BRDA:149,49,1,91
BRDA:149,50,0,397
BRDA:149,50,1,397
BRDA:150,51,0,397
BRDA:150,51,1,321
BRDA:150,52,0,306
BRDA:150,52,1,91
BRDA:150,53,0,397
BRDA:150,53,1,397
BRDA:151,54,0,397
BRDA:151,54,1,338
BRDA:151,55,0,306
BRDA:151,55,1,91
BRDA:151,56,0,397
BRDA:151,56,1,397
BRDA:152,57,0,397
BRDA:152,57,1,338
BRDA:152,58,0,306
BRDA:152,58,1,91
BRDA:152,59,0,397
BRDA:152,59,1,397
BRF:120
BRH:119
end_of_record
