TN:
SF:apps/clinical-portal/src/app/app.html
FNF:0
FNH:0
DA:1,1
LF:1
LH:1
BRF:0
BRH:0
end_of_record
TN:
SF:apps/clinical-portal/src/app/app.ts
FN:60,(anonymous_0)
FN:90,(anonymous_1)
FN:98,(anonymous_2)
FN:107,(anonymous_3)
FN:112,(anonymous_4)
FN:121,(anonymous_5)
FN:133,(anonymous_6)
FN:142,(anonymous_7)
FN:148,(anonymous_8)
FN:152,(anonymous_9)
FN:161,(anonymous_10)
FN:169,(anonymous_11)
FN:181,(anonymous_12)
FN:191,(anonymous_13)
FN:201,(anonymous_14)
FN:206,(anonymous_15)
FN:210,(anonymous_16)
FN:214,(anonymous_17)
FN:218,(anonymous_18)
FN:222,(anonymous_19)
FNF:20
FNH:0
FNDA:0,(anonymous_0)
FNDA:0,(anonymous_1)
FNDA:0,(anonymous_2)
FNDA:0,(anonymous_3)
FNDA:0,(anonymous_4)
FNDA:0,(anonymous_5)
FNDA:0,(anonymous_6)
FNDA:0,(anonymous_7)
FNDA:0,(anonymous_8)
FNDA:0,(anonymous_9)
FNDA:0,(anonymous_10)
FNDA:0,(anonymous_11)
FNDA:0,(anonymous_12)
FNDA:0,(anonymous_13)
FNDA:0,(anonymous_14)
FNDA:0,(anonymous_15)
FNDA:0,(anonymous_16)
FNDA:0,(anonymous_17)
FNDA:0,(anonymous_18)
FNDA:0,(anonymous_19)
DA:1,1
DA:2,1
DA:3,1
DA:4,1
DA:5,1
DA:6,1
DA:7,1
DA:8,1
DA:9,1
DA:10,1
DA:11,1
DA:12,1
DA:13,1
DA:14,1
DA:15,1
DA:16,1
DA:17,1
DA:18,1
DA:41,1
DA:42,0
DA:43,0
DA:44,0
DA:47,0
DA:48,0
DA:49,0
DA:50,0
DA:51,0
DA:52,0
DA:53,0
DA:54,0
DA:55,0
DA:61,0
DA:78,0
DA:79,0
DA:87,0
DA:91,0
DA:92,0
DA:93,0
DA:94,0
DA:95,0
DA:98,0
DA:99,0
DA:100,0
DA:102,0
DA:109,0
DA:112,0
DA:113,0
DA:114,0
DA:116,0
DA:122,0
DA:123,0
DA:124,0
DA:134,0
DA:135,0
DA:143,0
DA:144,0
DA:145,0
DA:148,0
DA:149,0
DA:150,0
DA:152,0
DA:153,0
DA:154,0
DA:155,0
DA:161,0
DA:162,0
DA:170,0
DA:171,0
DA:172,0
DA:174,0
DA:175,0
DA:176,0
DA:178,0
DA:182,0
DA:183,0
DA:184,0
DA:192,0
DA:193,0
DA:194,0
DA:195,0
DA:202,0
DA:203,0
DA:207,0
DA:211,0
DA:215,0
DA:219,0
DA:223,0
DA:224,0
LF:88
LH:19
BRDA:78,0,0,0
BRDA:99,1,0,0
BRDA:99,1,1,0
BRDA:113,2,0,0
BRDA:113,2,1,0
BRDA:123,3,0,0
BRDA:134,4,0,0
BRDA:154,5,0,0
BRDA:170,6,0,0
BRDA:174,7,0,0
BRDA:182,8,0,0
BRF:11
BRH:0
end_of_record
TN:
SF:apps/clinical-portal/src/app/components/dialogs/confirm-dialog.component.ts
FN:127,(anonymous_0)
FN:132,(anonymous_1)
FN:136,(anonymous_2)
FNF:3
FNH:3
FNDA:21,(anonymous_0)
FNDA:2,(anonymous_1)
FNDA:2,(anonymous_2)
DA:1,9
DA:2,9
DA:3,9
DA:4,9
DA:5,9
DA:126,9
DA:128,21
DA:129,21
DA:133,2
DA:137,2
LF:10
LH:10
BRF:0
BRH:0
end_of_record
TN:
SF:apps/clinical-portal/src/app/components/dialogs/keyboard-shortcuts-dialog.component.ts
FN:396,(anonymous_0)
FN:401,(anonymous_1)
FN:406,(anonymous_2)
FN:412,(anonymous_3)
FN:417,(anonymous_4)
FN:422,(anonymous_5)
FN:423,(anonymous_6)
FN:426,(anonymous_7)
FN:427,(anonymous_8)
FN:431,(anonymous_9)
FN:435,(anonymous_10)
FN:439,(anonymous_11)
FN:443,(anonymous_12)
FNF:13
FNH:0
FNDA:0,(anonymous_0)
FNDA:0,(anonymous_1)
FNDA:0,(anonymous_2)
FNDA:0,(anonymous_3)
FNDA:0,(anonymous_4)
FNDA:0,(anonymous_5)
FNDA:0,(anonymous_6)
FNDA:0,(anonymous_7)
FNDA:0,(anonymous_8)
FNDA:0,(anonymous_9)
FNDA:0,(anonymous_10)
FNDA:0,(anonymous_11)
FNDA:0,(anonymous_12)
DA:1,1
DA:2,1
DA:3,1
DA:4,1
DA:5,1
DA:6,1
DA:7,1
DA:8,1
DA:9,1
DA:10,1
DA:11,1
DA:12,1
DA:13,1
DA:389,1
DA:390,0
DA:392,0
DA:393,0
DA:394,0
DA:397,0
DA:398,0
DA:402,0
DA:404,0
DA:407,0
DA:410,0
DA:413,0
DA:418,0
DA:419,0
DA:423,0
DA:427,0
DA:428,0
DA:432,0
DA:436,0
DA:440,0
DA:444,0
LF:34
LH:14
BRDA:428,0,0,0
BRDA:428,0,1,0
BRDA:428,1,0,0
BRDA:428,1,1,0
BRDA:428,2,0,0
BRDA:428,2,1,0
BRF:6
BRH:0
end_of_record
TN:
SF:apps/clinical-portal/src/app/components/dialogs/patient-selection-dialog.component.ts
FN:408,(anonymous_0)
FN:413,(anonymous_1)
FN:420,(anonymous_2)
FN:423,(anonymous_3)
FN:424,(anonymous_4)
FN:429,(anonymous_5)
FN:439,(anonymous_6)
FN:448,(anonymous_7)
FN:481,(anonymous_8)
FN:496,(anonymous_9)
FN:503,(anonymous_10)
FN:518,(anonymous_11)
FN:526,(anonymous_12)
FN:533,(anonymous_13)
FN:541,(anonymous_14)
FN:551,(anonymous_15)
FN:558,(anonymous_16)
FNF:17
FNH:17
FNDA:36,(anonymous_0)
FNDA:36,(anonymous_1)
FNDA:36,(anonymous_2)
FNDA:34,(anonymous_3)
FNDA:68,(anonymous_4)
FNDA:2,(anonymous_5)
FNDA:68,(anonymous_6)
FNDA:68,(anonymous_7)
FNDA:2,(anonymous_8)
FNDA:10,(anonymous_9)
FNDA:16,(anonymous_10)
FNDA:1,(anonymous_11)
FNDA:3,(anonymous_12)
FNDA:2,(anonymous_13)
FNDA:4,(anonymous_14)
FNDA:1,(anonymous_15)
FNDA:161,(anonymous_16)
DA:1,2
DA:2,2
DA:3,2
DA:4,2
DA:5,2
DA:6,2
DA:7,2
DA:8,2
DA:9,2
DA:10,2
DA:11,2
DA:399,2
DA:400,36
DA:401,36
DA:403,36
DA:404,36
DA:405,36
DA:406,36
DA:409,36
DA:410,36
DA:414,36
DA:421,36
DA:422,36
DA:424,68
DA:425,34
DA:426,34
DA:427,34
DA:430,2
DA:431,2
DA:440,68
DA:441,68
DA:442,68
DA:444,68
DA:447,68
DA:448,68
DA:450,68
DA:451,68
DA:454,68
DA:455,68
DA:456,68
DA:457,68
DA:458,68
DA:459,68
DA:460,68
DA:464,68
DA:482,2
DA:484,2
DA:485,2
DA:486,1
DA:489,1
DA:497,10
DA:498,10
DA:499,2
DA:500,2
DA:503,8
DA:504,16
DA:512,8
DA:519,1
DA:520,1
DA:527,3
DA:534,2
DA:535,2
DA:542,4
DA:543,4
DA:544,3
DA:552,1
DA:559,161
DA:560,161
LF:68
LH:68
BRDA:440,0,0,0
BRDA:440,0,1,68
BRDA:440,1,0,68
BRDA:440,1,1,68
BRDA:441,2,0,68
BRDA:441,2,1,0
BRDA:441,3,0,0
BRDA:441,3,1,68
BRDA:441,4,0,68
BRDA:441,4,1,68
BRDA:441,5,0,0
BRDA:441,5,1,68
BRDA:441,6,0,68
BRDA:441,6,1,68
BRDA:442,7,0,68
BRDA:442,7,1,0
BRDA:442,8,0,0
BRDA:442,8,1,68
BRDA:442,9,0,68
BRDA:442,9,1,68
BRDA:444,10,0,68
BRDA:444,10,1,68
BRDA:444,10,2,0
BRDA:444,11,0,0
BRDA:444,11,1,68
BRDA:444,12,0,68
BRDA:444,12,1,68
BRDA:447,13,0,0
BRDA:447,13,1,68
BRDA:447,14,0,68
BRDA:447,14,1,68
BRDA:448,15,0,68
BRDA:448,15,1,0
BRDA:448,16,0,68
BRDA:448,16,1,68
BRDA:450,17,0,68
BRDA:450,17,1,0
BRDA:450,18,0,68
BRDA:450,18,1,68
BRDA:451,19,0,68
BRDA:451,19,1,0
BRDA:451,20,0,68
BRDA:451,20,1,68
BRDA:454,21,0,68
BRDA:459,22,0,68
BRDA:459,23,0,68
BRDA:459,23,1,0
BRDA:459,23,2,0
BRDA:474,24,0,68
BRDA:474,24,1,0
BRDA:482,25,0,0
BRDA:498,26,0,2
BRDA:505,27,0,16
BRDA:505,27,1,12
BRDA:505,27,2,12
BRDA:505,27,3,12
BRDA:506,28,0,12
BRDA:506,28,1,0
BRDA:506,29,0,12
BRDA:506,29,1,12
BRDA:507,30,0,0
BRDA:507,30,1,12
BRDA:507,31,0,12
BRDA:507,31,1,12
BRDA:508,32,0,0
BRDA:508,32,1,12
BRDA:508,33,0,12
BRDA:508,33,1,12
BRDA:543,34,0,3
BRF:69
BRH:50
end_of_record
TN:
SF:apps/clinical-portal/src/app/components/dialogs/period-comparison-dialog.component.ts
FN:443,(anonymous_0)
FN:451,(anonymous_1)
FN:460,(anonymous_2)
FN:511,(anonymous_3)
FN:518,(anonymous_4)
FN:552,(anonymous_5)
FN:559,(anonymous_6)
FN:594,(anonymous_7)
FN:615,(anonymous_8)
FNF:9
FNH:0
FNDA:0,(anonymous_0)
FNDA:0,(anonymous_1)
FNDA:0,(anonymous_2)
FNDA:0,(anonymous_3)
FNDA:0,(anonymous_4)
FNDA:0,(anonymous_5)
FNDA:0,(anonymous_6)
FNDA:0,(anonymous_7)
FNDA:0,(anonymous_8)
DA:1,1
DA:2,1
DA:3,1
DA:4,1
DA:5,1
DA:6,1
DA:7,1
DA:8,1
DA:9,1
DA:10,1
DA:432,1
DA:433,0
DA:434,0
DA:435,0
DA:437,0
DA:438,0
DA:439,0
DA:441,0
DA:443,0
DA:445,0
DA:452,0
DA:453,0
DA:454,0
DA:461,0
DA:463,0
DA:465,0
DA:466,0
DA:467,0
DA:468,0
DA:469,0
DA:471,0
DA:474,0
DA:475,0
DA:476,0
DA:477,0
DA:478,0
DA:479,0
DA:481,0
DA:482,0
DA:483,0
DA:484,0
DA:486,0
DA:489,0
DA:490,0
DA:491,0
DA:492,0
DA:493,0
DA:494,0
DA:495,0
DA:497,0
DA:498,0
DA:499,0
DA:500,0
DA:502,0
DA:505,0
DA:512,0
DA:519,0
DA:521,0
DA:522,0
DA:523,0
DA:524,0
DA:525,0
DA:528,0
DA:529,0
DA:530,0
DA:531,0
DA:532,0
DA:533,0
DA:534,0
DA:535,0
DA:538,0
DA:539,0
DA:540,0
DA:541,0
DA:542,0
DA:543,0
DA:544,0
DA:545,0
DA:553,0
DA:560,0
DA:561,0
DA:562,0
DA:564,0
DA:566,0
DA:572,0
DA:573,0
DA:574,0
DA:580,0
DA:581,0
DA:587,0
DA:595,0
DA:597,0
DA:609,0
DA:616,0
LF:94
LH:11
BRDA:463,0,0,0
BRDA:463,0,1,0
BRDA:463,0,2,0
BRDA:512,1,0,0
BRDA:512,1,1,0
BRDA:519,2,0,0
BRDA:519,2,1,0
BRDA:519,2,2,0
BRDA:531,3,0,0
BRDA:531,3,1,0
BRDA:532,4,0,0
BRDA:532,4,1,0
BRDA:541,5,0,0
BRDA:541,5,1,0
BRDA:542,6,0,0
BRDA:542,6,1,0
BRDA:553,7,0,0
BRDA:553,7,1,0
BRDA:553,7,2,0
BRDA:564,8,0,0
BRDA:564,8,1,0
BRDA:564,8,2,0
BRDA:564,8,3,0
BRDA:595,9,0,0
BRF:24
BRH:0
end_of_record
TN:
SF:apps/clinical-portal/src/app/components/dialogs/provider-leaderboard-dialog.component.ts
FN:789,(anonymous_0)
FN:794,(anonymous_1)
FN:810,(anonymous_2)
FN:818,(anonymous_3)
FN:822,(anonymous_4)
FN:832,(anonymous_5)
FN:1033,(anonymous_6)
FN:1040,(anonymous_7)
FN:1044,(anonymous_8)
FN:1062,(anonymous_9)
FN:1067,(anonymous_10)
FN:1069,(anonymous_11)
FN:1071,(anonymous_12)
FN:1074,(anonymous_13)
FN:1077,(anonymous_14)
FN:1084,(anonymous_15)
FN:1098,(anonymous_16)
FN:1119,(anonymous_17)
FN:1128,(anonymous_18)
FN:1145,(anonymous_19)
FN:1148,(anonymous_20)
FN:1149,(anonymous_21)
FN:1158,(anonymous_22)
FN:1172,(anonymous_23)
FN:1184,(anonymous_24)
FN:1193,(anonymous_25)
FN:1201,(anonymous_26)
FN:1208,(anonymous_27)
FN:1215,(anonymous_28)
FN:1222,(anonymous_29)
FN:1242,(anonymous_30)
FN:1268,(anonymous_31)
FN:1275,(anonymous_32)
FNF:33
FNH:0
FNDA:0,(anonymous_0)
FNDA:0,(anonymous_1)
FNDA:0,(anonymous_2)
FNDA:0,(anonymous_3)
FNDA:0,(anonymous_4)
FNDA:0,(anonymous_5)
FNDA:0,(anonymous_6)
FNDA:0,(anonymous_7)
FNDA:0,(anonymous_8)
FNDA:0,(anonymous_9)
FNDA:0,(anonymous_10)
FNDA:0,(anonymous_11)
FNDA:0,(anonymous_12)
FNDA:0,(anonymous_13)
FNDA:0,(anonymous_14)
FNDA:0,(anonymous_15)
FNDA:0,(anonymous_16)
FNDA:0,(anonymous_17)
FNDA:0,(anonymous_18)
FNDA:0,(anonymous_19)
FNDA:0,(anonymous_20)
FNDA:0,(anonymous_21)
FNDA:0,(anonymous_22)
FNDA:0,(anonymous_23)
FNDA:0,(anonymous_24)
FNDA:0,(anonymous_25)
FNDA:0,(anonymous_26)
FNDA:0,(anonymous_27)
FNDA:0,(anonymous_28)
FNDA:0,(anonymous_29)
FNDA:0,(anonymous_30)
FNDA:0,(anonymous_31)
FNDA:0,(anonymous_32)
DA:12,2
DA:13,2
DA:14,2
DA:15,2
DA:20,2
DA:21,2
DA:22,2
DA:23,2
DA:24,2
DA:25,2
DA:26,2
DA:27,2
DA:28,2
DA:29,2
DA:30,2
DA:31,2
DA:32,2
DA:33,2
DA:776,2
DA:777,0
DA:779,0
DA:780,0
DA:782,0
DA:783,0
DA:784,0
DA:785,0
DA:786,0
DA:787,0
DA:790,0
DA:791,0
DA:795,0
DA:798,0
DA:799,0
DA:806,0
DA:811,0
DA:812,0
DA:819,0
DA:822,0
DA:823,0
DA:824,0
DA:825,0
DA:833,0
DA:840,0
DA:846,0
DA:854,0
DA:1027,0
DA:1034,0
DA:1037,0
DA:1040,0
DA:1041,0
DA:1044,0
DA:1045,0
DA:1046,0
DA:1047,0
DA:1050,0
DA:1063,0
DA:1065,0
DA:1067,0
DA:1069,0
DA:1071,0
DA:1073,0
DA:1074,0
DA:1077,0
DA:1085,0
DA:1092,0
DA:1102,0
DA:1104,0
DA:1106,0
DA:1108,0
DA:1110,0
DA:1112,0
DA:1120,0
DA:1121,0
DA:1122,0
DA:1129,0
DA:1138,0
DA:1139,0
DA:1146,0
DA:1148,0
DA:1149,0
DA:1159,0
DA:1166,0
DA:1173,0
DA:1178,0
DA:1185,0
DA:1186,0
DA:1187,0
DA:1194,0
DA:1202,0
DA:1209,0
DA:1216,0
DA:1223,0
DA:1228,0
DA:1231,0
DA:1232,0
DA:1233,0
DA:1234,0
DA:1235,0
DA:1236,0
DA:1243,0
DA:1254,0
DA:1257,0
DA:1258,0
DA:1259,0
DA:1260,0
DA:1261,0
DA:1262,0
DA:1269,0
DA:1276,0
LF:109
LH:19
BRDA:798,0,0,0
BRDA:798,1,0,0
BRDA:798,1,1,0
BRDA:798,2,0,0
BRDA:798,2,1,0
BRDA:806,3,0,0
BRDA:806,3,1,0
BRDA:1034,4,0,0
BRDA:1047,5,0,0
BRDA:1047,5,1,0
BRDA:1050,6,0,0
BRDA:1050,6,1,0
BRDA:1065,7,0,0
BRDA:1065,7,1,0
BRDA:1065,7,2,0
BRDA:1065,7,3,0
BRDA:1065,7,4,0
BRDA:1102,8,0,0
BRDA:1102,8,1,0
BRDA:1102,8,2,0
BRDA:1102,8,3,0
BRDA:1102,8,4,0
BRDA:1120,9,0,0
BRDA:1121,10,0,0
BRDA:1166,11,0,0
BRDA:1166,11,1,0
BRDA:1178,12,0,0
BRDA:1178,12,1,0
BRDA:1185,13,0,0
BRDA:1186,14,0,0
BRDA:1248,15,0,0
BRDA:1248,15,1,0
BRDA:1248,16,0,0
BRDA:1248,16,1,0
BRDA:1249,17,0,0
BRDA:1249,17,1,0
BRDA:1249,18,0,0
BRDA:1249,18,1,0
BRF:38
BRH:0
end_of_record
TN:
SF:apps/clinical-portal/src/app/components/dialogs/report-detail-dialog.component.ts
FN:792,(anonymous_0)
FN:798,(anonymous_1)
FN:805,(anonymous_2)
FN:819,(anonymous_3)
FN:833,(anonymous_4)
FN:837,(anonymous_5)
FN:840,(anonymous_6)
FN:849,(anonymous_7)
FN:853,(anonymous_8)
FN:856,(anonymous_9)
FN:865,(anonymous_10)
FNF:11
FNH:10
FNDA:6,(anonymous_0)
FNDA:2,(anonymous_1)
FNDA:2,(anonymous_2)
FNDA:1,(anonymous_3)
FNDA:2,(anonymous_4)
FNDA:1,(anonymous_5)
FNDA:1,(anonymous_6)
FNDA:1,(anonymous_7)
FNDA:1,(anonymous_8)
FNDA:0,(anonymous_9)
FNDA:1,(anonymous_10)
DA:1,2
DA:2,2
DA:3,2
DA:4,2
DA:5,2
DA:6,2
DA:7,2
DA:8,2
DA:9,2
DA:10,2
DA:789,2
DA:790,6
DA:793,6
DA:794,6
DA:795,6
DA:799,2
DA:806,2
DA:807,2
DA:808,2
DA:811,1
DA:812,1
DA:820,1
DA:821,1
DA:834,2
DA:838,1
DA:841,1
DA:850,1
DA:854,1
DA:857,0
DA:866,1
LF:30
LH:29
BRDA:807,0,0,2
BRF:1
BRH:1
end_of_record
TN:
SF:apps/clinical-portal/src/app/components/dialogs/year-selection-dialog.component.ts
FN:257,(anonymous_0)
FN:262,(anonymous_1)
FN:269,(anonymous_2)
FN:276,(anonymous_3)
FN:285,(anonymous_4)
FNF:5
FNH:5
FNDA:29,(anonymous_0)
FNDA:174,(anonymous_1)
FNDA:5,(anonymous_2)
FNDA:4,(anonymous_3)
FNDA:2,(anonymous_4)
DA:1,2
DA:2,2
DA:3,2
DA:4,2
DA:5,2
DA:6,2
DA:7,2
DA:8,2
DA:252,2
DA:253,29
DA:254,29
DA:255,29
DA:257,29
DA:259,29
DA:260,29
DA:262,174
DA:270,5
DA:277,4
DA:278,3
DA:286,2
LF:20
LH:20
BRDA:277,0,0,3
BRF:1
BRH:1
end_of_record
TN:
SF:apps/clinical-portal/src/app/components/evaluation-data-flow/evaluation-data-flow.component.html
FNF:0
FNH:0
DA:1,1
LF:1
LH:1
BRF:0
BRH:0
end_of_record
TN:
SF:apps/clinical-portal/src/app/components/evaluation-data-flow/evaluation-data-flow.component.ts
FN:79,(anonymous_0)
FN:81,(anonymous_1)
FN:88,(anonymous_2)
FN:97,(anonymous_3)
FN:107,(anonymous_4)
FN:112,(anonymous_5)
FN:121,(anonymous_6)
FN:132,(anonymous_7)
FN:133,(anonymous_8)
FN:139,(anonymous_9)
FN:145,(anonymous_10)
FN:155,(anonymous_11)
FN:158,(anonymous_12)
FN:159,(anonymous_13)
FN:163,(anonymous_14)
FN:164,(anonymous_15)
FN:176,(anonymous_16)
FN:190,(anonymous_17)
FN:213,(anonymous_18)
FN:236,(anonymous_19)
FN:245,(anonymous_20)
FN:254,(anonymous_21)
FN:263,(anonymous_22)
FN:272,(anonymous_23)
FN:289,(anonymous_24)
FN:297,(anonymous_25)
FNF:26
FNH:0
FNDA:0,(anonymous_0)
FNDA:0,(anonymous_1)
FNDA:0,(anonymous_2)
FNDA:0,(anonymous_3)
FNDA:0,(anonymous_4)
FNDA:0,(anonymous_5)
FNDA:0,(anonymous_6)
FNDA:0,(anonymous_7)
FNDA:0,(anonymous_8)
FNDA:0,(anonymous_9)
FNDA:0,(anonymous_10)
FNDA:0,(anonymous_11)
FNDA:0,(anonymous_12)
FNDA:0,(anonymous_13)
FNDA:0,(anonymous_14)
FNDA:0,(anonymous_15)
FNDA:0,(anonymous_16)
FNDA:0,(anonymous_17)
FNDA:0,(anonymous_18)
FNDA:0,(anonymous_19)
FNDA:0,(anonymous_20)
FNDA:0,(anonymous_21)
FNDA:0,(anonymous_22)
FNDA:0,(anonymous_23)
FNDA:0,(anonymous_24)
FNDA:0,(anonymous_25)
DA:1,1
DA:2,1
DA:3,1
DA:4,1
DA:5,1
DA:6,1
DA:7,1
DA:8,1
DA:9,1
DA:10,1
DA:11,1
DA:53,1
DA:58,0
DA:61,0
DA:64,0
DA:65,0
DA:66,0
DA:69,0
DA:71,0
DA:74,0
DA:75,0
DA:76,0
DA:77,0
DA:79,0
DA:83,0
DA:84,0
DA:89,0
DA:90,0
DA:98,0
DA:99,0
DA:102,0
DA:103,0
DA:105,0
DA:108,0
DA:113,0
DA:114,0
DA:115,0
DA:122,0
DA:123,0
DA:124,0
DA:125,0
DA:126,0
DA:133,0
DA:134,0
DA:139,0
DA:140,0
DA:145,0
DA:146,0
DA:157,0
DA:158,0
DA:159,0
DA:162,0
DA:163,0
DA:164,0
DA:167,0
DA:170,0
DA:177,0
DA:178,0
DA:179,0
DA:183,0
DA:184,0
DA:191,0
DA:193,0
DA:196,0
DA:198,0
DA:200,0
DA:202,0
DA:204,0
DA:206,0
DA:214,0
DA:216,0
DA:219,0
DA:221,0
DA:223,0
DA:225,0
DA:227,0
DA:229,0
DA:237,0
DA:238,0
DA:239,0
DA:246,0
DA:255,0
DA:264,0
DA:273,0
DA:274,0
DA:275,0
DA:276,0
DA:277,0
DA:278,0
DA:279,0
DA:280,0
DA:281,0
DA:282,0
DA:283,0
DA:290,0
DA:291,0
DA:298,0
LF:97
LH:12
BRDA:83,0,0,0
BRDA:89,1,0,0
BRDA:89,2,0,0
BRDA:89,2,1,0
BRDA:89,2,2,0
BRDA:98,3,0,0
BRDA:134,4,0,0
BRDA:134,4,1,0
BRDA:134,4,2,0
BRDA:140,5,0,0
BRDA:140,5,1,0
BRDA:140,5,2,0
BRDA:146,6,0,0
BRDA:146,6,1,0
BRDA:146,6,2,0
BRDA:159,7,0,0
BRDA:159,7,1,0
BRDA:163,8,0,0
BRDA:163,8,1,0
BRDA:177,9,0,0
BRDA:191,10,0,0
BRDA:191,10,1,0
BRDA:191,10,2,0
BRDA:191,10,3,0
BRDA:191,10,4,0
BRDA:191,10,5,0
BRDA:191,10,6,0
BRDA:191,10,7,0
BRDA:214,11,0,0
BRDA:214,11,1,0
BRDA:214,11,2,0
BRDA:214,11,3,0
BRDA:214,11,4,0
BRDA:214,11,5,0
BRDA:214,11,6,0
BRDA:214,11,7,0
BRDA:237,12,0,0
BRDA:238,13,0,0
BRDA:246,14,0,0
BRDA:246,14,1,0
BRDA:246,14,2,0
BRDA:255,15,0,0
BRDA:255,15,1,0
BRDA:255,15,2,0
BRDA:264,16,0,0
BRDA:264,16,1,0
BRDA:264,16,2,0
BRF:47
BRH:0
end_of_record
TN:
SF:apps/clinical-portal/src/app/components/help/help-panel.component.ts
FN:953,(anonymous_0)
FN:961,(anonymous_1)
FN:968,(anonymous_2)
FN:971,(anonymous_3)
FN:976,(anonymous_4)
FN:981,(anonymous_5)
FN:985,(anonymous_6)
FN:989,(anonymous_7)
FN:993,(anonymous_8)
FN:997,(anonymous_9)
FN:1001,(anonymous_10)
FN:1010,(anonymous_11)
FNF:12
FNH:0
FNDA:0,(anonymous_0)
FNDA:0,(anonymous_1)
FNDA:0,(anonymous_2)
FNDA:0,(anonymous_3)
FNDA:0,(anonymous_4)
FNDA:0,(anonymous_5)
FNDA:0,(anonymous_6)
FNDA:0,(anonymous_7)
FNDA:0,(anonymous_8)
FNDA:0,(anonymous_9)
FNDA:0,(anonymous_10)
FNDA:0,(anonymous_11)
DA:12,1
DA:13,1
DA:14,1
DA:15,1
DA:16,1
DA:17,1
DA:18,1
DA:19,1
DA:20,1
DA:21,1
DA:22,1
DA:29,1
DA:30,1
DA:62,1
DA:445,1
DA:953,1
DA:954,0
DA:955,0
DA:957,0
DA:959,0
DA:963,0
DA:966,0
DA:968,0
DA:972,0
DA:977,0
DA:978,0
DA:982,0
DA:986,0
DA:990,0
DA:994,0
DA:998,0
DA:1003,0
DA:1006,0
DA:1007,0
DA:1011,0
DA:1025,0
LF:36
LH:16
BRDA:1003,0,0,0
BRDA:1003,0,1,0
BRDA:1007,1,0,0
BRDA:1007,1,1,0
BRDA:1025,2,0,0
BRDA:1025,2,1,0
BRF:6
BRH:0
end_of_record
TN:
SF:apps/clinical-portal/src/app/components/help/whats-new-banner.component.ts
FN:410,(anonymous_0)
FN:418,(anonymous_1)
FN:423,(anonymous_2)
FN:429,(anonymous_3)
FN:430,(anonymous_4)
FN:435,(anonymous_5)
FN:439,(anonymous_6)
FN:443,(anonymous_7)
FN:449,(anonymous_8)
FN:452,(anonymous_9)
FN:455,(anonymous_10)
FN:467,(anonymous_11)
FNF:12
FNH:0
FNDA:0,(anonymous_0)
FNDA:0,(anonymous_1)
FNDA:0,(anonymous_2)
FNDA:0,(anonymous_3)
FNDA:0,(anonymous_4)
FNDA:0,(anonymous_5)
FNDA:0,(anonymous_6)
FNDA:0,(anonymous_7)
FNDA:0,(anonymous_8)
FNDA:0,(anonymous_9)
FNDA:0,(anonymous_10)
FNDA:0,(anonymous_11)
DA:8,1
DA:9,1
DA:10,1
DA:11,1
DA:12,1
DA:13,1
DA:31,1
DA:65,1
DA:410,1
DA:411,0
DA:413,0
DA:414,0
DA:416,0
DA:419,0
DA:420,0
DA:424,0
DA:425,0
DA:426,0
DA:430,0
DA:431,0
DA:432,0
DA:436,0
DA:440,0
DA:445,0
DA:446,0
DA:448,0
DA:450,0
DA:452,0
DA:456,0
DA:457,0
DA:458,0
DA:459,0
DA:460,0
DA:468,0
DA:469,0
LF:35
LH:9
BRDA:450,0,0,0
BRDA:450,0,1,0
BRDA:458,1,0,0
BRF:3
BRH:0
end_of_record
TN:
SF:apps/clinical-portal/src/app/components/navigation/navigation.component.html
FNF:0
FNH:0
DA:1,1
LF:1
LH:1
BRF:0
BRH:0
end_of_record
TN:
SF:apps/clinical-portal/src/app/components/navigation/navigation.component.ts
FN:117,(anonymous_0)
FN:119,(anonymous_1)
FN:123,(anonymous_2)
FN:130,(anonymous_3)
FN:137,(anonymous_4)
FNF:5
FNH:1
FNDA:39,(anonymous_0)
FNDA:0,(anonymous_1)
FNDA:0,(anonymous_2)
FNDA:0,(anonymous_3)
FNDA:0,(anonymous_4)
DA:1,1
DA:2,1
DA:3,1
DA:4,1
DA:5,1
DA:6,1
DA:7,1
DA:8,1
DA:9,1
DA:10,1
DA:11,1
DA:12,1
DA:13,1
DA:41,1
DA:44,39
DA:46,0
DA:115,0
DA:117,39
DA:120,0
DA:124,0
DA:131,0
DA:138,0
LF:22
LH:16
BRDA:120,0,0,0
BRDA:120,0,1,0
BRDA:120,0,2,0
BRF:3
BRH:0
end_of_record
TN:
SF:apps/clinical-portal/src/app/components/offline-indicator/offline-indicator.component.ts
FN:262,(anonymous_0)
FN:279,(anonymous_1)
FN:283,(anonymous_2)
FN:290,(anonymous_3)
FN:297,(anonymous_4)
FN:304,(anonymous_5)
FN:311,(anonymous_6)
FN:322,(anonymous_7)
FN:336,(anonymous_8)
FN:337,(anonymous_9)
FN:341,(anonymous_10)
FN:351,(anonymous_11)
FN:359,(anonymous_12)
FN:375,(anonymous_13)
FN:390,(anonymous_14)
FN:408,(anonymous_15)
FNF:16
FNH:0
FNDA:0,(anonymous_0)
FNDA:0,(anonymous_1)
FNDA:0,(anonymous_2)
FNDA:0,(anonymous_3)
FNDA:0,(anonymous_4)
FNDA:0,(anonymous_5)
FNDA:0,(anonymous_6)
FNDA:0,(anonymous_7)
FNDA:0,(anonymous_8)
FNDA:0,(anonymous_9)
FNDA:0,(anonymous_10)
FNDA:0,(anonymous_11)
FNDA:0,(anonymous_12)
FNDA:0,(anonymous_13)
FNDA:0,(anonymous_14)
FNDA:0,(anonymous_15)
DA:8,1
DA:9,1
DA:10,1
DA:11,1
DA:12,1
DA:13,1
DA:14,1
DA:15,1
DA:16,1
DA:23,1
DA:24,1
DA:26,1
DA:27,1
DA:262,1
DA:263,0
DA:264,0
DA:265,0
DA:266,0
DA:268,0
DA:269,0
DA:270,0
DA:271,0
DA:272,0
DA:281,0
DA:284,0
DA:288,0
DA:291,0
DA:295,0
DA:298,0
DA:302,0
DA:305,0
DA:309,0
DA:312,0
DA:316,0
DA:323,0
DA:324,0
DA:326,0
DA:331,0
DA:336,0
DA:337,0
DA:342,0
DA:343,0
DA:346,0
DA:352,0
DA:353,0
DA:360,0
DA:361,0
DA:363,0
DA:364,0
DA:366,0
DA:367,0
DA:369,0
DA:376,0
DA:377,0
DA:381,0
DA:384,0
DA:385,0
DA:386,0
DA:389,0
DA:390,0
DA:391,0
DA:392,0
DA:394,0
DA:401,0
DA:409,0
LF:65
LH:14
BRDA:323,0,0,0
BRDA:323,0,1,0
BRDA:342,1,0,0
BRDA:342,2,0,0
BRDA:342,2,1,0
BRDA:343,3,0,0
BRDA:343,3,1,0
BRDA:360,4,0,0
BRDA:363,5,0,0
BRDA:366,6,0,0
BRDA:376,7,0,0
BRDA:384,8,0,0
BRDA:389,9,0,0
BRDA:389,9,1,0
BRDA:391,10,0,0
BRDA:391,10,1,0
BRF:16
BRH:0
end_of_record
TN:
SF:apps/clinical-portal/src/app/components/tour-overlay/tour-overlay.component.ts
FN:304,(anonymous_0)
FN:306,(anonymous_1)
FN:312,(anonymous_2)
FN:317,(anonymous_3)
FN:323,(anonymous_4)
FN:343,(anonymous_5)
FN:366,(anonymous_6)
FN:404,(anonymous_7)
FN:408,(anonymous_8)
FN:412,(anonymous_9)
FN:416,(anonymous_10)
FN:420,(anonymous_11)
FNF:12
FNH:0
FNDA:0,(anonymous_0)
FNDA:0,(anonymous_1)
FNDA:0,(anonymous_2)
FNDA:0,(anonymous_3)
FNDA:0,(anonymous_4)
FNDA:0,(anonymous_5)
FNDA:0,(anonymous_6)
FNDA:0,(anonymous_7)
FNDA:0,(anonymous_8)
FNDA:0,(anonymous_9)
FNDA:0,(anonymous_10)
FNDA:0,(anonymous_11)
DA:1,1
DA:2,1
DA:3,1
DA:4,1
DA:5,1
DA:6,1
DA:7,1
DA:291,1
DA:292,0
DA:294,0
DA:295,0
DA:296,0
DA:297,0
DA:298,0
DA:299,0
DA:301,0
DA:302,0
DA:304,0
DA:307,0
DA:313,0
DA:318,0
DA:319,0
DA:324,0
DA:326,0
DA:329,0
DA:330,0
DA:331,0
DA:333,0
DA:334,0
DA:335,0
DA:337,0
DA:338,0
DA:339,0
DA:344,0
DA:345,0
DA:346,0
DA:349,0
DA:350,0
DA:351,0
DA:352,0
DA:355,0
DA:356,0
DA:357,0
DA:358,0
DA:359,0
DA:360,0
DA:363,0
DA:367,0
DA:368,0
DA:370,0
DA:371,0
DA:372,0
DA:373,0
DA:375,0
DA:377,0
DA:378,0
DA:379,0
DA:381,0
DA:382,0
DA:383,0
DA:385,0
DA:386,0
DA:387,0
DA:389,0
DA:390,0
DA:391,0
DA:393,0
DA:394,0
DA:395,0
DA:399,0
DA:400,0
DA:401,0
DA:405,0
DA:409,0
DA:413,0
DA:417,0
DA:421,0
LF:77
LH:8
BRDA:324,0,0,0
BRDA:326,1,0,0
BRDA:326,1,1,0
BRDA:326,1,2,0
BRDA:326,1,3,0
BRDA:344,2,0,0
BRDA:344,3,0,0
BRDA:344,3,1,0
BRDA:350,4,0,0
BRDA:368,5,0,0
BRDA:375,6,0,0
BRDA:375,6,1,0
BRDA:375,6,2,0
BRDA:375,6,3,0
BRDA:375,6,4,0
BRF:15
BRH:0
end_of_record
TN:
SF:apps/clinical-portal/src/app/config/api.config.ts
FN:84,(anonymous_0)
FN:85,(anonymous_1)
FN:87,(anonymous_2)
FN:88,(anonymous_3)
FN:89,(anonymous_4)
FN:97,(anonymous_5)
FN:99,(anonymous_6)
FN:105,(anonymous_7)
FN:106,(anonymous_8)
FN:133,(anonymous_9)
FN:134,(anonymous_10)
FN:135,(anonymous_11)
FN:138,(anonymous_12)
FN:139,(anonymous_13)
FN:140,(anonymous_14)
FN:142,(anonymous_15)
FN:143,(anonymous_16)
FN:144,(anonymous_17)
FN:145,(anonymous_18)
FN:146,(anonymous_19)
FN:147,(anonymous_20)
FN:148,(anonymous_21)
FN:149,(anonymous_22)
FN:150,(anonymous_23)
FN:153,(anonymous_24)
FN:156,(anonymous_25)
FN:157,(anonymous_26)
FN:158,(anonymous_27)
FN:159,(anonymous_28)
FN:165,(anonymous_29)
FN:166,(anonymous_30)
FN:167,(anonymous_31)
FN:168,(anonymous_32)
FN:169,(anonymous_33)
FN:174,(anonymous_34)
FN:175,(anonymous_35)
FN:179,(anonymous_36)
FN:180,(anonymous_37)
FN:181,(anonymous_38)
FN:182,(anonymous_39)
FN:183,(anonymous_40)
FN:200,(anonymous_41)
FN:201,(anonymous_42)
FN:202,(anonymous_43)
FN:210,(anonymous_44)
FN:242,buildCqlEngineUrl
FN:247,(anonymous_46)
FN:258,buildQualityMeasureUrl
FN:263,(anonymous_48)
FN:274,buildFhirUrl
FN:279,(anonymous_50)
FN:290,buildQrdaExportUrl
FN:295,(anonymous_52)
FNF:53
FNH:44
FNDA:12,(anonymous_0)
FNDA:2,(anonymous_1)
FNDA:2,(anonymous_2)
FNDA:2,(anonymous_3)
FNDA:6,(anonymous_4)
FNDA:2,(anonymous_5)
FNDA:2,(anonymous_6)
FNDA:0,(anonymous_7)
FNDA:0,(anonymous_8)
FNDA:8,(anonymous_9)
FNDA:6,(anonymous_10)
FNDA:4,(anonymous_11)
FNDA:11,(anonymous_12)
FNDA:9,(anonymous_13)
FNDA:3,(anonymous_14)
FNDA:22,(anonymous_15)
FNDA:0,(anonymous_16)
FNDA:18,(anonymous_17)
FNDA:1,(anonymous_18)
FNDA:5,(anonymous_19)
FNDA:4,(anonymous_20)
FNDA:0,(anonymous_21)
FNDA:18,(anonymous_22)
FNDA:7,(anonymous_23)
FNDA:8,(anonymous_24)
FNDA:16,(anonymous_25)
FNDA:5,(anonymous_26)
FNDA:22,(anonymous_27)
FNDA:3,(anonymous_28)
FNDA:2,(anonymous_29)
FNDA:6,(anonymous_30)
FNDA:7,(anonymous_31)
FNDA:6,(anonymous_32)
FNDA:5,(anonymous_33)
FNDA:1,(anonymous_34)
FNDA:1,(anonymous_35)
FNDA:0,(anonymous_36)
FNDA:0,(anonymous_37)
FNDA:0,(anonymous_38)
FNDA:0,(anonymous_39)
FNDA:0,(anonymous_40)
FNDA:2,(anonymous_41)
FNDA:2,(anonymous_42)
FNDA:2,(anonymous_43)
FNDA:10,(anonymous_44)
FNDA:94,buildCqlEngineUrl
FNDA:66,(anonymous_46)
FNDA:359,buildQualityMeasureUrl
FNDA:67,(anonymous_48)
FNDA:577,buildFhirUrl
FNDA:44,(anonymous_50)
FNDA:14,buildQrdaExportUrl
FNDA:12,(anonymous_52)
DA:12,61
DA:15,61
DA:17,61
DA:80,61
DA:84,12
DA:86,2
DA:87,2
DA:88,2
DA:89,6
DA:98,2
DA:100,2
DA:105,0
DA:106,0
DA:113,61
DA:133,8
DA:134,6
DA:135,4
DA:138,11
DA:139,9
DA:140,3
DA:142,22
DA:143,0
DA:144,18
DA:145,1
DA:146,5
DA:147,4
DA:148,0
DA:149,18
DA:150,7
DA:153,8
DA:156,16
DA:157,5
DA:158,22
DA:159,3
DA:165,2
DA:166,6
DA:167,7
DA:168,6
DA:169,5
DA:174,1
DA:175,1
DA:179,0
DA:180,0
DA:181,0
DA:182,0
DA:183,0
DA:191,61
DA:200,2
DA:201,2
DA:202,2
DA:208,61
DA:210,10
DA:233,61
DA:242,61
DA:243,94
DA:245,94
DA:246,37
DA:247,66
DA:249,37
DA:252,94
DA:258,61
DA:259,359
DA:261,359
DA:262,31
DA:263,67
DA:265,31
DA:268,359
DA:274,61
DA:275,577
DA:277,577
DA:278,30
DA:279,44
DA:281,30
DA:284,577
DA:290,61
DA:291,14
DA:293,14
DA:294,4
DA:295,12
DA:297,4
DA:300,14
LF:81
LH:72
BRDA:25,0,0,0
BRDA:25,0,1,61
BRDA:29,1,0,0
BRDA:29,1,1,61
BRDA:33,2,0,0
BRDA:33,2,1,61
BRDA:37,3,0,0
BRDA:37,3,1,61
BRDA:41,4,0,0
BRDA:41,4,1,61
BRDA:45,5,0,0
BRDA:45,5,1,61
BRDA:49,6,0,0
BRDA:49,6,1,61
BRDA:53,7,0,0
BRDA:53,7,1,61
BRDA:58,8,0,0
BRDA:58,8,1,61
BRDA:61,9,0,0
BRDA:61,9,1,61
BRDA:245,10,0,37
BRDA:261,11,0,31
BRDA:261,12,0,359
BRDA:261,12,1,31
BRDA:277,13,0,30
BRDA:293,14,0,4
BRDA:293,15,0,14
BRDA:293,15,1,4
BRF:28
BRH:18
end_of_record
TN:
SF:apps/clinical-portal/src/app/config/compliance.config.ts
FN:79,getComplianceConfig
FN:86,isFallbackAllowed
FNF:2
FNH:0
FNDA:0,getComplianceConfig
FNDA:0,isFallbackAllowed
DA:58,11
DA:64,11
DA:79,11
DA:80,0
DA:86,11
DA:87,0
DA:90,0
DA:91,0
DA:95,0
LF:9
LH:4
BRDA:65,0,0,11
BRDA:65,0,1,0
BRDA:65,1,0,11
BRDA:65,1,1,11
BRDA:65,2,0,0
BRDA:65,2,1,11
BRDA:65,3,0,11
BRDA:65,3,1,11
BRDA:66,4,0,11
BRDA:66,4,1,0
BRDA:66,5,0,11
BRDA:66,5,1,11
BRDA:66,6,0,0
BRDA:66,6,1,11
BRDA:66,7,0,11
BRDA:66,7,1,11
BRDA:67,8,0,11
BRDA:67,8,1,0
BRDA:67,9,0,11
BRDA:67,9,1,11
BRDA:67,10,0,0
BRDA:67,10,1,11
BRDA:67,11,0,11
BRDA:67,11,1,11
BRDA:68,12,0,11
BRDA:68,12,1,0
BRDA:68,13,0,11
BRDA:68,13,1,11
BRDA:68,14,0,0
BRDA:68,14,1,11
BRDA:68,15,0,11
BRDA:68,15,1,11
BRDA:69,16,0,11
BRDA:69,16,1,0
BRDA:69,17,0,11
BRDA:69,17,1,11
BRDA:69,18,0,0
BRDA:69,18,1,11
BRDA:69,19,0,11
BRDA:69,19,1,11
BRDA:70,20,0,11
BRDA:70,20,1,0
BRDA:70,21,0,11
BRDA:70,21,1,11
BRDA:70,22,0,0
BRDA:70,22,1,11
BRDA:70,23,0,11
BRDA:70,23,1,11
BRDA:71,24,0,11
BRDA:71,24,1,0
BRDA:71,25,0,11
BRDA:71,25,1,11
BRDA:71,26,0,0
BRDA:71,26,1,11
BRDA:71,27,0,11
BRDA:71,27,1,11
BRDA:72,28,0,11
BRDA:72,28,1,0
BRDA:72,29,0,11
BRDA:72,29,1,11
BRDA:72,30,0,0
BRDA:72,30,1,11
BRDA:72,31,0,11
BRDA:72,31,1,11
BRDA:73,32,0,11
BRDA:73,32,1,0
BRDA:73,33,0,11
BRDA:73,33,1,11
BRDA:73,34,0,0
BRDA:73,34,1,11
BRDA:73,35,0,11
BRDA:73,35,1,11
BRDA:90,36,0,0
BRF:73
BRH:54
end_of_record
TN:
SF:apps/clinical-portal/src/app/config/scheduling.config.ts
FN:10,getScheduleSourceForTenant
FNF:1
FNH:0
FNDA:0,getScheduleSourceForTenant
DA:3,2
DA:5,2
DA:10,2
DA:11,0
DA:12,0
DA:14,0
LF:6
LH:3
BRDA:11,0,0,0
BRDA:14,1,0,0
BRDA:14,1,1,0
BRF:3
BRH:0
end_of_record
TN:
SF:apps/clinical-portal/src/app/data/knowledge-base-articles.ts
FNF:0
FNH:0
DA:9,9
LF:1
LH:1
BRF:0
BRH:0
end_of_record
TN:
SF:apps/clinical-portal/src/app/demo-mode/components/demo-control-bar/demo-control-bar.component.ts
FN:399,(anonymous_0)
FN:401,(anonymous_1)
FN:404,(anonymous_3)
FN:417,(anonymous_4)
FN:427,(anonymous_6)
FN:437,(anonymous_8)
FN:445,(anonymous_9)
FN:456,(anonymous_11)
FN:467,(anonymous_13)
FN:477,(anonymous_15)
FN:489,(anonymous_17)
FN:493,(anonymous_18)
FN:502,(anonymous_19)
FN:507,(anonymous_20)
FN:515,(anonymous_21)
FN:523,(anonymous_22)
FNF:16
FNH:0
FNDA:0,(anonymous_0)
FNDA:0,(anonymous_1)
FNDA:0,(anonymous_3)
FNDA:0,(anonymous_4)
FNDA:0,(anonymous_6)
FNDA:0,(anonymous_8)
FNDA:0,(anonymous_9)
FNDA:0,(anonymous_11)
FNDA:0,(anonymous_13)
FNDA:0,(anonymous_15)
FNDA:0,(anonymous_17)
FNDA:0,(anonymous_18)
FNDA:0,(anonymous_19)
FNDA:0,(anonymous_20)
FNDA:0,(anonymous_21)
FNDA:0,(anonymous_22)
DA:1,1
DA:2,1
DA:3,1
DA:4,1
DA:5,1
DA:6,1
DA:7,1
DA:8,1
DA:9,1
DA:10,1
DA:11,1
DA:12,1
DA:395,1
DA:396,0
DA:397,0
DA:399,0
DA:402,0
DA:403,0
DA:404,0
DA:418,0
DA:420,0
DA:421,0
DA:423,0
DA:428,0
DA:429,0
DA:430,0
DA:432,0
DA:438,0
DA:439,0
DA:440,0
DA:442,0
DA:446,0
DA:447,0
DA:449,0
DA:450,0
DA:452,0
DA:457,0
DA:458,0
DA:460,0
DA:461,0
DA:463,0
DA:468,0
DA:469,0
DA:470,0
DA:472,0
DA:478,0
DA:479,0
DA:480,0
DA:481,0
DA:482,0
DA:484,0
DA:490,0
DA:494,0
DA:495,0
DA:496,0
DA:499,0
DA:504,0
DA:508,0
DA:509,0
DA:510,0
DA:512,0
DA:516,0
DA:517,0
DA:518,0
DA:519,0
DA:520,0
DA:524,0
DA:526,0
LF:68
LH:13
BRDA:403,0,0,0
BRDA:403,0,1,0
BRDA:406,1,0,0
BRDA:406,1,1,0
BRDA:428,2,0,0
BRDA:439,3,0,0
BRDA:442,4,0,0
BRDA:442,4,1,0
BRDA:446,5,0,0
BRDA:457,6,0,0
BRDA:468,7,0,0
BRDA:479,8,0,0
BRDA:494,9,0,0
BRDA:495,10,0,0
BRDA:509,11,0,0
BRDA:516,12,0,0
BRDA:517,13,0,0
BRDA:518,14,0,0
BRDA:519,15,0,0
BRDA:526,16,0,0
BRDA:526,17,0,0
BRDA:526,17,1,0
BRF:22
BRH:0
end_of_record
TN:
SF:apps/clinical-portal/src/app/demo-mode/components/demo-storyboard-overlay/demo-storyboard-overlay.component.ts
FN:90,(anonymous_0)
FN:96,(anonymous_1)
FN:99,(anonymous_2)
FN:103,(anonymous_3)
FN:107,(anonymous_4)
FN:116,(anonymous_5)
FN:121,(anonymous_6)
FN:123,(anonymous_7)
FN:124,(anonymous_8)
FN:132,(anonymous_9)
FN:133,(anonymous_10)
FN:139,(anonymous_11)
FN:141,(anonymous_12)
FN:157,(anonymous_13)
FN:188,(anonymous_14)
FN:189,(anonymous_15)
FNF:16
FNH:0
FNDA:0,(anonymous_0)
FNDA:0,(anonymous_1)
FNDA:0,(anonymous_2)
FNDA:0,(anonymous_3)
FNDA:0,(anonymous_4)
FNDA:0,(anonymous_5)
FNDA:0,(anonymous_6)
FNDA:0,(anonymous_7)
FNDA:0,(anonymous_8)
FNDA:0,(anonymous_9)
FNDA:0,(anonymous_10)
FNDA:0,(anonymous_11)
FNDA:0,(anonymous_12)
FNDA:0,(anonymous_13)
FNDA:0,(anonymous_14)
FNDA:0,(anonymous_15)
DA:1,1
DA:2,1
DA:3,1
DA:4,1
DA:5,1
DA:83,1
DA:84,0
DA:85,0
DA:87,0
DA:88,0
DA:91,0
DA:92,0
DA:93,0
DA:97,0
DA:98,0
DA:99,0
DA:100,0
DA:101,0
DA:102,0
DA:103,0
DA:104,0
DA:105,0
DA:106,0
DA:107,0
DA:108,0
DA:109,0
DA:117,0
DA:118,0
DA:122,0
DA:123,0
DA:124,0
DA:125,0
DA:126,0
DA:127,0
DA:133,0
DA:134,0
DA:136,0
DA:140,0
DA:141,0
DA:142,0
DA:143,0
DA:144,0
DA:146,0
DA:147,0
DA:148,0
DA:149,0
DA:150,0
DA:151,0
DA:152,0
DA:153,0
DA:158,0
DA:159,0
DA:160,0
DA:161,0
DA:163,0
DA:165,0
DA:166,0
DA:167,0
DA:168,0
DA:170,0
DA:171,0
DA:172,0
DA:173,0
DA:175,0
DA:176,0
DA:177,0
DA:178,0
DA:181,0
DA:182,0
DA:183,0
DA:184,0
DA:189,0
DA:190,0
DA:191,0
DA:194,0
LF:75
LH:6
BRDA:103,0,0,0
BRDA:103,0,1,0
BRDA:103,1,0,0
BRDA:103,1,1,0
BRDA:103,2,0,0
BRDA:103,2,1,0
BRDA:103,3,0,0
BRDA:103,3,1,0
BRDA:103,4,0,0
BRDA:103,4,1,0
BRDA:103,5,0,0
BRDA:103,5,1,0
BRDA:103,6,0,0
BRDA:103,6,1,0
BRDA:103,7,0,0
BRDA:103,7,1,0
BRDA:103,8,0,0
BRDA:103,8,1,0
BRDA:103,9,0,0
BRDA:103,9,1,0
BRDA:105,10,0,0
BRDA:105,10,1,0
BRDA:105,11,0,0
BRDA:105,11,1,0
BRDA:105,12,0,0
BRDA:105,12,1,0
BRDA:105,13,0,0
BRDA:105,13,1,0
BRDA:106,14,0,0
BRDA:106,15,0,0
BRDA:106,15,1,0
BRDA:106,16,0,0
BRDA:106,16,1,0
BRDA:108,17,0,0
BRDA:143,18,0,0
BRDA:163,19,0,0
BRDA:163,19,1,0
BRDA:163,19,2,0
BRDA:163,19,3,0
BRDA:163,19,4,0
BRDA:190,20,0,0
BRF:41
BRH:0
end_of_record
TN:
SF:apps/clinical-portal/src/app/demo-mode/services/demo-mode.service.ts
FN:134,(anonymous_0)
FN:126,(anonymous_1)
FN:127,(anonymous_2)
FN:144,(anonymous_3)
FN:158,(anonymous_4)
FN:173,(anonymous_5)
FN:189,(anonymous_6)
FN:203,(anonymous_7)
FN:223,(anonymous_8)
FN:231,(anonymous_9)
FN:246,(anonymous_11)
FN:247,(anonymous_12)
FN:251,(anonymous_13)
FN:260,(anonymous_14)
FN:270,(anonymous_15)
FN:276,(anonymous_16)
FN:281,(anonymous_17)
FN:285,(anonymous_18)
FN:297,(anonymous_19)
FN:301,(anonymous_20)
FN:309,(anonymous_21)
FN:320,(anonymous_22)
FN:355,(anonymous_24)
FN:373,(anonymous_26)
FN:399,(anonymous_27)
FN:424,(anonymous_29)
FN:437,(anonymous_31)
FN:447,(anonymous_32)
FN:476,(anonymous_33)
FN:503,(anonymous_35)
FN:529,(anonymous_37)
FN:533,(anonymous_38)
FN:538,(anonymous_39)
FN:545,(anonymous_40)
FN:561,(anonymous_42)
FN:580,(anonymous_44)
FN:603,(anonymous_46)
FN:610,(anonymous_47)
FN:623,(anonymous_48)
FN:639,(anonymous_49)
FN:648,(anonymous_50)
FN:682,(anonymous_51)
FN:689,(anonymous_52)
FN:717,(anonymous_54)
FNF:44
FNH:0
FNDA:0,(anonymous_0)
FNDA:0,(anonymous_1)
FNDA:0,(anonymous_2)
FNDA:0,(anonymous_3)
FNDA:0,(anonymous_4)
FNDA:0,(anonymous_5)
FNDA:0,(anonymous_6)
FNDA:0,(anonymous_7)
FNDA:0,(anonymous_8)
FNDA:0,(anonymous_9)
FNDA:0,(anonymous_11)
FNDA:0,(anonymous_12)
FNDA:0,(anonymous_13)
FNDA:0,(anonymous_14)
FNDA:0,(anonymous_15)
FNDA:0,(anonymous_16)
FNDA:0,(anonymous_17)
FNDA:0,(anonymous_18)
FNDA:0,(anonymous_19)
FNDA:0,(anonymous_20)
FNDA:0,(anonymous_21)
FNDA:0,(anonymous_22)
FNDA:0,(anonymous_24)
FNDA:0,(anonymous_26)
FNDA:0,(anonymous_27)
FNDA:0,(anonymous_29)
FNDA:0,(anonymous_31)
FNDA:0,(anonymous_32)
FNDA:0,(anonymous_33)
FNDA:0,(anonymous_35)
FNDA:0,(anonymous_37)
FNDA:0,(anonymous_38)
FNDA:0,(anonymous_39)
FNDA:0,(anonymous_40)
FNDA:0,(anonymous_42)
FNDA:0,(anonymous_44)
FNDA:0,(anonymous_46)
FNDA:0,(anonymous_47)
FNDA:0,(anonymous_48)
FNDA:0,(anonymous_49)
FNDA:0,(anonymous_50)
FNDA:0,(anonymous_51)
FNDA:0,(anonymous_52)
FNDA:0,(anonymous_54)
DA:1,1
DA:2,1
DA:3,1
DA:4,1
DA:5,1
DA:89,1
DA:90,0
DA:91,0
DA:92,0
DA:95,0
DA:96,0
DA:97,0
DA:98,0
DA:99,0
DA:100,0
DA:101,0
DA:102,0
DA:103,0
DA:104,0
DA:105,0
DA:106,0
DA:107,0
DA:110,0
DA:111,0
DA:112,0
DA:113,0
DA:116,0
DA:117,0
DA:118,0
DA:119,0
DA:122,0
DA:123,0
DA:126,0
DA:127,0
DA:128,0
DA:129,0
DA:130,0
DA:131,0
DA:135,0
DA:136,0
DA:137,0
DA:140,0
DA:141,0
DA:145,0
DA:146,0
DA:148,0
DA:149,0
DA:150,0
DA:152,0
DA:160,0
DA:161,0
DA:162,0
DA:163,0
DA:166,0
DA:167,0
DA:168,0
DA:174,0
DA:175,0
DA:176,0
DA:177,0
DA:178,0
DA:179,0
DA:180,0
DA:181,0
DA:190,0
DA:191,0
DA:192,0
DA:193,0
DA:194,0
DA:195,0
DA:197,0
DA:204,0
DA:205,0
DA:206,0
DA:207,0
DA:208,0
DA:209,0
DA:210,0
DA:211,0
DA:212,0
DA:215,0
DA:216,0
DA:217,0
DA:224,0
DA:225,0
DA:227,0
DA:232,0
DA:233,0
DA:234,0
DA:235,0
DA:236,0
DA:237,0
DA:239,0
DA:241,0
DA:242,0
DA:247,0
DA:248,0
DA:252,0
DA:253,0
DA:254,0
DA:256,0
DA:257,0
DA:261,0
DA:262,0
DA:263,0
DA:264,0
DA:266,0
DA:271,0
DA:272,0
DA:274,0
DA:275,0
DA:276,0
DA:277,0
DA:278,0
DA:279,0
DA:281,0
DA:283,0
DA:285,0
DA:286,0
DA:287,0
DA:288,0
DA:289,0
DA:290,0
DA:291,0
DA:294,0
DA:297,0
DA:298,0
DA:299,0
DA:301,0
DA:302,0
DA:305,0
DA:310,0
DA:311,0
DA:312,0
DA:322,0
DA:323,0
DA:327,0
DA:328,0
DA:331,0
DA:333,0
DA:335,0
DA:340,0
DA:343,0
DA:344,0
DA:346,0
DA:349,0
DA:357,0
DA:358,0
DA:359,0
DA:360,0
DA:363,0
DA:364,0
DA:366,0
DA:367,0
DA:370,0
DA:371,0
DA:372,0
DA:373,0
DA:375,0
DA:388,0
DA:390,0
DA:392,0
DA:401,0
DA:402,0
DA:403,0
DA:404,0
DA:407,0
DA:408,0
DA:411,0
DA:412,0
DA:413,0
DA:415,0
DA:416,0
DA:417,0
DA:426,0
DA:427,0
DA:428,0
DA:429,0
DA:432,0
DA:433,0
DA:434,0
DA:435,0
DA:436,0
DA:437,0
DA:438,0
DA:441,0
DA:442,0
DA:445,0
DA:446,0
DA:447,0
DA:448,0
DA:460,0
DA:462,0
DA:463,0
DA:464,0
DA:466,0
DA:467,0
DA:468,0
DA:469,0
DA:478,0
DA:479,0
DA:480,0
DA:481,0
DA:484,0
DA:485,0
DA:487,0
DA:488,0
DA:491,0
DA:492,0
DA:493,0
DA:495,0
DA:496,0
DA:497,0
DA:499,0
DA:504,0
DA:505,0
DA:506,0
DA:507,0
DA:510,0
DA:511,0
DA:513,0
DA:514,0
DA:517,0
DA:518,0
DA:519,0
DA:521,0
DA:522,0
DA:523,0
DA:525,0
DA:530,0
DA:531,0
DA:533,0
DA:534,0
DA:539,0
DA:540,0
DA:541,0
DA:546,0
DA:547,0
DA:550,0
DA:551,0
DA:552,0
DA:553,0
DA:562,0
DA:563,0
DA:564,0
DA:565,0
DA:568,0
DA:569,0
DA:572,0
DA:574,0
DA:575,0
DA:576,0
DA:581,0
DA:582,0
DA:583,0
DA:584,0
DA:587,0
DA:588,0
DA:591,0
DA:592,0
DA:594,0
DA:595,0
DA:596,0
DA:604,0
DA:606,0
DA:607,0
DA:608,0
DA:610,0
DA:611,0
DA:612,0
DA:613,0
DA:617,0
DA:624,0
DA:626,0
DA:627,0
DA:628,0
DA:629,0
DA:632,0
DA:633,0
DA:640,0
DA:641,0
DA:642,0
DA:650,0
DA:676,0
DA:683,0
DA:691,0
DA:692,0
DA:693,0
DA:694,0
DA:697,0
DA:698,0
DA:699,0
DA:706,0
DA:707,0
DA:708,0
DA:710,0
DA:719,0
DA:720,0
DA:721,0
DA:722,0
DA:725,0
DA:726,0
DA:727,0
DA:730,0
DA:732,0
DA:733,0
DA:734,0
DA:736,0
LF:308
LH:6
BRDA:126,0,0,0
BRDA:126,0,1,0
BRDA:126,1,0,0
BRDA:126,1,1,0
BRDA:126,2,0,0
BRDA:126,2,1,0
BRDA:126,3,0,0
BRDA:126,3,1,0
BRDA:145,4,0,0
BRDA:145,5,0,0
BRDA:145,5,1,0
BRDA:148,6,0,0
BRDA:148,6,1,0
BRDA:149,7,0,0
BRDA:150,8,0,0
BRDA:150,8,1,0
BRDA:162,9,0,0
BRDA:162,9,1,0
BRDA:167,10,0,0
BRDA:176,11,0,0
BRDA:176,12,0,0
BRDA:176,12,1,0
BRDA:180,13,0,0
BRDA:194,14,0,0
BRDA:224,15,0,0
BRDA:224,15,1,0
BRDA:234,16,0,0
BRDA:234,16,1,0
BRDA:234,17,0,0
BRDA:234,17,1,0
BRDA:234,18,0,0
BRDA:234,18,1,0
BRDA:234,19,0,0
BRDA:234,19,1,0
BRDA:236,20,0,0
BRDA:236,21,0,0
BRDA:236,21,1,0
BRDA:247,22,0,0
BRDA:247,22,1,0
BRDA:247,23,0,0
BRDA:247,23,1,0
BRDA:253,24,0,0
BRDA:256,25,0,0
BRDA:256,25,1,0
BRDA:256,26,0,0
BRDA:256,26,1,0
BRDA:262,27,0,0
BRDA:262,27,1,0
BRDA:262,28,0,0
BRDA:262,28,1,0
BRDA:262,29,0,0
BRDA:262,29,1,0
BRDA:262,30,0,0
BRDA:262,30,1,0
BRDA:262,31,0,0
BRDA:262,31,1,0
BRDA:271,32,0,0
BRDA:283,33,0,0
BRDA:283,33,1,0
BRDA:283,34,0,0
BRDA:283,34,1,0
BRDA:288,35,0,0
BRDA:288,35,1,0
BRDA:288,36,0,0
BRDA:288,36,1,0
BRDA:290,37,0,0
BRDA:290,38,0,0
BRDA:290,38,1,0
BRDA:310,39,0,0
BRDA:322,40,0,0
BRDA:327,41,0,0
BRDA:340,42,0,0
BRDA:340,42,1,0
BRDA:340,43,0,0
BRDA:340,43,1,0
BRDA:358,44,0,0
BRDA:370,45,0,0
BRDA:370,45,1,0
BRDA:371,46,0,0
BRDA:371,47,0,0
BRDA:371,47,1,0
BRDA:371,48,0,0
BRDA:371,48,1,0
BRDA:376,49,0,0
BRDA:376,49,1,0
BRDA:377,50,0,0
BRDA:377,50,1,0
BRDA:402,51,0,0
BRDA:411,52,0,0
BRDA:411,52,1,0
BRDA:427,53,0,0
BRDA:445,54,0,0
BRDA:449,55,0,0
BRDA:449,55,1,0
BRDA:450,56,0,0
BRDA:450,56,1,0
BRDA:462,57,0,0
BRDA:462,57,1,0
BRDA:479,58,0,0
BRDA:495,59,0,0
BRDA:495,59,1,0
BRDA:505,60,0,0
BRDA:521,61,0,0
BRDA:521,61,1,0
BRDA:530,62,0,0
BRDA:539,63,0,0
BRDA:550,64,0,0
BRDA:552,65,0,0
BRDA:552,66,0,0
BRDA:552,66,1,0
BRDA:552,66,2,0
BRDA:563,67,0,0
BRDA:574,68,0,0
BRDA:574,68,1,0
BRDA:582,69,0,0
BRDA:594,70,0,0
BRDA:594,70,1,0
BRDA:604,71,0,0
BRDA:612,72,0,0
BRDA:624,73,0,0
BRDA:627,74,0,0
BRDA:692,75,0,0
BRDA:706,76,0,0
BRDA:706,76,1,0
BRDA:720,77,0,0
BRDA:732,78,0,0
BRDA:732,78,1,0
BRF:127
BRH:0
end_of_record
TN:
SF:apps/clinical-portal/src/app/dialogs/advanced-filter-dialog/advanced-filter-dialog.component.html
FNF:0
FNH:0
DA:1,8
LF:1
LH:1
BRF:0
BRH:0
end_of_record
TN:
SF:apps/clinical-portal/src/app/dialogs/advanced-filter-dialog/advanced-filter-dialog.component.ts
FN:159,(anonymous_0)
FN:165,(anonymous_1)
FN:175,(anonymous_2)
FN:189,(anonymous_3)
FN:196,(anonymous_4)
FN:208,(anonymous_5)
FN:215,(anonymous_6)
FN:225,(anonymous_7)
FN:235,(anonymous_8)
FN:243,(anonymous_9)
FN:244,(anonymous_10)
FN:250,(anonymous_11)
FN:263,(anonymous_12)
FN:285,(anonymous_13)
FN:294,(anonymous_14)
FN:304,(anonymous_15)
FN:314,(anonymous_16)
FN:324,(anonymous_17)
FN:333,(anonymous_18)
FN:343,(anonymous_19)
FN:351,(anonymous_20)
FN:365,(anonymous_21)
FN:371,(anonymous_22)
FN:372,(anonymous_23)
FN:384,(anonymous_24)
FN:394,(anonymous_25)
FN:407,(anonymous_26)
FNF:27
FNH:25
FNDA:13,(anonymous_0)
FNDA:13,(anonymous_1)
FNDA:13,(anonymous_2)
FNDA:200,(anonymous_3)
FNDA:17,(anonymous_4)
FNDA:15,(anonymous_5)
FNDA:0,(anonymous_6)
FNDA:1,(anonymous_7)
FNDA:2,(anonymous_8)
FNDA:90,(anonymous_9)
FNDA:316,(anonymous_10)
FNDA:28,(anonymous_11)
FNDA:1,(anonymous_12)
FNDA:29,(anonymous_13)
FNDA:29,(anonymous_14)
FNDA:29,(anonymous_15)
FNDA:3,(anonymous_16)
FNDA:3,(anonymous_17)
FNDA:1,(anonymous_18)
FNDA:0,(anonymous_19)
FNDA:1,(anonymous_20)
FNDA:2,(anonymous_21)
FNDA:2,(anonymous_22)
FNDA:1,(anonymous_23)
FNDA:1,(anonymous_24)
FNDA:2,(anonymous_25)
FNDA:1,(anonymous_26)
DA:1,8
DA:2,8
DA:3,8
DA:10,8
DA:15,8
DA:16,8
DA:17,8
DA:18,8
DA:19,8
DA:20,8
DA:21,8
DA:22,8
DA:23,8
DA:24,8
DA:105,8
DA:107,13
DA:108,13
DA:110,13
DA:138,13
DA:160,13
DA:161,13
DA:162,13
DA:166,13
DA:167,13
DA:168,1
DA:176,13
DA:183,13
DA:190,200
DA:197,17
DA:209,15
DA:216,0
DA:217,0
DA:218,0
DA:226,1
DA:232,1
DA:235,1
DA:236,2
DA:244,316
DA:251,28
DA:252,28
DA:253,28
DA:255,28
DA:257,4
DA:264,1
DA:265,1
DA:266,1
DA:268,1
DA:269,1
DA:270,1
DA:271,1
DA:279,1
DA:286,29
DA:287,29
DA:288,29
DA:295,29
DA:296,29
DA:297,29
DA:298,29
DA:305,29
DA:306,29
DA:307,29
DA:308,29
DA:315,3
DA:316,3
DA:317,3
DA:318,3
DA:325,3
DA:326,1
DA:327,1
DA:330,2
DA:333,2
DA:334,1
DA:335,1
DA:336,1
DA:344,0
DA:345,0
DA:352,1
DA:353,1
DA:354,1
DA:366,2
DA:367,2
DA:371,2
DA:372,1
DA:385,1
DA:386,1
DA:387,1
DA:388,1
DA:395,2
DA:396,1
DA:397,1
DA:400,1
DA:401,1
DA:408,1
LF:93
LH:88
BRDA:167,0,0,1
BRDA:198,1,0,17
BRDA:198,1,1,15
BRDA:198,2,0,15
BRDA:198,2,1,2
BRDA:198,3,0,17
BRDA:198,3,1,17
BRDA:199,4,0,17
BRDA:199,4,1,15
BRDA:199,5,0,15
BRDA:199,5,1,2
BRDA:199,6,0,17
BRDA:199,6,1,17
BRDA:200,7,0,17
BRDA:200,7,1,15
BRDA:200,8,0,15
BRDA:200,8,1,2
BRDA:200,9,0,17
BRDA:200,9,1,17
BRDA:216,10,0,0
BRDA:228,11,0,1
BRDA:228,11,1,0
BRDA:252,12,0,0
BRDA:252,12,1,28
BRDA:252,13,0,28
BRDA:252,13,1,28
BRDA:255,14,0,24
BRDA:257,15,0,4
BRDA:257,15,1,0
BRDA:265,16,0,0
BRDA:265,16,1,1
BRDA:265,17,0,1
BRDA:265,17,1,1
BRDA:268,18,0,1
BRDA:270,19,0,1
BRDA:270,20,0,1
BRDA:270,20,1,1
BRDA:287,21,0,0
BRDA:287,21,1,29
BRDA:287,22,0,29
BRDA:287,22,1,29
BRDA:296,23,0,0
BRDA:296,23,1,29
BRDA:296,24,0,29
BRDA:296,24,1,29
BRDA:298,25,0,24
BRDA:298,25,1,5
BRDA:298,26,0,29
BRDA:298,26,1,29
BRDA:306,27,0,0
BRDA:306,27,1,29
BRDA:306,28,0,29
BRDA:306,28,1,29
BRDA:308,29,0,24
BRDA:308,29,1,5
BRDA:308,30,0,29
BRDA:308,30,1,29
BRDA:316,31,0,0
BRDA:316,31,1,3
BRDA:316,32,0,3
BRDA:316,32,1,3
BRDA:318,33,0,3
BRDA:318,33,1,0
BRDA:318,34,0,0
BRDA:318,34,1,3
BRDA:318,35,0,3
BRDA:318,35,1,3
BRDA:325,36,0,1
BRDA:353,37,0,1
BRDA:371,38,0,2
BRDA:371,38,1,1
BRDA:395,39,0,1
BRF:72
BRH:61
end_of_record
TN:
SF:apps/clinical-portal/src/app/dialogs/batch-evaluation-dialog/batch-evaluation-dialog.component.ts
FN:408,(anonymous_0)
FN:420,(anonymous_1)
FN:425,(anonymous_2)
FN:430,(anonymous_3)
FN:435,(anonymous_4)
FN:444,(anonymous_5)
FN:451,(anonymous_6)
FN:456,(anonymous_7)
FN:462,(anonymous_8)
FN:463,(anonymous_9)
FN:468,(anonymous_10)
FN:475,(anonymous_11)
FN:476,(anonymous_12)
FN:479,(anonymous_13)
FN:483,(anonymous_14)
FN:486,(anonymous_15)
FN:489,(anonymous_16)
FN:490,(anonymous_17)
FN:493,(anonymous_18)
FN:497,(anonymous_19)
FN:501,(anonymous_20)
FN:505,(anonymous_21)
FN:515,(anonymous_22)
FN:520,(anonymous_23)
FN:539,(anonymous_24)
FN:552,(anonymous_25)
FN:556,(anonymous_26)
FN:562,(anonymous_27)
FN:569,(anonymous_28)
FN:596,(anonymous_29)
FN:602,(anonymous_30)
FN:606,(anonymous_31)
FN:609,(anonymous_32)
FN:622,(anonymous_33)
FN:628,(anonymous_34)
FN:644,(anonymous_35)
FN:661,(anonymous_36)
FN:668,(anonymous_37)
FN:673,(anonymous_38)
FN:680,(anonymous_39)
FN:682,(anonymous_40)
FN:687,(anonymous_41)
FN:697,(anonymous_42)
FN:699,(anonymous_43)
FN:701,(anonymous_44)
FN:702,(anonymous_45)
FN:702,(anonymous_46)
FN:707,(anonymous_47)
FN:714,(anonymous_48)
FNF:49
FNH:34
FNDA:23,(anonymous_0)
FNDA:23,(anonymous_1)
FNDA:23,(anonymous_2)
FNDA:23,(anonymous_3)
FNDA:23,(anonymous_4)
FNDA:0,(anonymous_5)
FNDA:23,(anonymous_6)
FNDA:23,(anonymous_7)
FNDA:1,(anonymous_8)
FNDA:1,(anonymous_9)
FNDA:0,(anonymous_10)
FNDA:369,(anonymous_11)
FNDA:1107,(anonymous_12)
FNDA:7,(anonymous_13)
FNDA:2,(anonymous_14)
FNDA:3,(anonymous_15)
FNDA:2,(anonymous_16)
FNDA:6,(anonymous_17)
FNDA:3,(anonymous_18)
FNDA:50,(anonymous_19)
FNDA:95,(anonymous_20)
FNDA:49,(anonymous_21)
FNDA:2,(anonymous_22)
FNDA:1,(anonymous_23)
FNDA:0,(anonymous_24)
FNDA:0,(anonymous_25)
FNDA:0,(anonymous_26)
FNDA:0,(anonymous_27)
FNDA:2,(anonymous_28)
FNDA:1,(anonymous_29)
FNDA:1,(anonymous_30)
FNDA:1,(anonymous_31)
FNDA:0,(anonymous_32)
FNDA:1,(anonymous_33)
FNDA:3,(anonymous_34)
FNDA:2,(anonymous_35)
FNDA:1,(anonymous_36)
FNDA:1,(anonymous_37)
FNDA:0,(anonymous_38)
FNDA:1,(anonymous_39)
FNDA:1,(anonymous_40)
FNDA:0,(anonymous_41)
FNDA:0,(anonymous_42)
FNDA:0,(anonymous_43)
FNDA:0,(anonymous_44)
FNDA:0,(anonymous_45)
FNDA:0,(anonymous_46)
FNDA:0,(anonymous_47)
FNDA:1,(anonymous_48)
DA:1,1
DA:2,1
DA:3,1
DA:4,1
DA:5,1
DA:6,1
DA:7,1
DA:8,1
DA:9,1
DA:10,1
DA:11,1
DA:12,1
DA:13,1
DA:14,1
DA:15,1
DA:16,1
DA:17,1
DA:18,1
DA:19,1
DA:20,1
DA:24,1
DA:25,1
DA:26,1
DA:27,1
DA:28,1
DA:29,1
DA:361,1
DA:362,23
DA:364,23
DA:365,23
DA:366,23
DA:369,23
DA:370,23
DA:371,23
DA:374,23
DA:377,23
DA:389,23
DA:390,23
DA:391,23
DA:392,23
DA:393,23
DA:394,23
DA:395,23
DA:396,23
DA:399,23
DA:400,23
DA:401,23
DA:402,23
DA:405,23
DA:406,23
DA:409,23
DA:410,23
DA:411,23
DA:412,23
DA:413,23
DA:414,23
DA:415,23
DA:416,23
DA:417,23
DA:421,23
DA:422,23
DA:426,23
DA:427,23
DA:431,23
DA:432,23
DA:436,23
DA:437,23
DA:440,23
DA:441,1
DA:445,0
DA:446,0
DA:452,23
DA:453,23
DA:457,23
DA:458,23
DA:461,23
DA:462,1
DA:463,1
DA:464,1
DA:469,0
DA:470,0
DA:476,1107
DA:480,7
DA:484,2
DA:486,3
DA:490,6
DA:494,3
DA:498,50
DA:502,95
DA:506,49
DA:507,45
DA:509,4
DA:510,1
DA:512,3
DA:516,2
DA:517,2
DA:521,1
DA:522,1
DA:523,1
DA:524,1
DA:525,1
DA:527,1
DA:528,1
DA:529,1
DA:530,1
DA:533,1
DA:540,0
DA:542,0
DA:543,0
DA:544,0
DA:547,0
DA:552,0
DA:557,0
DA:560,0
DA:563,0
DA:564,0
DA:576,2
DA:578,1
DA:579,1
DA:580,1
DA:581,1
DA:584,1
DA:585,1
DA:586,1
DA:588,1
DA:589,1
DA:590,1
DA:591,1
DA:593,1
DA:597,1
DA:602,1
DA:603,1
DA:607,1
DA:608,0
DA:609,0
DA:613,1
DA:614,1
DA:616,1
DA:617,1
DA:618,1
DA:622,1
DA:623,1
DA:629,3
DA:630,2
DA:638,2
DA:640,1
DA:645,2
DA:653,2
DA:662,1
DA:663,0
DA:664,0
DA:667,1
DA:668,1
DA:670,1
DA:674,0
DA:676,0
DA:682,1
DA:683,1
DA:684,1
DA:685,1
DA:688,0
DA:689,0
DA:699,0
DA:700,0
DA:701,0
DA:702,0
DA:706,0
DA:707,0
DA:716,1
DA:724,1
DA:727,1
LF:171
LH:143
BRDA:440,0,0,1
BRDA:440,1,0,22
BRDA:440,1,1,1
BRDA:440,2,0,23
BRDA:440,2,1,1
BRDA:461,3,0,1
BRDA:461,4,0,22
BRDA:461,4,1,1
BRDA:461,5,0,23
BRDA:461,5,1,1
BRDA:464,6,0,1
BRDA:484,7,0,1
BRDA:484,7,1,1
BRDA:502,8,0,95
BRDA:502,8,1,6
BRDA:506,9,0,45
BRDA:509,10,0,1
BRDA:517,11,0,1
BRDA:517,11,1,1
BRDA:540,12,0,0
BRDA:544,13,0,0
BRDA:544,13,1,0
BRDA:576,14,0,1
BRDA:600,15,0,1
BRDA:600,15,1,0
BRDA:607,16,0,0
BRDA:616,17,0,1
BRDA:629,18,0,2
BRDA:629,18,1,1
BRDA:662,19,0,0
BRDA:682,20,0,1
BRDA:682,20,1,0
BRDA:682,21,0,0
BRDA:682,21,1,1
BRDA:682,22,0,1
BRDA:682,22,1,1
BRF:36
BRH:28
end_of_record
TN:
SF:apps/clinical-portal/src/app/dialogs/care-gap-closure-dialog/care-gap-closure-dialog.component.html
FNF:0
FNH:0
DA:1,1
LF:1
LH:1
BRF:0
BRH:0
end_of_record
TN:
SF:apps/clinical-portal/src/app/dialogs/care-gap-closure-dialog/care-gap-closure-dialog.component.ts
FN:161,(anonymous_0)
FN:157,(anonymous_1)
FN:171,(anonymous_2)
FN:180,(anonymous_3)
FN:272,(anonymous_4)
FN:333,(anonymous_5)
FN:345,(anonymous_6)
FN:359,(anonymous_7)
FN:381,(anonymous_8)
FN:400,(anonymous_9)
FN:427,(anonymous_10)
FN:446,(anonymous_11)
FN:453,(anonymous_12)
FN:456,(anonymous_13)
FN:465,(anonymous_14)
FN:467,(anonymous_15)
FN:474,(anonymous_16)
FN:481,(anonymous_17)
FN:492,(anonymous_18)
FN:503,(anonymous_19)
FN:513,(anonymous_20)
FN:522,(anonymous_21)
FN:534,(anonymous_22)
FN:542,(anonymous_23)
FN:549,(anonymous_24)
FNF:25
FNH:0
FNDA:0,(anonymous_0)
FNDA:0,(anonymous_1)
FNDA:0,(anonymous_2)
FNDA:0,(anonymous_3)
FNDA:0,(anonymous_4)
FNDA:0,(anonymous_5)
FNDA:0,(anonymous_6)
FNDA:0,(anonymous_7)
FNDA:0,(anonymous_8)
FNDA:0,(anonymous_9)
FNDA:0,(anonymous_10)
FNDA:0,(anonymous_11)
FNDA:0,(anonymous_12)
FNDA:0,(anonymous_13)
FNDA:0,(anonymous_14)
FNDA:0,(anonymous_15)
FNDA:0,(anonymous_16)
FNDA:0,(anonymous_17)
FNDA:0,(anonymous_18)
FNDA:0,(anonymous_19)
FNDA:0,(anonymous_20)
FNDA:0,(anonymous_21)
FNDA:0,(anonymous_22)
FNDA:0,(anonymous_23)
FNDA:0,(anonymous_24)
DA:19,1
DA:20,1
DA:21,1
DA:22,1
DA:27,1
DA:28,1
DA:29,1
DA:30,1
DA:31,1
DA:32,1
DA:33,1
DA:34,1
DA:35,1
DA:36,1
DA:37,1
DA:38,1
DA:39,1
DA:40,1
DA:48,1
DA:137,1
DA:139,0
DA:140,0
DA:141,0
DA:142,0
DA:151,0
DA:154,0
DA:157,0
DA:158,0
DA:162,0
DA:163,0
DA:164,0
DA:165,0
DA:166,0
DA:168,0
DA:172,0
DA:173,0
DA:174,0
DA:181,0
DA:184,0
DA:215,0
DA:217,0
DA:218,0
DA:229,0
DA:230,0
DA:241,0
DA:242,0
DA:253,0
DA:254,0
DA:266,0
DA:273,0
DA:274,0
DA:277,0
DA:285,0
DA:287,0
DA:288,0
DA:295,0
DA:296,0
DA:303,0
DA:304,0
DA:311,0
DA:312,0
DA:319,0
DA:320,0
DA:327,0
DA:334,0
DA:346,0
DA:347,0
DA:348,0
DA:349,0
DA:352,0
DA:353,0
DA:360,0
DA:362,0
DA:363,0
DA:365,0
DA:372,0
DA:373,0
DA:381,0
DA:382,0
DA:391,0
DA:392,0
DA:393,0
DA:401,0
DA:402,0
DA:405,0
DA:407,0
DA:408,0
DA:409,0
DA:411,0
DA:418,0
DA:419,0
DA:427,0
DA:428,0
DA:437,0
DA:438,0
DA:439,0
DA:447,0
DA:454,0
DA:455,0
DA:456,0
DA:458,0
DA:466,0
DA:467,0
DA:475,0
DA:482,0
DA:493,0
DA:504,0
DA:514,0
DA:523,0
DA:524,0
DA:525,0
DA:526,0
DA:527,0
DA:535,0
DA:536,0
DA:543,0
DA:550,0
LF:117
LH:20
BRDA:158,0,0,0
BRDA:158,0,1,0
BRDA:217,1,0,0
BRDA:229,2,0,0
BRDA:241,3,0,0
BRDA:253,4,0,0
BRDA:287,5,0,0
BRDA:287,6,0,0
BRDA:287,6,1,0
BRDA:287,6,2,0
BRDA:295,7,0,0
BRDA:295,8,0,0
BRDA:295,8,1,0
BRDA:303,9,0,0
BRDA:303,10,0,0
BRDA:303,10,1,0
BRDA:303,10,2,0
BRDA:311,11,0,0
BRDA:311,12,0,0
BRDA:311,12,1,0
BRDA:311,12,2,0
BRDA:319,13,0,0
BRDA:319,14,0,0
BRDA:319,14,1,0
BRDA:346,15,0,0
BRDA:372,16,0,0
BRDA:401,17,0,0
BRDA:418,18,0,0
BRDA:418,19,0,0
BRDA:418,19,1,0
BRDA:455,20,0,0
BRDA:455,20,1,0
BRDA:466,21,0,0
BRDA:482,22,0,0
BRDA:482,22,1,0
BRDA:482,22,2,0
BRDA:482,22,3,0
BRDA:482,22,4,0
BRDA:493,23,0,0
BRDA:493,23,1,0
BRDA:493,23,2,0
BRDA:493,23,3,0
BRDA:493,23,4,0
BRDA:504,24,0,0
BRDA:504,24,1,0
BRDA:504,24,2,0
BRDA:504,24,3,0
BRDA:514,25,0,0
BRDA:514,25,1,0
BRDA:514,25,2,0
BRDA:523,26,0,0
BRDA:523,26,1,0
BRDA:523,26,2,0
BRDA:523,26,3,0
BRF:54
BRH:0
end_of_record
TN:
SF:apps/clinical-portal/src/app/dialogs/evaluation-details-dialog/evaluation-details-dialog.component.html
FNF:0
FNH:0
DA:1,8
LF:1
LH:1
BRF:0
BRH:0
end_of_record
TN:
SF:apps/clinical-portal/src/app/dialogs/evaluation-details-dialog/evaluation-details-dialog.component.ts
FN:101,(anonymous_0)
FN:107,(anonymous_1)
FN:114,(anonymous_2)
FN:119,(anonymous_3)
FN:224,(anonymous_4)
FN:231,(anonymous_5)
FN:239,(anonymous_6)
FN:246,(anonymous_7)
FN:260,(anonymous_8)
FN:267,(anonymous_9)
FN:280,(anonymous_10)
FN:293,(anonymous_11)
FNF:12
FNH:12
FNDA:12,(anonymous_0)
FNDA:1,(anonymous_1)
FNDA:3,(anonymous_2)
FNDA:2,(anonymous_3)
FNDA:1,(anonymous_4)
FNDA:1,(anonymous_5)
FNDA:1,(anonymous_6)
FNDA:1,(anonymous_7)
FNDA:1,(anonymous_8)
FNDA:4,(anonymous_9)
FNDA:4,(anonymous_10)
FNDA:4,(anonymous_11)
DA:1,8
DA:2,8
DA:3,8
DA:8,8
DA:9,8
DA:10,8
DA:11,8
DA:12,8
DA:13,8
DA:14,8
DA:96,8
DA:97,12
DA:98,12
DA:99,12
DA:102,12
DA:103,12
DA:104,12
DA:108,1
DA:115,3
DA:116,3
DA:119,3
DA:120,2
DA:216,2
DA:217,2
DA:225,1
DA:232,1
DA:240,1
DA:247,1
DA:248,1
DA:261,1
DA:268,4
DA:274,4
DA:281,4
DA:287,4
DA:294,4
DA:304,4
LF:36
LH:36
BRDA:123,0,0,2
BRDA:123,0,1,1
BRDA:125,1,0,2
BRDA:125,1,1,1
BRDA:274,2,0,4
BRDA:274,2,1,1
BRDA:287,3,0,4
BRDA:287,3,1,1
BRDA:304,4,0,4
BRDA:304,4,1,1
BRF:10
BRH:10
end_of_record
TN:
SF:apps/clinical-portal/src/app/dialogs/patient-edit-dialog/patient-edit-dialog.component.html
FNF:0
FNH:0
DA:1,8
LF:1
LH:1
BRF:0
BRH:0
end_of_record
TN:
SF:apps/clinical-portal/src/app/dialogs/patient-edit-dialog/patient-edit-dialog.component.ts
FN:102,(anonymous_0)
FN:110,(anonymous_1)
FN:120,(anonymous_2)
FN:156,(anonymous_3)
FN:158,(anonymous_4)
FN:159,(anonymous_5)
FN:162,(anonymous_6)
FN:195,(anonymous_7)
FN:246,(anonymous_8)
FN:267,(anonymous_9)
FN:278,(anonymous_10)
FN:287,(anonymous_11)
FN:297,(anonymous_12)
FN:308,(anonymous_13)
FN:317,(anonymous_14)
FN:324,(anonymous_15)
FNF:16
FNH:16
FNDA:16,(anonymous_0)
FNDA:16,(anonymous_1)
FNDA:16,(anonymous_2)
FNDA:1,(anonymous_3)
FNDA:1,(anonymous_4)
FNDA:2,(anonymous_5)
FNDA:1,(anonymous_6)
FNDA:2,(anonymous_7)
FNDA:2,(anonymous_8)
FNDA:3,(anonymous_9)
FNDA:4,(anonymous_10)
FNDA:2,(anonymous_11)
FNDA:4,(anonymous_12)
FNDA:1,(anonymous_13)
FNDA:1,(anonymous_14)
FNDA:7,(anonymous_15)
DA:1,8
DA:2,8
DA:3,8
DA:9,8
DA:14,8
DA:15,8
DA:16,8
DA:17,8
DA:18,8
DA:19,8
DA:20,8
DA:21,8
DA:22,8
DA:76,8
DA:81,16
DA:84,16
DA:91,16
DA:97,16
DA:103,16
DA:104,16
DA:105,16
DA:107,16
DA:111,16
DA:112,16
DA:113,1
DA:122,16
DA:131,16
DA:145,16
DA:157,1
DA:158,1
DA:159,2
DA:160,1
DA:161,1
DA:162,1
DA:166,1
DA:175,1
DA:196,2
DA:197,2
DA:199,2
DA:225,2
DA:226,2
DA:227,1
DA:233,2
DA:234,1
DA:239,2
DA:240,1
DA:244,2
DA:245,1
DA:246,2
DA:248,1
DA:261,2
DA:268,3
DA:269,2
DA:270,2
DA:271,2
DA:272,2
DA:279,4
DA:280,1
DA:281,1
DA:284,3
DA:287,3
DA:288,2
DA:289,2
DA:290,2
DA:298,4
DA:309,1
DA:310,1
DA:311,1
DA:318,1
DA:325,7
DA:326,7
DA:328,6
DA:329,1
DA:331,5
DA:332,1
DA:333,1
DA:335,4
DA:336,0
DA:338,4
DA:339,3
DA:340,1
DA:342,2
DA:343,1
DA:345,1
DA:346,1
DA:349,1
LF:86
LH:85
BRDA:112,0,0,1
BRDA:112,1,0,16
BRDA:112,1,1,1
BRDA:157,2,0,0
BRDA:157,2,1,1
BRDA:157,3,0,1
BRDA:157,3,1,1
BRDA:158,4,0,0
BRDA:158,4,1,1
BRDA:158,5,0,1
BRDA:158,5,1,1
BRDA:159,6,0,0
BRDA:159,6,1,1
BRDA:159,7,0,1
BRDA:159,7,1,1
BRDA:160,8,0,0
BRDA:160,8,1,1
BRDA:160,9,0,1
BRDA:160,9,1,1
BRDA:161,10,0,0
BRDA:161,10,1,1
BRDA:161,11,0,1
BRDA:161,11,1,1
BRDA:162,12,0,0
BRDA:162,12,1,1
BRDA:162,13,0,1
BRDA:162,13,1,1
BRDA:167,14,0,1
BRDA:167,14,1,0
BRDA:167,15,0,0
BRDA:167,15,1,1
BRDA:167,16,0,1
BRDA:167,16,1,1
BRDA:167,17,0,0
BRDA:167,17,1,1
BRDA:167,18,0,1
BRDA:167,18,1,1
BRDA:168,19,0,1
BRDA:168,19,1,0
BRDA:168,20,0,0
BRDA:168,20,1,1
BRDA:168,21,0,1
BRDA:168,21,1,1
BRDA:169,22,0,1
BRDA:169,22,1,0
BRDA:170,23,0,1
BRDA:170,23,1,0
BRDA:171,24,0,1
BRDA:171,24,1,0
BRDA:171,25,0,0
BRDA:171,25,1,1
BRDA:171,26,0,1
BRDA:171,26,1,1
BRDA:176,27,0,1
BRDA:176,27,1,0
BRDA:176,28,0,0
BRDA:176,28,1,1
BRDA:176,29,0,1
BRDA:176,29,1,1
BRDA:177,30,0,1
BRDA:177,30,1,0
BRDA:177,31,0,0
BRDA:177,31,1,1
BRDA:177,32,0,1
BRDA:177,32,1,1
BRDA:178,33,0,1
BRDA:178,33,1,0
BRDA:178,34,0,0
BRDA:178,34,1,1
BRDA:178,35,0,1
BRDA:178,35,1,1
BRDA:179,36,0,1
BRDA:179,36,1,0
BRDA:179,37,0,0
BRDA:179,37,1,1
BRDA:179,38,0,1
BRDA:179,38,1,1
BRDA:179,39,0,0
BRDA:179,39,1,1
BRDA:179,40,0,1
BRDA:179,40,1,1
BRDA:180,41,0,1
BRDA:180,41,1,0
BRDA:180,42,0,0
BRDA:180,42,1,1
BRDA:180,43,0,1
BRDA:180,43,1,1
BRDA:180,44,0,0
BRDA:180,44,1,1
BRDA:180,45,0,1
BRDA:180,45,1,1
BRDA:181,46,0,1
BRDA:181,46,1,0
BRDA:181,47,0,0
BRDA:181,47,1,1
BRDA:181,48,0,1
BRDA:181,48,1,1
BRDA:182,49,0,1
BRDA:182,49,1,0
BRDA:182,50,0,0
BRDA:182,50,1,1
BRDA:182,51,0,1
BRDA:182,51,1,1
BRDA:183,52,0,1
BRDA:183,52,1,0
BRDA:183,53,0,0
BRDA:183,53,1,1
BRDA:183,54,0,1
BRDA:183,54,1,1
BRDA:184,55,0,1
BRDA:184,55,1,0
BRDA:184,56,0,0
BRDA:184,56,1,1
BRDA:184,57,0,1
BRDA:184,57,1,1
BRDA:185,58,0,1
BRDA:185,58,1,0
BRDA:185,59,0,0
BRDA:185,59,1,1
BRDA:185,60,0,1
BRDA:185,60,1,1
BRDA:201,61,0,2
BRDA:201,61,1,2
BRDA:201,62,0,2
BRDA:201,62,1,0
BRDA:201,63,0,2
BRDA:201,63,1,2
BRDA:226,64,0,1
BRDA:233,65,0,1
BRDA:239,66,0,1
BRDA:244,67,0,1
BRDA:244,68,0,2
BRDA:244,68,1,1
BRDA:244,68,2,1
BRDA:268,69,0,1
BRDA:279,70,0,1
BRDA:299,71,0,4
BRDA:299,71,1,3
BRDA:299,71,2,3
BRDA:326,72,0,1
BRDA:326,73,0,7
BRDA:326,73,1,6
BRDA:328,74,0,1
BRDA:331,75,0,1
BRDA:335,76,0,0
BRDA:338,77,0,3
BRDA:339,78,0,1
BRDA:342,79,0,1
BRDA:345,80,0,1
BRF:149
BRH:110
end_of_record
TN:
SF:apps/clinical-portal/src/app/dialogs/sdoh-referral-dialog/sdoh-referral-dialog.component.html
FNF:0
FNH:0
DA:1,1
LF:1
LH:1
BRF:0
BRH:0
end_of_record
TN:
SF:apps/clinical-portal/src/app/dialogs/sdoh-referral-dialog/sdoh-referral-dialog.component.ts
FN:158,(anonymous_0)
FN:145,(anonymous_1)
FN:152,(anonymous_2)
FN:171,(anonymous_3)
FN:186,(anonymous_4)
FN:189,(anonymous_5)
FN:195,(anonymous_6)
FN:200,(anonymous_7)
FN:219,(anonymous_8)
FN:223,(anonymous_9)
FN:232,(anonymous_10)
FN:233,(anonymous_11)
FN:241,(anonymous_12)
FN:242,(anonymous_13)
FN:245,(anonymous_14)
FN:251,(anonymous_15)
FN:255,(anonymous_16)
FN:263,(anonymous_17)
FN:270,(anonymous_18)
FN:278,(anonymous_19)
FN:283,(anonymous_20)
FN:287,(anonymous_21)
FN:291,(anonymous_22)
FN:301,(anonymous_23)
FN:307,(anonymous_24)
FN:311,(anonymous_25)
FN:318,(anonymous_26)
FN:325,(anonymous_27)
FN:338,(anonymous_28)
FN:342,(anonymous_29)
FN:346,(anonymous_30)
FN:355,(anonymous_31)
FN:360,(anonymous_32)
FN:362,(anonymous_33)
FN:366,(anonymous_34)
FN:371,(anonymous_35)
FN:382,(anonymous_36)
FN:390,(anonymous_37)
FN:405,(anonymous_38)
FN:412,(anonymous_39)
FN:420,(anonymous_40)
FN:427,(anonymous_41)
FN:434,(anonymous_42)
FN:441,(anonymous_43)
FN:445,(anonymous_44)
FN:461,(anonymous_45)
FN:490,(anonymous_46)
FN:510,(anonymous_47)
FN:514,(anonymous_48)
FNF:49
FNH:49
FNDA:73,(anonymous_0)
FNDA:292,(anonymous_1)
FNDA:365,(anonymous_2)
FNDA:73,(anonymous_3)
FNDA:5,(anonymous_4)
FNDA:5,(anonymous_5)
FNDA:74,(anonymous_6)
FNDA:73,(anonymous_7)
FNDA:73,(anonymous_8)
FNDA:73,(anonymous_9)
FNDA:2,(anonymous_10)
FNDA:1,(anonymous_11)
FNDA:572,(anonymous_12)
FNDA:851,(anonymous_13)
FNDA:1,(anonymous_14)
FNDA:1,(anonymous_15)
FNDA:442,(anonymous_16)
FNDA:3,(anonymous_17)
FNDA:2,(anonymous_18)
FNDA:2,(anonymous_19)
FNDA:1,(anonymous_20)
FNDA:1,(anonymous_21)
FNDA:11,(anonymous_22)
FNDA:5,(anonymous_23)
FNDA:1,(anonymous_24)
FNDA:1,(anonymous_25)
FNDA:7,(anonymous_26)
FNDA:441,(anonymous_27)
FNDA:294,(anonymous_28)
FNDA:147,(anonymous_29)
FNDA:149,(anonymous_30)
FNDA:149,(anonymous_31)
FNDA:2,(anonymous_32)
FNDA:4,(anonymous_33)
FNDA:149,(anonymous_34)
FNDA:149,(anonymous_35)
FNDA:2,(anonymous_36)
FNDA:7,(anonymous_37)
FNDA:5,(anonymous_38)
FNDA:1,(anonymous_39)
FNDA:2,(anonymous_40)
FNDA:1,(anonymous_41)
FNDA:1,(anonymous_42)
FNDA:1,(anonymous_43)
FNDA:158,(anonymous_44)
FNDA:9,(anonymous_45)
FNDA:569,(anonymous_46)
FNDA:568,(anonymous_47)
FNDA:146,(anonymous_48)
DA:1,1
DA:2,1
DA:3,1
DA:10,1
DA:15,1
DA:16,1
DA:17,1
DA:18,1
DA:19,1
DA:20,1
DA:21,1
DA:22,1
DA:23,1
DA:24,1
DA:25,1
DA:26,1
DA:27,1
DA:28,1
DA:29,1
DA:30,1
DA:31,1
DA:32,1
DA:33,1
DA:35,1
DA:36,1
DA:38,1
DA:39,1
DA:40,1
DA:42,1
DA:100,1
DA:102,73
DA:103,73
DA:106,73
DA:109,73
DA:110,73
DA:111,73
DA:112,73
DA:113,73
DA:114,73
DA:115,73
DA:116,73
DA:117,73
DA:123,73
DA:126,73
DA:127,73
DA:130,73
DA:131,73
DA:132,73
DA:133,73
DA:135,73
DA:144,73
DA:145,292
DA:151,73
DA:152,365
DA:159,73
DA:163,73
DA:164,73
DA:165,73
DA:166,73
DA:168,73
DA:173,73
DA:174,1
DA:175,72
DA:176,70
DA:180,73
DA:183,73
DA:186,5
DA:190,5
DA:191,5
DA:196,74
DA:197,74
DA:201,73
DA:203,73
DA:220,73
DA:224,73
DA:233,2
DA:234,2
DA:235,1
DA:237,1
DA:242,851
DA:246,1
DA:247,1
DA:252,1
DA:256,442
DA:264,3
DA:265,3
DA:266,3
DA:267,3
DA:271,2
DA:272,2
DA:275,2
DA:279,2
DA:284,1
DA:288,1
DA:292,11
DA:293,11
DA:294,9
DA:295,9
DA:297,2
DA:302,5
DA:304,5
DA:306,1
DA:307,1
DA:310,1
DA:311,1
DA:314,3
DA:319,7
DA:320,6
DA:322,1
DA:326,441
DA:327,3
DA:328,438
DA:329,2
DA:331,436
DA:339,294
DA:343,147
DA:347,149
DA:348,149
DA:356,149
DA:357,149
DA:361,2
DA:362,4
DA:367,149
DA:368,149
DA:372,149
DA:373,149
DA:374,147
DA:376,2
DA:377,1
DA:379,1
DA:383,2
DA:391,7
DA:392,7
DA:394,7
DA:395,1
DA:396,1
DA:399,6
DA:401,6
DA:406,5
DA:407,5
DA:413,1
DA:414,1
DA:415,1
DA:421,2
DA:423,2
DA:428,1
DA:429,1
DA:435,1
DA:436,1
DA:442,1
DA:446,158
DA:447,10
DA:453,148
DA:462,9
DA:464,9
DA:491,569
DA:507,569
DA:511,568
DA:515,146
DA:516,146
DA:517,146
LF:161
LH:161
BRDA:173,0,0,1
BRDA:173,0,1,72
BRDA:173,1,0,72
BRDA:173,1,1,1
BRDA:173,2,0,73
BRDA:173,2,1,73
BRDA:175,3,0,70
BRDA:175,4,0,2
BRDA:175,4,1,70
BRDA:175,5,0,72
BRDA:175,5,1,72
BRDA:175,6,0,2
BRDA:175,6,1,70
BRDA:175,7,0,72
BRDA:175,7,1,72
BRDA:234,8,0,1
BRDA:234,8,1,1
BRDA:246,9,0,1
BRDA:246,10,0,0
BRDA:246,10,1,1
BRDA:246,11,0,1
BRDA:246,11,1,1
BRDA:293,12,0,9
BRDA:293,12,1,2
BRDA:304,13,0,1
BRDA:304,13,1,1
BRDA:304,13,2,3
BRDA:319,14,0,6
BRDA:326,15,0,3
BRDA:326,15,1,438
BRDA:328,16,0,2
BRDA:343,17,0,147
BRDA:343,17,1,146
BRDA:343,18,0,0
BRDA:343,18,1,147
BRDA:343,19,0,147
BRDA:343,19,1,147
BRDA:343,20,0,0
BRDA:343,20,1,147
BRDA:343,21,0,147
BRDA:343,21,1,147
BRDA:347,22,0,0
BRDA:347,22,1,149
BRDA:347,23,0,149
BRDA:347,23,1,149
BRDA:367,24,0,0
BRDA:367,24,1,149
BRDA:367,25,0,149
BRDA:367,25,1,149
BRDA:368,26,0,149
BRDA:368,26,1,2
BRDA:372,27,0,0
BRDA:372,27,1,149
BRDA:372,28,0,149
BRDA:372,28,1,149
BRDA:373,29,0,147
BRDA:376,30,0,1
BRDA:394,31,0,1
BRDA:446,32,0,10
BRDA:446,32,1,148
BRDA:450,33,0,10
BRDA:450,33,1,4
BRDA:480,34,0,0
BRDA:480,34,1,9
BRDA:480,35,0,9
BRDA:480,35,1,9
BRDA:480,36,0,0
BRDA:480,36,1,9
BRDA:480,37,0,9
BRDA:480,37,1,9
BRDA:507,38,0,569
BRDA:507,38,1,0
BRDA:515,39,0,0
BRDA:517,40,0,146
BRDA:517,40,1,0
BRDA:517,41,0,0
BRDA:517,41,1,146
BRDA:517,42,0,146
BRDA:517,42,1,146
BRF:79
BRH:67
end_of_record
TN:
SF:apps/clinical-portal/src/app/directives/shortcut-hint.directive.ts
FN:41,(anonymous_0)
FN:47,(anonymous_1)
FN:50,(anonymous_2)
FN:51,(anonymous_3)
FN:55,(anonymous_4)
FN:62,(anonymous_5)
FN:67,(anonymous_6)
FN:72,(anonymous_7)
FN:79,(anonymous_8)
FN:85,(anonymous_9)
FN:116,(anonymous_10)
FN:123,(anonymous_11)
FN:130,(anonymous_12)
FN:150,(anonymous_13)
FN:172,(anonymous_14)
FN:178,(anonymous_15)
FNF:16
FNH:0
FNDA:0,(anonymous_0)
FNDA:0,(anonymous_1)
FNDA:0,(anonymous_2)
FNDA:0,(anonymous_3)
FNDA:0,(anonymous_4)
FNDA:0,(anonymous_5)
FNDA:0,(anonymous_6)
FNDA:0,(anonymous_7)
FNDA:0,(anonymous_8)
FNDA:0,(anonymous_9)
FNDA:0,(anonymous_10)
FNDA:0,(anonymous_11)
FNDA:0,(anonymous_12)
FNDA:0,(anonymous_13)
FNDA:0,(anonymous_14)
FNDA:0,(anonymous_15)
DA:1,1
DA:10,1
DA:11,1
DA:32,1
DA:33,0
DA:34,0
DA:35,0
DA:37,0
DA:38,0
DA:42,0
DA:43,0
DA:44,0
DA:48,0
DA:51,0
DA:56,0
DA:57,0
DA:58,0
DA:63,0
DA:68,0
DA:73,0
DA:74,0
DA:80,0
DA:81,0
DA:86,0
DA:87,0
DA:91,0
DA:94,0
DA:95,0
DA:96,0
DA:99,0
DA:100,0
DA:103,0
DA:104,0
DA:107,0
DA:110,0
DA:113,0
DA:116,0
DA:117,0
DA:118,0
DA:124,0
DA:125,0
DA:126,0
DA:131,0
DA:133,0
DA:150,0
DA:151,0
DA:155,0
DA:156,0
DA:157,0
DA:172,0
DA:173,0
DA:179,0
DA:181,0
DA:182,0
DA:187,0
DA:189,0
DA:190,0
DA:191,0
DA:192,0
DA:194,0
DA:195,0
DA:196,0
DA:197,0
DA:199,0
DA:200,0
DA:201,0
DA:202,0
DA:204,0
DA:205,0
DA:206,0
DA:207,0
DA:210,0
DA:211,0
LF:73
LH:4
BRDA:73,0,0,0
BRDA:80,1,0,0
BRDA:86,2,0,0
BRDA:86,3,0,0
BRDA:86,3,1,0
BRDA:117,4,0,0
BRDA:124,5,0,0
BRDA:124,6,0,0
BRDA:124,6,1,0
BRDA:131,7,0,0
BRDA:155,8,0,0
BRDA:155,8,1,0
BRDA:155,9,0,0
BRDA:155,9,1,0
BRDA:156,10,0,0
BRDA:179,11,0,0
BRDA:187,12,0,0
BRDA:187,12,1,0
BRDA:187,12,2,0
BRDA:187,12,3,0
BRF:20
BRH:0
end_of_record
TN:
SF:apps/clinical-portal/src/app/interceptors/auth.interceptor.ts
FN:19,(anonymous_0)
FNF:1
FNH:1
FNDA:15,(anonymous_0)
DA:2,1
DA:3,1
DA:4,1
DA:19,1
DA:20,15
DA:23,15
DA:27,15
DA:31,15
DA:34,13
DA:40,13
DA:45,2
LF:11
LH:11
BRDA:27,0,0,15
BRDA:27,0,1,5
BRDA:27,0,2,3
BRDA:31,1,0,13
BRDA:31,2,0,15
BRDA:31,2,1,14
BRF:6
BRH:6
end_of_record
TN:
SF:apps/clinical-portal/src/app/interceptors/error.interceptor.ts
FN:40,isRetryable
FN:57,calculateBackoffDelay
FN:72,(anonymous_2)
FN:94,(anonymous_3)
FN:99,(anonymous_4)
FN:112,(anonymous_5)
FN:211,(anonymous_6)
FN:223,mapHttpStatusToErrorCode
FN:236,mapHttpStatusToSeverity
FN:248,extractServiceName
FN:258,(anonymous_10)
FNF:11
FNH:10
FNDA:24,isRetryable
FNDA:0,calculateBackoffDelay
FNDA:32,(anonymous_2)
FNDA:24,(anonymous_3)
FNDA:24,(anonymous_4)
FNDA:24,(anonymous_5)
FNDA:24,(anonymous_6)
FNDA:24,mapHttpStatusToErrorCode
FNDA:24,mapHttpStatusToSeverity
FNDA:24,extractServiceName
FNDA:121,(anonymous_10)
DA:2,1
DA:3,1
DA:4,1
DA:5,1
DA:6,1
DA:7,1
DA:8,1
DA:9,1
DA:14,1
DA:30,1
DA:35,1
DA:42,24
DA:43,5
DA:47,19
DA:48,0
DA:51,19
DA:58,0
DA:60,0
DA:61,0
DA:72,1
DA:73,32
DA:74,32
DA:75,32
DA:78,32
DA:81,32
DA:88,32
DA:90,32
DA:95,24
DA:98,24
DA:99,24
DA:102,0
DA:103,0
DA:108,0
DA:113,24
DA:114,24
DA:116,24
DA:118,2
DA:119,2
DA:120,0
DA:124,22
DA:126,0
DA:127,0
DA:129,2
DA:130,2
DA:132,7
DA:135,7
DA:136,5
DA:138,7
DA:140,1
DA:141,1
DA:143,7
DA:144,7
DA:146,0
DA:147,0
DA:149,0
DA:150,0
DA:152,1
DA:153,1
DA:155,0
DA:156,0
DA:158,1
DA:159,1
DA:161,0
DA:162,0
DA:164,3
DA:165,1
DA:167,2
DA:171,22
DA:172,0
DA:177,24
DA:188,24
DA:189,24
DA:190,24
DA:191,24
DA:192,24
DA:194,24
DA:211,24
DA:224,24
DA:225,22
DA:226,15
DA:227,14
DA:228,7
DA:229,2
DA:230,0
DA:237,24
DA:238,22
DA:239,20
DA:240,12
DA:241,5
DA:242,0
DA:250,24
DA:251,24
DA:252,24
DA:253,24
DA:254,24
DA:255,24
DA:258,121
DA:259,24
DA:260,24
DA:263,0
LF:100
LH:78
BRDA:42,0,0,5
BRDA:47,1,0,0
BRDA:78,2,0,32
BRDA:78,2,1,1
BRDA:98,3,0,24
BRDA:116,4,0,2
BRDA:116,4,1,22
BRDA:119,5,0,0
BRDA:124,6,0,0
BRDA:124,6,1,2
BRDA:124,6,2,7
BRDA:124,6,3,1
BRDA:124,6,4,7
BRDA:124,6,5,0
BRDA:124,6,6,0
BRDA:124,6,7,1
BRDA:124,6,8,0
BRDA:124,6,9,1
BRDA:124,6,10,0
BRDA:124,6,11,3
BRDA:135,7,0,5
BRDA:135,8,0,7
BRDA:135,8,1,6
BRDA:164,9,0,1
BRDA:164,9,1,2
BRDA:164,10,0,0
BRDA:164,10,1,3
BRDA:164,11,0,3
BRDA:164,11,1,3
BRDA:171,12,0,0
BRDA:171,13,0,22
BRDA:171,13,1,0
BRDA:188,14,0,24
BRDA:200,15,0,24
BRDA:200,15,1,0
BRDA:200,16,0,24
BRDA:200,16,1,24
BRDA:201,17,0,24
BRDA:201,17,1,0
BRDA:201,18,0,24
BRDA:201,18,1,24
BRDA:224,19,0,2
BRDA:225,20,0,7
BRDA:226,21,0,1
BRDA:227,22,0,7
BRDA:228,23,0,5
BRDA:228,24,0,7
BRDA:228,24,1,7
BRDA:229,25,0,2
BRDA:237,26,0,2
BRDA:238,27,0,2
BRDA:239,28,0,8
BRDA:239,29,0,20
BRDA:239,29,1,13
BRDA:240,30,0,7
BRDA:241,31,0,5
BRDA:250,32,0,0
BRDA:251,33,0,0
BRDA:252,34,0,0
BRDA:253,35,0,0
BRDA:254,36,0,0
BRDA:255,37,0,0
BRDA:259,38,0,24
BRF:63
BRH:45
end_of_record
TN:
SF:apps/clinical-portal/src/app/interceptors/tenant.interceptor.ts
FN:9,(anonymous_0)
FNF:1
FNH:1
FNDA:13,(anonymous_0)
DA:2,1
DA:9,1
DA:11,13
DA:12,13
DA:13,13
DA:14,13
DA:15,13
DA:18,13
DA:19,12
DA:21,12
DA:27,12
DA:31,1
LF:12
LH:12
BRDA:18,0,0,12
BRDA:18,1,0,13
BRDA:18,1,1,3
BRDA:18,1,2,2
BRDA:18,1,3,1
BRDA:18,1,4,1
BRF:6
BRH:6
end_of_record
TN:
SF:apps/clinical-portal/src/app/models/care-gap.model.ts
FN:41,getCareGapIcon
FN:55,getUrgencyColor
FN:67,formatDaysOverdue
FNF:3
FNH:3
FNDA:6,getCareGapIcon
FNDA:4,getUrgencyColor
FNDA:7,formatDaysOverdue
DA:41,2
DA:42,6
DA:49,6
DA:55,2
DA:56,4
DA:61,4
DA:67,2
DA:68,7
DA:69,6
DA:70,5
DA:71,4
DA:72,3
DA:73,1
DA:74,1
DA:76,2
DA:77,2
LF:16
LH:16
BRDA:49,0,0,6
BRDA:49,0,1,1
BRDA:61,1,0,4
BRDA:61,1,1,1
BRDA:68,2,0,1
BRDA:69,3,0,1
BRDA:70,4,0,1
BRDA:71,5,0,1
BRDA:72,6,0,1
BRDA:74,7,0,1
BRDA:74,7,1,0
BRDA:77,8,0,1
BRDA:77,8,1,1
BRF:13
BRH:12
end_of_record
TN:
SF:apps/clinical-portal/src/app/models/care-recommendation.model.ts
FN:294,getUrgencyBadgeType
FN:314,getRiskLevelBadgeType
FN:334,calculateDaysOverdue
FN:346,sortByUrgency
FN:362,groupRecommendations
FN:373,(anonymous_5)
FNF:6
FNH:6
FNDA:39,getUrgencyBadgeType
FNDA:39,getRiskLevelBadgeType
FNDA:3,calculateDaysOverdue
FNDA:1,sortByUrgency
FNDA:5,groupRecommendations
FNDA:6,(anonymous_5)
DA:231,4
DA:244,4
DA:252,4
DA:262,4
DA:272,4
DA:283,4
DA:294,4
DA:297,39
DA:299,12
DA:301,12
DA:303,12
DA:305,2
DA:307,1
DA:314,4
DA:317,39
DA:319,12
DA:321,12
DA:323,12
DA:325,2
DA:327,1
DA:334,4
DA:335,3
DA:336,2
DA:337,2
DA:338,2
DA:339,2
DA:340,2
DA:346,4
DA:350,1
DA:356,1
DA:362,4
DA:366,5
DA:368,5
DA:369,2
DA:370,2
DA:373,3
DA:374,6
DA:375,6
DA:376,6
DA:378,6
DA:381,3
LF:41
LH:41
BRDA:297,0,0,12
BRDA:297,0,1,12
BRDA:297,0,2,12
BRDA:297,0,3,2
BRDA:297,0,4,1
BRDA:317,1,0,12
BRDA:317,1,1,12
BRDA:317,1,2,12
BRDA:317,1,3,2
BRDA:317,1,4,1
BRDA:335,2,0,1
BRDA:340,3,0,1
BRDA:340,3,1,1
BRDA:368,4,0,2
BRDA:374,5,0,6
BRDA:374,5,1,1
BRDA:375,6,0,6
BRF:17
BRH:17
end_of_record
TN:
SF:apps/clinical-portal/src/app/models/error.model.ts
FN:8,(anonymous_0)
FN:50,(anonymous_1)
FN:78,(anonymous_2)
FN:92,(anonymous_3)
FN:106,(anonymous_4)
FN:120,(anonymous_5)
FN:134,(anonymous_6)
FN:148,(anonymous_7)
FN:162,(anonymous_8)
FN:176,(anonymous_9)
FN:190,(anonymous_10)
FN:204,(anonymous_11)
FN:218,(anonymous_12)
FN:232,(anonymous_13)
FN:246,(anonymous_14)
FN:267,(anonymous_15)
FNF:16
FNH:13
FNDA:14,(anonymous_0)
FNDA:14,(anonymous_1)
FNDA:1,(anonymous_2)
FNDA:1,(anonymous_3)
FNDA:1,(anonymous_4)
FNDA:1,(anonymous_5)
FNDA:1,(anonymous_6)
FNDA:4,(anonymous_7)
FNDA:0,(anonymous_8)
FNDA:0,(anonymous_9)
FNDA:0,(anonymous_10)
FNDA:1,(anonymous_11)
FNDA:3,(anonymous_12)
FNDA:1,(anonymous_13)
FNDA:2,(anonymous_14)
FNDA:6,(anonymous_15)
DA:8,14
DA:10,14
DA:11,14
DA:12,14
DA:15,14
DA:16,14
DA:17,14
DA:20,14
DA:21,14
DA:22,14
DA:25,14
DA:26,14
DA:27,14
DA:30,14
DA:31,14
DA:32,14
DA:33,14
DA:36,14
DA:37,14
DA:38,14
DA:39,14
DA:40,14
DA:43,14
DA:44,14
DA:50,14
DA:51,14
DA:52,14
DA:53,14
DA:54,14
DA:74,14
DA:79,1
DA:93,1
DA:107,1
DA:121,1
DA:135,1
DA:149,4
DA:163,0
DA:177,0
DA:191,0
DA:205,1
DA:219,3
DA:233,1
DA:247,2
DA:248,1
DA:251,1
DA:253,1
DA:268,6
DA:270,1
DA:272,1
DA:281,1
DA:290,1
DA:302,1
DA:311,1
LF:53
LH:50
BRDA:8,0,0,14
BRDA:8,0,1,14
BRDA:50,1,0,14
BRDA:50,1,1,14
BRDA:123,2,0,1
BRDA:123,2,1,0
BRDA:247,3,0,1
BRDA:247,4,0,2
BRDA:247,4,1,2
BRDA:247,4,2,2
BRDA:255,5,0,1
BRDA:255,5,1,0
BRDA:255,6,0,0
BRDA:255,6,1,1
BRDA:255,7,0,1
BRDA:255,7,1,1
BRDA:259,8,0,1
BRDA:259,8,1,0
BRDA:260,9,0,0
BRDA:260,9,1,1
BRDA:260,10,0,1
BRDA:260,10,1,1
BRDA:268,11,0,1
BRDA:268,11,1,1
BRDA:268,11,2,1
BRDA:268,11,3,1
BRDA:268,11,4,1
BRDA:268,11,5,1
BRDA:268,11,6,1
BRDA:268,11,7,1
BRDA:268,11,8,1
BRF:31
BRH:26
end_of_record
TN:
SF:apps/clinical-portal/src/app/models/fhir.model.ts
FNF:0
FNH:0
DA:231,8
DA:247,8
DA:266,8
DA:279,8
DA:297,8
LF:5
LH:5
BRF:0
BRH:0
end_of_record
TN:
SF:apps/clinical-portal/src/app/models/measure-template.model.ts
FN:938,getTemplatesByCategory
FN:939,(anonymous_1)
FN:945,getTemplatesBySpecialty
FN:946,(anonymous_3)
FN:952,getTemplatesByComplexity
FN:953,(anonymous_5)
FN:959,searchTemplates
FN:961,(anonymous_7)
FN:964,(anonymous_8)
FNF:9
FNH:0
FNDA:0,getTemplatesByCategory
FNDA:0,(anonymous_1)
FNDA:0,getTemplatesBySpecialty
FNDA:0,(anonymous_3)
FNDA:0,getTemplatesByComplexity
FNDA:0,(anonymous_5)
FNDA:0,searchTemplates
FNDA:0,(anonymous_7)
FNDA:0,(anonymous_8)
DA:65,1
DA:938,1
DA:939,0
DA:945,1
DA:946,0
DA:952,1
DA:953,0
DA:959,1
DA:960,0
DA:961,0
DA:962,0
DA:964,0
LF:12
LH:5
BRDA:946,0,0,0
BRDA:946,0,1,0
BRDA:962,1,0,0
BRDA:962,1,1,0
BRDA:962,1,2,0
BRF:5
BRH:0
end_of_record
TN:
SF:apps/clinical-portal/src/app/models/patient-link.model.ts
FN:10,(anonymous_0)
FNF:1
FNH:1
FNDA:2,(anonymous_0)
DA:10,2
DA:12,2
DA:15,2
DA:18,2
DA:21,2
LF:5
LH:5
BRDA:10,0,0,2
BRDA:10,0,1,2
BRF:2
BRH:2
end_of_record
TN:
SF:apps/clinical-portal/src/app/models/procedure-history.model.ts
FNF:0
FNH:0
DA:85,9
LF:1
LH:1
BRF:0
BRH:0
end_of_record
TN:
SF:apps/clinical-portal/src/app/models/scheduled-evaluation.model.ts
FN:126,createScheduledEvaluation
FN:171,generateScheduleId
FN:178,calculateNextRun
FN:222,(anonymous_3)
FN:237,getScheduleDescription
FN:260,formatTime
FNF:6
FNH:5
FNDA:13,createScheduledEvaluation
FNDA:13,generateScheduleId
FNDA:19,calculateNextRun
FNDA:0,(anonymous_3)
FNDA:3,getScheduleDescription
FNDA:3,formatTime
DA:126,2
DA:133,13
DA:135,13
DA:172,13
DA:178,2
DA:179,19
DA:180,19
DA:182,19
DA:183,19
DA:186,19
DA:187,19
DA:190,19
DA:193,15
DA:196,3
DA:205,3
DA:206,3
DA:207,6
DA:209,3
DA:212,1
DA:213,1
DA:214,1
DA:215,1
DA:217,1
DA:220,0
DA:221,0
DA:222,0
DA:223,0
DA:224,0
DA:226,0
DA:227,0
DA:228,0
DA:231,19
DA:237,2
DA:238,3
DA:240,3
DA:242,1
DA:244,1
DA:247,1
DA:249,1
DA:251,0
DA:253,0
DA:261,3
DA:262,3
DA:263,3
DA:264,3
LF:45
LH:35
BRDA:186,0,0,19
BRDA:190,1,0,15
BRDA:190,1,1,3
BRDA:190,1,2,1
BRDA:190,1,3,0
BRDA:205,2,0,3
BRDA:205,2,1,1
BRDA:212,3,0,1
BRDA:212,3,1,0
BRDA:214,4,0,1
BRDA:222,5,0,0
BRDA:222,5,1,0
BRDA:222,6,0,0
BRDA:222,6,1,0
BRDA:223,7,0,0
BRDA:227,8,0,0
BRDA:227,8,1,0
BRDA:240,9,0,1
BRDA:240,9,1,1
BRDA:240,9,2,1
BRDA:240,9,3,0
BRDA:240,9,4,0
BRDA:244,10,0,1
BRDA:244,10,1,0
BRDA:249,11,0,1
BRDA:249,11,1,0
BRDA:251,12,0,0
BRDA:251,12,1,0
BRDA:262,13,0,0
BRDA:262,13,1,3
BRDA:263,14,0,3
BRDA:263,14,1,0
BRF:32
BRH:15
end_of_record
TN:
SF:apps/clinical-portal/src/app/models/sdoh-referral.model.ts
FN:71,(anonymous_0)
FN:398,getInitialWorkflowState
FN:413,getDefaultReferralDetails
FN:427,isConsentObtained
FN:438,getDestinationDisplayName
FN:459,validateReferralRequest
FNF:6
FNH:5
FNDA:1,(anonymous_0)
FNDA:0,getInitialWorkflowState
FNDA:73,getDefaultReferralDetails
FNDA:149,isConsentObtained
FNDA:149,getDestinationDisplayName
FNDA:7,validateReferralRequest
DA:71,1
DA:72,1
DA:73,1
DA:74,1
DA:75,1
DA:76,1
DA:300,1
DA:315,1
DA:330,1
DA:363,1
DA:380,1
DA:398,1
DA:399,0
DA:413,1
DA:414,73
DA:427,1
DA:428,149
DA:438,1
DA:441,149
DA:442,2
DA:443,1
DA:445,1
DA:449,147
DA:450,1
DA:452,146
DA:459,1
DA:462,7
DA:464,7
DA:465,0
DA:468,7
DA:469,1
DA:472,7
DA:473,0
DA:476,7
DA:477,0
DA:479,7
DA:480,0
DA:482,7
DA:483,0
DA:485,7
DA:486,0
DA:490,7
LF:42
LH:35
BRDA:71,0,0,1
BRDA:71,0,1,1
BRDA:429,1,0,149
BRDA:429,1,1,148
BRDA:429,1,2,148
BRDA:441,2,0,2
BRDA:441,2,1,147
BRDA:442,3,0,1
BRDA:445,4,0,1
BRDA:445,4,1,0
BRDA:449,5,0,1
BRDA:452,6,0,146
BRDA:452,6,1,146
BRDA:464,7,0,0
BRDA:468,8,0,1
BRDA:468,9,0,7
BRDA:468,9,1,7
BRDA:472,10,0,0
BRDA:476,11,0,0
BRDA:476,11,1,7
BRDA:479,12,0,0
BRDA:482,13,0,0
BRDA:485,14,0,0
BRDA:485,15,0,7
BRDA:485,15,1,7
BRF:25
BRH:18
end_of_record
TN:
SF:apps/clinical-portal/src/app/models/system-event.model.ts
FN:214,getEventIcon
FN:251,getCategoryFromType
FN:263,getSeverityColor
FN:276,getNodeStatusColor
FN:289,formatRelativeTime
FN:311,generateEventId
FN:318,createSystemEvent
FNF:7
FNH:7
FNDA:7,getEventIcon
FNDA:138,getCategoryFromType
FNDA:5,getSeverityColor
FNDA:6,getNodeStatusColor
FNDA:5,formatRelativeTime
FNDA:131,generateEventId
FNDA:130,createSystemEvent
DA:214,6
DA:215,7
DA:245,7
DA:251,6
DA:252,138
DA:253,133
DA:254,118
DA:255,114
DA:256,110
DA:257,109
DA:263,6
DA:264,5
DA:270,5
DA:276,6
DA:277,6
DA:283,6
DA:289,6
DA:290,5
DA:291,5
DA:292,5
DA:293,5
DA:295,5
DA:296,4
DA:298,3
DA:299,3
DA:301,2
DA:302,2
DA:304,1
DA:305,1
DA:311,6
DA:312,131
DA:318,6
DA:324,130
DA:340,6
DA:382,6
DA:391,6
LF:36
LH:36
BRDA:245,0,0,7
BRDA:245,0,1,1
BRDA:252,1,0,5
BRDA:253,2,0,15
BRDA:253,3,0,133
BRDA:253,3,1,122
BRDA:254,4,0,4
BRDA:254,5,0,118
BRDA:254,5,1,116
BRDA:254,5,2,115
BRDA:255,6,0,4
BRDA:256,7,0,1
BRDA:270,8,0,5
BRDA:270,8,1,1
BRDA:283,9,0,6
BRDA:283,9,1,1
BRDA:295,10,0,1
BRDA:296,11,0,1
BRDA:299,12,0,1
BRDA:302,13,0,1
BRF:20
BRH:20
end_of_record
TN:
SF:apps/clinical-portal/src/app/pages/care-gaps/care-gap-manager.component.html
FNF:0
FNH:0
DA:1,1
LF:1
LH:1
BRF:0
BRH:0
end_of_record
TN:
SF:apps/clinical-portal/src/app/pages/care-gaps/care-gap-manager.component.ts
FN:290,(anonymous_0)
FN:159,(anonymous_1)
FN:162,(anonymous_2)
FN:214,(anonymous_3)
FN:326,(anonymous_4)
FN:331,(anonymous_5)
FN:337,(anonymous_6)
FN:353,(anonymous_7)
FN:361,(anonymous_8)
FN:369,(anonymous_9)
FN:371,(anonymous_10)
FN:376,(anonymous_11)
FN:389,(anonymous_12)
FN:559,(anonymous_13)
FN:563,(anonymous_14)
FN:566,(anonymous_15)
FN:588,(anonymous_16)
FN:605,(anonymous_17)
FN:618,(anonymous_18)
FN:632,(anonymous_19)
FN:633,(anonymous_20)
FN:634,(anonymous_21)
FN:635,(anonymous_22)
FN:643,(anonymous_23)
FN:644,(anonymous_24)
FN:645,(anonymous_25)
FN:646,(anonymous_26)
FN:647,(anonymous_27)
FN:650,(anonymous_28)
FN:651,(anonymous_29)
FN:659,(anonymous_30)
FN:662,(anonymous_31)
FN:670,(anonymous_32)
FN:677,(anonymous_33)
FN:684,(anonymous_34)
FN:694,(anonymous_35)
FN:700,(anonymous_36)
FN:707,(anonymous_37)
FN:710,(anonymous_38)
FN:720,(anonymous_39)
FN:734,(anonymous_40)
FN:741,(anonymous_41)
FN:750,(anonymous_42)
FN:772,(anonymous_43)
FN:781,(anonymous_44)
FN:795,(anonymous_45)
FN:813,(anonymous_46)
FN:822,(anonymous_47)
FN:831,(anonymous_48)
FN:846,(anonymous_49)
FN:856,(anonymous_50)
FN:863,(anonymous_51)
FN:879,(anonymous_52)
FN:886,(anonymous_53)
FN:893,(anonymous_54)
FN:900,(anonymous_55)
FN:912,(anonymous_56)
FN:929,(anonymous_57)
FN:938,(anonymous_58)
FN:941,(anonymous_59)
FN:947,(anonymous_60)
FN:957,(anonymous_61)
FN:964,(anonymous_62)
FN:975,(anonymous_63)
FN:976,(anonymous_64)
FN:989,(anonymous_65)
FN:997,(anonymous_66)
FN:998,(anonymous_67)
FN:1009,(anonymous_68)
FN:1013,(anonymous_69)
FN:1027,(anonymous_70)
FN:1042,(anonymous_71)
FN:1053,(anonymous_72)
FN:1056,(anonymous_73)
FN:1062,(anonymous_74)
FN:1073,(anonymous_75)
FN:1086,(anonymous_76)
FN:1098,(anonymous_77)
FN:1105,(anonymous_78)
FN:1112,(anonymous_79)
FN:1119,(anonymous_80)
FN:1130,(anonymous_81)
FN:1140,(anonymous_82)
FN:1148,(anonymous_83)
FN:1155,(anonymous_84)
FN:1160,(anonymous_85)
FN:1184,(anonymous_86)
FN:1204,(anonymous_87)
FN:1218,(anonymous_88)
FN:1225,(anonymous_89)
FNF:90
FNH:0
FNDA:0,(anonymous_0)
FNDA:0,(anonymous_1)
FNDA:0,(anonymous_2)
FNDA:0,(anonymous_3)
FNDA:0,(anonymous_4)
FNDA:0,(anonymous_5)
FNDA:0,(anonymous_6)
FNDA:0,(anonymous_7)
FNDA:0,(anonymous_8)
FNDA:0,(anonymous_9)
FNDA:0,(anonymous_10)
FNDA:0,(anonymous_11)
FNDA:0,(anonymous_12)
FNDA:0,(anonymous_13)
FNDA:0,(anonymous_14)
FNDA:0,(anonymous_15)
FNDA:0,(anonymous_16)
FNDA:0,(anonymous_17)
FNDA:0,(anonymous_18)
FNDA:0,(anonymous_19)
FNDA:0,(anonymous_20)
FNDA:0,(anonymous_21)
FNDA:0,(anonymous_22)
FNDA:0,(anonymous_23)
FNDA:0,(anonymous_24)
FNDA:0,(anonymous_25)
FNDA:0,(anonymous_26)
FNDA:0,(anonymous_27)
FNDA:0,(anonymous_28)
FNDA:0,(anonymous_29)
FNDA:0,(anonymous_30)
FNDA:0,(anonymous_31)
FNDA:0,(anonymous_32)
FNDA:0,(anonymous_33)
FNDA:0,(anonymous_34)
FNDA:0,(anonymous_35)
FNDA:0,(anonymous_36)
FNDA:0,(anonymous_37)
FNDA:0,(anonymous_38)
FNDA:0,(anonymous_39)
FNDA:0,(anonymous_40)
FNDA:0,(anonymous_41)
FNDA:0,(anonymous_42)
FNDA:0,(anonymous_43)
FNDA:0,(anonymous_44)
FNDA:0,(anonymous_45)
FNDA:0,(anonymous_46)
FNDA:0,(anonymous_47)
FNDA:0,(anonymous_48)
FNDA:0,(anonymous_49)
FNDA:0,(anonymous_50)
FNDA:0,(anonymous_51)
FNDA:0,(anonymous_52)
FNDA:0,(anonymous_53)
FNDA:0,(anonymous_54)
FNDA:0,(anonymous_55)
FNDA:0,(anonymous_56)
FNDA:0,(anonymous_57)
FNDA:0,(anonymous_58)
FNDA:0,(anonymous_59)
FNDA:0,(anonymous_60)
FNDA:0,(anonymous_61)
FNDA:0,(anonymous_62)
FNDA:0,(anonymous_63)
FNDA:0,(anonymous_64)
FNDA:0,(anonymous_65)
FNDA:0,(anonymous_66)
FNDA:0,(anonymous_67)
FNDA:0,(anonymous_68)
FNDA:0,(anonymous_69)
FNDA:0,(anonymous_70)
FNDA:0,(anonymous_71)
FNDA:0,(anonymous_72)
FNDA:0,(anonymous_73)
FNDA:0,(anonymous_74)
FNDA:0,(anonymous_75)
FNDA:0,(anonymous_76)
FNDA:0,(anonymous_77)
FNDA:0,(anonymous_78)
FNDA:0,(anonymous_79)
FNDA:0,(anonymous_80)
FNDA:0,(anonymous_81)
FNDA:0,(anonymous_82)
FNDA:0,(anonymous_83)
FNDA:0,(anonymous_84)
FNDA:0,(anonymous_85)
FNDA:0,(anonymous_86)
FNDA:0,(anonymous_87)
FNDA:0,(anonymous_88)
FNDA:0,(anonymous_89)
DA:1,1
DA:2,1
DA:3,1
DA:4,1
DA:5,1
DA:6,1
DA:7,1
DA:8,1
DA:9,1
DA:10,1
DA:11,1
DA:12,1
DA:13,1
DA:14,1
DA:15,1
DA:16,1
DA:17,1
DA:18,1
DA:19,1
DA:20,1
DA:21,1
DA:22,1
DA:23,1
DA:24,1
DA:25,1
DA:26,1
DA:27,1
DA:29,1
DA:30,1
DA:31,1
DA:32,1
DA:33,1
DA:34,1
DA:35,1
DA:36,1
DA:37,1
DA:123,1
DA:128,0
DA:129,0
DA:130,0
DA:131,0
DA:132,0
DA:148,0
DA:149,0
DA:150,0
DA:151,0
DA:152,0
DA:153,0
DA:154,0
DA:155,0
DA:156,0
DA:159,0
DA:160,0
DA:161,0
DA:162,0
DA:166,0
DA:214,0
DA:215,0
DA:216,0
DA:217,0
DA:218,0
DA:219,0
DA:226,0
DA:228,0
DA:241,0
DA:254,0
DA:261,0
DA:270,0
DA:279,0
DA:287,0
DA:288,0
DA:291,0
DA:292,0
DA:293,0
DA:294,0
DA:295,0
DA:296,0
DA:297,0
DA:298,0
DA:301,0
DA:309,0
DA:318,0
DA:327,0
DA:328,0
DA:333,0
DA:334,0
DA:337,0
DA:338,0
DA:340,0
DA:342,0
DA:344,0
DA:346,0
DA:348,0
DA:354,0
DA:355,0
DA:362,0
DA:363,0
DA:365,0
DA:369,0
DA:372,0
DA:373,0
DA:374,0
DA:377,0
DA:378,0
DA:379,0
DA:380,0
DA:390,0
DA:556,0
DA:563,0
DA:564,0
DA:566,0
DA:567,0
DA:568,0
DA:569,0
DA:573,0
DA:589,0
DA:591,0
DA:593,0
DA:595,0
DA:597,0
DA:599,0
DA:601,0
DA:606,0
DA:609,0
DA:612,0
DA:614,0
DA:619,0
DA:620,0
DA:622,0
DA:623,0
DA:624,0
DA:626,0
DA:633,0
DA:634,0
DA:635,0
DA:637,0
DA:643,0
DA:644,0
DA:645,0
DA:646,0
DA:647,0
DA:650,0
DA:651,0
DA:660,0
DA:663,0
DA:671,0
DA:678,0
DA:681,0
DA:682,0
DA:683,0
DA:685,0
DA:692,0
DA:693,0
DA:694,0
DA:698,0
DA:699,0
DA:700,0
DA:704,0
DA:705,0
DA:706,0
DA:707,0
DA:709,0
DA:710,0
DA:713,0
DA:714,0
DA:721,0
DA:722,0
DA:728,0
DA:735,0
DA:742,0
DA:743,0
DA:744,0
DA:751,0
DA:752,0
DA:755,0
DA:762,0
DA:765,0
DA:766,0
DA:773,0
DA:774,0
DA:775,0
DA:782,0
DA:783,0
DA:784,0
DA:796,0
DA:797,0
DA:800,0
DA:807,0
DA:810,0
DA:813,0
DA:814,0
DA:815,0
DA:816,0
DA:823,0
DA:824,0
DA:825,0
DA:832,0
DA:833,0
DA:836,0
DA:837,0
DA:847,0
DA:848,0
DA:857,0
DA:860,0
DA:863,0
DA:864,0
DA:865,0
DA:866,0
DA:869,0
DA:880,0
DA:887,0
DA:894,0
DA:901,0
DA:906,0
DA:913,0
DA:914,0
DA:915,0
DA:930,0
DA:931,0
DA:932,0
DA:939,0
DA:941,0
DA:948,0
DA:949,0
DA:951,0
DA:958,0
DA:965,0
DA:976,0
DA:977,0
DA:983,0
DA:990,0
DA:991,0
DA:998,0
DA:999,0
DA:1010,0
DA:1011,0
DA:1012,0
DA:1013,0
DA:1014,0
DA:1015,0
DA:1016,0
DA:1017,0
DA:1019,0
DA:1021,0
DA:1028,0
DA:1029,0
DA:1030,0
DA:1032,0
DA:1043,0
DA:1056,0
DA:1063,0
DA:1074,0
DA:1075,0
DA:1087,0
DA:1088,0
DA:1099,0
DA:1106,0
DA:1113,0
DA:1120,0
DA:1130,0
DA:1131,0
DA:1132,0
DA:1141,0
DA:1142,0
DA:1149,0
DA:1156,0
DA:1158,0
DA:1160,0
DA:1161,0
DA:1162,0
DA:1164,0
DA:1171,0
DA:1173,0
DA:1185,0
DA:1198,0
DA:1206,0
DA:1219,0
DA:1226,0
DA:1227,0
DA:1228,0
LF:280
LH:37
BRDA:161,0,0,0
BRDA:218,1,0,0
BRDA:338,2,0,0
BRDA:338,2,1,0
BRDA:338,2,2,0
BRDA:338,2,3,0
BRDA:338,2,4,0
BRDA:340,3,0,0
BRDA:340,3,1,0
BRDA:340,4,0,0
BRDA:340,4,1,0
BRDA:569,5,0,0
BRDA:569,5,1,0
BRDA:576,6,0,0
BRDA:576,6,1,0
BRDA:576,7,0,0
BRDA:576,7,1,0
BRDA:576,8,0,0
BRDA:576,8,1,0
BRDA:577,9,0,0
BRDA:577,9,1,0
BRDA:577,10,0,0
BRDA:577,10,1,0
BRDA:577,11,0,0
BRDA:577,11,1,0
BRDA:579,12,0,0
BRDA:579,12,1,0
BRDA:579,12,2,0
BRDA:582,13,0,0
BRDA:582,13,1,0
BRDA:583,14,0,0
BRDA:583,14,1,0
[...]
DA:132,60
DA:133,60
DA:134,60
DA:135,60
DA:136,60
DA:137,60
DA:140,60
DA:141,58
DA:142,58
DA:143,58
DA:144,58
DA:145,58
DA:146,58
DA:150,60
DA:153,60
DA:160,14
DA:162,11
DA:163,11
DA:166,11
DA:167,11
DA:175,76
DA:176,76
DA:177,11
DA:178,11
DA:186,25
DA:187,1
DA:188,1
DA:191,24
DA:194,24
DA:197,24
DA:198,24
DA:201,24
DA:204,24
DA:207,24
DA:210,24
DA:217,7
DA:224,2
DA:225,2
DA:226,1
DA:234,91
DA:236,90
DA:237,90
DA:239,90
DA:240,90
DA:242,90
DA:249,4
DA:256,1
DA:263,14
DA:270,10
DA:277,8
DA:284,8
DA:291,2
DA:294,1
DA:295,1
DA:298,1
DA:299,1
DA:300,1
DA:308,3
DA:310,2
DA:318,74
DA:321,74
DA:324,74
DA:327,74
DA:328,64
DA:332,74
DA:333,55
DA:337,74
DA:338,54
DA:342,74
DA:343,266
DA:344,5
DA:345,5
DA:346,4
DA:348,3
DA:354,74
LF:116
LH:116
BRDA:63,0,0,43
BRDA:68,1,0,1
BRDA:68,1,1,59
BRDA:68,2,0,60
BRDA:68,2,1,60
BRDA:69,3,0,1
BRDA:69,3,1,59
BRDA:69,4,0,60
BRDA:69,4,1,60
BRDA:70,5,0,1
BRDA:70,5,1,59
BRDA:70,6,0,60
BRDA:70,6,1,60
BRDA:71,7,0,5
BRDA:71,7,1,55
BRDA:71,8,0,60
BRDA:71,8,1,60
BRDA:72,9,0,1
BRDA:72,9,1,59
BRDA:72,10,0,60
BRDA:72,10,1,60
BRDA:73,11,0,2
BRDA:73,11,1,58
BRDA:73,12,0,60
BRDA:73,12,1,60
BRDA:74,13,0,2
BRDA:74,13,1,58
BRDA:74,14,0,60
BRDA:74,14,1,60
BRDA:75,15,0,9
BRDA:75,15,1,51
BRDA:75,16,0,60
BRDA:75,16,1,60
BRDA:76,17,0,2
BRDA:76,17,1,58
BRDA:76,18,0,60
BRDA:76,18,1,60
BRDA:77,19,0,2
BRDA:77,19,1,58
BRDA:77,20,0,60
BRDA:77,20,1,60
BRDA:104,21,0,58
BRDA:114,22,0,59
BRDA:120,23,0,2
BRDA:140,24,0,58
BRDA:160,25,0,3
BRDA:160,26,0,14
BRDA:160,26,1,13
BRDA:160,26,2,11
BRDA:160,26,3,11
BRDA:176,27,0,11
BRDA:186,28,0,1
BRDA:186,29,0,25
BRDA:186,29,1,25
BRDA:186,29,2,24
BRDA:186,29,3,24
BRDA:194,30,0,0
BRDA:194,30,1,24
BRDA:194,31,0,24
BRDA:194,31,1,24
BRDA:201,32,0,0
BRDA:201,32,1,24
BRDA:201,33,0,24
BRDA:201,33,1,24
BRDA:210,34,0,0
BRDA:210,34,1,24
BRDA:210,35,0,24
BRDA:210,35,1,24
BRDA:225,36,0,1
BRDA:234,37,0,1
BRDA:291,38,0,1
BRDA:298,39,0,1
BRDA:308,40,0,1
BRDA:308,41,0,3
BRDA:308,41,1,2
BRDA:310,42,0,1
BRDA:310,42,1,1
BRDA:324,43,0,11
BRDA:324,43,1,63
BRDA:324,44,0,74
BRDA:324,44,1,74
BRDA:327,45,0,64
BRDA:332,46,0,55
BRDA:332,47,0,74
BRDA:332,47,1,65
BRDA:332,47,2,64
BRDA:332,48,0,1
BRDA:332,48,1,64
BRDA:332,49,0,65
BRDA:332,49,1,65
BRDA:337,50,0,54
BRDA:337,51,0,74
BRDA:337,51,1,65
BRDA:337,51,2,63
BRDA:337,52,0,2
BRDA:337,52,1,63
BRDA:337,53,0,65
BRDA:337,53,1,65
BRDA:342,54,0,9
BRDA:342,54,1,65
BRDA:342,55,0,74
BRDA:342,55,1,74
BRDA:343,56,0,5
BRDA:344,57,0,0
BRDA:344,57,1,5
BRDA:344,58,0,5
BRDA:344,58,1,5
BRDA:345,59,0,2
BRDA:345,59,1,3
BRDA:348,60,0,0
BRDA:348,60,1,3
BRDA:348,61,0,3
BRDA:348,61,1,3
BRF:113
BRH:108
end_of_record
TN:
SF:apps/clinical-portal/src/app/visualization/core/websocket-visualization.service.ts
FN:11,(anonymous_0)
FN:137,(anonymous_1)
FN:144,(anonymous_2)
FN:160,(anonymous_3)
FN:163,(anonymous_4)
FN:164,(anonymous_5)
FN:167,(anonymous_6)
FN:168,(anonymous_7)
FN:171,(anonymous_8)
FN:172,(anonymous_9)
FN:175,(anonymous_10)
FN:176,(anonymous_11)
FN:190,(anonymous_12)
FN:212,(anonymous_13)
FN:227,(anonymous_14)
FN:252,(anonymous_15)
FN:278,(anonymous_16)
FN:287,(anonymous_17)
FN:301,(anonymous_18)
FN:314,(anonymous_19)
FN:323,(anonymous_20)
FN:379,(anonymous_21)
FN:395,(anonymous_22)
FN:411,(anonymous_23)
FN:418,(anonymous_24)
FN:425,(anonymous_25)
FN:430,(anonymous_26)
FN:433,(anonymous_27)
FN:478,(anonymous_28)
FN:487,(anonymous_29)
FNF:30
FNH:29
FNDA:6,(anonymous_0)
FNDA:52,(anonymous_1)
FNDA:44,(anonymous_2)
FNDA:41,(anonymous_3)
FNDA:18,(anonymous_4)
FNDA:18,(anonymous_5)
FNDA:8,(anonymous_6)
FNDA:8,(anonymous_7)
FNDA:10,(anonymous_8)
FNDA:10,(anonymous_9)
FNDA:11,(anonymous_10)
FNDA:11,(anonymous_11)
FNDA:60,(anonymous_12)
FNDA:18,(anonymous_13)
FNDA:9,(anonymous_14)
FNDA:0,(anonymous_15)
FNDA:10,(anonymous_16)
FNDA:11,(anonymous_17)
FNDA:13,(anonymous_18)
FNDA:12,(anonymous_19)
FNDA:4,(anonymous_20)
FNDA:3,(anonymous_21)
FNDA:22,(anonymous_22)
FNDA:3,(anonymous_23)
FNDA:1,(anonymous_24)
FNDA:8,(anonymous_25)
FNDA:8,(anonymous_26)
FNDA:20,(anonymous_27)
FNDA:7,(anonymous_28)
FNDA:57,(anonymous_29)
DA:1,6
DA:2,6
DA:3,6
DA:5,6
DA:6,6
DA:11,6
DA:12,6
DA:13,6
DA:14,6
DA:15,6
DA:16,6
DA:107,6
DA:110,52
DA:111,52
DA:112,52
DA:116,52
DA:117,52
DA:118,52
DA:119,52
DA:120,52
DA:123,52
DA:124,52
DA:125,52
DA:126,52
DA:127,52
DA:131,52
DA:137,52
DA:138,52
DA:145,44
DA:146,2
DA:147,2
DA:150,42
DA:151,1
DA:152,1
DA:155,41
DA:156,41
DA:158,41
DA:160,41
DA:161,41
DA:163,39
DA:164,18
DA:167,39
DA:168,8
DA:171,39
DA:172,10
DA:175,39
DA:176,11
DA:180,2
DA:181,2
DA:182,2
DA:183,2
DA:191,60
DA:194,60
DA:195,60
DA:198,60
DA:199,29
DA:200,29
DA:202,29
DA:205,60
DA:206,60
DA:213,18
DA:214,18
DA:215,18
DA:218,18
DA:228,9
DA:229,9
DA:230,8
DA:234,8
DA:235,0
DA:236,8
DA:237,4
DA:238,4
DA:239,3
DA:241,1
DA:244,1
DA:245,1
DA:253,0
DA:271,0
DA:272,0
DA:279,10
DA:280,10
DA:281,10
DA:288,11
DA:289,11
DA:290,11
DA:293,11
DA:294,10
DA:302,13
DA:303,1
DA:304,1
DA:305,1
DA:308,12
DA:309,12
DA:311,12
DA:312,12
DA:314,12
DA:315,12
DA:316,12
DA:324,4
DA:325,4
DA:326,4
DA:327,4
DA:328,4
DA:329,4
DA:330,4
DA:332,4
DA:373,4
DA:380,3
DA:389,3
DA:396,22
DA:397,20
DA:398,20
DA:400,2
DA:401,2
DA:404,2
DA:412,3
DA:419,1
DA:426,8
DA:427,8
DA:428,8
DA:430,8
DA:431,8
DA:433,8
DA:434,20
DA:435,20
DA:436,20
DA:437,20
DA:438,20
DA:440,20
DA:469,20
DA:471,20
DA:472,6
DA:473,6
DA:478,8
DA:479,7
DA:488,57
DA:489,57
DA:490,57
DA:491,57
DA:492,57
LF:140
LH:136
BRDA:11,0,0,6
BRDA:11,0,1,6
BRDA:145,1,0,2
BRDA:145,2,0,44
BRDA:145,2,1,3
BRDA:150,3,0,1
BRDA:150,4,0,42
BRDA:150,4,1,1
BRDA:198,5,0,29
BRDA:199,6,0,29
BRDA:234,7,0,0
BRDA:234,7,1,8
BRDA:234,8,0,8
BRDA:234,8,1,8
BRDA:234,8,2,8
BRDA:234,9,0,8
BRDA:234,9,1,0
BRDA:234,10,0,8
BRDA:234,10,1,8
BRDA:236,11,0,4
BRDA:236,11,1,4
BRDA:236,12,0,8
BRDA:236,12,1,5
BRDA:238,13,0,3
BRDA:238,13,1,1
BRDA:238,14,0,4
BRDA:238,14,1,3
BRDA:254,15,0,0
BRDA:254,15,1,0
BRDA:255,16,0,0
BRDA:255,16,1,0
BRDA:255,16,2,0
BRDA:255,17,0,0
BRDA:255,17,1,0
BRDA:255,18,0,0
BRDA:255,18,1,0
BRDA:256,19,0,0
BRDA:256,19,1,0
BRDA:257,20,0,0
BRDA:257,20,1,0
BRDA:257,21,0,0
BRDA:257,21,1,0
BRDA:257,22,0,0
BRDA:257,22,1,0
BRDA:258,23,0,0
BRDA:258,23,1,0
BRDA:259,24,0,0
BRDA:259,24,1,0
BRDA:260,25,0,0
BRDA:260,25,1,0
BRDA:260,25,2,0
BRDA:260,26,0,0
BRDA:260,26,1,0
BRDA:260,27,0,0
BRDA:260,27,1,0
BRDA:261,28,0,0
BRDA:261,28,1,0
BRDA:261,28,2,0
BRDA:261,29,0,0
BRDA:261,29,1,0
BRDA:261,30,0,0
BRDA:261,30,1,0
BRDA:262,31,0,0
BRDA:262,31,1,0
BRDA:262,31,2,0
BRDA:262,32,0,0
BRDA:262,32,1,0
BRDA:262,33,0,0
BRDA:262,33,1,0
BRDA:263,34,0,0
BRDA:263,34,1,0
BRDA:263,35,0,0
BRDA:263,35,1,0
BRDA:263,36,0,0
BRDA:263,36,1,0
BRDA:264,37,0,0
BRDA:264,37,1,0
BRDA:264,38,0,0
BRDA:264,38,1,0
BRDA:264,39,0,0
BRDA:264,39,1,0
BRDA:265,40,0,0
BRDA:265,40,1,0
BRDA:266,41,0,0
BRDA:266,41,1,0
BRDA:267,42,0,0
BRDA:267,42,1,0
BRDA:267,43,0,0
BRDA:267,43,1,0
BRDA:267,44,0,0
BRDA:267,44,1,0
BRDA:293,45,0,10
BRDA:293,46,0,11
BRDA:293,46,1,10
BRDA:302,47,0,1
BRDA:324,48,0,2
BRDA:324,48,1,2
BRDA:324,49,0,4
BRDA:324,49,1,4
BRDA:325,50,0,2
BRDA:325,50,1,2
BRDA:325,51,0,4
BRDA:325,51,1,4
BRDA:325,52,0,0
BRDA:325,52,1,4
BRDA:325,53,0,4
BRDA:325,53,1,4
BRDA:326,54,0,1
BRDA:326,54,1,3
BRDA:326,55,0,4
BRDA:326,55,1,4
BRDA:326,56,0,0
BRDA:326,56,1,4
BRDA:326,57,0,4
BRDA:326,57,1,4
BRDA:327,58,0,1
BRDA:327,58,1,3
BRDA:327,59,0,4
BRDA:327,59,1,4
BRDA:327,60,0,0
BRDA:327,60,1,4
BRDA:327,61,0,4
BRDA:327,61,1,4
BRDA:328,62,0,0
BRDA:328,62,1,4
BRDA:328,63,0,4
BRDA:328,63,1,4
BRDA:329,64,0,1
BRDA:329,64,1,3
BRDA:329,65,0,4
BRDA:329,65,1,4
BRDA:329,66,0,0
BRDA:329,66,1,4
BRDA:329,67,0,4
BRDA:329,67,1,4
BRDA:330,68,0,1
BRDA:330,68,1,3
BRDA:330,69,0,4
BRDA:330,69,1,4
BRDA:330,70,0,0
BRDA:330,70,1,4
BRDA:330,71,0,4
BRDA:330,71,1,4
BRDA:334,72,0,4
BRDA:334,72,1,0
BRDA:337,73,0,4
BRDA:337,73,1,4
BRDA:349,74,0,0
BRDA:349,74,1,4
BRDA:349,75,0,4
BRDA:349,75,1,4
BRDA:358,76,0,4
BRDA:358,76,1,2
BRDA:359,77,0,4
BRDA:359,77,1,3
BRDA:362,78,0,2
BRDA:362,78,1,2
BRDA:362,79,0,4
BRDA:362,79,1,4
BRDA:362,80,0,2
BRDA:362,80,1,2
BRDA:362,81,0,4
BRDA:362,81,1,4
BRDA:363,82,0,1
BRDA:363,82,1,3
BRDA:363,83,0,4
BRDA:363,83,1,4
BRDA:363,84,0,1
BRDA:363,84,1,3
BRDA:363,85,0,4
BRDA:363,85,1,4
BRDA:364,86,0,1
BRDA:364,86,1,3
BRDA:364,87,0,4
BRDA:364,87,1,4
BRDA:364,88,0,1
BRDA:364,88,1,3
BRDA:364,89,0,4
BRDA:364,89,1,4
BRDA:365,90,0,1
BRDA:365,90,1,3
BRDA:365,91,0,4
BRDA:365,91,1,4
BRDA:365,92,0,1
BRDA:365,92,1,3
BRDA:365,93,0,4
BRDA:365,93,1,4
BRDA:366,94,0,1
BRDA:366,94,1,3
BRDA:366,95,0,4
BRDA:366,95,1,4
BRDA:366,96,0,1
BRDA:366,96,1,3
BRDA:366,97,0,4
BRDA:366,97,1,4
BRDA:367,98,0,4
BRDA:367,98,1,4
BRDA:369,99,0,1
BRDA:369,99,1,3
BRDA:369,100,0,4
BRDA:369,100,1,4
BRDA:370,101,0,1
BRDA:370,101,1,2
BRDA:383,102,0,3
BRDA:383,102,1,0
BRDA:384,103,0,3
BRDA:384,103,1,0
BRDA:386,104,0,3
BRDA:386,104,1,1
BRDA:396,105,0,20
BRDA:396,105,1,2
BRDA:396,106,0,22
BRDA:396,106,1,20
BRDA:425,107,0,0
BRDA:456,108,0,20
BRDA:456,108,1,0
BRDA:458,109,0,14
BRDA:458,109,1,6
BRDA:471,110,0,6
BRF:219
BRH:141
end_of_record
TN:
SF:apps/clinical-portal/src/app/visualization/data/data-transform.service.ts
FN:75,(anonymous_0)
FN:81,(anonymous_1)
FN:121,(anonymous_2)
FN:148,(anonymous_3)
FN:173,(anonymous_4)
FN:182,(anonymous_5)
FN:183,(anonymous_6)
FN:184,(anonymous_7)
FN:200,(anonymous_8)
FN:211,(anonymous_9)
FN:236,(anonymous_10)
FN:258,(anonymous_11)
FN:280,(anonymous_12)
FN:307,(anonymous_13)
FN:317,(anonymous_14)
FN:324,(anonymous_15)
FN:331,(anonymous_16)
FN:345,(anonymous_17)
FN:348,(anonymous_18)
FN:358,(anonymous_19)
FN:369,(anonymous_20)
FN:376,(anonymous_21)
FNF:22
FNH:22
FNDA:70,(anonymous_0)
FNDA:19,(anonymous_1)
FNDA:8,(anonymous_2)
FNDA:12,(anonymous_3)
FNDA:5,(anonymous_4)
FNDA:5,(anonymous_5)
FNDA:5,(anonymous_6)
FNDA:5,(anonymous_7)
FNDA:5,(anonymous_8)
FNDA:5,(anonymous_9)
FNDA:5,(anonymous_10)
FNDA:4,(anonymous_11)
FNDA:7,(anonymous_12)
FNDA:3,(anonymous_13)
FNDA:4,(anonymous_14)
FNDA:3,(anonymous_15)
FNDA:2,(anonymous_16)
FNDA:1,(anonymous_17)
FNDA:3,(anonymous_18)
FNDA:3,(anonymous_19)
FNDA:2,(anonymous_20)
FNDA:2,(anonymous_21)
DA:1,1
DA:2,1
DA:3,1
DA:4,1
DA:55,1
DA:57,70
DA:63,70
DA:69,70
DA:83,19
DA:84,19
DA:86,19
DA:94,19
DA:95,3
DA:96,16
DA:97,2
DA:100,14
DA:101,14
DA:109,19
DA:112,19
DA:114,19
DA:123,8
DA:131,8
DA:132,1
DA:133,7
DA:134,6
DA:136,1
DA:140,8
DA:142,8
DA:150,12
DA:151,12
DA:152,12
DA:154,12
DA:161,12
DA:164,12
DA:166,12
DA:179,5
DA:182,5
DA:183,5
DA:184,5
DA:187,4
DA:191,4
DA:195,4
DA:200,5
DA:212,5
DA:213,5
DA:214,5
DA:215,5
DA:217,5
DA:218,53
DA:219,53
DA:220,53
DA:221,53
DA:223,53
DA:230,5
DA:237,5
DA:238,5
DA:239,5
DA:241,5
DA:242,31
DA:243,31
DA:245,31
DA:252,5
DA:259,4
DA:260,4
DA:262,4
DA:263,30
DA:264,30
DA:265,30
DA:267,30
DA:274,4
DA:282,7
DA:285,7
DA:287,3
DA:288,3
DA:295,4
DA:296,4
DA:308,3
DA:309,3
DA:310,3
DA:311,3
DA:318,4
DA:325,3
DA:332,2
DA:333,2
DA:335,2
DA:346,1
DA:348,1
DA:349,3
DA:352,1
DA:359,3
DA:370,2
DA:377,2
LF:92
LH:92
BRDA:94,0,0,3
BRDA:94,0,1,16
BRDA:96,1,0,2
BRDA:96,1,1,14
BRDA:109,2,0,3
BRDA:109,2,1,16
BRDA:109,3,0,2
BRDA:109,3,1,14
BRDA:112,4,0,14
BRDA:112,4,1,5
BRDA:131,5,0,1
BRDA:131,5,1,7
BRDA:133,6,0,6
BRDA:133,6,1,1
BRDA:156,7,0,11
BRDA:156,7,1,1
BRDA:164,8,0,11
BRDA:164,8,1,1
BRDA:179,9,0,1
BRDA:182,10,0,5
BRDA:182,10,1,2
BRDA:183,11,0,5
BRDA:183,11,1,2
BRDA:184,12,0,5
BRDA:184,12,1,0
BRDA:211,13,0,1
BRDA:211,14,0,1
BRDA:236,15,0,0
BRDA:258,16,0,0
BRDA:258,17,0,0
BRDA:285,18,0,3
BRDA:285,18,1,4
BRDA:307,19,0,0
BRDA:307,20,0,0
BRDA:318,21,0,4
BRDA:318,21,1,1
BRF:36
BRH:30
end_of_record
TN:
SF:apps/clinical-portal/src/environments/environment.ts
FNF:0
FNH:0
DA:7,42
LF:1
LH:1
BRF:0
BRH:0
end_of_record
TN:
SF:apps/clinical-portal/src/testing/factories/cql-library.factory.ts
FN:12,(anonymous_0)
FN:40,(anonymous_1)
FN:41,(anonymous_2)
FN:47,(anonymous_3)
FN:59,(anonymous_4)
FN:71,(anonymous_5)
FN:83,(anonymous_6)
FN:93,(anonymous_7)
FN:103,(anonymous_8)
FN:118,(anonymous_9)
FN:150,(anonymous_10)
FN:157,(anonymous_11)
FNF:12
FNH:11
FNDA:59,(anonymous_0)
FNDA:3,(anonymous_1)
FNDA:33,(anonymous_2)
FNDA:9,(anonymous_3)
FNDA:3,(anonymous_4)
FNDA:2,(anonymous_5)
FNDA:1,(anonymous_6)
FNDA:1,(anonymous_7)
FNDA:0,(anonymous_8)
FNDA:3,(anonymous_9)
FNDA:95,(anonymous_10)
FNDA:57,(anonymous_11)
DA:6,2
DA:7,2
DA:13,59
DA:14,59
DA:15,59
DA:17,59
DA:41,33
DA:48,9
DA:60,3
DA:72,2
DA:84,1
DA:94,1
DA:104,0
DA:105,0
DA:119,3
DA:151,95
DA:158,57
LF:17
LH:15
BRDA:14,0,0,59
BRDA:14,0,1,37
BRDA:14,1,0,30
BRDA:14,1,1,29
BRDA:14,2,0,59
BRDA:14,2,1,59
BRDA:15,3,0,59
BRDA:15,3,1,38
BRDA:15,4,0,30
BRDA:15,4,1,29
BRDA:15,5,0,59
BRDA:15,5,1,59
BRDA:18,6,0,59
BRDA:18,6,1,56
BRDA:18,7,0,30
BRDA:18,7,1,29
BRDA:18,8,0,59
BRDA:18,8,1,59
BRDA:19,9,0,59
BRDA:19,9,1,59
BRDA:19,10,0,30
BRDA:19,10,1,29
BRDA:19,11,0,59
BRDA:19,11,1,59
BRDA:23,12,0,59
BRDA:23,12,1,37
BRDA:23,13,0,30
BRDA:23,13,1,29
BRDA:23,14,0,59
BRDA:23,14,1,59
BRDA:24,15,0,59
BRDA:24,15,1,57
BRDA:24,16,0,30
BRDA:24,16,1,29
BRDA:24,17,0,59
BRDA:24,17,1,59
BRDA:25,18,0,59
BRDA:25,18,1,59
BRDA:25,19,0,30
BRDA:25,19,1,29
BRDA:25,20,0,59
BRDA:25,20,1,59
BRDA:26,21,0,59
BRDA:26,21,1,59
BRDA:26,22,0,30
BRDA:26,22,1,29
BRDA:26,23,0,59
BRDA:26,23,1,59
BRDA:27,24,0,59
BRDA:27,24,1,44
BRDA:27,25,0,30
BRDA:27,25,1,29
BRDA:27,26,0,59
BRDA:27,26,1,59
BRDA:28,27,0,59
BRDA:28,27,1,59
BRDA:28,28,0,30
BRDA:28,28,1,29
BRDA:28,29,0,59
BRDA:28,29,1,59
BRDA:29,30,0,59
BRDA:29,30,1,59
BRDA:29,31,0,30
BRDA:29,31,1,29
BRDA:29,32,0,59
BRDA:29,32,1,59
BRDA:30,33,0,4
BRDA:30,33,1,55
BRDA:30,34,0,30
BRDA:30,34,1,29
BRDA:30,35,0,59
BRDA:30,35,1,59
BRDA:31,36,0,59
BRDA:31,36,1,59
BRDA:31,37,0,30
BRDA:31,37,1,29
BRDA:31,38,0,59
BRDA:31,38,1,59
BRDA:32,39,0,59
BRDA:32,39,1,59
BRDA:32,40,0,30
BRDA:32,40,1,29
BRDA:32,41,0,59
BRDA:32,41,1,59
BRDA:33,42,0,59
BRDA:33,42,1,59
BRDA:33,43,0,30
BRDA:33,43,1,29
BRDA:33,44,0,59
BRDA:33,44,1,59
BRDA:106,45,0,0
BRDA:106,45,1,0
BRDA:106,46,0,0
BRDA:106,46,1,0
BRDA:106,47,0,0
BRDA:106,47,1,0
BRDA:107,48,0,0
BRDA:107,48,1,0
BRDA:107,49,0,0
BRDA:107,49,1,0
BRDA:107,50,0,0
BRDA:107,50,1,0
BRDA:108,51,0,0
BRDA:108,51,1,0
BRDA:108,52,0,0
BRDA:108,52,1,0
BRDA:108,53,0,0
BRDA:108,53,1,0
BRDA:109,54,0,0
BRDA:109,54,1,0
BRDA:109,55,0,0
BRDA:109,55,1,0
BRDA:109,56,0,0
BRDA:109,56,1,0
BRDA:110,57,0,0
BRDA:110,57,1,0
BRDA:110,58,0,0
BRDA:110,58,1,0
BRDA:110,59,0,0
BRDA:110,59,1,0
BRDA:111,60,0,0
BRDA:111,60,1,0
BRDA:111,61,0,0
BRDA:111,61,1,0
BRDA:111,62,0,0
BRDA:111,62,1,0
BRF:126
BRH:90
end_of_record
TN:
SF:apps/clinical-portal/src/testing/factories/evaluation.factory.ts
FN:26,(anonymous_0)
FN:53,(anonymous_1)
FN:63,(anonymous_2)
FN:74,(anonymous_3)
FN:89,(anonymous_4)
FN:90,(anonymous_5)
FN:96,(anonymous_6)
FN:120,(anonymous_7)
FN:144,(anonymous_8)
FN:168,(anonymous_9)
FN:179,(anonymous_10)
FN:207,(anonymous_11)
FN:235,(anonymous_12)
FN:236,(anonymous_13)
FN:246,(anonymous_14)
FNF:15
FNH:15
FNDA:47,(anonymous_0)
FNDA:2,(anonymous_1)
FNDA:1,(anonymous_2)
FNDA:3,(anonymous_3)
FNDA:1,(anonymous_4)
FNDA:5,(anonymous_5)
FNDA:33,(anonymous_6)
FNDA:15,(anonymous_7)
FNDA:4,(anonymous_8)
FNDA:1,(anonymous_9)
FNDA:1,(anonymous_10)
FNDA:1,(anonymous_11)
FNDA:1,(anonymous_12)
FNDA:5,(anonymous_13)
FNDA:190,(anonymous_14)
DA:20,3
DA:21,3
DA:27,47
DA:28,47
DA:54,2
DA:64,1
DA:77,3
DA:90,5
DA:97,33
DA:121,15
DA:145,4
DA:169,1
DA:180,1
DA:208,1
DA:236,1
DA:238,5
DA:239,5
DA:247,190
LF:18
LH:18
BRDA:29,0,0,47
BRDA:29,0,1,47
BRDA:29,1,0,40
BRDA:29,1,1,7
BRDA:29,2,0,47
BRDA:29,2,1,47
BRDA:30,3,0,47
BRDA:30,3,1,47
BRDA:30,4,0,40
BRDA:30,4,1,7
BRDA:30,5,0,47
BRDA:30,5,1,47
BRDA:31,6,0,47
BRDA:31,6,1,45
BRDA:31,7,0,40
BRDA:31,7,1,7
BRDA:31,8,0,47
BRDA:31,8,1,47
BRDA:36,9,0,47
BRDA:36,9,1,45
BRDA:36,10,0,40
BRDA:36,10,1,7
BRDA:36,11,0,47
BRDA:36,11,1,47
BRDA:37,12,0,40
BRDA:37,12,1,7
BRDA:37,13,0,47
BRDA:37,13,1,47
BRDA:38,14,0,47
BRDA:38,14,1,44
BRDA:38,15,0,40
BRDA:38,15,1,7
BRDA:38,16,0,47
BRDA:38,16,1,47
BRDA:42,17,0,47
BRDA:42,17,1,44
BRDA:42,18,0,40
BRDA:42,18,1,7
BRDA:42,19,0,47
BRDA:42,19,1,47
BRDA:43,20,0,40
BRDA:43,20,1,7
BRDA:43,21,0,47
BRDA:43,21,1,47
BRDA:44,22,0,47
BRDA:44,22,1,47
BRDA:44,23,0,40
BRDA:44,23,1,7
BRDA:44,24,0,47
BRDA:44,24,1,47
BRDA:45,25,0,47
BRDA:45,25,1,47
BRDA:45,26,0,40
BRDA:45,26,1,7
BRDA:45,27,0,47
BRDA:45,27,1,47
BRDA:46,28,0,47
BRDA:46,28,1,47
BRDA:46,29,0,40
BRDA:46,29,1,7
BRDA:46,30,0,47
BRDA:46,30,1,47
BRDA:78,31,0,3
BRDA:78,31,1,3
BRDA:78,32,0,0
BRDA:78,32,1,3
BRDA:78,33,0,3
BRDA:78,33,1,3
BRDA:79,34,0,3
BRDA:79,34,1,0
BRDA:79,35,0,0
BRDA:79,35,1,3
BRDA:79,36,0,3
BRDA:79,36,1,3
BRDA:80,37,0,3
BRDA:80,37,1,3
BRDA:80,38,0,0
BRDA:80,38,1,3
BRDA:80,39,0,3
BRDA:80,39,1,3
BRDA:81,40,0,3
BRDA:81,40,1,3
BRDA:81,41,0,0
BRDA:81,41,1,3
BRDA:81,42,0,3
BRDA:81,42,1,3
BRDA:89,43,0,0
BRDA:170,44,0,1
BRDA:170,44,1,1
BRDA:170,45,0,1
BRDA:170,45,1,0
BRDA:170,46,0,1
BRDA:170,46,1,1
BRDA:171,47,0,1
BRDA:171,47,1,1
BRDA:171,48,0,1
BRDA:171,48,1,0
BRDA:171,49,0,1
BRDA:171,49,1,1
BRDA:172,50,0,1
BRDA:172,50,1,1
BRDA:172,51,0,1
BRDA:172,51,1,0
BRDA:172,52,0,1
BRDA:172,52,1,1
BRDA:239,53,0,0
BRDA:239,53,1,5
BRF:107
BRH:97
end_of_record
TN:
SF:apps/clinical-portal/src/testing/factories/patient.factory.ts
FN:19,(anonymous_0)
FN:49,(anonymous_1)
FN:50,(anonymous_2)
FN:56,(anonymous_3)
FN:69,(anonymous_4)
FN:82,(anonymous_5)
FN:95,(anonymous_6)
FN:104,(anonymous_7)
FN:113,(anonymous_8)
FN:122,(anonymous_9)
FN:131,(anonymous_10)
FN:140,(anonymous_11)
FN:159,(anonymous_12)
FN:200,(anonymous_13)
FN:205,(anonymous_14)
FN:215,(anonymous_15)
FN:227,(anonymous_16)
FNF:17
FNH:17
FNDA:501,(anonymous_0)
FNDA:11,(anonymous_1)
FNDA:375,(anonymous_2)
FNDA:12,(anonymous_3)
FNDA:3,(anonymous_4)
FNDA:1,(anonymous_5)
FNDA:1,(anonymous_6)
FNDA:1,(anonymous_7)
FNDA:1,(anonymous_8)
FNDA:2,(anonymous_9)
FNDA:3,(anonymous_10)
FNDA:449,(anonymous_11)
FNDA:21,(anonymous_12)
FNDA:10,(anonymous_13)
FNDA:64,(anonymous_14)
FNDA:2,(anonymous_15)
FNDA:190,(anonymous_16)
DA:13,3
DA:14,3
DA:20,501
DA:21,501
DA:22,501
DA:24,501
DA:50,375
DA:57,12
DA:70,3
DA:83,1
DA:96,1
DA:105,1
DA:114,1
DA:123,2
DA:132,3
DA:141,449
DA:142,449
DA:143,449
DA:160,21
DA:201,10
DA:205,64
DA:216,2
DA:228,190
LF:23
LH:23
BRDA:21,0,0,501
BRDA:21,0,1,485
BRDA:21,1,0,485
BRDA:21,1,1,16
BRDA:21,2,0,501
BRDA:21,2,1,501
BRDA:21,3,0,483
BRDA:21,3,1,18
BRDA:21,4,0,501
BRDA:21,4,1,501
BRDA:21,5,0,377
BRDA:21,5,1,124
BRDA:21,6,0,501
BRDA:21,6,1,501
BRDA:22,7,0,501
BRDA:22,7,1,485
BRDA:22,8,0,485
BRDA:22,8,1,16
BRDA:22,9,0,501
BRDA:22,9,1,501
BRDA:22,10,0,483
BRDA:22,10,1,18
BRDA:22,11,0,501
BRDA:22,11,1,501
BRDA:22,12,0,377
BRDA:22,12,1,124
BRDA:22,13,0,501
BRDA:22,13,1,501
BRDA:26,14,0,501
BRDA:26,14,1,385
BRDA:26,15,0,377
BRDA:26,15,1,124
BRDA:26,16,0,501
BRDA:26,16,1,501
BRDA:27,17,0,501
BRDA:27,17,1,482
BRDA:27,18,0,377
BRDA:27,18,1,124
BRDA:27,19,0,501
BRDA:27,19,1,501
BRDA:33,20,0,501
BRDA:33,20,1,483
BRDA:33,21,0,377
BRDA:33,21,1,124
BRDA:33,22,0,501
BRDA:33,22,1,501
BRDA:40,23,0,501
BRDA:40,23,1,485
BRDA:40,24,0,377
BRDA:40,24,1,124
BRDA:40,25,0,501
BRDA:40,25,1,501
BRDA:41,26,0,501
BRDA:41,26,1,483
BRDA:41,27,0,377
BRDA:41,27,1,124
BRDA:41,28,0,501
BRDA:41,28,1,501
BRDA:42,29,0,1
BRDA:42,29,1,500
BRDA:42,30,0,377
BRDA:42,30,1,124
BRDA:42,31,0,501
BRDA:42,31,1,501
BRDA:142,32,0,125
BRDA:142,32,1,324
BRDA:144,33,0,449
BRDA:144,33,1,363
BRDA:144,34,0,324
BRDA:144,34,1,125
BRDA:144,35,0,449
BRDA:144,35,1,449
BRDA:145,36,0,43
BRDA:145,36,1,406
BRDA:145,37,0,0
BRDA:145,37,1,43
BRDA:145,38,0,43
BRDA:145,38,1,43
BRDA:146,39,0,449
BRDA:146,39,1,370
BRDA:146,40,0,324
BRDA:146,40,1,125
BRDA:146,41,0,449
BRDA:146,41,1,449
BRDA:147,42,0,449
BRDA:147,42,1,449
BRDA:147,43,0,324
BRDA:147,43,1,125
BRDA:147,44,0,449
BRDA:147,44,1,449
BRDA:148,45,0,449
BRDA:148,45,1,449
BRDA:148,46,0,324
BRDA:148,46,1,125
BRDA:148,47,0,449
BRDA:148,47,1,449
BRDA:149,48,0,449
BRDA:149,48,1,433
BRDA:149,49,0,324
BRDA:149,49,1,125
BRDA:149,50,0,449
BRDA:149,50,1,449
BRDA:150,51,0,449
BRDA:150,51,1,373
BRDA:150,52,0,324
BRDA:150,52,1,125
BRDA:150,53,0,449
BRDA:150,53,1,449
BRDA:151,54,0,449
BRDA:151,54,1,390
BRDA:151,55,0,324
BRDA:151,55,1,125
BRDA:151,56,0,449
BRDA:151,56,1,449
BRDA:152,57,0,449
BRDA:152,57,1,390
BRDA:152,58,0,324
BRDA:152,58,1,125
BRDA:152,59,0,449
BRDA:152,59,1,449
BRF:120
BRH:119
end_of_record
