<?xml version="1.0" encoding="UTF-8"?>
<testsuite name="com.healthdata.cql.integration.SimplifiedCqlEvaluationControllerIntegrationTest" tests="12" skipped="0" failures="0" errors="0" timestamp="2025-12-23T17:33:30" hostname="MSI" time="1.7">
  <properties/>
  <testcase name="Should evaluate CQL successfully" classname="com.healthdata.cql.integration.SimplifiedCqlEvaluationControllerIntegrationTest" time="1.036"/>
  <testcase name="Should fail with non-existent library" classname="com.healthdata.cql.integration.SimplifiedCqlEvaluationControllerIntegrationTest" time="0.034"/>
  <testcase name="Should fail without tenant header" classname="com.healthdata.cql.integration.SimplifiedCqlEvaluationControllerIntegrationTest" time="0.019"/>
  <testcase name="Should fail without library parameter" classname="com.healthdata.cql.integration.SimplifiedCqlEvaluationControllerIntegrationTest" time="0.015"/>
  <testcase name="Should fail without patient parameter" classname="com.healthdata.cql.integration.SimplifiedCqlEvaluationControllerIntegrationTest" time="0.023"/>
  <testcase name="Should evaluate multiple patients with same library" classname="com.healthdata.cql.integration.SimplifiedCqlEvaluationControllerIntegrationTest" time="0.124"/>
  <testcase name="Should use latest library version" classname="com.healthdata.cql.integration.SimplifiedCqlEvaluationControllerIntegrationTest" time="0.047"/>
  <testcase name="Should handle optional parameters" classname="com.healthdata.cql.integration.SimplifiedCqlEvaluationControllerIntegrationTest" time="0.052"/>
  <testcase name="Should enforce multi-tenant isolation" classname="com.healthdata.cql.integration.SimplifiedCqlEvaluationControllerIntegrationTest" time="0.131"/>
  <testcase name="Should return proper error response structure" classname="com.healthdata.cql.integration.SimplifiedCqlEvaluationControllerIntegrationTest" time="0.024"/>
  <testcase name="Should handle concurrent evaluation requests" classname="com.healthdata.cql.integration.SimplifiedCqlEvaluationControllerIntegrationTest" time="0.14"/>
  <testcase name="Should reject invalid patient ID format" classname="com.healthdata.cql.integration.SimplifiedCqlEvaluationControllerIntegrationTest" time="0.035"/>
  <system-out><![CDATA[12:33:09.625 [Test worker] INFO org.springframework.test.context.support.AnnotationConfigContextLoaderUtils -- Could not detect default configuration classes for test class [com.healthdata.cql.integration.SimplifiedCqlEvaluationControllerIntegrationTest]: SimplifiedCqlEvaluationControllerIntegrationTest does not declare any static, non-private, non-final, nested classes annotated with @Configuration.
12:33:09.866 [Test worker] INFO org.springframework.boot.test.context.SpringBootTestContextBootstrapper -- Found @SpringBootConfiguration com.healthdata.cql.CqlEngineServiceApplication for test class com.healthdata.cql.integration.SimplifiedCqlEvaluationControllerIntegrationTest

  .   ____          _            __ _ _
 /\\ / ___'_ __ _ _(_)_ __  __ _ \ \ \ \
( ( )\___ | '_ | '_| | '_ \/ _` | \ \ \ \
 \\/  ___)| |_)| | | | | || (_| |  ) ) ) )
  '  |____| .__|_| |_|_| |_\__, | / / / /
 =========|_|==============|___/=/_/_/_/

 :: Spring Boot ::               (v3.3.11)

2025-12-23 12:33:14 - Starting SimplifiedCqlEvaluationControllerIntegrationTest using Java 21.0.9 with PID 68137 (started by mahoosuc-solutions in /home/mahoosuc-solutions/projects/hdim-master/hdim-master/backend/modules/services/cql-engine-service)
2025-12-23 12:33:14 - Running with Spring Boot v3.3.11, Spring v6.1.19
2025-12-23 12:33:14 - The following 1 profile is active: "test"
2025-12-23 12:33:16 - RxJava2 related Aspect extensions are not activated, because RxJava2 is not on the classpath.
2025-12-23 12:33:16 - Reactor related Aspect extensions are not activated because Resilience4j Reactor module is not on the classpath.
2025-12-23 12:33:16 - RxJava2 related Aspect extensions are not activated, because RxJava2 is not on the classpath.
2025-12-23 12:33:16 - Reactor related Aspect extensions are not activated because Resilience4j Reactor module is not on the classpath.
2025-12-23 12:33:16 - RxJava2 related Aspect extensions are not activated, because RxJava2 is not on the classpath.
2025-12-23 12:33:16 - Reactor related Aspect extensions are not activated because Resilience4j Reactor module is not on the classpath.
2025-12-23 12:33:16 - RxJava2 related Aspect extensions are not activated, because RxJava2 is not on the classpath.
2025-12-23 12:33:16 - Reactor related Aspect extensions are not activated because Resilience4j Reactor module is not on the classpath.
2025-12-23 12:33:16 - RxJava2 related Aspect extensions are not activated, because RxJava2 is not on the classpath.
2025-12-23 12:33:16 - Reactor related Aspect extensions are not activated because Resilience4j Reactor module is not on the classpath.
2025-12-23 12:33:16 - RxJava2 related Aspect extensions are not activated, because RxJava2 is not on the classpath.
2025-12-23 12:33:16 - Reactor related Aspect extensions are not activated because Resilience4j Reactor module is not on the classpath.
2025-12-23 12:33:21 - HHH90000025: PostgreSQLDialect does not need to be specified explicitly using 'hibernate.dialect' (remove the property setting and it will be selected by default)
2025-12-23 12:33:22 - 
    alter table if exists cql_evaluations 
       drop constraint if exists fk_evaluation_library
2025-12-23 12:33:22 - SQL Warning Code: 0, SQLState: 00000
2025-12-23 12:33:22 - relation "cql_evaluations" does not exist, skipping
2025-12-23 12:33:22 - 
    drop table if exists cql_evaluations cascade
2025-12-23 12:33:22 - SQL Warning Code: 0, SQLState: 00000
2025-12-23 12:33:22 - table "cql_evaluations" does not exist, skipping
2025-12-23 12:33:22 - 
    drop table if exists cql_libraries cascade
2025-12-23 12:33:22 - SQL Warning Code: 0, SQLState: 00000
2025-12-23 12:33:22 - table "cql_libraries" does not exist, skipping
2025-12-23 12:33:22 - 
    drop table if exists value_sets cascade
2025-12-23 12:33:22 - SQL Warning Code: 0, SQLState: 00000
2025-12-23 12:33:22 - table "value_sets" does not exist, skipping
2025-12-23 12:33:22 - 
    create table cql_evaluations (
        created_at timestamp(6) with time zone not null,
        duration_ms bigint,
        evaluation_date timestamp(6) with time zone not null,
        id uuid not null,
        library_id uuid not null,
        patient_id uuid not null,
        status varchar(32),
        tenant_id varchar(64) not null,
        error_message TEXT,
        context_data JSON,
        evaluation_result JSON,
        primary key (id)
    )
2025-12-23 12:33:22 - 
    create table cql_libraries (
        active boolean,
        created_at timestamp(6) with time zone not null,
        updated_at timestamp(6) with time zone,
        fhir_library_id uuid,
        id uuid not null,
        status varchar(32),
        version varchar(32) not null,
        category varchar(64),
        created_by varchar(64),
        tenant_id varchar(64) not null,
        cql_content TEXT,
        description TEXT,
        elm_json TEXT,
        elm_xml TEXT,
        library_name varchar(255) not null,
        measure_class varchar(255),
        name varchar(255) not null,
        publisher varchar(255),
        primary key (id)
    )
2025-12-23 12:33:22 - 
    create table value_sets (
        active boolean,
        created_at timestamp(6) with time zone not null,
        updated_at timestamp(6) with time zone,
        fhir_value_set_id uuid,
        id uuid not null,
        status varchar(32),
        version varchar(32),
        tenant_id varchar(64) not null,
        code_system varchar(128),
        name varchar(512) not null,
        codes TEXT,
        description TEXT,
        oid varchar(255) not null,
        publisher varchar(255),
        primary key (id),
        constraint uk_vs_oid_version unique (oid, version)
    )
2025-12-23 12:33:22 - 
    create index idx_eval_library 
       on cql_evaluations (library_id, evaluation_date)
2025-12-23 12:33:22 - 
    create index idx_eval_patient 
       on cql_evaluations (patient_id, evaluation_date)
2025-12-23 12:33:22 - 
    create index idx_eval_tenant 
       on cql_evaluations (tenant_id)
2025-12-23 12:33:22 - 
    create index idx_library_tenant 
       on cql_libraries (tenant_id)
2025-12-23 12:33:22 - 
    create index idx_library_name_version 
       on cql_libraries (library_name, version)
2025-12-23 12:33:22 - 
    create index idx_vs_oid 
       on value_sets (oid)
2025-12-23 12:33:22 - 
    create index idx_vs_name 
       on value_sets (name)
2025-12-23 12:33:22 - 
    create index idx_vs_tenant 
       on value_sets (tenant_id)
2025-12-23 12:33:22 - 
    alter table if exists cql_evaluations 
       add constraint fk_evaluation_library 
       foreign key (library_id) 
       references cql_libraries
2025-12-23 12:33:24 - spring.jpa.open-in-view is enabled by default. Therefore, database queries may be performed during view rendering. Explicitly configure spring.jpa.open-in-view to disable this warning
2025-12-23 12:33:25 - Initializing HEDIS Measure Registry...
2025-12-23 12:33:25 - Registered measure: AAP - Adults' Access to Preventive/Ambulatory Health Services
2025-12-23 12:33:25 - Registered measure: ABA - Adult BMI Assessment
2025-12-23 12:33:25 - Registered measure: ADD - Follow-Up Care for Children Prescribed ADHD Medication
2025-12-23 12:33:25 - Registered measure: AIS - Adult Immunization Status
2025-12-23 12:33:25 - Registered measure: AMM - Antidepressant Medication Management
2025-12-23 12:33:25 - Registered measure: AMR - Asthma Medication Ratio
2025-12-23 12:33:25 - Registered measure: APM - Metabolic Monitoring for Antipsychotics
2025-12-23 12:33:25 - Registered measure: ASF - Unhealthy Alcohol Use Screening and Follow-Up
2025-12-23 12:33:25 - Registered measure: BCS - Breast Cancer Screening
2025-12-23 12:33:25 - Registered measure: BPD - Blood Pressure Control for Patients with Diabetes
2025-12-23 12:33:25 - Registered measure: CAP - Children and Adolescents' Access to Primary Care Practitioners
2025-12-23 12:33:25 - Registered measure: CBP - Controlling High Blood Pressure
2025-12-23 12:33:25 - Registered measure: CCS - Cervical Cancer Screening
2025-12-23 12:33:25 - Registered measure: CDC - Comprehensive Diabetes Care
2025-12-23 12:33:25 - Registered measure: CHL - Chlamydia Screening in Women
2025-12-23 12:33:25 - Registered measure: CIS - Childhood Immunization Status
2025-12-23 12:33:25 - Registered measure: COA - Care for Older Adults
2025-12-23 12:33:25 - Registered measure: COL - Colorectal Cancer Screening
2025-12-23 12:33:25 - Registered measure: CWP - Appropriate Testing for Pharyngitis (Children)
2025-12-23 12:33:25 - Registered measure: DRR - Depression Remission or Response
2025-12-23 12:33:25 - Registered measure: DSF - Depression Screening and Follow-up for Adolescents and Adults
2025-12-23 12:33:25 - Registered measure: EED - Eye Exam for Patients with Diabetes
2025-12-23 12:33:25 - Registered measure: FUA - Follow-Up After ED Visit for Alcohol and Other Drug Abuse
2025-12-23 12:33:25 - Registered measure: FUH - Follow-Up After Hospitalization for Mental Illness
2025-12-23 12:33:25 - Registered measure: FUM - Follow-Up After ED Visit for Mental Illness
2025-12-23 12:33:25 - Registered measure: FVA - Influenza Vaccinations for Adults Ages 18-64
2025-12-23 12:33:25 - Registered measure: HBD - Hemoglobin A1c Control for Patients with Diabetes
2025-12-23 12:33:25 - Registered measure: HDO - Use of Opioids at High Dosage
2025-12-23 12:33:25 - Registered measure: IET - Initiation and Engagement of AOD Dependence Treatment
2025-12-23 12:33:25 - Registered measure: IMA - Immunization for Adolescents
2025-12-23 12:33:25 - Registered measure: KED - Kidney Health Evaluation for Diabetes
2025-12-23 12:33:25 - Registered measure: LBP - Use of Imaging Studies for Low Back Pain
2025-12-23 12:33:25 - Registered measure: LSC - Lead Screening in Children
2025-12-23 12:33:25 - Registered measure: MMA - Medication Management for People with Asthma
2025-12-23 12:33:25 - Registered measure: MRP - Medication Reconciliation Post-Discharge
2025-12-23 12:33:25 - Registered measure: MSC - Medical Assistance with Smoking and Tobacco Use Cessation
2025-12-23 12:33:25 - Registered measure: NCS - Non-Recommended Cervical Cancer Screening in Adolescent Females
2025-12-23 12:33:25 - Registered measure: OMW - Osteoporosis Management in Women Who Had a Fracture
2025-12-23 12:33:25 - Registered measure: PBH - Persistence of Beta-Blocker Treatment After Heart Attack
2025-12-23 12:33:25 - Registered measure: PCE - Pharmacotherapy for Opioid Use Disorder
2025-12-23 12:33:25 - Registered measure: PCR - Plan All-Cause Readmissions
2025-12-23 12:33:25 - Registered measure: PDS - Postpartum Depression Screening and Follow-Up
2025-12-23 12:33:25 - Registered measure: PPC - Prenatal and Postpartum Care
2025-12-23 12:33:25 - Registered measure: SAA - Adherence to Antipsychotic Medications
2025-12-23 12:33:25 - Registered measure: SDOH-1 - Social Determinants of Health Screening
2025-12-23 12:33:25 - Registered measure: SDOH-2 - Social Determinants of Health Screen Positive Rate
2025-12-23 12:33:25 - Registered measure: SFM - Safe Use of Opioids - Concurrent Prescribing
2025-12-23 12:33:25 - Registered measure: SMC - Cardiovascular Monitoring for People with CVD and Schizophrenia
2025-12-23 12:33:25 - Registered measure: SPD - Statin Therapy for Patients with Cardiovascular Disease
2025-12-23 12:33:25 - Registered measure: SPR - Statin Therapy for Patients with Cardiovascular Disease
2025-12-23 12:33:25 - Registered measure: SSD - Diabetes Screening for People with Schizophrenia or Bipolar Disorder on Antipsychotics
2025-12-23 12:33:25 - Registered measure: TSC - Transitions of Care
2025-12-23 12:33:25 - Registered measure: URI - Appropriate Treatment for Upper Respiratory Infection
2025-12-23 12:33:25 - Registered measure: VLS - Viral Load Suppression for Patients with HIV
2025-12-23 12:33:25 - Registered measure: W15 - Well-Child Visits (3-6 years)
2025-12-23 12:33:25 - Registered measure: WCC - Weight Assessment and Counseling for Children
2025-12-23 12:33:25 - HEDIS Measure Registry initialized with 56 measures
2025-12-23 12:33:25 - Registered measure IDs: AAP, ABA, ADD, AIS, AMM, AMR, APM, ASF, BCS, BPD, CAP, CBP, CCS, CDC, CHL, CIS, COA, COL, CWP, DRR, DSF, EED, FUA, FUH, FUM, FVA, HBD, HDO, IET, IMA, KED, LBP, LSC, MMA, MRP, MSC, NCS, OMW, PBH, PCE, PCR, PDS, PPC, SAA, SDOH-1, SDOH-2, SFM, SMC, SPD, SPR, SSD, TSC, URI, VLS, W15, WCC
2025-12-23 12:33:25 - MeasureTemplateEngine initialized with 24 threads
2025-12-23 12:33:26 - Initializing JWT configuration...
2025-12-23 12:33:26 - JWT secret key length validated: 102 bytes
2025-12-23 12:33:26 - JWT configuration validated successfully
2025-12-23 12:33:26 -   Issuer: healthdata-in-motion-test
2025-12-23 12:33:26 -   Audience: healthdata-api-test
2025-12-23 12:33:26 -   Access token expiration: PT1H
2025-12-23 12:33:26 -   Refresh token expiration: PT24H
2025-12-23 12:33:26 - 

Using generated security password: 73b1941d-ae62-48a7-a99c-d5c47cf0f215

This generated password is for development use only. Your security configuration must be updated before running your application in production.

2025-12-23 12:33:30 - Filter 'jwtAuthenticationFilter' configured for use
2025-12-23 12:33:30 - Initializing Servlet ''
2025-12-23 12:33:30 - Completed initialization in 3 ms
2025-12-23 12:33:30 - Started SimplifiedCqlEvaluationControllerIntegrationTest in 20.416 seconds (process running for 28.621)
2025-12-23 12:33:30 - Simplified evaluation request - tenant: test-tenant, library: CDC, patient: 11111111-1111-1111-1111-111111111111
2025-12-23 12:33:30 - 
    insert 
    into
        cql_libraries
        (active, category, cql_content, created_at, created_by, description, elm_json, elm_xml, fhir_library_id, library_name, measure_class, name, publisher, status, tenant_id, updated_at, version, id) 
    values
        (?, ?, ?, ?, ?, ?, ?, ?, ?, ?, ?, ?, ?, ?, ?, ?, ?, ?)
2025-12-23 12:33:30 - 
    select
        cl1_0.id,
        cl1_0.active,
        cl1_0.category,
        cl1_0.cql_content,
        cl1_0.created_at,
        cl1_0.created_by,
        cl1_0.description,
        cl1_0.elm_json,
        cl1_0.elm_xml,
        cl1_0.fhir_library_id,
        cl1_0.library_name,
        cl1_0.measure_class,
        cl1_0.name,
        cl1_0.publisher,
        cl1_0.status,
        cl1_0.tenant_id,
        cl1_0.updated_at,
        cl1_0.version 
    from
        cql_libraries cl1_0 
    where
        cl1_0.tenant_id=? 
        and cl1_0.library_name=? 
        and cl1_0.active=true 
    order by
        cl1_0.version desc 
    fetch
        first 1 rows only
2025-12-23 12:33:30 - Found library: CDC v1.0.0 (ID: 3b379a4e-9c8c-4d42-ab6a-dc8e7bbdd512)
2025-12-23 12:33:30 - Creating evaluation for patient: 11111111-1111-1111-1111-111111111111 with library: 3b379a4e-9c8c-4d42-ab6a-dc8e7bbdd512
2025-12-23 12:33:31 - Created evaluation with ID: 12c00414-1db2-4fff-bfd3-82b5efea6861
2025-12-23 12:33:31 - Created evaluation with ID: 12c00414-1db2-4fff-bfd3-82b5efea6861
2025-12-23 12:33:31 - Auditing CQL evaluation: evaluationId=12c00414-1db2-4fff-bfd3-82b5efea6861, tenantId=test-tenant
2025-12-23 12:33:31 - Started data flow tracking for evaluation: 12c00414-1db2-4fff-bfd3-82b5efea6861
2025-12-23 12:33:31 - Executing evaluation: 12c00414-1db2-4fff-bfd3-82b5efea6861
2025-12-23 12:33:31 - Evaluating measure CDC for patient 11111111-1111-1111-1111-111111111111 using template engine
2025-12-23 12:33:31 - Evaluating measure CDC for patient 11111111-1111-1111-1111-111111111111 / tenant test-tenant
2025-12-23 12:33:31 - Using registered Java measure CDCMeasure for evaluation
2025-12-23 12:33:31 - Recorded step 1: Load Measure Implementation (type: LOGIC_DECISION)
2025-12-23 12:33:31 - Evaluating CDC measure for patient: 11111111-1111-1111-1111-111111111111
2025-12-23 12:33:31 - Explicit slash decoding specified, decoding all slashes in uri
2025-12-23 12:33:31 - Explicit slash decoding specified, decoding all slashes in uri
2025-12-23 12:33:31 - Explicit slash decoding specified, decoding all slashes in uri
2025-12-23 12:33:31 - Error fetching conditions for patient 11111111-1111-1111-1111-111111111111: [404] during [GET] to [http://localhost:8085/fhir/Condition?patient=11111111-1111-1111-1111-111111111111&clinical-status=active] [FhirServiceClient#searchConditions(String,UUID,String,String)]: [{"timestamp":1766511211333,"status":404,"error":"Not Found","path":"/fhir/Condition"}]
2025-12-23 12:33:31 - Evaluated measure CDC for patient 11111111-1111-1111-1111-111111111111 using Java impl in 345ms
2025-12-23 12:33:31 - Published event to topic test-evaluation-started: partition=0, offset=0, key=test-tenant
2025-12-23 12:33:31 - Evaluation completed successfully: measure=CDC, patient=11111111-1111-1111-1111-111111111111, inDenominator=false, inNumerator=false
2025-12-23 12:33:31 - Published event to topic test-evaluation-completed: partition=0, offset=0, key=test-tenant
2025-12-23 12:33:31 - Completed evaluation: 12c00414-1db2-4fff-bfd3-82b5efea6861 with status: SUCCESS
2025-12-23 12:33:31 - Emitted evaluation audit event: evaluationId=12c00414-1db2-4fff-bfd3-82b5efea6861, duration=441ms
2025-12-23 12:33:31 - Cleared data flow tracking for evaluation: 12c00414-1db2-4fff-bfd3-82b5efea6861 (1 steps)
2025-12-23 12:33:31 - Executed evaluation - status: SUCCESS, duration: 435ms
2025-12-23 12:33:31 - Published audit event: type=CQL_EVALUATION, id=787a59a9-0931-4349-b91d-1098e45dba95, tenant=test-tenant, partition=0, offset=0
2025-12-23 12:33:31 - Simplified evaluation request - tenant: test-tenant, library: NonExistentLibrary, patient: 11111111-1111-1111-1111-111111111111
2025-12-23 12:33:31 - 
    insert 
    into
        cql_libraries
        (active, category, cql_content, created_at, created_by, description, elm_json, elm_xml, fhir_library_id, library_name, measure_class, name, publisher, status, tenant_id, updated_at, version, id) 
    values
        (?, ?, ?, ?, ?, ?, ?, ?, ?, ?, ?, ?, ?, ?, ?, ?, ?, ?)
2025-12-23 12:33:31 - 
    select
        cl1_0.id,
        cl1_0.active,
        cl1_0.category,
        cl1_0.cql_content,
        cl1_0.created_at,
        cl1_0.created_by,
        cl1_0.description,
        cl1_0.elm_json,
        cl1_0.elm_xml,
        cl1_0.fhir_library_id,
        cl1_0.library_name,
        cl1_0.measure_class,
        cl1_0.name,
        cl1_0.publisher,
        cl1_0.status,
        cl1_0.tenant_id,
        cl1_0.updated_at,
        cl1_0.version 
    from
        cql_libraries cl1_0 
    where
        cl1_0.tenant_id=? 
        and cl1_0.library_name=? 
        and cl1_0.active=true 
    order by
        cl1_0.version desc 
    fetch
        first 1 rows only
2025-12-23 12:33:31 - Library not found: NonExistentLibrary for tenant: test-tenant
2025-12-23 12:33:31 - Resolved [org.springframework.web.bind.MissingRequestHeaderException: Required request header 'X-Tenant-ID' for method parameter type String is not present]
2025-12-23 12:33:31 - Resolved [org.springframework.web.bind.MissingServletRequestParameterException: Required request parameter 'library' for method parameter type String is not present]
2025-12-23 12:33:31 - Resolved [org.springframework.web.bind.MissingServletRequestParameterException: Required request parameter 'patient' for method parameter type UUID is not present]
2025-12-23 12:33:31 - Simplified evaluation request - tenant: test-tenant, library: CDC, patient: 0200de06-ac4d-44ee-b512-10db9318bc1f
2025-12-23 12:33:31 - 
    insert 
    into
        cql_libraries
        (active, category, cql_content, created_at, created_by, description, elm_json, elm_xml, fhir_library_id, library_name, measure_class, name, publisher, status, tenant_id, updated_at, version, id) 
    values
        (?, ?, ?, ?, ?, ?, ?, ?, ?, ?, ?, ?, ?, ?, ?, ?, ?, ?)
2025-12-23 12:33:31 - 
    select
        cl1_0.id,
        cl1_0.active,
        cl1_0.category,
        cl1_0.cql_content,
        cl1_0.created_at,
        cl1_0.created_by,
        cl1_0.description,
        cl1_0.elm_json,
        cl1_0.elm_xml,
        cl1_0.fhir_library_id,
        cl1_0.library_name,
        cl1_0.measure_class,
        cl1_0.name,
        cl1_0.publisher,
        cl1_0.status,
        cl1_0.tenant_id,
        cl1_0.updated_at,
        cl1_0.version 
    from
        cql_libraries cl1_0 
    where
        cl1_0.tenant_id=? 
        and cl1_0.library_name=? 
        and cl1_0.active=true 
    order by
        cl1_0.version desc 
    fetch
        first 1 rows only
2025-12-23 12:33:31 - Found library: CDC v1.0.0 (ID: 228e279d-7dce-4d6e-be83-961e8feaa1a8)
2025-12-23 12:33:31 - Creating evaluation for patient: 0200de06-ac4d-44ee-b512-10db9318bc1f with library: 228e279d-7dce-4d6e-be83-961e8feaa1a8
2025-12-23 12:33:31 - Created evaluation with ID: 1463a265-e19b-4c7e-86d5-6f3b71e14453
2025-12-23 12:33:31 - Created evaluation with ID: 1463a265-e19b-4c7e-86d5-6f3b71e14453
2025-12-23 12:33:31 - Auditing CQL evaluation: evaluationId=1463a265-e19b-4c7e-86d5-6f3b71e14453, tenantId=test-tenant
2025-12-23 12:33:31 - Started data flow tracking for evaluation: 1463a265-e19b-4c7e-86d5-6f3b71e14453
2025-12-23 12:33:31 - Executing evaluation: 1463a265-e19b-4c7e-86d5-6f3b71e14453
2025-12-23 12:33:31 - Evaluating measure CDC for patient 0200de06-ac4d-44ee-b512-10db9318bc1f using template engine
2025-12-23 12:33:31 - Evaluating measure CDC for patient 0200de06-ac4d-44ee-b512-10db9318bc1f / tenant test-tenant
2025-12-23 12:33:31 - Using registered Java measure CDCMeasure for evaluation
2025-12-23 12:33:31 - Recorded step 1: Load Measure Implementation (type: LOGIC_DECISION)
2025-12-23 12:33:31 - Evaluating CDC measure for patient: 0200de06-ac4d-44ee-b512-10db9318bc1f
2025-12-23 12:33:31 - Explicit slash decoding specified, decoding all slashes in uri
2025-12-23 12:33:31 - Explicit slash decoding specified, decoding all slashes in uri
2025-12-23 12:33:31 - Explicit slash decoding specified, decoding all slashes in uri
2025-12-23 12:33:31 - Published event to topic test-evaluation-started: partition=0, offset=1, key=test-tenant
2025-12-23 12:33:31 - Error fetching conditions for patient 0200de06-ac4d-44ee-b512-10db9318bc1f: [404] during [GET] to [http://localhost:8085/fhir/Condition?patient=0200de06-ac4d-44ee-b512-10db9318bc1f&clinical-status=active] [FhirServiceClient#searchConditions(String,UUID,String,String)]: [{"timestamp":1766511211762,"status":404,"error":"Not Found","path":"/fhir/Condition"}]
2025-12-23 12:33:31 - Evaluated measure CDC for patient 0200de06-ac4d-44ee-b512-10db9318bc1f using Java impl in 32ms
2025-12-23 12:33:31 - Evaluation completed successfully: measure=CDC, patient=0200de06-ac4d-44ee-b512-10db9318bc1f, inDenominator=false, inNumerator=false
2025-12-23 12:33:31 - Completed evaluation: 1463a265-e19b-4c7e-86d5-6f3b71e14453 with status: SUCCESS
2025-12-23 12:33:31 - Emitted evaluation audit event: evaluationId=1463a265-e19b-4c7e-86d5-6f3b71e14453, duration=33ms
2025-12-23 12:33:31 - Cleared data flow tracking for evaluation: 1463a265-e19b-4c7e-86d5-6f3b71e14453 (1 steps)
2025-12-23 12:33:31 - Executed evaluation - status: SUCCESS, duration: 33ms
2025-12-23 12:33:31 - Simplified evaluation request - tenant: test-tenant, library: CDC, patient: db0d47d5-ef3c-4a08-8b8d-7d5b3276a55a
2025-12-23 12:33:31 - 
    select
        cl1_0.id,
        cl1_0.active,
        cl1_0.category,
        cl1_0.cql_content,
        cl1_0.created_at,
        cl1_0.created_by,
        cl1_0.description,
        cl1_0.elm_json,
        cl1_0.elm_xml,
        cl1_0.fhir_library_id,
        cl1_0.library_name,
        cl1_0.measure_class,
        cl1_0.name,
        cl1_0.publisher,
        cl1_0.status,
        cl1_0.tenant_id,
        cl1_0.updated_at,
        cl1_0.version 
    from
        cql_libraries cl1_0 
    where
        cl1_0.tenant_id=? 
        and cl1_0.library_name=? 
        and cl1_0.active=true 
    order by
        cl1_0.version desc 
    fetch
        first 1 rows only
2025-12-23 12:33:31 - Published event to topic test-evaluation-completed: partition=0, offset=1, key=test-tenant
2025-12-23 12:33:31 - Published audit event: type=CQL_EVALUATION, id=a64127d6-3853-4de9-88d1-063315d6d3cf, tenant=test-tenant, partition=0, offset=1
2025-12-23 12:33:31 - Found library: CDC v1.0.0 (ID: 228e279d-7dce-4d6e-be83-961e8feaa1a8)
2025-12-23 12:33:31 - Creating evaluation for patient: db0d47d5-ef3c-4a08-8b8d-7d5b3276a55a with library: 228e279d-7dce-4d6e-be83-961e8feaa1a8
2025-12-23 12:33:31 - Created evaluation with ID: 52e7e125-4b61-4ef8-b0ac-5c147ab371a0
2025-12-23 12:33:31 - Created evaluation with ID: 52e7e125-4b61-4ef8-b0ac-5c147ab371a0
2025-12-23 12:33:31 - Auditing CQL evaluation: evaluationId=52e7e125-4b61-4ef8-b0ac-5c147ab371a0, tenantId=test-tenant
2025-12-23 12:33:31 - Started data flow tracking for evaluation: 52e7e125-4b61-4ef8-b0ac-5c147ab371a0
2025-12-23 12:33:31 - Executing evaluation: 52e7e125-4b61-4ef8-b0ac-5c147ab371a0
2025-12-23 12:33:31 - Evaluating measure CDC for patient db0d47d5-ef3c-4a08-8b8d-7d5b3276a55a using template engine
2025-12-23 12:33:31 - Evaluating measure CDC for patient db0d47d5-ef3c-4a08-8b8d-7d5b3276a55a / tenant test-tenant
2025-12-23 12:33:31 - Using registered Java measure CDCMeasure for evaluation
2025-12-23 12:33:31 - Recorded step 1: Load Measure Implementation (type: LOGIC_DECISION)
2025-12-23 12:33:31 - Evaluating CDC measure for patient: db0d47d5-ef3c-4a08-8b8d-7d5b3276a55a
2025-12-23 12:33:31 - Explicit slash decoding specified, decoding all slashes in uri
2025-12-23 12:33:31 - Explicit slash decoding specified, decoding all slashes in uri
2025-12-23 12:33:31 - Explicit slash decoding specified, decoding all slashes in uri
2025-12-23 12:33:31 - Error fetching conditions for patient db0d47d5-ef3c-4a08-8b8d-7d5b3276a55a: [404] during [GET] to [http://localhost:8085/fhir/Condition?patient=db0d47d5-ef3c-4a08-8b8d-7d5b3276a55a&clinical-status=active] [FhirServiceClient#searchConditions(String,UUID,String,String)]: [{"timestamp":1766511211793,"status":404,"error":"Not Found","path":"/fhir/Condition"}]
2025-12-23 12:33:31 - Evaluated measure CDC for patient db0d47d5-ef3c-4a08-8b8d-7d5b3276a55a using Java impl in 11ms
2025-12-23 12:33:31 - Evaluation completed successfully: measure=CDC, patient=db0d47d5-ef3c-4a08-8b8d-7d5b3276a55a, inDenominator=false, inNumerator=false
2025-12-23 12:33:31 - Completed evaluation: 52e7e125-4b61-4ef8-b0ac-5c147ab371a0 with status: SUCCESS
2025-12-23 12:33:31 - Published event to topic test-evaluation-started: partition=0, offset=2, key=test-tenant
2025-12-23 12:33:31 - Emitted evaluation audit event: evaluationId=52e7e125-4b61-4ef8-b0ac-5c147ab371a0, duration=14ms
2025-12-23 12:33:31 - Cleared data flow tracking for evaluation: 52e7e125-4b61-4ef8-b0ac-5c147ab371a0 (1 steps)
2025-12-23 12:33:31 - Executed evaluation - status: SUCCESS, duration: 12ms
2025-12-23 12:33:31 - Simplified evaluation request - tenant: test-tenant, library: CDC, patient: 13ebabd3-efe5-4b10-a8b1-6687d34ed30b
2025-12-23 12:33:31 - 
    select
        cl1_0.id,
        cl1_0.active,
        cl1_0.category,
        cl1_0.cql_content,
        cl1_0.created_at,
        cl1_0.created_by,
        cl1_0.description,
        cl1_0.elm_json,
        cl1_0.elm_xml,
        cl1_0.fhir_library_id,
        cl1_0.library_name,
        cl1_0.measure_class,
        cl1_0.name,
        cl1_0.publisher,
        cl1_0.status,
        cl1_0.tenant_id,
        cl1_0.updated_at,
        cl1_0.version 
    from
        cql_libraries cl1_0 
    where
        cl1_0.tenant_id=? 
        and cl1_0.library_name=? 
        and cl1_0.active=true 
    order by
        cl1_0.version desc 
    fetch
        first 1 rows only
2025-12-23 12:33:31 - Published event to topic test-evaluation-completed: partition=0, offset=2, key=test-tenant
2025-12-23 12:33:31 - Found library: CDC v1.0.0 (ID: 228e279d-7dce-4d6e-be83-961e8feaa1a8)
2025-12-23 12:33:31 - Creating evaluation for patient: 13ebabd3-efe5-4b10-a8b1-6687d34ed30b with library: 228e279d-7dce-4d6e-be83-961e8feaa1a8
2025-12-23 12:33:31 - Published audit event: type=CQL_EVALUATION, id=a3c24a4c-1c10-4e0e-8776-9a3b0fc367b1, tenant=test-tenant, partition=0, offset=2
2025-12-23 12:33:31 - Created evaluation with ID: 05497dd9-d90e-4e4c-b372-c3c80c4f5a84
2025-12-23 12:33:31 - Created evaluation with ID: 05497dd9-d90e-4e4c-b372-c3c80c4f5a84
2025-12-23 12:33:31 - Auditing CQL evaluation: evaluationId=05497dd9-d90e-4e4c-b372-c3c80c4f5a84, tenantId=test-tenant
2025-12-23 12:33:31 - Started data flow tracking for evaluation: 05497dd9-d90e-4e4c-b372-c3c80c4f5a84
2025-12-23 12:33:31 - Executing evaluation: 05497dd9-d90e-4e4c-b372-c3c80c4f5a84
2025-12-23 12:33:31 - Evaluating measure CDC for patient 13ebabd3-efe5-4b10-a8b1-6687d34ed30b using template engine
2025-12-23 12:33:31 - Evaluating measure CDC for patient 13ebabd3-efe5-4b10-a8b1-6687d34ed30b / tenant test-tenant
2025-12-23 12:33:31 - Using registered Java measure CDCMeasure for evaluation
2025-12-23 12:33:31 - Recorded step 1: Load Measure Implementation (type: LOGIC_DECISION)
2025-12-23 12:33:31 - Evaluating CDC measure for patient: 13ebabd3-efe5-4b10-a8b1-6687d34ed30b
2025-12-23 12:33:31 - Explicit slash decoding specified, decoding all slashes in uri
2025-12-23 12:33:31 - Explicit slash decoding specified, decoding all slashes in uri
2025-12-23 12:33:31 - Explicit slash decoding specified, decoding all slashes in uri
2025-12-23 12:33:31 - Error fetching conditions for patient 13ebabd3-efe5-4b10-a8b1-6687d34ed30b: [404] during [GET] to [http://localhost:8085/fhir/Condition?patient=13ebabd3-efe5-4b10-a8b1-6687d34ed30b&clinical-status=active] [FhirServiceClient#searchConditions(String,UUID,String,String)]: [{"timestamp":1766511211824,"status":404,"error":"Not Found","path":"/fhir/Condition"}]
2025-12-23 12:33:31 - Evaluated measure CDC for patient 13ebabd3-efe5-4b10-a8b1-6687d34ed30b using Java impl in 12ms
2025-12-23 12:33:31 - Evaluation completed successfully: measure=CDC, patient=13ebabd3-efe5-4b10-a8b1-6687d34ed30b, inDenominator=false, inNumerator=false
2025-12-23 12:33:31 - Completed evaluation: 05497dd9-d90e-4e4c-b372-c3c80c4f5a84 with status: SUCCESS
2025-12-23 12:33:31 - Published event to topic test-evaluation-started: partition=0, offset=3, key=test-tenant
2025-12-23 12:33:31 - Emitted evaluation audit event: evaluationId=05497dd9-d90e-4e4c-b372-c3c80c4f5a84, duration=14ms
2025-12-23 12:33:31 - Cleared data flow tracking for evaluation: 05497dd9-d90e-4e4c-b372-c3c80c4f5a84 (1 steps)
2025-12-23 12:33:31 - Executed evaluation - status: SUCCESS, duration: 13ms
2025-12-23 12:33:31 - Published event to topic test-evaluation-completed: partition=0, offset=3, key=test-tenant
2025-12-23 12:33:31 - Published audit event: type=CQL_EVALUATION, id=f1b6f252-2956-4f92-b73d-2aff2d29e56e, tenant=test-tenant, partition=0, offset=3
2025-12-23 12:33:31 - Simplified evaluation request - tenant: test-tenant, library: CDC, patient: bd8a9d5a-82e1-4619-82e6-d73dc8368127
2025-12-23 12:33:31 - 
    insert 
    into
        cql_libraries
        (active, category, cql_content, created_at, created_by, description, elm_json, elm_xml, fhir_library_id, library_name, measure_class, name, publisher, status, tenant_id, updated_at, version, id) 
    values
        (?, ?, ?, ?, ?, ?, ?, ?, ?, ?, ?, ?, ?, ?, ?, ?, ?, ?)
2025-12-23 12:33:31 - 
    insert 
    into
        cql_libraries
        (active, category, cql_content, created_at, created_by, description, elm_json, elm_xml, fhir_library_id, library_name, measure_class, name, publisher, status, tenant_id, updated_at, version, id) 
    values
        (?, ?, ?, ?, ?, ?, ?, ?, ?, ?, ?, ?, ?, ?, ?, ?, ?, ?)
2025-12-23 12:33:31 - 
    select
        cl1_0.id,
        cl1_0.active,
        cl1_0.category,
        cl1_0.cql_content,
        cl1_0.created_at,
        cl1_0.created_by,
        cl1_0.description,
        cl1_0.elm_json,
        cl1_0.elm_xml,
        cl1_0.fhir_library_id,
        cl1_0.library_name,
        cl1_0.measure_class,
        cl1_0.name,
        cl1_0.publisher,
        cl1_0.status,
        cl1_0.tenant_id,
        cl1_0.updated_at,
        cl1_0.version 
    from
        cql_libraries cl1_0 
    where
        cl1_0.tenant_id=? 
        and cl1_0.library_name=? 
        and cl1_0.active=true 
    order by
        cl1_0.version desc 
    fetch
        first 1 rows only
2025-12-23 12:33:31 - Found library: CDC v2.0.0 (ID: 1daef8f6-9113-42d8-aa60-c5cd9269d62b)
2025-12-23 12:33:31 - Creating evaluation for patient: bd8a9d5a-82e1-4619-82e6-d73dc8368127 with library: 1daef8f6-9113-42d8-aa60-c5cd9269d62b
2025-12-23 12:33:31 - Created evaluation with ID: 5d16190c-941f-4a64-9de2-cf4aa6e364cb
2025-12-23 12:33:31 - Created evaluation with ID: 5d16190c-941f-4a64-9de2-cf4aa6e364cb
2025-12-23 12:33:31 - Auditing CQL evaluation: evaluationId=5d16190c-941f-4a64-9de2-cf4aa6e364cb, tenantId=test-tenant
2025-12-23 12:33:31 - Started data flow tracking for evaluation: 5d16190c-941f-4a64-9de2-cf4aa6e364cb
2025-12-23 12:33:31 - Executing evaluation: 5d16190c-941f-4a64-9de2-cf4aa6e364cb
2025-12-23 12:33:31 - Evaluating measure CDC for patient bd8a9d5a-82e1-4619-82e6-d73dc8368127 using template engine
2025-12-23 12:33:31 - Evaluating measure CDC for patient bd8a9d5a-82e1-4619-82e6-d73dc8368127 / tenant test-tenant
2025-12-23 12:33:31 - Using registered Java measure CDCMeasure for evaluation
2025-12-23 12:33:31 - Recorded step 1: Load Measure Implementation (type: LOGIC_DECISION)
2025-12-23 12:33:31 - Evaluating CDC measure for patient: bd8a9d5a-82e1-4619-82e6-d73dc8368127
2025-12-23 12:33:31 - Explicit slash decoding specified, decoding all slashes in uri
2025-12-23 12:33:31 - Explicit slash decoding specified, decoding all slashes in uri
2025-12-23 12:33:31 - Explicit slash decoding specified, decoding all slashes in uri
2025-12-23 12:33:31 - Error fetching conditions for patient bd8a9d5a-82e1-4619-82e6-d73dc8368127: [404] during [GET] to [http://localhost:8085/fhir/Condition?patient=bd8a9d5a-82e1-4619-82e6-d73dc8368127&clinical-status=active] [FhirServiceClient#searchConditions(String,UUID,String,String)]: [{"timestamp":1766511211875,"status":404,"error":"Not Found","path":"/fhir/Condition"}]
2025-12-23 12:33:31 - Evaluated measure CDC for patient bd8a9d5a-82e1-4619-82e6-d73dc8368127 using Java impl in 14ms
2025-12-23 12:33:31 - Evaluation completed successfully: measure=CDC, patient=bd8a9d5a-82e1-4619-82e6-d73dc8368127, inDenominator=false, inNumerator=false
2025-12-23 12:33:31 - Published event to topic test-evaluation-started: partition=0, offset=4, key=test-tenant
2025-12-23 12:33:31 - Completed evaluation: 5d16190c-941f-4a64-9de2-cf4aa6e364cb with status: SUCCESS
2025-12-23 12:33:31 - Emitted evaluation audit event: evaluationId=5d16190c-941f-4a64-9de2-cf4aa6e364cb, duration=17ms
2025-12-23 12:33:31 - Cleared data flow tracking for evaluation: 5d16190c-941f-4a64-9de2-cf4aa6e364cb (1 steps)
2025-12-23 12:33:31 - Executed evaluation - status: SUCCESS, duration: 15ms
2025-12-23 12:33:31 - Published event to topic test-evaluation-completed: partition=0, offset=4, key=test-tenant
2025-12-23 12:33:31 - Published audit event: type=CQL_EVALUATION, id=1794f9bc-d3f0-4a01-9b34-d7c474c53073, tenant=test-tenant, partition=0, offset=4
2025-12-23 12:33:31 - Simplified evaluation request - tenant: test-tenant, library: CDC, patient: 444bdc6c-4595-4518-8f71-0f355aa20bb4
2025-12-23 12:33:31 - 
    insert 
    into
        cql_libraries
        (active, category, cql_content, created_at, created_by, description, elm_json, elm_xml, fhir_library_id, library_name, measure_class, name, publisher, status, tenant_id, updated_at, version, id) 
    values
        (?, ?, ?, ?, ?, ?, ?, ?, ?, ?, ?, ?, ?, ?, ?, ?, ?, ?)
2025-12-23 12:33:31 - 
    select
        cl1_0.id,
        cl1_0.active,
        cl1_0.category,
        cl1_0.cql_content,
        cl1_0.created_at,
        cl1_0.created_by,
        cl1_0.description,
        cl1_0.elm_json,
        cl1_0.elm_xml,
        cl1_0.fhir_library_id,
        cl1_0.library_name,
        cl1_0.measure_class,
        cl1_0.name,
        cl1_0.publisher,
        cl1_0.status,
        cl1_0.tenant_id,
        cl1_0.updated_at,
        cl1_0.version 
    from
        cql_libraries cl1_0 
    where
        cl1_0.tenant_id=? 
        and cl1_0.library_name=? 
        and cl1_0.active=true 
    order by
        cl1_0.version desc 
    fetch
        first 1 rows only
2025-12-23 12:33:31 - Found library: CDC v1.0.0 (ID: 816645c5-0cb4-4951-b920-1b1fbbaf0b7f)
2025-12-23 12:33:31 - Creating evaluation for patient: 444bdc6c-4595-4518-8f71-0f355aa20bb4 with library: 816645c5-0cb4-4951-b920-1b1fbbaf0b7f
2025-12-23 12:33:31 - Created evaluation with ID: 2c6372a3-f7dc-4427-9867-c5a2b08c4ff0
2025-12-23 12:33:31 - Created evaluation with ID: 2c6372a3-f7dc-4427-9867-c5a2b08c4ff0
2025-12-23 12:33:31 - Auditing CQL evaluation: evaluationId=2c6372a3-f7dc-4427-9867-c5a2b08c4ff0, tenantId=test-tenant
2025-12-23 12:33:31 - Started data flow tracking for evaluation: 2c6372a3-f7dc-4427-9867-c5a2b08c4ff0
2025-12-23 12:33:31 - Executing evaluation: 2c6372a3-f7dc-4427-9867-c5a2b08c4ff0
2025-12-23 12:33:31 - Evaluating measure CDC for patient 444bdc6c-4595-4518-8f71-0f355aa20bb4 using template engine
2025-12-23 12:33:31 - Evaluating measure CDC for patient 444bdc6c-4595-4518-8f71-0f355aa20bb4 / tenant test-tenant
2025-12-23 12:33:31 - Using registered Java measure CDCMeasure for evaluation
2025-12-23 12:33:31 - Recorded step 1: Load Measure Implementation (type: LOGIC_DECISION)
2025-12-23 12:33:31 - Evaluating CDC measure for patient: 444bdc6c-4595-4518-8f71-0f355aa20bb4
2025-12-23 12:33:31 - Explicit slash decoding specified, decoding all slashes in uri
2025-12-23 12:33:31 - Explicit slash decoding specified, decoding all slashes in uri
2025-12-23 12:33:31 - Explicit slash decoding specified, decoding all slashes in uri
2025-12-23 12:33:31 - Error fetching conditions for patient 444bdc6c-4595-4518-8f71-0f355aa20bb4: [404] during [GET] to [http://localhost:8085/fhir/Condition?patient=444bdc6c-4595-4518-8f71-0f355aa20bb4&clinical-status=active] [FhirServiceClient#searchConditions(String,UUID,String,String)]: [{"timestamp":1766511211921,"status":404,"error":"Not Found","path":"/fhir/Condition"}]
2025-12-23 12:33:31 - Evaluated measure CDC for patient 444bdc6c-4595-4518-8f71-0f355aa20bb4 using Java impl in 13ms
2025-12-23 12:33:31 - Evaluation completed successfully: measure=CDC, patient=444bdc6c-4595-4518-8f71-0f355aa20bb4, inDenominator=false, inNumerator=false
2025-12-23 12:33:31 - Completed evaluation: 2c6372a3-f7dc-4427-9867-c5a2b08c4ff0 with status: SUCCESS
2025-12-23 12:33:31 - Published event to topic test-evaluation-started: partition=0, offset=5, key=test-tenant
2025-12-23 12:33:31 - Emitted evaluation audit event: evaluationId=2c6372a3-f7dc-4427-9867-c5a2b08c4ff0, duration=20ms
2025-12-23 12:33:31 - Cleared data flow tracking for evaluation: 2c6372a3-f7dc-4427-9867-c5a2b08c4ff0 (1 steps)
2025-12-23 12:33:31 - Executed evaluation - status: SUCCESS, duration: 18ms
2025-12-23 12:33:31 - Published event to topic test-evaluation-completed: partition=0, offset=5, key=test-tenant
2025-12-23 12:33:31 - Published audit event: type=CQL_EVALUATION, id=611e06f2-e657-427e-8706-87ffae057292, tenant=test-tenant, partition=0, offset=5
2025-12-23 12:33:31 - Simplified evaluation request - tenant: test-tenant, library: TenantSpecific, patient: 948132c1-c595-475e-8bff-682a2f343322
2025-12-23 12:33:31 - 
    insert 
    into
        cql_libraries
        (active, category, cql_content, created_at, created_by, description, elm_json, elm_xml, fhir_library_id, library_name, measure_class, name, publisher, status, tenant_id, updated_at, version, id) 
    values
        (?, ?, ?, ?, ?, ?, ?, ?, ?, ?, ?, ?, ?, ?, ?, ?, ?, ?)
2025-12-23 12:33:31 - 
    insert 
    into
        cql_libraries
        (active, category, cql_content, created_at, created_by, description, elm_json, elm_xml, fhir_library_id, library_name, measure_class, name, publisher, status, tenant_id, updated_at, version, id) 
    values
        (?, ?, ?, ?, ?, ?, ?, ?, ?, ?, ?, ?, ?, ?, ?, ?, ?, ?)
2025-12-23 12:33:31 - 
    select
        cl1_0.id,
        cl1_0.active,
        cl1_0.category,
        cl1_0.cql_content,
        cl1_0.created_at,
        cl1_0.created_by,
        cl1_0.description,
        cl1_0.elm_json,
        cl1_0.elm_xml,
        cl1_0.fhir_library_id,
        cl1_0.library_name,
        cl1_0.measure_class,
        cl1_0.name,
        cl1_0.publisher,
        cl1_0.status,
        cl1_0.tenant_id,
        cl1_0.updated_at,
        cl1_0.version 
    from
        cql_libraries cl1_0 
    where
        cl1_0.tenant_id=? 
        and cl1_0.library_name=? 
        and cl1_0.active=true 
    order by
        cl1_0.version desc 
    fetch
        first 1 rows only
2025-12-23 12:33:31 - Library not found: TenantSpecific for tenant: test-tenant
2025-12-23 12:33:31 - Simplified evaluation request - tenant: other-tenant, library: TenantSpecific, patient: 08a4efbb-32b4-4dd1-9746-ad0776c5bdfe
2025-12-23 12:33:31 - 
    select
        cl1_0.id,
        cl1_0.active,
        cl1_0.category,
        cl1_0.cql_content,
        cl1_0.created_at,
        cl1_0.created_by,
        cl1_0.description,
        cl1_0.elm_json,
        cl1_0.elm_xml,
        cl1_0.fhir_library_id,
        cl1_0.library_name,
        cl1_0.measure_class,
        cl1_0.name,
        cl1_0.publisher,
        cl1_0.status,
        cl1_0.tenant_id,
        cl1_0.updated_at,
        cl1_0.version 
    from
        cql_libraries cl1_0 
    where
        cl1_0.tenant_id=? 
        and cl1_0.library_name=? 
        and cl1_0.active=true 
    order by
        cl1_0.version desc 
    fetch
        first 1 rows only
2025-12-23 12:33:31 - Found library: TenantSpecific v1.0.0 (ID: b6936216-5226-49d0-9737-fba438465cfc)
2025-12-23 12:33:31 - Creating evaluation for patient: 08a4efbb-32b4-4dd1-9746-ad0776c5bdfe with library: b6936216-5226-49d0-9737-fba438465cfc
2025-12-23 12:33:31 - Created evaluation with ID: 7b47059e-e2d5-41e8-a512-0721047f445f
2025-12-23 12:33:31 - Created evaluation with ID: 7b47059e-e2d5-41e8-a512-0721047f445f
2025-12-23 12:33:31 - Auditing CQL evaluation: evaluationId=7b47059e-e2d5-41e8-a512-0721047f445f, tenantId=other-tenant
2025-12-23 12:33:31 - Started data flow tracking for evaluation: 7b47059e-e2d5-41e8-a512-0721047f445f
2025-12-23 12:33:31 - Executing evaluation: 7b47059e-e2d5-41e8-a512-0721047f445f
2025-12-23 12:33:31 - Evaluating measure TenantSpecific for patient 08a4efbb-32b4-4dd1-9746-ad0776c5bdfe using template engine
2025-12-23 12:33:31 - Evaluating measure TenantSpecific for patient 08a4efbb-32b4-4dd1-9746-ad0776c5bdfe / tenant other-tenant
2025-12-23 12:33:31 - No registered Java measure for TenantSpecific, using template-based evaluation
2025-12-23 12:33:31 - Cache MISS for measure TenantSpecific / tenant other-tenant
2025-12-23 12:33:31 - Loading template for measure TenantSpecific / tenant other-tenant from database
2025-12-23 12:33:31 - 
    select
        cl1_0.id,
        cl1_0.active,
        cl1_0.category,
        cl1_0.cql_content,
        cl1_0.created_at,
        cl1_0.created_by,
        cl1_0.description,
        cl1_0.elm_json,
        cl1_0.elm_xml,
        cl1_0.fhir_library_id,
        cl1_0.library_name,
        cl1_0.measure_class,
        cl1_0.name,
        cl1_0.publisher,
        cl1_0.status,
        cl1_0.tenant_id,
        cl1_0.updated_at,
        cl1_0.version 
    from
        cql_libraries cl1_0 
    where
        cl1_0.tenant_id=? 
        and cl1_0.library_name=? 
        and cl1_0.active=true 
    order by
        cl1_0.version desc 
    fetch
        first 1 rows only
2025-12-23 12:33:31 - Cached template b6936216-5226-49d0-9737-fba438465cfc (measure=TenantSpecific, tenant=other-tenant)
2025-12-23 12:33:31 - Recorded step 1: Load Measure Template (type: DATA_FETCH)
2025-12-23 12:33:31 - Loading patient context for patient=08a4efbb-32b4-4dd1-9746-ad0776c5bdfe, tenant=other-tenant
2025-12-23 12:33:31 - Explicit slash decoding specified, decoding all slashes in uri
2025-12-23 12:33:31 - Explicit slash decoding specified, decoding all slashes in uri
2025-12-23 12:33:32 - Error fetching patient 08a4efbb-32b4-4dd1-9746-ad0776c5bdfe: [404] during [GET] to [http://localhost:8085/fhir/Patient/08a4efbb-32b4-4dd1-9746-ad0776c5bdfe] [FhirServiceClient#getPatient(String,UUID)]: [{"timestamp":1766511212004,"status":404,"error":"Not Found","path":"/fhir/Patient/08a4efbb-32b4-4dd1-9746-ad0776c5bdfe"}]
2025-12-23 12:33:32 - Explicit slash decoding specified, decoding all slashes in uri
2025-12-23 12:33:32 - Explicit slash decoding specified, decoding all slashes in uri
2025-12-23 12:33:32 - Explicit slash decoding specified, decoding all slashes in uri
2025-12-23 12:33:32 - Published event to topic test-evaluation-started: partition=0, offset=6, key=other-tenant
2025-12-23 12:33:32 - Error fetching observations for patient 08a4efbb-32b4-4dd1-9746-ad0776c5bdfe: [404] during [GET] to [http://localhost:8085/fhir/Observation?patient=08a4efbb-32b4-4dd1-9746-ad0776c5bdfe&_count=1000] [FhirServiceClient#searchObservations(String,UUID,String,String,String,Integer)]: [{"timestamp":1766511212016,"status":404,"error":"Not Found","path":"/fhir/Observation"}]
2025-12-23 12:33:32 - Explicit slash decoding specified, decoding all slashes in uri
2025-12-23 12:33:32 - Explicit slash decoding specified, decoding all slashes in uri
2025-12-23 12:33:32 - Explicit slash decoding specified, decoding all slashes in uri
2025-12-23 12:33:32 - Error fetching conditions for patient 08a4efbb-32b4-4dd1-9746-ad0776c5bdfe: [404] during [GET] to [http://localhost:8085/fhir/Condition?patient=08a4efbb-32b4-4dd1-9746-ad0776c5bdfe&clinical-status=active] [FhirServiceClient#searchConditions(String,UUID,String,String)]: [{"timestamp":1766511212028,"status":404,"error":"Not Found","path":"/fhir/Condition"}]
2025-12-23 12:33:32 - Explicit slash decoding specified, decoding all slashes in uri
2025-12-23 12:33:32 - Explicit slash decoding specified, decoding all slashes in uri
2025-12-23 12:33:32 - Error fetching procedures for patient 08a4efbb-32b4-4dd1-9746-ad0776c5bdfe: [404] during [GET] to [http://localhost:8085/fhir/Procedure?patient=08a4efbb-32b4-4dd1-9746-ad0776c5bdfe] [FhirServiceClient#searchProcedures(String,UUID,String,String)]: [{"timestamp":1766511212039,"status":404,"error":"Not Found","path":"/fhir/Procedure"}]
2025-12-23 12:33:32 - Explicit slash decoding specified, decoding all slashes in uri
2025-12-23 12:33:32 - Explicit slash decoding specified, decoding all slashes in uri
2025-12-23 12:33:32 - Explicit slash decoding specified, decoding all slashes in uri
2025-12-23 12:33:32 - Error fetching medications for patient 08a4efbb-32b4-4dd1-9746-ad0776c5bdfe: [404] during [GET] to [http://localhost:8085/fhir/MedicationRequest?patient=08a4efbb-32b4-4dd1-9746-ad0776c5bdfe&status=active] [FhirServiceClient#searchMedicationRequests(String,UUID,String)]: [{"timestamp":1766511212051,"status":404,"error":"Not Found","path":"/fhir/MedicationRequest"}]
2025-12-23 12:33:32 - Explicit slash decoding specified, decoding all slashes in uri
2025-12-23 12:33:32 - Explicit slash decoding specified, decoding all slashes in uri
2025-12-23 12:33:32 - Error fetching encounters for patient 08a4efbb-32b4-4dd1-9746-ad0776c5bdfe: [404] during [GET] to [http://localhost:8085/fhir/Encounter?patient=08a4efbb-32b4-4dd1-9746-ad0776c5bdfe] [FhirServiceClient#searchEncounters(String,UUID,String,String)]: [{"timestamp":1766511212061,"status":404,"error":"Not Found","path":"/fhir/Encounter"}]
2025-12-23 12:33:32 - Loaded patient context: 0 observations, 0 conditions, 0 procedures
2025-12-23 12:33:32 - Recorded step 2: Load Patient FHIR Context (type: DATA_FETCH)
2025-12-23 12:33:32 - Recorded step 3: Evaluate Denominator (Eligibility) (type: LOGIC_DECISION)
2025-12-23 12:33:32 - Evaluated measure TenantSpecific for patient 08a4efbb-32b4-4dd1-9746-ad0776c5bdfe in 88ms
2025-12-23 12:33:32 - Recorded step 4: Publish Evaluation Result (type: DATA_TRANSFORM)
2025-12-23 12:33:32 - Evaluation completed successfully: measure=TenantSpecific, patient=08a4efbb-32b4-4dd1-9746-ad0776c5bdfe, inDenominator=false, inNumerator=false
2025-12-23 12:33:32 - Completed evaluation: 7b47059e-e2d5-41e8-a512-0721047f445f with status: SUCCESS
2025-12-23 12:33:32 - Emitted evaluation audit event: evaluationId=7b47059e-e2d5-41e8-a512-0721047f445f, duration=92ms
2025-12-23 12:33:32 - Cleared data flow tracking for evaluation: 7b47059e-e2d5-41e8-a512-0721047f445f (4 steps)
2025-12-23 12:33:32 - Executed evaluation - status: SUCCESS, duration: 91ms
2025-12-23 12:33:32 - Published event to topic test-evaluation-completed: partition=0, offset=6, key=other-tenant
2025-12-23 12:33:32 - Published audit event: type=CQL_EVALUATION, id=83c4ba82-4a21-496c-be12-51d96b0037c8, tenant=other-tenant, partition=0, offset=6
2025-12-23 12:33:32 - Simplified evaluation request - tenant: test-tenant, library: InvalidLibrary, patient: 667750ef-9908-4e13-81a8-7a6ad9bf7015
2025-12-23 12:33:32 - 
    insert 
    into
        cql_libraries
        (active, category, cql_content, created_at, created_by, description, elm_json, elm_xml, fhir_library_id, library_name, measure_class, name, publisher, status, tenant_id, updated_at, version, id) 
    values
        (?, ?, ?, ?, ?, ?, ?, ?, ?, ?, ?, ?, ?, ?, ?, ?, ?, ?)
2025-12-23 12:33:32 - 
    select
        cl1_0.id,
        cl1_0.active,
        cl1_0.category,
        cl1_0.cql_content,
        cl1_0.created_at,
        cl1_0.created_by,
        cl1_0.description,
        cl1_0.elm_json,
        cl1_0.elm_xml,
        cl1_0.fhir_library_id,
        cl1_0.library_name,
        cl1_0.measure_class,
        cl1_0.name,
        cl1_0.publisher,
        cl1_0.status,
        cl1_0.tenant_id,
        cl1_0.updated_at,
        cl1_0.version 
    from
        cql_libraries cl1_0 
    where
        cl1_0.tenant_id=? 
        and cl1_0.library_name=? 
        and cl1_0.active=true 
    order by
        cl1_0.version desc 
    fetch
        first 1 rows only
2025-12-23 12:33:32 - Library not found: InvalidLibrary for tenant: test-tenant
2025-12-23 12:33:32 - Simplified evaluation request - tenant: test-tenant, library: CDC, patient: 7d8e6797-5f9f-47e8-8c20-e7340ef70e3f
2025-12-23 12:33:32 - 
    insert 
    into
        cql_libraries
        (active, category, cql_content, created_at, created_by, description, elm_json, elm_xml, fhir_library_id, library_name, measure_class, name, publisher, status, tenant_id, updated_at, version, id) 
    values
        (?, ?, ?, ?, ?, ?, ?, ?, ?, ?, ?, ?, ?, ?, ?, ?, ?, ?)
2025-12-23 12:33:32 - 
    select
        cl1_0.id,
        cl1_0.active,
        cl1_0.category,
        cl1_0.cql_content,
        cl1_0.created_at,
        cl1_0.created_by,
        cl1_0.description,
        cl1_0.elm_json,
        cl1_0.elm_xml,
        cl1_0.fhir_library_id,
        cl1_0.library_name,
        cl1_0.measure_class,
        cl1_0.name,
        cl1_0.publisher,
        cl1_0.status,
        cl1_0.tenant_id,
        cl1_0.updated_at,
        cl1_0.version 
    from
        cql_libraries cl1_0 
    where
        cl1_0.tenant_id=? 
        and cl1_0.library_name=? 
        and cl1_0.active=true 
    order by
        cl1_0.version desc 
    fetch
        first 1 rows only
2025-12-23 12:33:32 - Found library: CDC v1.0.0 (ID: 9db49d7c-3de4-40cb-86ec-8b725ae0e382)
2025-12-23 12:33:32 - Creating evaluation for patient: 7d8e6797-5f9f-47e8-8c20-e7340ef70e3f with library: 9db49d7c-3de4-40cb-86ec-8b725ae0e382
2025-12-23 12:33:32 - Created evaluation with ID: 9d93882b-dfc6-45ef-b81f-f095e05d4152
2025-12-23 12:33:32 - Created evaluation with ID: 9d93882b-dfc6-45ef-b81f-f095e05d4152
2025-12-23 12:33:32 - Auditing CQL evaluation: evaluationId=9d93882b-dfc6-45ef-b81f-f095e05d4152, tenantId=test-tenant
2025-12-23 12:33:32 - Started data flow tracking for evaluation: 9d93882b-dfc6-45ef-b81f-f095e05d4152
2025-12-23 12:33:32 - Executing evaluation: 9d93882b-dfc6-45ef-b81f-f095e05d4152
2025-12-23 12:33:32 - Evaluating measure CDC for patient 7d8e6797-5f9f-47e8-8c20-e7340ef70e3f using template engine
2025-12-23 12:33:32 - Evaluating measure CDC for patient 7d8e6797-5f9f-47e8-8c20-e7340ef70e3f / tenant test-tenant
2025-12-23 12:33:32 - Using registered Java measure CDCMeasure for evaluation
2025-12-23 12:33:32 - Recorded step 1: Load Measure Implementation (type: LOGIC_DECISION)
2025-12-23 12:33:32 - Evaluating CDC measure for patient: 7d8e6797-5f9f-47e8-8c20-e7340ef70e3f
2025-12-23 12:33:32 - Explicit slash decoding specified, decoding all slashes in uri
2025-12-23 12:33:32 - Explicit slash decoding specified, decoding all slashes in uri
2025-12-23 12:33:32 - Explicit slash decoding specified, decoding all slashes in uri
2025-12-23 12:33:32 - Error fetching conditions for patient 7d8e6797-5f9f-47e8-8c20-e7340ef70e3f: [404] during [GET] to [http://localhost:8085/fhir/Condition?patient=7d8e6797-5f9f-47e8-8c20-e7340ef70e3f&clinical-status=active] [FhirServiceClient#searchConditions(String,UUID,String,String)]: [{"timestamp":1766511212126,"status":404,"error":"Not Found","path":"/fhir/Condition"}]
2025-12-23 12:33:32 - Evaluated measure CDC for patient 7d8e6797-5f9f-47e8-8c20-e7340ef70e3f using Java impl in 10ms
2025-12-23 12:33:32 - Evaluation completed successfully: measure=CDC, patient=7d8e6797-5f9f-47e8-8c20-e7340ef70e3f, inDenominator=false, inNumerator=false
2025-12-23 12:33:32 - Completed evaluation: 9d93882b-dfc6-45ef-b81f-f095e05d4152 with status: SUCCESS
2025-12-23 12:33:32 - Emitted evaluation audit event: evaluationId=9d93882b-dfc6-45ef-b81f-f095e05d4152, duration=13ms
2025-12-23 12:33:32 - Cleared data flow tracking for evaluation: 9d93882b-dfc6-45ef-b81f-f095e05d4152 (1 steps)
2025-12-23 12:33:32 - Executed evaluation - status: SUCCESS, duration: 11ms
2025-12-23 12:33:32 - Published event to topic test-evaluation-started: partition=0, offset=7, key=test-tenant
2025-12-23 12:33:32 - Simplified evaluation request - tenant: test-tenant, library: CDC, patient: e64bbe60-193d-4576-924f-b1f3ccee04c7
2025-12-23 12:33:32 - 
    select
        cl1_0.id,
        cl1_0.active,
        cl1_0.category,
        cl1_0.cql_content,
        cl1_0.created_at,
        cl1_0.created_by,
        cl1_0.description,
        cl1_0.elm_json,
        cl1_0.elm_xml,
        cl1_0.fhir_library_id,
        cl1_0.library_name,
        cl1_0.measure_class,
        cl1_0.name,
        cl1_0.publisher,
        cl1_0.status,
        cl1_0.tenant_id,
        cl1_0.updated_at,
        cl1_0.version 
    from
        cql_libraries cl1_0 
    where
        cl1_0.tenant_id=? 
        and cl1_0.library_name=? 
        and cl1_0.active=true 
    order by
        cl1_0.version desc 
    fetch
        first 1 rows only
2025-12-23 12:33:32 - Found library: CDC v1.0.0 (ID: 9db49d7c-3de4-40cb-86ec-8b725ae0e382)
2025-12-23 12:33:32 - Creating evaluation for patient: e64bbe60-193d-4576-924f-b1f3ccee04c7 with library: 9db49d7c-3de4-40cb-86ec-8b725ae0e382
2025-12-23 12:33:32 - Created evaluation with ID: d5e0819e-12ea-4a02-8ba0-960fa884923a
2025-12-23 12:33:32 - Created evaluation with ID: d5e0819e-12ea-4a02-8ba0-960fa884923a
2025-12-23 12:33:32 - Auditing CQL evaluation: evaluationId=d5e0819e-12ea-4a02-8ba0-960fa884923a, tenantId=test-tenant
2025-12-23 12:33:32 - Started data flow tracking for evaluation: d5e0819e-12ea-4a02-8ba0-960fa884923a
2025-12-23 12:33:32 - Executing evaluation: d5e0819e-12ea-4a02-8ba0-960fa884923a
2025-12-23 12:33:32 - Evaluating measure CDC for patient e64bbe60-193d-4576-924f-b1f3ccee04c7 using template engine
2025-12-23 12:33:32 - Evaluating measure CDC for patient e64bbe60-193d-4576-924f-b1f3ccee04c7 / tenant test-tenant
2025-12-23 12:33:32 - Using registered Java measure CDCMeasure for evaluation
2025-12-23 12:33:32 - Recorded step 1: Load Measure Implementation (type: LOGIC_DECISION)
2025-12-23 12:33:32 - Evaluating CDC measure for patient: e64bbe60-193d-4576-924f-b1f3ccee04c7
2025-12-23 12:33:32 - Explicit slash decoding specified, decoding all slashes in uri
2025-12-23 12:33:32 - Explicit slash decoding specified, decoding all slashes in uri
2025-12-23 12:33:32 - Explicit slash decoding specified, decoding all slashes in uri
2025-12-23 12:33:32 - Published event to topic test-evaluation-completed: partition=0, offset=7, key=test-tenant
2025-12-23 12:33:32 - Published audit event: type=CQL_EVALUATION, id=807c06cf-c00e-4f72-aa2f-c3ae9dec0369, tenant=test-tenant, partition=0, offset=7
2025-12-23 12:33:32 - Error fetching conditions for patient e64bbe60-193d-4576-924f-b1f3ccee04c7: [404] during [GET] to [http://localhost:8085/fhir/Condition?patient=e64bbe60-193d-4576-924f-b1f3ccee04c7&clinical-status=active] [FhirServiceClient#searchConditions(String,UUID,String,String)]: [{"timestamp":1766511212151,"status":404,"error":"Not Found","path":"/fhir/Condition"}]
2025-12-23 12:33:32 - Evaluated measure CDC for patient e64bbe60-193d-4576-924f-b1f3ccee04c7 using Java impl in 11ms
2025-12-23 12:33:32 - Evaluation completed successfully: measure=CDC, patient=e64bbe60-193d-4576-924f-b1f3ccee04c7, inDenominator=false, inNumerator=false
2025-12-23 12:33:32 - Completed evaluation: d5e0819e-12ea-4a02-8ba0-960fa884923a with status: SUCCESS
2025-12-23 12:33:32 - Emitted evaluation audit event: evaluationId=d5e0819e-12ea-4a02-8ba0-960fa884923a, duration=13ms
2025-12-23 12:33:32 - Cleared data flow tracking for evaluation: d5e0819e-12ea-4a02-8ba0-960fa884923a (1 steps)
2025-12-23 12:33:32 - Executed evaluation - status: SUCCESS, duration: 12ms
2025-12-23 12:33:32 - Published event to topic test-evaluation-started: partition=0, offset=8, key=test-tenant
2025-12-23 12:33:32 - Simplified evaluation request - tenant: test-tenant, library: CDC, patient: 1ef9918d-4d5e-4360-8306-abb9bdb77dd3
2025-12-23 12:33:32 - 
    select
        cl1_0.id,
        cl1_0.active,
        cl1_0.category,
        cl1_0.cql_content,
        cl1_0.created_at,
        cl1_0.created_by,
        cl1_0.description,
        cl1_0.elm_json,
        cl1_0.elm_xml,
        cl1_0.fhir_library_id,
        cl1_0.library_name,
        cl1_0.measure_class,
        cl1_0.name,
        cl1_0.publisher,
        cl1_0.status,
        cl1_0.tenant_id,
        cl1_0.updated_at,
        cl1_0.version 
    from
        cql_libraries cl1_0 
    where
        cl1_0.tenant_id=? 
        and cl1_0.library_name=? 
        and cl1_0.active=true 
    order by
        cl1_0.version desc 
    fetch
        first 1 rows only
2025-12-23 12:33:32 - Found library: CDC v1.0.0 (ID: 9db49d7c-3de4-40cb-86ec-8b725ae0e382)
2025-12-23 12:33:32 - Creating evaluation for patient: 1ef9918d-4d5e-4360-8306-abb9bdb77dd3 with library: 9db49d7c-3de4-40cb-86ec-8b725ae0e382
2025-12-23 12:33:32 - Created evaluation with ID: 20e157ab-e151-451b-a33e-c359dc27752b
2025-12-23 12:33:32 - Created evaluation with ID: 20e157ab-e151-451b-a33e-c359dc27752b
2025-12-23 12:33:32 - Auditing CQL evaluation: evaluationId=20e157ab-e151-451b-a33e-c359dc27752b, tenantId=test-tenant
2025-12-23 12:33:32 - Started data flow tracking for evaluation: 20e157ab-e151-451b-a33e-c359dc27752b
2025-12-23 12:33:32 - Executing evaluation: 20e157ab-e151-451b-a33e-c359dc27752b
2025-12-23 12:33:32 - Published event to topic test-evaluation-completed: partition=0, offset=8, key=test-tenant
2025-12-23 12:33:32 - Published audit event: type=CQL_EVALUATION, id=4882ec98-3a6a-4abc-abb0-d3da1ccdda73, tenant=test-tenant, partition=0, offset=8
2025-12-23 12:33:32 - Evaluating measure CDC for patient 1ef9918d-4d5e-4360-8306-abb9bdb77dd3 using template engine
2025-12-23 12:33:32 - Evaluating measure CDC for patient 1ef9918d-4d5e-4360-8306-abb9bdb77dd3 / tenant test-tenant
2025-12-23 12:33:32 - Using registered Java measure CDCMeasure for evaluation
2025-12-23 12:33:32 - Recorded step 1: Load Measure Implementation (type: LOGIC_DECISION)
2025-12-23 12:33:32 - Evaluating CDC measure for patient: 1ef9918d-4d5e-4360-8306-abb9bdb77dd3
2025-12-23 12:33:32 - Explicit slash decoding specified, decoding all slashes in uri
2025-12-23 12:33:32 - Explicit slash decoding specified, decoding all slashes in uri
2025-12-23 12:33:32 - Explicit slash decoding specified, decoding all slashes in uri
2025-12-23 12:33:32 - Error fetching conditions for patient 1ef9918d-4d5e-4360-8306-abb9bdb77dd3: [404] during [GET] to [http://localhost:8085/fhir/Condition?patient=1ef9918d-4d5e-4360-8306-abb9bdb77dd3&clinical-status=active] [FhirServiceClient#searchConditions(String,UUID,String,String)]: [{"timestamp":1766511212176,"status":404,"error":"Not Found","path":"/fhir/Condition"}]
2025-12-23 12:33:32 - Evaluated measure CDC for patient 1ef9918d-4d5e-4360-8306-abb9bdb77dd3 using Java impl in 9ms
2025-12-23 12:33:32 - Evaluation completed successfully: measure=CDC, patient=1ef9918d-4d5e-4360-8306-abb9bdb77dd3, inDenominator=false, inNumerator=false
2025-12-23 12:33:32 - Completed evaluation: 20e157ab-e151-451b-a33e-c359dc27752b with status: SUCCESS
2025-12-23 12:33:32 - Emitted evaluation audit event: evaluationId=20e157ab-e151-451b-a33e-c359dc27752b, duration=12ms
2025-12-23 12:33:32 - Cleared data flow tracking for evaluation: 20e157ab-e151-451b-a33e-c359dc27752b (1 steps)
2025-12-23 12:33:32 - Executed evaluation - status: SUCCESS, duration: 10ms
2025-12-23 12:33:32 - Published event to topic test-evaluation-completed: partition=0, offset=9, key=test-tenant
2025-12-23 12:33:32 - Published event to topic test-evaluation-started: partition=0, offset=9, key=test-tenant
2025-12-23 12:33:32 - Simplified evaluation request - tenant: test-tenant, library: CDC, patient: e0d68cea-5907-4e7a-b07d-fb394e51bacf
2025-12-23 12:33:32 - 
    select
        cl1_0.id,
        cl1_0.active,
        cl1_0.category,
        cl1_0.cql_content,
        cl1_0.created_at,
        cl1_0.created_by,
        cl1_0.description,
        cl1_0.elm_json,
        cl1_0.elm_xml,
        cl1_0.fhir_library_id,
        cl1_0.library_name,
        cl1_0.measure_class,
        cl1_0.name,
        cl1_0.publisher,
        cl1_0.status,
        cl1_0.tenant_id,
        cl1_0.updated_at,
        cl1_0.version 
    from
        cql_libraries cl1_0 
    where
        cl1_0.tenant_id=? 
        and cl1_0.library_name=? 
        and cl1_0.active=true 
    order by
        cl1_0.version desc 
    fetch
        first 1 rows only
2025-12-23 12:33:32 - Found library: CDC v1.0.0 (ID: 9db49d7c-3de4-40cb-86ec-8b725ae0e382)
2025-12-23 12:33:32 - Creating evaluation for patient: e0d68cea-5907-4e7a-b07d-fb394e51bacf with library: 9db49d7c-3de4-40cb-86ec-8b725ae0e382
2025-12-23 12:33:32 - Created evaluation with ID: 77e9b0ea-f595-4567-b0df-e0926e6fff75
2025-12-23 12:33:32 - Created evaluation with ID: 77e9b0ea-f595-4567-b0df-e0926e6fff75
2025-12-23 12:33:32 - Auditing CQL evaluation: evaluationId=77e9b0ea-f595-4567-b0df-e0926e6fff75, tenantId=test-tenant
2025-12-23 12:33:32 - Started data flow tracking for evaluation: 77e9b0ea-f595-4567-b0df-e0926e6fff75
2025-12-23 12:33:32 - Executing evaluation: 77e9b0ea-f595-4567-b0df-e0926e6fff75
2025-12-23 12:33:32 - Evaluating measure CDC for patient e0d68cea-5907-4e7a-b07d-fb394e51bacf using template engine
2025-12-23 12:33:32 - Evaluating measure CDC for patient e0d68cea-5907-4e7a-b07d-fb394e51bacf / tenant test-tenant
2025-12-23 12:33:32 - Using registered Java measure CDCMeasure for evaluation
2025-12-23 12:33:32 - Recorded step 1: Load Measure Implementation (type: LOGIC_DECISION)
2025-12-23 12:33:32 - Evaluating CDC measure for patient: e0d68cea-5907-4e7a-b07d-fb394e51bacf
2025-12-23 12:33:32 - Explicit slash decoding specified, decoding all slashes in uri
2025-12-23 12:33:32 - Explicit slash decoding specified, decoding all slashes in uri
2025-12-23 12:33:32 - Explicit slash decoding specified, decoding all slashes in uri
2025-12-23 12:33:32 - Published audit event: type=CQL_EVALUATION, id=2caa9c4b-f209-4549-b11c-fd96d9d110f4, tenant=test-tenant, partition=0, offset=9
2025-12-23 12:33:32 - Error fetching conditions for patient e0d68cea-5907-4e7a-b07d-fb394e51bacf: [404] during [GET] to [http://localhost:8085/fhir/Condition?patient=e0d68cea-5907-4e7a-b07d-fb394e51bacf&clinical-status=active] [FhirServiceClient#searchConditions(String,UUID,String,String)]: [{"timestamp":1766511212201,"status":404,"error":"Not Found","path":"/fhir/Condition"}]
2025-12-23 12:33:32 - Evaluated measure CDC for patient e0d68cea-5907-4e7a-b07d-fb394e51bacf using Java impl in 10ms
2025-12-23 12:33:32 - Evaluation completed successfully: measure=CDC, patient=e0d68cea-5907-4e7a-b07d-fb394e51bacf, inDenominator=false, inNumerator=false
2025-12-23 12:33:32 - Completed evaluation: 77e9b0ea-f595-4567-b0df-e0926e6fff75 with status: SUCCESS
2025-12-23 12:33:32 - Emitted evaluation audit event: evaluationId=77e9b0ea-f595-4567-b0df-e0926e6fff75, duration=12ms
2025-12-23 12:33:32 - Cleared data flow tracking for evaluation: 77e9b0ea-f595-4567-b0df-e0926e6fff75 (1 steps)
2025-12-23 12:33:32 - Executed evaluation - status: SUCCESS, duration: 11ms
2025-12-23 12:33:32 - Published event to topic test-evaluation-completed: partition=0, offset=10, key=test-tenant
2025-12-23 12:33:32 - Published event to topic test-evaluation-started: partition=0, offset=10, key=test-tenant
2025-12-23 12:33:32 - Simplified evaluation request - tenant: test-tenant, library: CDC, patient: aa61254e-dc80-4dcd-858a-a10952ab0eb1
2025-12-23 12:33:32 - 
    select
        cl1_0.id,
        cl1_0.active,
        cl1_0.category,
        cl1_0.cql_content,
        cl1_0.created_at,
        cl1_0.created_by,
        cl1_0.description,
        cl1_0.elm_json,
        cl1_0.elm_xml,
        cl1_0.fhir_library_id,
        cl1_0.library_name,
        cl1_0.measure_class,
        cl1_0.name,
        cl1_0.publisher,
        cl1_0.status,
        cl1_0.tenant_id,
        cl1_0.updated_at,
        cl1_0.version 
    from
        cql_libraries cl1_0 
    where
        cl1_0.tenant_id=? 
        and cl1_0.library_name=? 
        and cl1_0.active=true 
    order by
        cl1_0.version desc 
    fetch
        first 1 rows only
2025-12-23 12:33:32 - Found library: CDC v1.0.0 (ID: 9db49d7c-3de4-40cb-86ec-8b725ae0e382)
2025-12-23 12:33:32 - Creating evaluation for patient: aa61254e-dc80-4dcd-858a-a10952ab0eb1 with library: 9db49d7c-3de4-40cb-86ec-8b725ae0e382
2025-12-23 12:33:32 - Created evaluation with ID: faae1b02-196e-4242-9bec-9879f5fd3389
2025-12-23 12:33:32 - Created evaluation with ID: faae1b02-196e-4242-9bec-9879f5fd3389
2025-12-23 12:33:32 - Auditing CQL evaluation: evaluationId=faae1b02-196e-4242-9bec-9879f5fd3389, tenantId=test-tenant
2025-12-23 12:33:32 - Started data flow tracking for evaluation: faae1b02-196e-4242-9bec-9879f5fd3389
2025-12-23 12:33:32 - Executing evaluation: faae1b02-196e-4242-9bec-9879f5fd3389
2025-12-23 12:33:32 - Evaluating measure CDC for patient aa61254e-dc80-4dcd-858a-a10952ab0eb1 using template engine
2025-12-23 12:33:32 - Evaluating measure CDC for patient aa61254e-dc80-4dcd-858a-a10952ab0eb1 / tenant test-tenant
2025-12-23 12:33:32 - Using registered Java measure CDCMeasure for evaluation
2025-12-23 12:33:32 - Recorded step 1: Load Measure Implementation (type: LOGIC_DECISION)
2025-12-23 12:33:32 - Evaluating CDC measure for patient: aa61254e-dc80-4dcd-858a-a10952ab0eb1
2025-12-23 12:33:32 - Explicit slash decoding specified, decoding all slashes in uri
2025-12-23 12:33:32 - Explicit slash decoding specified, decoding all slashes in uri
2025-12-23 12:33:32 - Published audit event: type=CQL_EVALUATION, id=8b04ff17-717e-476f-b3af-572e1fb86ae7, tenant=test-tenant, partition=0, offset=10
2025-12-23 12:33:32 - Explicit slash decoding specified, decoding all slashes in uri
2025-12-23 12:33:32 - Error fetching conditions for patient aa61254e-dc80-4dcd-858a-a10952ab0eb1: [404] during [GET] to [http://localhost:8085/fhir/Condition?patient=aa61254e-dc80-4dcd-858a-a10952ab0eb1&clinical-status=active] [FhirServiceClient#searchConditions(String,UUID,String,String)]: [{"timestamp":1766511212230,"status":404,"error":"Not Found","path":"/fhir/Condition"}]
2025-12-23 12:33:32 - Evaluated measure CDC for patient aa61254e-dc80-4dcd-858a-a10952ab0eb1 using Java impl in 13ms
2025-12-23 12:33:32 - Evaluation completed successfully: measure=CDC, patient=aa61254e-dc80-4dcd-858a-a10952ab0eb1, inDenominator=false, inNumerator=false
2025-12-23 12:33:32 - Completed evaluation: faae1b02-196e-4242-9bec-9879f5fd3389 with status: SUCCESS
2025-12-23 12:33:32 - Emitted evaluation audit event: evaluationId=faae1b02-196e-4242-9bec-9879f5fd3389, duration=14ms
2025-12-23 12:33:32 - Cleared data flow tracking for evaluation: faae1b02-196e-4242-9bec-9879f5fd3389 (1 steps)
2025-12-23 12:33:32 - Executed evaluation - status: SUCCESS, duration: 14ms
2025-12-23 12:33:32 - Published event to topic test-evaluation-started: partition=0, offset=11, key=test-tenant
2025-12-23 12:33:32 - Published event to topic test-evaluation-completed: partition=0, offset=11, key=test-tenant
2025-12-23 12:33:32 - Published audit event: type=CQL_EVALUATION, id=e00a9d4e-e198-4ea2-a7ac-fdd8f0283ab9, tenant=test-tenant, partition=0, offset=11
2025-12-23 12:33:32 - Type mismatch: Method parameter 'patient': Failed to convert value of type 'java.lang.String' to required type 'java.util.UUID'; Invalid UUID string: patient-with-dash_and_underscore.123
]]></system-out>
  <system-err><![CDATA[]]></system-err>
</testsuite>
